2025-09-04 15:46:33,973 - INFO - Starting individual transfer learning model training...
2025-09-04 15:46:33,973 - INFO - Loading protein lists and Papyrus data...
2025-09-04 15:46:33,975 - INFO - Loaded 55 original proteins
2025-09-04 15:46:33,975 - INFO - Loaded 69 extended proteins
2025-09-04 15:46:35,566 - INFO - Loading Papyrus dataset...
2025-09-04 15:46:45,497 - INFO - Loaded Papyrus dataset with 707461 records
2025-09-04 15:46:45,497 - INFO - Starting comprehensive model training...
2025-09-04 15:46:45,498 - INFO - Processing CYP1A2 (1/55)
2025-09-04 15:46:45,499 - INFO - Training transfer learning model for CYP1A2 (type: CYP)
2025-09-04 15:46:49,790 - INFO - Successfully trained model for CYP1A2: R²=-0.461, RMSE=1.226
2025-09-04 15:46:49,794 - INFO - Training single protein model for CYP1A2
2025-09-04 15:46:50,554 - INFO - Successfully trained single protein model for CYP1A2: R²=0.515, RMSE=0.623
2025-09-04 15:46:50,555 - INFO - Processing CYP2B6 (2/55)
2025-09-04 15:46:50,556 - INFO - Training transfer learning model for CYP2B6 (type: CYP)
2025-09-04 15:46:56,323 - INFO - Successfully trained model for CYP2B6: R²=-0.927, RMSE=0.981
2025-09-04 15:46:56,328 - INFO - Training single protein model for CYP2B6
2025-09-04 15:46:56,840 - INFO - Successfully trained single protein model for CYP2B6: R²=0.443, RMSE=0.553
2025-09-04 15:46:56,840 - INFO - Processing CYP2C9 (3/55)
2025-09-04 15:46:56,842 - INFO - Training transfer learning model for CYP2C9 (type: CYP)
2025-09-04 15:47:02,483 - INFO - Successfully trained model for CYP2C9: R²=0.162, RMSE=0.674
2025-09-04 15:47:02,491 - INFO - Training single protein model for CYP2C9
2025-09-04 15:47:03,608 - INFO - Successfully trained single protein model for CYP2C9: R²=0.425, RMSE=0.532
2025-09-04 15:47:03,613 - INFO - Processing CYP2C19 (4/55)
2025-09-04 15:47:03,614 - INFO - Training transfer learning model for CYP2C19 (type: CYP)
2025-09-04 15:47:07,910 - INFO - Successfully trained model for CYP2C19: R²=0.445, RMSE=0.538
2025-09-04 15:47:07,915 - INFO - Training single protein model for CYP2C19
2025-09-04 15:47:08,578 - INFO - Successfully trained single protein model for CYP2C19: R²=0.396, RMSE=0.438
2025-09-04 15:47:08,579 - INFO - Processing CYP2D6 (5/55)
2025-09-04 15:47:08,581 - INFO - Training transfer learning model for CYP2D6 (type: CYP)
2025-09-04 15:47:12,789 - INFO - Successfully trained model for CYP2D6: R²=-0.211, RMSE=0.956
2025-09-04 15:47:12,797 - INFO - Training single protein model for CYP2D6
2025-09-04 15:47:13,551 - INFO - Successfully trained single protein model for CYP2D6: R²=0.341, RMSE=0.742
2025-09-04 15:47:13,551 - INFO - Processing CYP3A4 (6/55)
2025-09-04 15:47:13,553 - INFO - Training transfer learning model for CYP3A4 (type: CYP)
2025-09-04 15:47:16,608 - INFO - Successfully trained model for CYP3A4: R²=-0.074, RMSE=0.877
2025-09-04 15:47:16,621 - INFO - Training single protein model for CYP3A4
2025-09-04 15:47:18,181 - INFO - Successfully trained single protein model for CYP3A4: R²=0.636, RMSE=0.512
2025-09-04 15:47:18,183 - INFO - Processing AOX1 (7/55)
2025-09-04 15:47:18,184 - INFO - Training transfer learning model for AOX1 (type: AOX)
2025-09-04 15:47:18,240 - WARNING - No training data from same-type proteins for AOX1
2025-09-04 15:47:18,241 - INFO - Training single protein model for AOX1
2025-09-04 15:47:18,647 - INFO - Successfully trained single protein model for AOX1: R²=0.609, RMSE=0.409
2025-09-04 15:47:18,647 - INFO - Processing XDH (8/55)
2025-09-04 15:47:18,648 - INFO - Training transfer learning model for XDH (type: XDH)
2025-09-04 15:47:18,741 - WARNING - No training data from same-type proteins for XDH
2025-09-04 15:47:18,741 - INFO - Training single protein model for XDH
2025-09-04 15:47:19,039 - INFO - Successfully trained single protein model for XDH: R²=0.610, RMSE=0.542
2025-09-04 15:47:19,039 - INFO - Processing MAOA (9/55)
2025-09-04 15:47:19,040 - INFO - Training transfer learning model for MAOA (type: MAO)
2025-09-04 15:47:21,263 - INFO - Successfully trained model for MAOA: R²=-0.537, RMSE=1.481
2025-09-04 15:47:21,269 - INFO - Training single protein model for MAOA
2025-09-04 15:47:22,573 - INFO - Successfully trained single protein model for MAOA: R²=0.616, RMSE=0.742
2025-09-04 15:47:22,580 - INFO - Processing MAOB (10/55)
2025-09-04 15:47:22,582 - INFO - Training transfer learning model for MAOB (type: MAO)
2025-09-04 15:47:25,022 - INFO - Successfully trained model for MAOB: R²=-0.698, RMSE=1.685
2025-09-04 15:47:25,032 - INFO - Training single protein model for MAOB
2025-09-04 15:47:26,428 - INFO - Successfully trained single protein model for MAOB: R²=0.650, RMSE=0.788
2025-09-04 15:47:26,429 - INFO - Processing ALDH1A1 (11/55)
2025-09-04 15:47:26,430 - INFO - Training transfer learning model for ALDH1A1 (type: ALDH)
2025-09-04 15:47:26,560 - WARNING - No training data from same-type proteins for ALDH1A1
2025-09-04 15:47:26,561 - INFO - Training single protein model for ALDH1A1
2025-09-04 15:47:26,981 - INFO - Successfully trained single protein model for ALDH1A1: R²=0.182, RMSE=0.869
2025-09-04 15:47:26,981 - INFO - Processing ADH1A (12/55)
2025-09-04 15:47:26,982 - INFO - Training transfer learning model for ADH1A (type: ADH)
2025-09-04 15:47:27,007 - WARNING - Insufficient target data for ADH1A: 0 activities
2025-09-04 15:47:27,007 - INFO - Training single protein model for ADH1A
2025-09-04 15:47:27,026 - WARNING - Insufficient data for single protein model ADH1A: 0 activities
2025-09-04 15:47:27,026 - INFO - Processing HSD11B1 (13/55)
2025-09-04 15:47:27,026 - INFO - Training transfer learning model for HSD11B1 (type: HSD)
2025-09-04 15:47:28,481 - WARNING - No training data from same-type proteins for HSD11B1
2025-09-04 15:47:28,482 - INFO - Training single protein model for HSD11B1
2025-09-04 15:47:30,422 - INFO - Successfully trained single protein model for HSD11B1: R²=0.658, RMSE=0.641
2025-09-04 15:47:30,424 - INFO - Processing AKR7A3 (14/55)
2025-09-04 15:47:30,426 - INFO - Training transfer learning model for AKR7A3 (type: AKR)
2025-09-04 15:47:30,451 - WARNING - Insufficient target data for AKR7A3: 0 activities
2025-09-04 15:47:30,451 - INFO - Training single protein model for AKR7A3
2025-09-04 15:47:30,470 - WARNING - Insufficient data for single protein model AKR7A3: 0 activities
2025-09-04 15:47:30,470 - INFO - Processing FMO1 (15/55)
2025-09-04 15:47:30,471 - INFO - Training transfer learning model for FMO1 (type: FMO)
2025-09-04 15:47:30,490 - WARNING - Insufficient target data for FMO1: 0 activities
2025-09-04 15:47:30,490 - INFO - Training single protein model for FMO1
2025-09-04 15:47:30,508 - WARNING - Insufficient data for single protein model FMO1: 0 activities
2025-09-04 15:47:30,509 - INFO - Processing AHR (16/55)
2025-09-04 15:47:30,509 - INFO - Training transfer learning model for AHR (type: AHR)
2025-09-04 15:47:30,567 - WARNING - No training data from same-type proteins for AHR
2025-09-04 15:47:30,567 - INFO - Training single protein model for AHR
2025-09-04 15:47:30,874 - INFO - Successfully trained single protein model for AHR: R²=-0.045, RMSE=1.792
2025-09-04 15:47:30,875 - INFO - Processing NR1I3 (17/55)
2025-09-04 15:47:30,875 - INFO - Training transfer learning model for NR1I3 (type: NR)
2025-09-04 15:47:31,501 - INFO - Successfully trained model for NR1I3: R²=-0.927, RMSE=1.436
2025-09-04 15:47:31,502 - INFO - Training single protein model for NR1I3
2025-09-04 15:47:31,891 - INFO - Successfully trained single protein model for NR1I3: R²=0.494, RMSE=0.777
2025-09-04 15:47:31,891 - INFO - Processing NR1I2 (18/55)
2025-09-04 15:47:31,892 - INFO - Training transfer learning model for NR1I2 (type: NR)
2025-09-04 15:47:32,506 - INFO - Successfully trained model for NR1I2: R²=-0.124, RMSE=0.967
2025-09-04 15:47:32,507 - INFO - Training single protein model for NR1I2
2025-09-04 15:47:33,279 - INFO - Successfully trained single protein model for NR1I2: R²=0.474, RMSE=0.670
2025-09-04 15:47:33,281 - INFO - Processing SULT1A1 (19/55)
2025-09-04 15:47:33,282 - INFO - Training transfer learning model for SULT1A1 (type: SULT)
2025-09-04 15:47:33,334 - WARNING - No training data from same-type proteins for SULT1A1
2025-09-04 15:47:33,334 - INFO - Training single protein model for SULT1A1
2025-09-04 15:47:33,358 - WARNING - Insufficient data for single protein model SULT1A1: 6 activities
2025-09-04 15:47:33,359 - INFO - Processing GSTA1 (20/55)
2025-09-04 15:47:33,359 - INFO - Training transfer learning model for GSTA1 (type: GST)
2025-09-04 15:47:33,403 - WARNING - No training data from same-type proteins for GSTA1
2025-09-04 15:47:33,403 - INFO - Training single protein model for GSTA1
2025-09-04 15:47:33,428 - WARNING - Insufficient data for single protein model GSTA1: 6 activities
2025-09-04 15:47:33,428 - INFO - Processing OXA1L (21/55)
2025-09-04 15:47:33,428 - INFO - Training transfer learning model for OXA1L (type: OXA)
2025-09-04 15:47:33,447 - WARNING - Insufficient target data for OXA1L: 0 activities
2025-09-04 15:47:33,447 - INFO - Training single protein model for OXA1L
2025-09-04 15:47:33,465 - WARNING - Insufficient data for single protein model OXA1L: 0 activities
2025-09-04 15:47:33,466 - INFO - Processing ORM1 (22/55)
2025-09-04 15:47:33,466 - INFO - Training transfer learning model for ORM1 (type: ORM)
2025-09-04 15:47:33,484 - WARNING - Insufficient target data for ORM1: 0 activities
2025-09-04 15:47:33,484 - INFO - Training single protein model for ORM1
2025-09-04 15:47:33,502 - WARNING - Insufficient data for single protein model ORM1: 0 activities
2025-09-04 15:47:33,502 - INFO - Processing KCNH2 (23/55)
2025-09-04 15:47:33,503 - INFO - Training transfer learning model for KCNH2 (type: KCN)
2025-09-04 15:47:36,774 - WARNING - No training data from same-type proteins for KCNH2
2025-09-04 15:47:36,775 - INFO - Training single protein model for KCNH2
2025-09-04 15:47:41,354 - INFO - Successfully trained single protein model for KCNH2: R²=0.546, RMSE=0.612
2025-09-04 15:47:41,362 - INFO - Processing SCN5A (24/55)
2025-09-04 15:47:41,363 - INFO - Training transfer learning model for SCN5A (type: SCN)
2025-09-04 15:47:41,977 - INFO - Successfully trained model for SCN5A: R²=-2.111, RMSE=1.223
2025-09-04 15:47:41,978 - INFO - Training single protein model for SCN5A
2025-09-04 15:47:42,513 - INFO - Successfully trained single protein model for SCN5A: R²=0.350, RMSE=0.626
2025-09-04 15:47:42,514 - INFO - Processing CACNB1 (25/55)
2025-09-04 15:47:42,515 - INFO - Training transfer learning model for CACNB1 (type: CACN)
2025-09-04 15:47:42,540 - WARNING - Insufficient target data for CACNB1: 0 activities
2025-09-04 15:47:42,540 - INFO - Training single protein model for CACNB1
2025-09-04 15:47:42,560 - WARNING - Insufficient data for single protein model CACNB1: 0 activities
2025-09-04 15:47:42,560 - INFO - Processing CAV1 (26/55)
2025-09-04 15:47:42,560 - INFO - Training transfer learning model for CAV1 (type: CAV)
2025-09-04 15:47:42,582 - WARNING - Insufficient target data for CAV1: 0 activities
2025-09-04 15:47:42,582 - INFO - Training single protein model for CAV1
2025-09-04 15:47:42,602 - WARNING - Insufficient data for single protein model CAV1: 0 activities
2025-09-04 15:47:42,603 - INFO - Processing HTR2B (27/55)
2025-09-04 15:47:42,603 - INFO - Training transfer learning model for HTR2B (type: HTR)
2025-09-04 15:47:46,628 - INFO - Successfully trained model for HTR2B: R²=0.021, RMSE=0.897
2025-09-04 15:47:46,636 - INFO - Training single protein model for HTR2B
2025-09-04 15:47:47,913 - INFO - Successfully trained single protein model for HTR2B: R²=0.466, RMSE=0.689
2025-09-04 15:47:47,919 - INFO - Processing SLC6A4 (28/55)
2025-09-04 15:47:47,920 - INFO - Training transfer learning model for SLC6A4 (type: SLC)
2025-09-04 15:47:53,279 - INFO - Successfully trained model for SLC6A4: R²=-0.423, RMSE=1.369
2025-09-04 15:47:53,294 - INFO - Training single protein model for SLC6A4
2025-09-04 15:47:56,029 - INFO - Successfully trained single protein model for SLC6A4: R²=0.673, RMSE=0.655
2025-09-04 15:47:56,032 - INFO - Processing SLC6A4 (29/55)
2025-09-04 15:47:56,033 - INFO - Training transfer learning model for SLC6A4 (type: SLC)
2025-09-04 15:48:01,469 - INFO - Successfully trained model for SLC6A4: R²=-0.423, RMSE=1.369
2025-09-04 15:48:01,522 - INFO - Training single protein model for SLC6A4
2025-09-04 15:48:04,964 - INFO - Successfully trained single protein model for SLC6A4: R²=0.673, RMSE=0.655
2025-09-04 15:48:04,969 - INFO - Processing DIDO1 (30/55)
2025-09-04 15:48:04,971 - INFO - Training transfer learning model for DIDO1 (type: DIDO)
2025-09-04 15:48:04,992 - WARNING - Insufficient target data for DIDO1: 0 activities
2025-09-04 15:48:04,992 - INFO - Training single protein model for DIDO1
2025-09-04 15:48:05,011 - WARNING - Insufficient data for single protein model DIDO1: 0 activities
2025-09-04 15:48:05,011 - INFO - Processing SLC6A3 (31/55)
2025-09-04 15:48:05,012 - INFO - Training transfer learning model for SLC6A3 (type: SLC)
2025-09-04 15:48:10,785 - INFO - Successfully trained model for SLC6A3: R²=-0.191, RMSE=1.152
2025-09-04 15:48:10,805 - INFO - Training single protein model for SLC6A3
2025-09-04 15:48:12,404 - INFO - Successfully trained single protein model for SLC6A3: R²=0.651, RMSE=0.638
2025-09-04 15:48:12,406 - INFO - Processing SLC6A2 (32/55)
2025-09-04 15:48:12,407 - INFO - Training transfer learning model for SLC6A2 (type: SLC)
2025-09-04 15:48:17,867 - INFO - Successfully trained model for SLC6A2: R²=-0.060, RMSE=1.086
2025-09-04 15:48:17,874 - INFO - Training single protein model for SLC6A2
2025-09-04 15:48:19,728 - INFO - Successfully trained single protein model for SLC6A2: R²=0.574, RMSE=0.695
2025-09-04 15:48:19,732 - INFO - Processing NAT8 (33/55)
2025-09-04 15:48:19,733 - INFO - Training transfer learning model for NAT8 (type: NAT)
2025-09-04 15:48:19,759 - WARNING - Insufficient target data for NAT8: 0 activities
2025-09-04 15:48:19,759 - INFO - Training single protein model for NAT8
2025-09-04 15:48:19,778 - WARNING - Insufficient data for single protein model NAT8: 0 activities
2025-09-04 15:48:19,778 - INFO - Processing SLC6A2 (34/55)
2025-09-04 15:48:19,778 - INFO - Training transfer learning model for SLC6A2 (type: SLC)
2025-09-04 15:48:25,450 - INFO - Successfully trained model for SLC6A2: R²=-0.060, RMSE=1.086
2025-09-04 15:48:25,461 - INFO - Training single protein model for SLC6A2
2025-09-04 15:48:27,372 - INFO - Successfully trained single protein model for SLC6A2: R²=0.574, RMSE=0.695
2025-09-04 15:48:27,378 - INFO - Processing ADRA1A (35/55)
2025-09-04 15:48:27,380 - INFO - Training transfer learning model for ADRA1A (type: ADRA)
2025-09-04 15:48:28,726 - INFO - Successfully trained model for ADRA1A: R²=-1.013, RMSE=1.526
2025-09-04 15:48:28,730 - INFO - Training single protein model for ADRA1A
2025-09-04 15:48:29,702 - INFO - Successfully trained single protein model for ADRA1A: R²=0.556, RMSE=0.737
2025-09-04 15:48:29,706 - INFO - Processing ADRA2A (36/55)
2025-09-04 15:48:29,707 - INFO - Training transfer learning model for ADRA2A (type: ADRA)
2025-09-04 15:48:30,793 - INFO - Successfully trained model for ADRA2A: R²=-0.097, RMSE=1.308
2025-09-04 15:48:30,795 - INFO - Training single protein model for ADRA2A
2025-09-04 15:48:31,451 - INFO - Successfully trained single protein model for ADRA2A: R²=0.511, RMSE=0.912
2025-09-04 15:48:31,452 - INFO - Processing ADRB1 (37/55)
2025-09-04 15:48:31,453 - INFO - Training transfer learning model for ADRB1 (type: ADRB)
2025-09-04 15:48:32,834 - INFO - Successfully trained model for ADRB1: R²=-0.456, RMSE=1.348
2025-09-04 15:48:32,836 - INFO - Training single protein model for ADRB1
2025-09-04 15:48:33,567 - INFO - Successfully trained single protein model for ADRB1: R²=0.524, RMSE=0.784
2025-09-04 15:48:33,569 - INFO - Processing ADRB2 (38/55)
2025-09-04 15:48:33,571 - INFO - Training transfer learning model for ADRB2 (type: ADRB)
2025-09-04 15:48:35,009 - INFO - Successfully trained model for ADRB2: R²=0.132, RMSE=1.515
2025-09-04 15:48:35,011 - INFO - Training single protein model for ADRB2
2025-09-04 15:48:35,927 - INFO - Successfully trained single protein model for ADRB2: R²=0.688, RMSE=0.849
2025-09-04 15:48:35,928 - INFO - Processing CNRIP1 (39/55)
2025-09-04 15:48:35,929 - INFO - Training transfer learning model for CNRIP1 (type: CNR)
2025-09-04 15:48:35,955 - WARNING - Insufficient target data for CNRIP1: 0 activities
2025-09-04 15:48:35,955 - INFO - Training single protein model for CNRIP1
2025-09-04 15:48:35,974 - WARNING - Insufficient data for single protein model CNRIP1: 0 activities
2025-09-04 15:48:35,974 - INFO - Processing CNR2 (40/55)
2025-09-04 15:48:35,974 - INFO - Training transfer learning model for CNR2 (type: CNR)
2025-09-04 15:48:39,018 - WARNING - No training data from same-type proteins for CNR2
2025-09-04 15:48:39,019 - INFO - Training single protein model for CNR2
2025-09-04 15:48:42,874 - INFO - Successfully trained single protein model for CNR2: R²=0.588, RMSE=0.741
2025-09-04 15:48:42,877 - INFO - Processing CHRM1 (41/55)
2025-09-04 15:48:42,878 - INFO - Training transfer learning model for CHRM1 (type: CHRM)
2025-09-04 15:48:45,551 - INFO - Successfully trained model for CHRM1: R²=0.383, RMSE=0.986
2025-09-04 15:48:45,554 - INFO - Training single protein model for CHRM1
2025-09-04 15:48:46,779 - INFO - Successfully trained single protein model for CHRM1: R²=0.521, RMSE=0.869
2025-09-04 15:48:46,785 - INFO - Processing CHRM2 (42/55)
2025-09-04 15:48:46,786 - INFO - Training transfer learning model for CHRM2 (type: CHRM)
2025-09-04 15:48:49,637 - INFO - Successfully trained model for CHRM2: R²=0.521, RMSE=0.966
2025-09-04 15:48:49,642 - INFO - Training single protein model for CHRM2
2025-09-04 15:48:50,483 - INFO - Successfully trained single protein model for CHRM2: R²=0.605, RMSE=0.803
2025-09-04 15:48:50,484 - INFO - Processing CHRM3 (43/55)
2025-09-04 15:48:50,485 - INFO - Training transfer learning model for CHRM3 (type: CHRM)
2025-09-04 15:48:53,335 - INFO - Successfully trained model for CHRM3: R²=0.607, RMSE=0.994
2025-09-04 15:48:53,343 - INFO - Training single protein model for CHRM3
2025-09-04 15:48:54,590 - INFO - Successfully trained single protein model for CHRM3: R²=0.695, RMSE=0.846
2025-09-04 15:48:54,596 - INFO - Processing CHRNA10 (44/55)
2025-09-04 15:48:54,597 - INFO - Training transfer learning model for CHRNA10 (type: CHRN)
2025-09-04 15:48:54,623 - WARNING - Insufficient target data for CHRNA10: 0 activities
2025-09-04 15:48:54,623 - INFO - Training single protein model for CHRNA10
2025-09-04 15:48:54,642 - WARNING - Insufficient data for single protein model CHRNA10: 0 activities
2025-09-04 15:48:54,642 - INFO - Processing CHRNA9 (45/55)
2025-09-04 15:48:54,642 - INFO - Training transfer learning model for CHRNA9 (type: CHRN)
2025-09-04 15:48:54,661 - WARNING - Insufficient target data for CHRNA9: 0 activities
2025-09-04 15:48:54,661 - INFO - Training single protein model for CHRNA9
2025-09-04 15:48:54,679 - WARNING - Insufficient data for single protein model CHRNA9: 0 activities
2025-09-04 15:48:54,679 - INFO - Processing CHRNA7 (46/55)
2025-09-04 15:48:54,679 - INFO - Training transfer learning model for CHRNA7 (type: CHRN)
2025-09-04 15:48:55,185 - WARNING - Insufficient training data for CHRNA7: 3 activities
2025-09-04 15:48:55,186 - INFO - Training single protein model for CHRNA7
2025-09-04 15:48:55,903 - INFO - Successfully trained single protein model for CHRNA7: R²=0.536, RMSE=0.809
2025-09-04 15:48:55,904 - INFO - Processing CHRNA3 (47/55)
2025-09-04 15:48:55,905 - INFO - Training transfer learning model for CHRNA3 (type: CHRN)
2025-09-04 15:48:55,933 - WARNING - Insufficient target data for CHRNA3: 3 activities
2025-09-04 15:48:55,933 - INFO - Training single protein model for CHRNA3
2025-09-04 15:48:55,953 - WARNING - Insufficient data for single protein model CHRNA3: 3 activities
2025-09-04 15:48:55,953 - INFO - Processing CHRNA5 (48/55)
2025-09-04 15:48:55,954 - INFO - Training transfer learning model for CHRNA5 (type: CHRN)
2025-09-04 15:48:55,972 - WARNING - Insufficient target data for CHRNA5: 0 activities
2025-09-04 15:48:55,972 - INFO - Training single protein model for CHRNA5
2025-09-04 15:48:55,991 - WARNING - Insufficient data for single protein model CHRNA5: 0 activities
2025-09-04 15:48:55,991 - INFO - Processing SMPDL3A (49/55)
2025-09-04 15:48:55,991 - INFO - Training transfer learning model for SMPDL3A (type: SMPDL)
2025-09-04 15:48:56,010 - WARNING - Insufficient target data for SMPDL3A: 0 activities
2025-09-04 15:48:56,010 - INFO - Training single protein model for SMPDL3A
2025-09-04 15:48:56,029 - WARNING - Insufficient data for single protein model SMPDL3A: 0 activities
2025-09-04 15:48:56,029 - INFO - Processing GABPA (50/55)
2025-09-04 15:48:56,030 - INFO - Training transfer learning model for GABPA (type: GABP)
2025-09-04 15:48:56,048 - WARNING - Insufficient target data for GABPA: 0 activities
2025-09-04 15:48:56,048 - INFO - Training single protein model for GABPA
2025-09-04 15:48:56,066 - WARNING - Insufficient data for single protein model GABPA: 0 activities
2025-09-04 15:48:56,067 - INFO - Processing HRH1 (51/55)
2025-09-04 15:48:56,067 - INFO - Training transfer learning model for HRH1 (type: HRH)
2025-09-04 15:48:56,745 - WARNING - No training data from same-type proteins for HRH1
2025-09-04 15:48:56,746 - INFO - Training single protein model for HRH1
2025-09-04 15:48:57,713 - INFO - Successfully trained single protein model for HRH1: R²=0.678, RMSE=0.692
2025-09-04 15:48:57,714 - INFO - Processing KCNH2 (52/55)
2025-09-04 15:48:57,715 - INFO - Training transfer learning model for KCNH2 (type: KCN)
2025-09-04 15:49:00,989 - WARNING - No training data from same-type proteins for KCNH2
2025-09-04 15:49:00,990 - INFO - Training single protein model for KCNH2
2025-09-04 15:49:05,739 - INFO - Successfully trained single protein model for KCNH2: R²=0.546, RMSE=0.612
2025-09-04 15:49:05,749 - INFO - Processing SLCO1B1 (53/55)
2025-09-04 15:49:05,750 - INFO - Training transfer learning model for SLCO1B1 (type: SLCO)
2025-09-04 15:49:06,194 - INFO - Successfully trained model for SLCO1B1: R²=-0.590, RMSE=0.700
2025-09-04 15:49:06,194 - INFO - Training single protein model for SLCO1B1
2025-09-04 15:49:06,512 - INFO - Successfully trained single protein model for SLCO1B1: R²=0.283, RMSE=0.546
2025-09-04 15:49:06,513 - INFO - Processing SLCO2B3 (54/55)
2025-09-04 15:49:06,514 - INFO - Training transfer learning model for SLCO2B3 (type: SLCO)
2025-09-04 15:49:06,918 - INFO - Successfully trained model for SLCO2B3: R²=-0.204, RMSE=0.647
2025-09-04 15:49:06,918 - INFO - Training single protein model for SLCO2B3
2025-09-04 15:49:07,219 - INFO - Successfully trained single protein model for SLCO2B3: R²=-9.292, RMSE=0.537
2025-09-04 15:49:07,220 - INFO - Processing SLCO2B1 (55/55)
2025-09-04 15:49:07,221 - INFO - Training transfer learning model for SLCO2B1 (type: SLCO)
2025-09-04 15:49:07,603 - INFO - Successfully trained model for SLCO2B1: R²=-0.122, RMSE=0.650
2025-09-04 15:49:07,603 - INFO - Training single protein model for SLCO2B1
2025-09-04 15:49:07,939 - INFO - Successfully trained single protein model for SLCO2B1: R²=0.486, RMSE=0.272
2025-09-04 15:49:07,939 - INFO - Saving summary results...
2025-09-04 15:49:07,944 - INFO - Saved transfer learning results to analyses/qsar_papyrus_modelling_prottype/individual_transfer_learning_results/transfer_learning_results.csv
2025-09-04 15:49:07,946 - INFO - Saved single protein results to analyses/qsar_papyrus_modelling_prottype/individual_transfer_learning_results/single_protein_results.csv
2025-09-04 15:49:07,948 - INFO - Saved comparison results to analyses/qsar_papyrus_modelling_prottype/individual_transfer_learning_results/transfer_vs_single_comparison.csv
2025-09-04 15:49:07,949 - INFO - Saved modeling summary to analyses/qsar_papyrus_modelling_prottype/individual_transfer_learning_results/modeling_summary.json
2025-09-04 15:49:07,949 - INFO - Completed model training. Transfer learning: 55, Single protein: 55
2025-09-04 15:49:07,949 - INFO - Model training completed successfully!
2025-09-04 15:49:07,949 - INFO - Results Summary:
2025-09-04 15:49:07,949 - INFO - - Transfer Learning: 27 successful models
2025-09-04 15:49:07,949 - INFO - - Single Protein: 37 successful models
2025-09-04 15:49:07,949 - INFO - - Transfer Learning Average R²: -0.275
2025-09-04 15:49:07,949 - INFO - - Single Protein Average R²: 0.255
