2025-08-07 11:11:02,127 - INFO - ============================================================
2025-08-07 11:11:02,127 - INFO - QSAR CLASSIFICATION PIPELINE
2025-08-07 11:11:02,127 - INFO - ============================================================
2025-08-07 11:11:02,127 - INFO - Running classification with threshold: 6.0
2025-08-07 11:11:02,127 - INFO - Starting ESM QSAR classification pipeline...
2025-08-07 11:11:02,127 - INFO - Using activity threshold: 6.0
2025-08-07 11:11:02,127 - INFO - Loading protein data and ESM embeddings...
2025-08-07 11:11:02,129 - INFO - Loaded 52 proteins from /home/serramelendezcsm/RA/Avoidome/processed_data/papyrus_protein_check_results.csv
2025-08-07 11:11:02,129 - INFO - Loaded ESM embeddings with shape: (51, 1280)
2025-08-07 11:11:02,130 - INFO - Loaded 51 targets with sequences
2025-08-07 11:11:02,130 - INFO - Initializing Papyrus dataset...
2025-08-07 11:11:02,285 - INFO - Papyrus dataset initialized successfully
2025-08-07 11:11:02,285 - INFO - Loading full Papyrus dataset into DataFrame...
2025-08-07 11:11:09,583 - INFO - Loaded 707461 total activities from Papyrus
2025-08-07 11:11:09,586 - INFO - Processing protein: CYP1A2
2025-08-07 11:11:09,606 - INFO - Retrieved 329 activities for P05177
2025-08-07 11:11:09,624 - INFO - Retrieved 1 activities for P00186
2025-08-07 11:11:09,643 - INFO - Retrieved 9 activities for P04799
2025-08-07 11:11:09,643 - INFO - Combined 339 activities for CYP1A2
2025-08-07 11:11:09,643 - INFO - Retrieved ESM embedding for P05177 at index 0
2025-08-07 11:11:09,855 - INFO - Class distribution: 144 active (42.5%), 195 inactive (57.5%)
2025-08-07 11:11:09,857 - INFO - Concatenated features shape: (339, 3328)
2025-08-07 11:11:09,857 - INFO -   - Morgan fingerprints: 2048 features
2025-08-07 11:11:09,857 - INFO -   - ESM embeddings: 1280 features
2025-08-07 11:11:10,323 - ERROR - Error processing protein CYP1A2: Invalid format specifier
2025-08-07 11:11:10,326 - INFO - Processing protein: CYP2B6
2025-08-07 11:11:10,360 - INFO - Retrieved 33 activities for P20813
2025-08-07 11:11:10,361 - INFO - Combined 33 activities for CYP2B6
2025-08-07 11:11:10,362 - INFO - Retrieved ESM embedding for P20813 at index 1
2025-08-07 11:11:10,398 - INFO - Class distribution: 6 active (18.2%), 27 inactive (81.8%)
2025-08-07 11:11:10,399 - INFO - Concatenated features shape: (33, 3328)
2025-08-07 11:11:10,399 - INFO -   - Morgan fingerprints: 2048 features
2025-08-07 11:11:10,399 - INFO -   - ESM embeddings: 1280 features
2025-08-07 11:11:10,899 - ERROR - Error processing protein CYP2B6: Invalid format specifier
2025-08-07 11:11:10,899 - INFO - Processing protein: CYP2C9
2025-08-07 11:11:10,922 - INFO - Retrieved 466 activities for P11712
2025-08-07 11:11:10,922 - INFO - Combined 466 activities for CYP2C9
2025-08-07 11:11:10,922 - INFO - Retrieved ESM embedding for P11712 at index 2
2025-08-07 11:11:11,237 - INFO - Class distribution: 98 active (21.0%), 368 inactive (79.0%)
2025-08-07 11:11:11,238 - INFO - Concatenated features shape: (466, 3328)
2025-08-07 11:11:11,239 - INFO -   - Morgan fingerprints: 2048 features
2025-08-07 11:11:11,239 - INFO -   - ESM embeddings: 1280 features
2025-08-07 11:11:11,696 - ERROR - Error processing protein CYP2C9: Invalid format specifier
2025-08-07 11:11:11,698 - INFO - Processing protein: CYP2C19
2025-08-07 11:11:11,731 - INFO - Retrieved 165 activities for P33261
2025-08-07 11:11:11,732 - INFO - Combined 165 activities for CYP2C19
2025-08-07 11:11:11,732 - INFO - Retrieved ESM embedding for P33261 at index 3
2025-08-07 11:11:11,921 - INFO - Class distribution: 29 active (17.6%), 136 inactive (82.4%)
2025-08-07 11:11:11,922 - INFO - Concatenated features shape: (165, 3328)
2025-08-07 11:11:11,922 - INFO -   - Morgan fingerprints: 2048 features
2025-08-07 11:11:11,922 - INFO -   - ESM embeddings: 1280 features
2025-08-07 11:11:12,376 - ERROR - Error processing protein CYP2C19: Invalid format specifier
2025-08-07 11:11:12,377 - INFO - Processing protein: CYP2D6
2025-08-07 11:11:12,400 - INFO - Retrieved 607 activities for P10635
2025-08-07 11:11:12,400 - INFO - Combined 607 activities for CYP2D6
2025-08-07 11:11:12,401 - INFO - Retrieved ESM embedding for P10635 at index 4
2025-08-07 11:11:12,810 - INFO - Class distribution: 195 active (32.1%), 412 inactive (67.9%)
2025-08-07 11:11:12,814 - INFO - Concatenated features shape: (607, 3328)
2025-08-07 11:11:12,814 - INFO -   - Morgan fingerprints: 2048 features
2025-08-07 11:11:12,814 - INFO -   - ESM embeddings: 1280 features
2025-08-07 11:11:13,252 - ERROR - Error processing protein CYP2D6: Invalid format specifier
2025-08-07 11:11:13,253 - INFO - Processing protein: CYP3A4
2025-08-07 11:11:13,302 - INFO - Retrieved 1387 activities for P08684
2025-08-07 11:11:13,303 - INFO - Combined 1387 activities for CYP3A4
2025-08-07 11:11:13,303 - INFO - Retrieved ESM embedding for P08684 at index 5
2025-08-07 11:11:14,941 - INFO - Class distribution: 340 active (24.5%), 1047 inactive (75.5%)
2025-08-07 11:11:14,950 - INFO - Concatenated features shape: (1387, 3328)
2025-08-07 11:11:14,950 - INFO -   - Morgan fingerprints: 2048 features
2025-08-07 11:11:14,950 - INFO -   - ESM embeddings: 1280 features
2025-08-07 11:11:15,431 - ERROR - Error processing protein CYP3A4: Invalid format specifier
2025-08-07 11:11:15,433 - INFO - Processing protein: AOX1
2025-08-07 11:11:15,467 - INFO - Retrieved 13 activities for Q06278
2025-08-07 11:11:15,500 - WARNING - No activities found for O54754
2025-08-07 11:11:15,533 - INFO - Retrieved 4 activities for Q9Z0U5
2025-08-07 11:11:15,533 - INFO - Combined 17 activities for AOX1
2025-08-07 11:11:15,534 - INFO - Retrieved ESM embedding for Q06278 at index 6
2025-08-07 11:11:15,554 - INFO - Class distribution: 10 active (58.8%), 7 inactive (41.2%)
2025-08-07 11:11:15,555 - INFO - Concatenated features shape: (17, 3328)
2025-08-07 11:11:15,555 - INFO -   - Morgan fingerprints: 2048 features
2025-08-07 11:11:15,555 - INFO -   - ESM embeddings: 1280 features
2025-08-07 11:11:15,942 - ERROR - Error processing protein AOX1: Invalid format specifier
2025-08-07 11:11:15,942 - INFO - Processing protein: XDH
2025-08-07 11:11:15,977 - INFO - Retrieved 98 activities for P47989
2025-08-07 11:11:16,009 - WARNING - No activities found for Q00519
2025-08-07 11:11:16,042 - WARNING - No activities found for P22985
2025-08-07 11:11:16,042 - INFO - Combined 98 activities for XDH
2025-08-07 11:11:16,043 - INFO - Retrieved ESM embedding for P47989 at index 7
2025-08-07 11:11:16,151 - INFO - Class distribution: 77 active (78.6%), 21 inactive (21.4%)
2025-08-07 11:11:16,151 - INFO - Concatenated features shape: (98, 3328)
2025-08-07 11:11:16,151 - INFO -   - Morgan fingerprints: 2048 features
2025-08-07 11:11:16,151 - INFO -   - ESM embeddings: 1280 features
2025-08-07 11:11:16,552 - ERROR - Error processing protein XDH: Invalid format specifier
2025-08-07 11:11:16,552 - INFO - Processing protein: MAOA
2025-08-07 11:11:16,597 - INFO - Retrieved 1130 activities for P21397
2025-08-07 11:11:16,629 - INFO - Retrieved 2 activities for Q64133
2025-08-07 11:11:16,664 - INFO - Retrieved 336 activities for P21396
2025-08-07 11:11:16,666 - INFO - Combined 1468 activities for MAOA
2025-08-07 11:11:16,667 - INFO - Retrieved ESM embedding for P21397 at index 8
2025-08-07 11:11:18,210 - INFO - Class distribution: 438 active (29.8%), 1030 inactive (70.2%)
2025-08-07 11:11:18,221 - INFO - Concatenated features shape: (1468, 3328)
2025-08-07 11:11:18,221 - INFO -   - Morgan fingerprints: 2048 features
2025-08-07 11:11:18,221 - INFO -   - ESM embeddings: 1280 features
2025-08-07 11:11:18,728 - ERROR - Error processing protein MAOA: Invalid format specifier
2025-08-07 11:11:18,730 - INFO - Processing protein: MAOB
2025-08-07 11:11:18,796 - INFO - Retrieved 1519 activities for P27338
2025-08-07 11:11:18,830 - INFO - Retrieved 14 activities for Q8BW75
2025-08-07 11:11:18,866 - INFO - Retrieved 263 activities for P19643
2025-08-07 11:11:18,867 - INFO - Combined 1796 activities for MAOB
2025-08-07 11:11:18,868 - INFO - Retrieved ESM embedding for P27338 at index 9
2025-08-07 11:11:20,731 - INFO - Class distribution: 945 active (52.6%), 851 inactive (47.4%)
2025-08-07 11:11:20,741 - INFO - Concatenated features shape: (1796, 3328)
2025-08-07 11:11:20,741 - INFO -   - Morgan fingerprints: 2048 features
2025-08-07 11:11:20,741 - INFO -   - ESM embeddings: 1280 features
2025-08-07 11:11:21,218 - ERROR - Error processing protein MAOB: Invalid format specifier
2025-08-07 11:11:21,220 - INFO - Processing protein: ALDH1A1
2025-08-07 11:11:21,258 - INFO - Retrieved 150 activities for P00352
2025-08-07 11:11:21,290 - WARNING - No activities found for P24549
2025-08-07 11:11:21,322 - WARNING - No activities found for P51647
2025-08-07 11:11:21,323 - INFO - Combined 150 activities for ALDH1A1
2025-08-07 11:11:21,323 - INFO - Retrieved ESM embedding for P00352 at index 10
2025-08-07 11:11:21,503 - INFO - Class distribution: 103 active (68.7%), 47 inactive (31.3%)
2025-08-07 11:11:21,504 - INFO - Concatenated features shape: (150, 3328)
2025-08-07 11:11:21,504 - INFO -   - Morgan fingerprints: 2048 features
2025-08-07 11:11:21,504 - INFO -   - ESM embeddings: 1280 features
2025-08-07 11:11:21,931 - ERROR - Error processing protein ALDH1A1: Invalid format specifier
2025-08-07 11:11:21,932 - INFO - Processing protein: ADH1A
2025-08-07 11:11:21,965 - WARNING - No activities found for P07327
2025-08-07 11:11:21,966 - WARNING - No activities found for ADH1A
2025-08-07 11:11:21,966 - INFO - Processing protein: HSD11B1
2025-08-07 11:11:22,029 - INFO - Retrieved 2046 activities for P28845
2025-08-07 11:11:22,064 - INFO - Retrieved 612 activities for P50172
2025-08-07 11:11:22,097 - INFO - Retrieved 67 activities for P16232
2025-08-07 11:11:22,098 - INFO - Combined 2725 activities for HSD11B1
2025-08-07 11:11:22,099 - INFO - Retrieved ESM embedding for P28845 at index 12
2025-08-07 11:11:24,685 - INFO - Class distribution: 2401 active (88.1%), 324 inactive (11.9%)
2025-08-07 11:11:24,700 - INFO - Concatenated features shape: (2725, 3328)
2025-08-07 11:11:24,700 - INFO -   - Morgan fingerprints: 2048 features
2025-08-07 11:11:24,700 - INFO -   - ESM embeddings: 1280 features
2025-08-07 11:11:25,192 - ERROR - Error processing protein HSD11B1: Invalid format specifier
2025-08-07 11:11:25,196 - INFO - Processing protein: AKR7A3
2025-08-07 11:11:25,230 - WARNING - No activities found for O95154
2025-08-07 11:11:25,264 - WARNING - No activities found for P38918
2025-08-07 11:11:25,264 - WARNING - No activities found for AKR7A3
2025-08-07 11:11:25,264 - INFO - Processing protein: FMO1
2025-08-07 11:11:25,297 - WARNING - No activities found for Q01740
2025-08-07 11:11:25,329 - WARNING - No activities found for P50285
2025-08-07 11:11:25,362 - WARNING - No activities found for P36365
2025-08-07 11:11:25,362 - WARNING - No activities found for FMO1
2025-08-07 11:11:25,362 - INFO - Processing protein: AHR
2025-08-07 11:11:25,396 - INFO - Retrieved 25 activities for P35869
2025-08-07 11:11:25,429 - INFO - Retrieved 4 activities for P30561
2025-08-07 11:11:25,461 - INFO - Retrieved 2 activities for P41738
2025-08-07 11:11:25,462 - INFO - Combined 31 activities for AHR
2025-08-07 11:11:25,462 - INFO - Retrieved ESM embedding for P35869 at index 15
2025-08-07 11:11:25,497 - INFO - Class distribution: 29 active (93.5%), 2 inactive (6.5%)
2025-08-07 11:11:25,497 - INFO - Concatenated features shape: (31, 3328)
2025-08-07 11:11:25,498 - INFO -   - Morgan fingerprints: 2048 features
2025-08-07 11:11:25,498 - INFO -   - ESM embeddings: 1280 features
2025-08-07 11:11:25,894 - ERROR - Error processing protein AHR: unsupported format string passed to NoneType.__format__
2025-08-07 11:11:25,895 - INFO - Processing protein: NR1I3
2025-08-07 11:11:25,933 - INFO - Retrieved 59 activities for Q14994
2025-08-07 11:11:25,966 - WARNING - No activities found for O35627
2025-08-07 11:11:25,999 - WARNING - No activities found for Q9QUS1
2025-08-07 11:11:26,000 - INFO - Combined 59 activities for NR1I3
2025-08-07 11:11:26,001 - INFO - Retrieved ESM embedding for Q14994 at index 16
2025-08-07 11:11:26,073 - INFO - Class distribution: 30 active (50.8%), 29 inactive (49.2%)
2025-08-07 11:11:26,073 - INFO - Concatenated features shape: (59, 3328)
2025-08-07 11:11:26,073 - INFO -   - Morgan fingerprints: 2048 features
2025-08-07 11:11:26,073 - INFO -   - ESM embeddings: 1280 features
2025-08-07 11:11:26,479 - ERROR - Error processing protein NR1I3: Invalid format specifier
2025-08-07 11:11:26,480 - INFO - Processing protein: NR1I2
2025-08-07 11:11:26,517 - INFO - Retrieved 344 activities for O75469
2025-08-07 11:11:26,550 - WARNING - No activities found for O54915
2025-08-07 11:11:26,581 - WARNING - No activities found for Q9R1A7
2025-08-07 11:11:26,582 - INFO - Combined 344 activities for NR1I2
2025-08-07 11:11:26,582 - INFO - Retrieved ESM embedding for O75469 at index 17
2025-08-07 11:11:26,974 - INFO - Class distribution: 164 active (47.7%), 180 inactive (52.3%)
2025-08-07 11:11:26,977 - INFO - Concatenated features shape: (344, 3328)
2025-08-07 11:11:26,977 - INFO -   - Morgan fingerprints: 2048 features
2025-08-07 11:11:26,977 - INFO -   - ESM embeddings: 1280 features
2025-08-07 11:11:27,437 - ERROR - Error processing protein NR1I2: Invalid format specifier
2025-08-07 11:11:27,438 - INFO - Processing protein: SULT1A1
2025-08-07 11:11:27,471 - INFO - Retrieved 6 activities for P50225
2025-08-07 11:11:27,504 - WARNING - No activities found for P52840
2025-08-07 11:11:27,537 - WARNING - No activities found for P17988
2025-08-07 11:11:27,537 - INFO - Combined 6 activities for SULT1A1
2025-08-07 11:11:27,538 - INFO - Retrieved ESM embedding for P50225 at index 18
2025-08-07 11:11:27,546 - INFO - Class distribution: 5 active (83.3%), 1 inactive (16.7%)
2025-08-07 11:11:27,546 - INFO - Concatenated features shape: (6, 3328)
2025-08-07 11:11:27,546 - INFO -   - Morgan fingerprints: 2048 features
2025-08-07 11:11:27,546 - INFO -   - ESM embeddings: 1280 features
2025-08-07 11:11:27,546 - WARNING - Insufficient data for SULT1A1: 6 samples
2025-08-07 11:11:27,546 - INFO - Completed processing SULT1A1: insufficient_data
2025-08-07 11:11:27,546 - INFO - Processing protein: GSTA1
2025-08-07 11:11:27,580 - INFO - Retrieved 6 activities for P08263
2025-08-07 11:11:27,612 - WARNING - No activities found for P13745
2025-08-07 11:11:27,645 - WARNING - No activities found for P00502
2025-08-07 11:11:27,646 - INFO - Combined 6 activities for GSTA1
2025-08-07 11:11:27,647 - INFO - Retrieved ESM embedding for P08263 at index 19
2025-08-07 11:11:27,654 - INFO - Class distribution: 4 active (66.7%), 2 inactive (33.3%)
2025-08-07 11:11:27,655 - INFO - Concatenated features shape: (6, 3328)
2025-08-07 11:11:27,655 - INFO -   - Morgan fingerprints: 2048 features
2025-08-07 11:11:27,655 - INFO -   - ESM embeddings: 1280 features
2025-08-07 11:11:27,655 - WARNING - Insufficient data for GSTA1: 6 samples
2025-08-07 11:11:27,655 - INFO - Completed processing GSTA1: insufficient_data
2025-08-07 11:11:27,655 - INFO - Processing protein: OXA1L
2025-08-07 11:11:27,687 - WARNING - No activities found for Q15070
2025-08-07 11:11:27,720 - WARNING - No activities found for Q8BGA9
2025-08-07 11:11:27,750 - WARNING - No activities found for A0A8I6AQW6
2025-08-07 11:11:27,750 - WARNING - No activities found for OXA1L
2025-08-07 11:11:27,751 - INFO - Processing protein: ORM1
2025-08-07 11:11:27,783 - WARNING - No activities found for P02763
2025-08-07 11:11:27,815 - WARNING - No activities found for Q60590
2025-08-07 11:11:27,848 - WARNING - No activities found for P02764
2025-08-07 11:11:27,848 - WARNING - No activities found for ORM1
2025-08-07 11:11:27,848 - INFO - Processing protein: KCNH2
2025-08-07 11:11:27,918 - INFO - Retrieved 4492 activities for Q12809
2025-08-07 11:11:27,950 - WARNING - No activities found for O35219
2025-08-07 11:11:27,983 - WARNING - No activities found for O08962
2025-08-07 11:11:27,983 - INFO - Combined 4492 activities for KCNH2
2025-08-07 11:11:27,983 - INFO - Retrieved ESM embedding for Q12809 at index 22
2025-08-07 11:11:31,862 - INFO - Class distribution: 1287 active (28.7%), 3205 inactive (71.3%)
2025-08-07 11:11:31,885 - INFO - Concatenated features shape: (4492, 3328)
2025-08-07 11:11:31,886 - INFO -   - Morgan fingerprints: 2048 features
2025-08-07 11:11:31,886 - INFO -   - ESM embeddings: 1280 features
2025-08-07 11:11:32,445 - ERROR - Error processing protein KCNH2: Invalid format specifier
2025-08-07 11:11:32,450 - INFO - Processing protein: SCN5A
2025-08-07 11:11:32,497 - INFO - Retrieved 329 activities for Q14524
2025-08-07 11:11:32,530 - WARNING - No activities found for Q9JJV9
2025-08-07 11:11:32,563 - WARNING - No activities found for P15389
2025-08-07 11:11:32,563 - INFO - Combined 329 activities for SCN5A
2025-08-07 11:11:32,564 - INFO - Retrieved ESM embedding for Q14524 at index 23
2025-08-07 11:11:32,931 - INFO - Class distribution: 76 active (23.1%), 253 inactive (76.9%)
2025-08-07 11:11:32,932 - INFO - Concatenated features shape: (329, 3328)
2025-08-07 11:11:32,932 - INFO -   - Morgan fingerprints: 2048 features
2025-08-07 11:11:32,932 - INFO -   - ESM embeddings: 1280 features
2025-08-07 11:11:33,382 - ERROR - Error processing protein SCN5A: Invalid format specifier
2025-08-07 11:11:33,382 - INFO - Processing protein: CACNB1
2025-08-07 11:11:33,416 - WARNING - No activities found for Q02641
2025-08-07 11:11:33,448 - WARNING - No activities found for Q8R3Z5
2025-08-07 11:11:33,480 - WARNING - No activities found for P54283
2025-08-07 11:11:33,481 - WARNING - No activities found for CACNB1
2025-08-07 11:11:33,481 - INFO - Processing protein: CAV1
2025-08-07 11:11:33,513 - WARNING - No activities found for Q03135
2025-08-07 11:11:33,546 - WARNING - No activities found for P49817
2025-08-07 11:11:33,578 - WARNING - No activities found for P41350
2025-08-07 11:11:33,578 - WARNING - No activities found for CAV1
2025-08-07 11:11:33,578 - INFO - Processing protein: HTR2B
2025-08-07 11:11:33,637 - INFO - Retrieved 1180 activities for P41595
2025-08-07 11:11:33,670 - WARNING - No activities found for Q02152
2025-08-07 11:11:33,703 - INFO - Retrieved 35 activities for P30994
2025-08-07 11:11:33,704 - INFO - Combined 1215 activities for HTR2B
2025-08-07 11:11:33,705 - INFO - Retrieved ESM embedding for P41595 at index 26
2025-08-07 11:11:34,974 - INFO - Class distribution: 983 active (80.9%), 232 inactive (19.1%)
2025-08-07 11:11:34,982 - INFO - Concatenated features shape: (1215, 3328)
2025-08-07 11:11:34,982 - INFO -   - Morgan fingerprints: 2048 features
2025-08-07 11:11:34,982 - INFO -   - ESM embeddings: 1280 features
2025-08-07 11:11:35,604 - ERROR - Error processing protein HTR2B: Invalid format specifier
2025-08-07 11:11:35,607 - INFO - Processing protein: SLC6A4
2025-08-07 11:11:35,670 - INFO - Retrieved 2958 activities for P31645
2025-08-07 11:11:35,704 - INFO - Retrieved 12 activities for Q60857
2025-08-07 11:11:35,752 - INFO - Retrieved 1995 activities for P31652
2025-08-07 11:11:35,753 - INFO - Combined 4965 activities for SLC6A4
2025-08-07 11:11:35,754 - INFO - Retrieved ESM embedding for P31645 at index 27
2025-08-07 11:11:40,016 - INFO - Class distribution: 4095 active (82.5%), 870 inactive (17.5%)
2025-08-07 11:11:40,044 - INFO - Concatenated features shape: (4965, 3328)
2025-08-07 11:11:40,044 - INFO -   - Morgan fingerprints: 2048 features
2025-08-07 11:11:40,044 - INFO -   - ESM embeddings: 1280 features
2025-08-07 11:11:40,605 - ERROR - Error processing protein SLC6A4: Invalid format specifier
2025-08-07 11:11:40,610 - INFO - Processing protein: DIDO1
2025-08-07 11:11:40,645 - WARNING - No activities found for Q9BTC0
2025-08-07 11:11:40,678 - WARNING - No activities found for Q8C9B9
2025-08-07 11:11:40,708 - WARNING - No activities found for A0A8I5ZXE0
2025-08-07 11:11:40,709 - WARNING - No activities found for DIDO1
2025-08-07 11:11:40,709 - INFO - Processing protein: SLC6A3
2025-08-07 11:11:40,770 - INFO - Retrieved 1646 activities for Q01959
2025-08-07 11:11:40,803 - INFO - Retrieved 14 activities for Q61327
2025-08-07 11:11:40,843 - INFO - Retrieved 1114 activities for P23977
2025-08-07 11:11:40,845 - INFO - Combined 2774 activities for SLC6A3
2025-08-07 11:11:40,846 - INFO - Retrieved ESM embedding for Q01959 at index 29
2025-08-07 11:11:43,194 - INFO - Class distribution: 1839 active (66.3%), 935 inactive (33.7%)
2025-08-07 11:11:43,210 - INFO - Concatenated features shape: (2774, 3328)
2025-08-07 11:11:43,210 - INFO -   - Morgan fingerprints: 2048 features
2025-08-07 11:11:43,210 - INFO -   - ESM embeddings: 1280 features
2025-08-07 11:11:43,715 - ERROR - Error processing protein SLC6A3: Invalid format specifier
2025-08-07 11:11:43,734 - INFO - Processing protein: SLC6A2
2025-08-07 11:11:43,780 - INFO - Retrieved 2021 activities for P23975
2025-08-07 11:11:43,813 - INFO - Retrieved 1 activities for O55192
2025-08-07 11:11:43,846 - WARNING - No activities found for F1LNR9
2025-08-07 11:11:43,847 - INFO - Combined 2022 activities for SLC6A2
2025-08-07 11:11:43,848 - INFO - Retrieved ESM embedding for P23975 at index 30
2025-08-07 11:11:45,823 - INFO - Class distribution: 1548 active (76.6%), 474 inactive (23.4%)
2025-08-07 11:11:45,836 - INFO - Concatenated features shape: (2022, 3328)
2025-08-07 11:11:45,836 - INFO -   - Morgan fingerprints: 2048 features
2025-08-07 11:11:45,836 - INFO -   - ESM embeddings: 1280 features
2025-08-07 11:11:46,326 - ERROR - Error processing protein SLC6A2: Invalid format specifier
2025-08-07 11:11:46,328 - INFO - Processing protein: NAT8
2025-08-07 11:11:46,362 - WARNING - No activities found for Q9UHE5
2025-08-07 11:11:46,395 - WARNING - No activities found for Q9JIY7
2025-08-07 11:11:46,428 - WARNING - No activities found for Q9QXT3
2025-08-07 11:11:46,428 - WARNING - No activities found for NAT8
2025-08-07 11:11:46,428 - INFO - Processing protein: ADRA1A
2025-08-07 11:11:46,468 - INFO - Retrieved 566 activities for P25100
2025-08-07 11:11:46,501 - WARNING - No activities found for P97718
2025-08-07 11:11:46,535 - INFO - Retrieved 146 activities for P23944
2025-08-07 11:11:46,536 - INFO - Combined 712 activities for ADRA1A
2025-08-07 11:11:46,536 - INFO - Retrieved ESM embedding for P25100 at index 32
2025-08-07 11:11:47,335 - INFO - Class distribution: 634 active (89.0%), 78 inactive (11.0%)
2025-08-07 11:11:47,340 - INFO - Concatenated features shape: (712, 3328)
2025-08-07 11:11:47,340 - INFO -   - Morgan fingerprints: 2048 features
2025-08-07 11:11:47,340 - INFO -   - ESM embeddings: 1280 features
2025-08-07 11:11:47,802 - ERROR - Error processing protein ADRA1A: Invalid format specifier
2025-08-07 11:11:47,803 - INFO - Processing protein: ADRA2A
2025-08-07 11:11:47,827 - INFO - Retrieved 526 activities for P08913
2025-08-07 11:11:47,847 - WARNING - No activities found for Q01338
2025-08-07 11:11:47,866 - INFO - Retrieved 39 activities for P22909
2025-08-07 11:11:47,867 - INFO - Combined 565 activities for ADRA2A
2025-08-07 11:11:47,867 - INFO - Retrieved ESM embedding for P08913 at index 33
2025-08-07 11:11:48,225 - INFO - Class distribution: 395 active (69.9%), 170 inactive (30.1%)
2025-08-07 11:11:48,228 - INFO - Concatenated features shape: (565, 3328)
2025-08-07 11:11:48,228 - INFO -   - Morgan fingerprints: 2048 features
2025-08-07 11:11:48,228 - INFO -   - ESM embeddings: 1280 features
2025-08-07 11:11:48,649 - ERROR - Error processing protein ADRA2A: Invalid format specifier
2025-08-07 11:11:48,649 - INFO - Processing protein: ADRB1
2025-08-07 11:11:48,674 - INFO - Retrieved 614 activities for P08588
2025-08-07 11:11:48,694 - INFO - Retrieved 32 activities for P34971
2025-08-07 11:11:48,713 - INFO - Retrieved 53 activities for P18090
2025-08-07 11:11:48,714 - INFO - Combined 699 activities for ADRB1
2025-08-07 11:11:48,714 - INFO - Retrieved ESM embedding for P08588 at index 34
2025-08-07 11:11:49,168 - INFO - Class distribution: 563 active (80.5%), 136 inactive (19.5%)
2025-08-07 11:11:49,171 - INFO - Concatenated features shape: (699, 3328)
2025-08-07 11:11:49,171 - INFO -   - Morgan fingerprints: 2048 features
2025-08-07 11:11:49,171 - INFO -   - ESM embeddings: 1280 features
2025-08-07 11:11:49,611 - ERROR - Error processing protein ADRB1: Invalid format specifier
2025-08-07 11:11:49,612 - INFO - Processing protein: ADRB2
2025-08-07 11:11:49,649 - INFO - Retrieved 860 activities for P07550
2025-08-07 11:11:49,682 - WARNING - No activities found for P18762
2025-08-07 11:11:49,714 - INFO - Retrieved 20 activities for P10608
2025-08-07 11:11:49,715 - INFO - Combined 880 activities for ADRB2
2025-08-07 11:11:49,716 - INFO - Retrieved ESM embedding for P07550 at index 35
2025-08-07 11:11:50,697 - INFO - Class distribution: 734 active (83.4%), 146 inactive (16.6%)
2025-08-07 11:11:50,703 - INFO - Concatenated features shape: (880, 3328)
2025-08-07 11:11:50,703 - INFO -   - Morgan fingerprints: 2048 features
2025-08-07 11:11:50,703 - INFO -   - ESM embeddings: 1280 features
2025-08-07 11:11:51,167 - ERROR - Error processing protein ADRB2: Invalid format specifier
2025-08-07 11:11:51,169 - INFO - Processing protein: CNRIP1
2025-08-07 11:11:51,202 - WARNING - No activities found for Q96F85
2025-08-07 11:11:51,235 - WARNING - No activities found for Q5M8N0
2025-08-07 11:11:51,267 - WARNING - No activities found for Q5M7A7
2025-08-07 11:11:51,268 - WARNING - No activities found for CNRIP1
2025-08-07 11:11:51,268 - INFO - Processing protein: CNR2
2025-08-07 11:11:51,329 - INFO - Retrieved 4295 activities for P34972
2025-08-07 11:11:51,363 - INFO - Retrieved 363 activities for P47936
2025-08-07 11:11:51,396 - INFO - Retrieved 194 activities for Q9QZN9
2025-08-07 11:11:51,398 - INFO - Combined 4852 activities for CNR2
2025-08-07 11:11:51,399 - INFO - Retrieved ESM embedding for P34972 at index 37
2025-08-07 11:11:54,941 - INFO - Class distribution: 3909 active (80.6%), 943 inactive (19.4%)
2025-08-07 11:11:54,968 - INFO - Concatenated features shape: (4852, 3328)
2025-08-07 11:11:54,968 - INFO -   - Morgan fingerprints: 2048 features
2025-08-07 11:11:54,968 - INFO -   - ESM embeddings: 1280 features
2025-08-07 11:11:55,517 - ERROR - Error processing protein CNR2: Invalid format specifier
2025-08-07 11:11:55,521 - INFO - Processing protein: CHRM1
2025-08-07 11:11:55,560 - INFO - Retrieved 1103 activities for P11229
2025-08-07 11:11:55,593 - INFO - Retrieved 1 activities for P12657
2025-08-07 11:11:55,627 - INFO - Retrieved 261 activities for P08482
2025-08-07 11:11:55,628 - INFO - Combined 1365 activities for CHRM1
2025-08-07 11:11:55,629 - INFO - Retrieved ESM embedding for P11229 at index 38
2025-08-07 11:11:57,133 - INFO - Class distribution: 933 active (68.4%), 432 inactive (31.6%)
2025-08-07 11:11:57,141 - INFO - Concatenated features shape: (1365, 3328)
2025-08-07 11:11:57,142 - INFO -   - Morgan fingerprints: 2048 features
2025-08-07 11:11:57,142 - INFO -   - ESM embeddings: 1280 features
2025-08-07 11:11:57,618 - ERROR - Error processing protein CHRM1: Invalid format specifier
2025-08-07 11:11:57,621 - INFO - Processing protein: CHRM2
2025-08-07 11:11:57,657 - INFO - Retrieved 721 activities for P08172
2025-08-07 11:11:57,690 - INFO - Retrieved 5 activities for Q9ERZ4
2025-08-07 11:11:57,724 - INFO - Retrieved 130 activities for P10980
2025-08-07 11:11:57,725 - INFO - Combined 856 activities for CHRM2
2025-08-07 11:11:57,726 - INFO - Retrieved ESM embedding for P08172 at index 39
2025-08-07 11:11:58,677 - INFO - Class distribution: 651 active (76.1%), 205 inactive (23.9%)
2025-08-07 11:11:58,686 - INFO - Concatenated features shape: (856, 3328)
2025-08-07 11:11:58,686 - INFO -   - Morgan fingerprints: 2048 features
2025-08-07 11:11:58,686 - INFO -   - ESM embeddings: 1280 features
2025-08-07 11:11:59,144 - ERROR - Error processing protein CHRM2: Invalid format specifier
2025-08-07 11:11:59,146 - INFO - Processing protein: CHRM3
2025-08-07 11:11:59,183 - INFO - Retrieved 1209 activities for P20309
2025-08-07 11:11:59,216 - WARNING - No activities found for Q9ERZ3
2025-08-07 11:11:59,249 - INFO - Retrieved 93 activities for P08483
2025-08-07 11:11:59,250 - INFO - Combined 1302 activities for CHRM3
2025-08-07 11:11:59,251 - INFO - Retrieved ESM embedding for P20309 at index 40
2025-08-07 11:12:00,741 - INFO - Class distribution: 1093 active (83.9%), 209 inactive (16.1%)
2025-08-07 11:12:00,750 - INFO - Concatenated features shape: (1302, 3328)
2025-08-07 11:12:00,750 - INFO -   - Morgan fingerprints: 2048 features
2025-08-07 11:12:00,750 - INFO -   - ESM embeddings: 1280 features
2025-08-07 11:12:01,218 - ERROR - Error processing protein CHRM3: Invalid format specifier
2025-08-07 11:12:01,221 - INFO - Processing protein: CHRNA10
2025-08-07 11:12:01,256 - WARNING - No activities found for Q9GZZ6
2025-08-07 11:12:01,289 - WARNING - No activities found for B2RX82
2025-08-07 11:12:01,322 - WARNING - No activities found for Q9JLB5
2025-08-07 11:12:01,322 - WARNING - No activities found for CHRNA10
2025-08-07 11:12:01,322 - INFO - Processing protein: CHRNA9
2025-08-07 11:12:01,355 - WARNING - No activities found for Q9UGM1
2025-08-07 11:12:01,387 - WARNING - No activities found for G3X8Z7
2025-08-07 11:12:01,420 - WARNING - No activities found for P43144
2025-08-07 11:12:01,420 - WARNING - No activities found for CHRNA9
2025-08-07 11:12:01,420 - INFO - Processing protein: CHRNA7
2025-08-07 11:12:01,469 - INFO - Retrieved 595 activities for P36544
2025-08-07 11:12:01,502 - INFO - Retrieved 4 activities for P49582
2025-08-07 11:12:01,552 - INFO - Retrieved 1018 activities for Q05941
2025-08-07 11:12:01,554 - INFO - Combined 1617 activities for CHRNA7
2025-08-07 11:12:01,554 - INFO - Retrieved ESM embedding for P36544 at index 43
2025-08-07 11:12:03,314 - INFO - Class distribution: 1063 active (65.7%), 554 inactive (34.3%)
2025-08-07 11:12:03,325 - INFO - Concatenated features shape: (1617, 3328)
2025-08-07 11:12:03,326 - INFO -   - Morgan fingerprints: 2048 features
2025-08-07 11:12:03,326 - INFO -   - ESM embeddings: 1280 features
2025-08-07 11:12:03,820 - ERROR - Error processing protein CHRNA7: Invalid format specifier
2025-08-07 11:12:03,821 - INFO - Processing protein: CHRNA3
2025-08-07 11:12:03,856 - INFO - Retrieved 3 activities for P32297
2025-08-07 11:12:03,888 - WARNING - No activities found for Q8R4G9
2025-08-07 11:12:03,921 - WARNING - No activities found for P04757
2025-08-07 11:12:03,921 - INFO - Combined 3 activities for CHRNA3
2025-08-07 11:12:03,922 - INFO - Retrieved ESM embedding for P32297 at index 44
2025-08-07 11:12:03,926 - INFO - Class distribution: 2 active (66.7%), 1 inactive (33.3%)
2025-08-07 11:12:03,926 - INFO - Concatenated features shape: (3, 3328)
2025-08-07 11:12:03,926 - INFO -   - Morgan fingerprints: 2048 features
2025-08-07 11:12:03,926 - INFO -   - ESM embeddings: 1280 features
2025-08-07 11:12:03,926 - WARNING - Insufficient data for CHRNA3: 3 samples
2025-08-07 11:12:03,926 - INFO - Completed processing CHRNA3: insufficient_data
2025-08-07 11:12:03,927 - INFO - Processing protein: CHRNA5
2025-08-07 11:12:03,959 - WARNING - No activities found for P30532
2025-08-07 11:12:03,992 - WARNING - No activities found for Q2MKA5
2025-08-07 11:12:04,024 - WARNING - No activities found for P20420
2025-08-07 11:12:04,024 - WARNING - No activities found for CHRNA5
2025-08-07 11:12:04,024 - INFO - Processing protein: SMPDL3A
2025-08-07 11:12:04,056 - WARNING - No activities found for Q92484
2025-08-07 11:12:04,088 - WARNING - No activities found for P70158
2025-08-07 11:12:04,120 - WARNING - No activities found for Q641Z7
2025-08-07 11:12:04,120 - WARNING - No activities found for SMPDL3A
2025-08-07 11:12:04,120 - INFO - Processing protein: GABPA
2025-08-07 11:12:04,152 - WARNING - No activities found for Q06546
2025-08-07 11:12:04,184 - WARNING - No activities found for Q00422
2025-08-07 11:12:04,215 - WARNING - No activities found for A0A8I6GML2
2025-08-07 11:12:04,215 - WARNING - No activities found for GABPA
2025-08-07 11:12:04,215 - INFO - Processing protein: HRH1
2025-08-07 11:12:04,260 - INFO - Retrieved 945 activities for P35367
2025-08-07 11:12:04,293 - INFO - Retrieved 1 activities for P70174
2025-08-07 11:12:04,326 - INFO - Retrieved 26 activities for P31390
2025-08-07 11:12:04,328 - INFO - Combined 972 activities for HRH1
2025-08-07 11:12:04,329 - INFO - Retrieved ESM embedding for P35367 at index 48
2025-08-07 11:12:05,166 - INFO - Class distribution: 762 active (78.4%), 210 inactive (21.6%)
2025-08-07 11:12:05,170 - INFO - Concatenated features shape: (972, 3328)
2025-08-07 11:12:05,170 - INFO -   - Morgan fingerprints: 2048 features
2025-08-07 11:12:05,170 - INFO -   - ESM embeddings: 1280 features
2025-08-07 11:12:05,610 - ERROR - Error processing protein HRH1: Invalid format specifier
2025-08-07 11:12:05,612 - INFO - Processing protein: SLCO1B1
2025-08-07 11:12:05,634 - INFO - Retrieved 16 activities for Q9Y6L6
2025-08-07 11:12:05,634 - INFO - Combined 16 activities for SLCO1B1
2025-08-07 11:12:05,634 - INFO - Retrieved ESM embedding for Q9Y6L6 at index 49
2025-08-07 11:12:05,646 - INFO - Class distribution: 2 active (12.5%), 14 inactive (87.5%)
2025-08-07 11:12:05,647 - INFO - Concatenated features shape: (16, 3328)
2025-08-07 11:12:05,647 - INFO -   - Morgan fingerprints: 2048 features
2025-08-07 11:12:05,647 - INFO -   - ESM embeddings: 1280 features
2025-08-07 11:12:06,035 - ERROR - Error processing protein SLCO1B1: unsupported format string passed to NoneType.__format__
2025-08-07 11:12:06,036 - INFO - Processing protein: SLCO2B3
2025-08-07 11:12:06,036 - WARNING - No activities found for SLCO2B3
2025-08-07 11:12:06,036 - INFO - Processing protein: SLCO2B1
2025-08-07 11:12:06,058 - INFO - Retrieved 33 activities for O94956
2025-08-07 11:12:06,077 - WARNING - No activities found for Q8BXB6
2025-08-07 11:12:06,096 - WARNING - No activities found for Q9JHI3
2025-08-07 11:12:06,096 - INFO - Combined 33 activities for SLCO2B1
2025-08-07 11:12:06,097 - INFO - Retrieved ESM embedding for O94956 at index 50
2025-08-07 11:12:06,120 - INFO - Class distribution: 3 active (9.1%), 30 inactive (90.9%)
2025-08-07 11:12:06,120 - INFO - Concatenated features shape: (33, 3328)
2025-08-07 11:12:06,120 - INFO -   - Morgan fingerprints: 2048 features
2025-08-07 11:12:06,120 - INFO -   - ESM embeddings: 1280 features
2025-08-07 11:12:06,503 - ERROR - Error processing protein SLCO2B1: Invalid format specifier
2025-08-07 11:12:06,504 - INFO - Pipeline completed. Processed 52 proteins.
2025-08-07 11:12:06,507 - INFO - Results saved to /home/serramelendezcsm/RA/Avoidome/analyses/qsar_papyrus_esm_emb_classification/esm_classification_results.csv
2025-08-07 11:12:06,507 - INFO - Classification completed!
2025-08-07 11:12:06,804 - INFO - Pipeline completed successfully!
2025-08-07 11:23:16,994 - INFO - ============================================================
2025-08-07 11:23:16,994 - INFO - QSAR CLASSIFICATION PIPELINE
2025-08-07 11:23:16,994 - INFO - ============================================================
2025-08-07 11:23:16,994 - INFO - Running in test mode...
2025-08-07 11:23:16,995 - INFO - ============================================================
2025-08-07 11:23:16,995 - INFO - CLASSIFICATION PIPELINE TESTING
2025-08-07 11:23:16,995 - INFO - ============================================================
2025-08-07 11:23:16,995 - INFO - Starting classification pipeline test...
2025-08-07 11:23:16,997 - INFO - Testing with 5 proteins: ['CYP1A2', 'CYP2B6', 'CYP2C9', 'CYP2C19', 'CYP2D6']
2025-08-07 11:23:16,997 - INFO - Loading protein data and ESM embeddings...
2025-08-07 11:23:16,998 - INFO - Loaded 52 proteins from /home/serramelendezcsm/RA/Avoidome/processed_data/papyrus_protein_check_results.csv
2025-08-07 11:23:16,998 - INFO - Loaded ESM embeddings with shape: (51, 1280)
2025-08-07 11:23:16,999 - INFO - Loaded 51 targets with sequences
2025-08-07 11:23:16,999 - INFO - Initializing Papyrus dataset...
2025-08-07 11:23:17,153 - INFO - Papyrus dataset initialized successfully
2025-08-07 11:23:17,153 - INFO - Loading full Papyrus dataset into DataFrame...
2025-08-07 11:23:24,529 - INFO - Loaded 707461 total activities from Papyrus
2025-08-07 11:23:24,531 - INFO - Testing protein: CYP1A2
2025-08-07 11:23:24,532 - INFO - Processing protein: CYP1A2
2025-08-07 11:23:24,551 - INFO - Retrieved 329 activities for P05177
2025-08-07 11:23:24,570 - INFO - Retrieved 1 activities for P00186
2025-08-07 11:23:24,589 - INFO - Retrieved 9 activities for P04799
2025-08-07 11:23:24,589 - INFO - Combined 339 activities for CYP1A2
2025-08-07 11:23:24,590 - INFO - Retrieved ESM embedding for P05177 at index 0
2025-08-07 11:23:24,803 - INFO - Class distribution: 144 active (42.5%), 195 inactive (57.5%)
2025-08-07 11:23:24,804 - INFO - Concatenated features shape: (339, 3328)
2025-08-07 11:23:24,804 - INFO -   - Morgan fingerprints: 2048 features
2025-08-07 11:23:24,804 - INFO -   - ESM embeddings: 1280 features
2025-08-07 11:23:25,249 - INFO - Fold 1 - Accuracy: 0.779, F1: 0.754, AUC: 0.856
2025-08-07 11:23:25,699 - INFO - Fold 2 - Accuracy: 0.676, F1: 0.593, AUC: 0.781
2025-08-07 11:23:26,276 - INFO - Fold 3 - Accuracy: 0.779, F1: 0.717, AUC: 0.905
2025-08-07 11:23:26,676 - INFO - Fold 4 - Accuracy: 0.809, F1: 0.764, AUC: 0.876
2025-08-07 11:23:27,066 - INFO - Fold 5 - Accuracy: 0.791, F1: 0.741, AUC: 0.875
2025-08-07 11:23:27,066 - INFO - Completed processing CYP1A2: success
2025-08-07 11:23:27,066 - INFO - ✓ CYP1A2: Accuracy=0.767, F1=0.714
2025-08-07 11:23:27,067 - INFO - Testing protein: CYP2B6
2025-08-07 11:23:27,067 - INFO - Processing protein: CYP2B6
2025-08-07 11:23:27,139 - INFO - Retrieved 33 activities for P20813
2025-08-07 11:23:27,140 - INFO - Combined 33 activities for CYP2B6
2025-08-07 11:23:27,142 - INFO - Retrieved ESM embedding for P20813 at index 1
2025-08-07 11:23:27,310 - INFO - Class distribution: 6 active (18.2%), 27 inactive (81.8%)
2025-08-07 11:23:27,311 - INFO - Concatenated features shape: (33, 3328)
2025-08-07 11:23:27,311 - INFO -   - Morgan fingerprints: 2048 features
2025-08-07 11:23:27,312 - INFO -   - ESM embeddings: 1280 features
2025-08-07 11:23:27,857 - INFO - Fold 1 - Accuracy: 0.857, F1: 0.000, AUC: 1.000
2025-08-07 11:23:28,234 - INFO - Fold 2 - Accuracy: 0.857, F1: 0.000, AUC: 0.250
2025-08-07 11:23:28,606 - INFO - Fold 3 - Accuracy: 0.571, F1: 0.000, AUC: 0.500
2025-08-07 11:23:28,992 - INFO - Fold 4 - Accuracy: 0.833, F1: 0.000, AUC: 0.800
2025-08-07 11:23:29,357 - INFO - Fold 5 - Accuracy: 0.833, F1: 0.000, AUC: 0.500
2025-08-07 11:23:29,357 - INFO - Completed processing CYP2B6: success
2025-08-07 11:23:29,358 - INFO - ✓ CYP2B6: Accuracy=0.790, F1=0.000
2025-08-07 11:23:29,358 - INFO - Testing protein: CYP2C9
2025-08-07 11:23:29,358 - INFO - Processing protein: CYP2C9
2025-08-07 11:23:29,383 - INFO - Retrieved 466 activities for P11712
2025-08-07 11:23:29,383 - INFO - Combined 466 activities for CYP2C9
2025-08-07 11:23:29,383 - INFO - Retrieved ESM embedding for P11712 at index 2
2025-08-07 11:23:29,697 - INFO - Class distribution: 98 active (21.0%), 368 inactive (79.0%)
2025-08-07 11:23:29,700 - INFO - Concatenated features shape: (466, 3328)
2025-08-07 11:23:29,700 - INFO -   - Morgan fingerprints: 2048 features
2025-08-07 11:23:29,700 - INFO -   - ESM embeddings: 1280 features
2025-08-07 11:23:30,140 - INFO - Fold 1 - Accuracy: 0.862, F1: 0.667, AUC: 0.818
2025-08-07 11:23:30,597 - INFO - Fold 2 - Accuracy: 0.914, F1: 0.778, AUC: 0.936
2025-08-07 11:23:31,045 - INFO - Fold 3 - Accuracy: 0.828, F1: 0.619, AUC: 0.908
2025-08-07 11:23:31,481 - INFO - Fold 4 - Accuracy: 0.871, F1: 0.700, AUC: 0.884
2025-08-07 11:23:31,915 - INFO - Fold 5 - Accuracy: 0.892, F1: 0.545, AUC: 0.868
2025-08-07 11:23:31,916 - INFO - Completed processing CYP2C9: success
2025-08-07 11:23:31,917 - INFO - ✓ CYP2C9: Accuracy=0.873, F1=0.662
2025-08-07 11:23:31,917 - INFO - Testing protein: CYP2C19
2025-08-07 11:23:31,917 - INFO - Processing protein: CYP2C19
2025-08-07 11:23:31,952 - INFO - Retrieved 165 activities for P33261
2025-08-07 11:23:31,952 - INFO - Combined 165 activities for CYP2C19
2025-08-07 11:23:31,953 - INFO - Retrieved ESM embedding for P33261 at index 3
2025-08-07 11:23:32,140 - INFO - Class distribution: 29 active (17.6%), 136 inactive (82.4%)
2025-08-07 11:23:32,141 - INFO - Concatenated features shape: (165, 3328)
2025-08-07 11:23:32,141 - INFO -   - Morgan fingerprints: 2048 features
2025-08-07 11:23:32,141 - INFO -   - ESM embeddings: 1280 features
2025-08-07 11:23:32,574 - INFO - Fold 1 - Accuracy: 0.697, F1: 0.286, AUC: 0.563
2025-08-07 11:23:33,007 - INFO - Fold 2 - Accuracy: 0.848, F1: 0.000, AUC: 0.896
2025-08-07 11:23:33,439 - INFO - Fold 3 - Accuracy: 0.848, F1: 0.545, AUC: 0.888
2025-08-07 11:23:33,878 - INFO - Fold 4 - Accuracy: 0.879, F1: 0.333, AUC: 0.711
2025-08-07 11:23:34,408 - INFO - Fold 5 - Accuracy: 0.848, F1: 0.444, AUC: 0.886
2025-08-07 11:23:34,409 - INFO - Completed processing CYP2C19: success
2025-08-07 11:23:34,409 - INFO - ✓ CYP2C19: Accuracy=0.824, F1=0.322
2025-08-07 11:23:34,409 - INFO - Testing protein: CYP2D6
2025-08-07 11:23:34,409 - INFO - Processing protein: CYP2D6
2025-08-07 11:23:34,456 - INFO - Retrieved 607 activities for P10635
2025-08-07 11:23:34,457 - INFO - Combined 607 activities for CYP2D6
2025-08-07 11:23:34,458 - INFO - Retrieved ESM embedding for P10635 at index 4
2025-08-07 11:23:35,138 - INFO - Class distribution: 195 active (32.1%), 412 inactive (67.9%)
2025-08-07 11:23:35,143 - INFO - Concatenated features shape: (607, 3328)
2025-08-07 11:23:35,143 - INFO -   - Morgan fingerprints: 2048 features
2025-08-07 11:23:35,143 - INFO -   - ESM embeddings: 1280 features
2025-08-07 11:23:35,571 - INFO - Fold 1 - Accuracy: 0.795, F1: 0.658, AUC: 0.842
2025-08-07 11:23:35,999 - INFO - Fold 2 - Accuracy: 0.795, F1: 0.638, AUC: 0.846
2025-08-07 11:23:36,422 - INFO - Fold 3 - Accuracy: 0.785, F1: 0.629, AUC: 0.820
2025-08-07 11:23:36,840 - INFO - Fold 4 - Accuracy: 0.777, F1: 0.630, AUC: 0.795
2025-08-07 11:23:37,270 - INFO - Fold 5 - Accuracy: 0.752, F1: 0.516, AUC: 0.778
2025-08-07 11:23:37,270 - INFO - Completed processing CYP2D6: success
2025-08-07 11:23:37,271 - INFO - ✓ CYP2D6: Accuracy=0.781, F1=0.614
2025-08-07 11:23:37,274 - INFO - Test results saved to /home/serramelendezcsm/RA/Avoidome/analyses/qsar_papyrus_esm_emb_classification/test_results.csv
2025-08-07 11:23:37,274 - INFO - 
Test Summary:
2025-08-07 11:23:37,274 - INFO -   - Proteins tested: 5
2025-08-07 11:23:37,275 - INFO -   - Successful models: 5
2025-08-07 11:23:37,275 - INFO -   - Failed models: 0
2025-08-07 11:23:37,275 - INFO -   - Average Accuracy: 0.807
2025-08-07 11:23:37,275 - INFO -   - Average F1: 0.462
2025-08-07 11:23:37,275 - INFO - ✓ Classification pipeline test completed successfully!
2025-08-07 11:23:37,598 - INFO - 
============================================================
2025-08-07 11:23:37,598 - INFO - TEST PASSED! ✓
2025-08-07 11:23:37,598 - INFO - The classification pipeline is ready for full analysis.
2025-08-07 11:23:37,598 - INFO - ============================================================
2025-08-07 11:23:37,598 - INFO - Pipeline completed successfully!
2025-08-07 11:23:52,642 - INFO - ============================================================
2025-08-07 11:23:52,642 - INFO - QSAR CLASSIFICATION PIPELINE
2025-08-07 11:23:52,642 - INFO - ============================================================
2025-08-07 11:23:52,642 - INFO - Running complete classification pipeline...
2025-08-07 11:23:52,642 - INFO - Step 1: Running classification
2025-08-07 11:23:52,642 - INFO - Running classification with threshold: 6.0
2025-08-07 11:23:52,642 - INFO - Starting ESM QSAR classification pipeline...
2025-08-07 11:23:52,642 - INFO - Using activity threshold: 6.0
2025-08-07 11:23:52,642 - INFO - Loading protein data and ESM embeddings...
2025-08-07 11:23:52,644 - INFO - Loaded 52 proteins from /home/serramelendezcsm/RA/Avoidome/processed_data/papyrus_protein_check_results.csv
2025-08-07 11:23:52,644 - INFO - Loaded ESM embeddings with shape: (51, 1280)
2025-08-07 11:23:52,645 - INFO - Loaded 51 targets with sequences
2025-08-07 11:23:52,645 - INFO - Initializing Papyrus dataset...
2025-08-07 11:23:52,802 - INFO - Papyrus dataset initialized successfully
2025-08-07 11:23:52,802 - INFO - Loading full Papyrus dataset into DataFrame...
2025-08-07 11:24:00,008 - INFO - Loaded 707461 total activities from Papyrus
2025-08-07 11:24:00,011 - INFO - Processing protein: CYP1A2
2025-08-07 11:24:00,031 - INFO - Retrieved 329 activities for P05177
2025-08-07 11:24:00,050 - INFO - Retrieved 1 activities for P00186
2025-08-07 11:24:00,068 - INFO - Retrieved 9 activities for P04799
2025-08-07 11:24:00,069 - INFO - Combined 339 activities for CYP1A2
2025-08-07 11:24:00,069 - INFO - Retrieved ESM embedding for P05177 at index 0
2025-08-07 11:24:00,289 - INFO - Class distribution: 144 active (42.5%), 195 inactive (57.5%)
2025-08-07 11:24:00,291 - INFO - Concatenated features shape: (339, 3328)
2025-08-07 11:24:00,291 - INFO -   - Morgan fingerprints: 2048 features
2025-08-07 11:24:00,291 - INFO -   - ESM embeddings: 1280 features
2025-08-07 11:24:00,753 - INFO - Fold 1 - Accuracy: 0.779, F1: 0.754, AUC: 0.856
2025-08-07 11:24:01,201 - INFO - Fold 2 - Accuracy: 0.676, F1: 0.593, AUC: 0.781
2025-08-07 11:24:01,792 - INFO - Fold 3 - Accuracy: 0.779, F1: 0.717, AUC: 0.905
2025-08-07 11:24:02,247 - INFO - Fold 4 - Accuracy: 0.809, F1: 0.764, AUC: 0.876
2025-08-07 11:24:02,707 - INFO - Fold 5 - Accuracy: 0.791, F1: 0.741, AUC: 0.875
2025-08-07 11:24:02,707 - INFO - Completed processing CYP1A2: success
2025-08-07 11:24:02,708 - INFO - Protein CYP1A2: Accuracy=0.767, F1=0.714
2025-08-07 11:24:02,708 - INFO - Processing protein: CYP2B6
2025-08-07 11:24:02,744 - INFO - Retrieved 33 activities for P20813
2025-08-07 11:24:02,744 - INFO - Combined 33 activities for CYP2B6
2025-08-07 11:24:02,745 - INFO - Retrieved ESM embedding for P20813 at index 1
2025-08-07 11:24:02,782 - INFO - Class distribution: 6 active (18.2%), 27 inactive (81.8%)
2025-08-07 11:24:02,782 - INFO - Concatenated features shape: (33, 3328)
2025-08-07 11:24:02,782 - INFO -   - Morgan fingerprints: 2048 features
2025-08-07 11:24:02,782 - INFO -   - ESM embeddings: 1280 features
2025-08-07 11:24:03,198 - INFO - Fold 1 - Accuracy: 0.857, F1: 0.000, AUC: 1.000
2025-08-07 11:24:03,608 - INFO - Fold 2 - Accuracy: 0.857, F1: 0.000, AUC: 0.250
2025-08-07 11:24:04,002 - INFO - Fold 3 - Accuracy: 0.571, F1: 0.000, AUC: 0.500
2025-08-07 11:24:04,409 - INFO - Fold 4 - Accuracy: 0.833, F1: 0.000, AUC: 0.800
2025-08-07 11:24:04,818 - INFO - Fold 5 - Accuracy: 0.833, F1: 0.000, AUC: 0.500
2025-08-07 11:24:04,818 - INFO - Completed processing CYP2B6: success
2025-08-07 11:24:04,819 - INFO - Protein CYP2B6: Accuracy=0.790, F1=0.000
2025-08-07 11:24:04,819 - INFO - Processing protein: CYP2C9
2025-08-07 11:24:04,859 - INFO - Retrieved 466 activities for P11712
2025-08-07 11:24:04,859 - INFO - Combined 466 activities for CYP2C9
2025-08-07 11:24:04,860 - INFO - Retrieved ESM embedding for P11712 at index 2
2025-08-07 11:24:05,399 - INFO - Class distribution: 98 active (21.0%), 368 inactive (79.0%)
2025-08-07 11:24:05,402 - INFO - Concatenated features shape: (466, 3328)
2025-08-07 11:24:05,403 - INFO -   - Morgan fingerprints: 2048 features
2025-08-07 11:24:05,403 - INFO -   - ESM embeddings: 1280 features
2025-08-07 11:24:05,861 - INFO - Fold 1 - Accuracy: 0.862, F1: 0.667, AUC: 0.818
2025-08-07 11:24:06,312 - INFO - Fold 2 - Accuracy: 0.914, F1: 0.778, AUC: 0.936
2025-08-07 11:24:06,768 - INFO - Fold 3 - Accuracy: 0.828, F1: 0.619, AUC: 0.908
2025-08-07 11:24:07,218 - INFO - Fold 4 - Accuracy: 0.871, F1: 0.700, AUC: 0.884
2025-08-07 11:24:07,670 - INFO - Fold 5 - Accuracy: 0.892, F1: 0.545, AUC: 0.868
2025-08-07 11:24:07,671 - INFO - Completed processing CYP2C9: success
2025-08-07 11:24:07,672 - INFO - Protein CYP2C9: Accuracy=0.873, F1=0.662
2025-08-07 11:24:07,672 - INFO - Processing protein: CYP2C19
2025-08-07 11:24:07,708 - INFO - Retrieved 165 activities for P33261
2025-08-07 11:24:07,709 - INFO - Combined 165 activities for CYP2C19
2025-08-07 11:24:07,709 - INFO - Retrieved ESM embedding for P33261 at index 3
2025-08-07 11:24:07,897 - INFO - Class distribution: 29 active (17.6%), 136 inactive (82.4%)
2025-08-07 11:24:07,898 - INFO - Concatenated features shape: (165, 3328)
2025-08-07 11:24:07,898 - INFO -   - Morgan fingerprints: 2048 features
2025-08-07 11:24:07,898 - INFO -   - ESM embeddings: 1280 features
2025-08-07 11:24:08,338 - INFO - Fold 1 - Accuracy: 0.697, F1: 0.286, AUC: 0.563
2025-08-07 11:24:08,786 - INFO - Fold 2 - Accuracy: 0.848, F1: 0.000, AUC: 0.896
2025-08-07 11:24:09,225 - INFO - Fold 3 - Accuracy: 0.848, F1: 0.545, AUC: 0.888
2025-08-07 11:24:09,666 - INFO - Fold 4 - Accuracy: 0.879, F1: 0.333, AUC: 0.711
2025-08-07 11:24:10,115 - INFO - Fold 5 - Accuracy: 0.848, F1: 0.444, AUC: 0.886
2025-08-07 11:24:10,115 - INFO - Completed processing CYP2C19: success
2025-08-07 11:24:10,116 - INFO - Protein CYP2C19: Accuracy=0.824, F1=0.322
2025-08-07 11:24:10,116 - INFO - Processing protein: CYP2D6
2025-08-07 11:24:10,156 - INFO - Retrieved 607 activities for P10635
2025-08-07 11:24:10,156 - INFO - Combined 607 activities for CYP2D6
2025-08-07 11:24:10,157 - INFO - Retrieved ESM embedding for P10635 at index 4
2025-08-07 11:24:10,835 - INFO - Class distribution: 195 active (32.1%), 412 inactive (67.9%)
2025-08-07 11:24:10,840 - INFO - Concatenated features shape: (607, 3328)
2025-08-07 11:24:10,840 - INFO -   - Morgan fingerprints: 2048 features
2025-08-07 11:24:10,840 - INFO -   - ESM embeddings: 1280 features
2025-08-07 11:24:11,253 - INFO - Fold 1 - Accuracy: 0.795, F1: 0.658, AUC: 0.842
2025-08-07 11:24:11,811 - INFO - Fold 2 - Accuracy: 0.795, F1: 0.638, AUC: 0.846
2025-08-07 11:24:12,248 - INFO - Fold 3 - Accuracy: 0.785, F1: 0.629, AUC: 0.820
2025-08-07 11:24:12,679 - INFO - Fold 4 - Accuracy: 0.777, F1: 0.630, AUC: 0.795
2025-08-07 11:24:13,104 - INFO - Fold 5 - Accuracy: 0.752, F1: 0.516, AUC: 0.778
2025-08-07 11:24:13,105 - INFO - Completed processing CYP2D6: success
2025-08-07 11:24:13,105 - INFO - Protein CYP2D6: Accuracy=0.781, F1=0.614
2025-08-07 11:24:13,106 - INFO - Processing protein: CYP3A4
2025-08-07 11:24:13,156 - INFO - Retrieved 1387 activities for P08684
2025-08-07 11:24:13,156 - INFO - Combined 1387 activities for CYP3A4
2025-08-07 11:24:13,157 - INFO - Retrieved ESM embedding for P08684 at index 5
2025-08-07 11:24:14,797 - INFO - Class distribution: 340 active (24.5%), 1047 inactive (75.5%)
2025-08-07 11:24:14,809 - INFO - Concatenated features shape: (1387, 3328)
2025-08-07 11:24:14,809 - INFO -   - Morgan fingerprints: 2048 features
2025-08-07 11:24:14,809 - INFO -   - ESM embeddings: 1280 features
2025-08-07 11:24:15,287 - INFO - Fold 1 - Accuracy: 0.917, F1: 0.796, AUC: 0.943
2025-08-07 11:24:15,745 - INFO - Fold 2 - Accuracy: 0.849, F1: 0.672, AUC: 0.881
2025-08-07 11:24:16,211 - INFO - Fold 3 - Accuracy: 0.863, F1: 0.716, AUC: 0.916
2025-08-07 11:24:16,685 - INFO - Fold 4 - Accuracy: 0.884, F1: 0.738, AUC: 0.939
2025-08-07 11:24:17,149 - INFO - Fold 5 - Accuracy: 0.845, F1: 0.619, AUC: 0.881
2025-08-07 11:24:17,150 - INFO - Completed processing CYP3A4: success
2025-08-07 11:24:17,152 - INFO - Protein CYP3A4: Accuracy=0.872, F1=0.708
2025-08-07 11:24:17,152 - INFO - Processing protein: AOX1
2025-08-07 11:24:17,186 - INFO - Retrieved 13 activities for Q06278
2025-08-07 11:24:17,220 - WARNING - No activities found for O54754
2025-08-07 11:24:17,254 - INFO - Retrieved 4 activities for Q9Z0U5
2025-08-07 11:24:17,255 - INFO - Combined 17 activities for AOX1
2025-08-07 11:24:17,255 - INFO - Retrieved ESM embedding for Q06278 at index 6
2025-08-07 11:24:17,276 - INFO - Class distribution: 10 active (58.8%), 7 inactive (41.2%)
2025-08-07 11:24:17,276 - INFO - Concatenated features shape: (17, 3328)
2025-08-07 11:24:17,276 - INFO -   - Morgan fingerprints: 2048 features
2025-08-07 11:24:17,276 - INFO -   - ESM embeddings: 1280 features
2025-08-07 11:24:17,668 - INFO - Fold 1 - Accuracy: 0.750, F1: 0.857, AUC: 0.667
2025-08-07 11:24:18,083 - INFO - Fold 2 - Accuracy: 0.750, F1: 0.857, AUC: 1.000
2025-08-07 11:24:18,488 - INFO - Fold 3 - Accuracy: 0.000, F1: 0.000, AUC: 0.000
2025-08-07 11:24:18,883 - INFO - Fold 4 - Accuracy: 0.333, F1: 0.500, AUC: 1.000
2025-08-07 11:24:19,269 - INFO - Fold 5 - Accuracy: 0.667, F1: 0.800, AUC: 0.000
2025-08-07 11:24:19,270 - INFO - Completed processing AOX1: success
2025-08-07 11:24:19,270 - INFO - Protein AOX1: Accuracy=0.500, F1=0.603
2025-08-07 11:24:19,270 - INFO - Processing protein: XDH
2025-08-07 11:24:19,306 - INFO - Retrieved 98 activities for P47989
2025-08-07 11:24:19,340 - WARNING - No activities found for Q00519
2025-08-07 11:24:19,374 - WARNING - No activities found for P22985
2025-08-07 11:24:19,374 - INFO - Combined 98 activities for XDH
2025-08-07 11:24:19,375 - INFO - Retrieved ESM embedding for P47989 at index 7
2025-08-07 11:24:19,482 - INFO - Class distribution: 77 active (78.6%), 21 inactive (21.4%)
2025-08-07 11:24:19,484 - INFO - Concatenated features shape: (98, 3328)
2025-08-07 11:24:19,484 - INFO -   - Morgan fingerprints: 2048 features
2025-08-07 11:24:19,484 - INFO -   - ESM embeddings: 1280 features
2025-08-07 11:24:19,906 - INFO - Fold 1 - Accuracy: 0.850, F1: 0.903, AUC: 0.964
2025-08-07 11:24:20,325 - INFO - Fold 2 - Accuracy: 0.900, F1: 0.938, AUC: 0.953
2025-08-07 11:24:20,736 - INFO - Fold 3 - Accuracy: 0.800, F1: 0.875, AUC: 0.750
2025-08-07 11:24:21,159 - INFO - Fold 4 - Accuracy: 0.842, F1: 0.897, AUC: 0.987
2025-08-07 11:24:21,710 - INFO - Fold 5 - Accuracy: 1.000, F1: 1.000, AUC: 1.000
2025-08-07 11:24:21,711 - INFO - Completed processing XDH: success
2025-08-07 11:24:21,711 - INFO - Protein XDH: Accuracy=0.878, F1=0.922
2025-08-07 11:24:21,711 - INFO - Processing protein: MAOA
2025-08-07 11:24:21,759 - INFO - Retrieved 1130 activities for P21397
2025-08-07 11:24:21,792 - INFO - Retrieved 2 activities for Q64133
2025-08-07 11:24:21,829 - INFO - Retrieved 336 activities for P21396
2025-08-07 11:24:21,830 - INFO - Combined 1468 activities for MAOA
2025-08-07 11:24:21,831 - INFO - Retrieved ESM embedding for P21397 at index 8
2025-08-07 11:24:23,397 - INFO - Class distribution: 438 active (29.8%), 1030 inactive (70.2%)
2025-08-07 11:24:23,406 - INFO - Concatenated features shape: (1468, 3328)
2025-08-07 11:24:23,406 - INFO -   - Morgan fingerprints: 2048 features
2025-08-07 11:24:23,406 - INFO -   - ESM embeddings: 1280 features
2025-08-07 11:24:23,894 - INFO - Fold 1 - Accuracy: 0.861, F1: 0.742, AUC: 0.885
2025-08-07 11:24:24,397 - INFO - Fold 2 - Accuracy: 0.827, F1: 0.691, AUC: 0.875
2025-08-07 11:24:24,875 - INFO - Fold 3 - Accuracy: 0.878, F1: 0.788, AUC: 0.925
2025-08-07 11:24:25,379 - INFO - Fold 4 - Accuracy: 0.853, F1: 0.672, AUC: 0.862
2025-08-07 11:24:25,867 - INFO - Fold 5 - Accuracy: 0.863, F1: 0.756, AUC: 0.885
2025-08-07 11:24:25,868 - INFO - Completed processing MAOA: success
2025-08-07 11:24:25,869 - INFO - Protein MAOA: Accuracy=0.856, F1=0.730
2025-08-07 11:24:25,870 - INFO - Processing protein: MAOB
2025-08-07 11:24:25,915 - INFO - Retrieved 1519 activities for P27338
2025-08-07 11:24:25,949 - INFO - Retrieved 14 activities for Q8BW75
2025-08-07 11:24:25,984 - INFO - Retrieved 263 activities for P19643
2025-08-07 11:24:25,986 - INFO - Combined 1796 activities for MAOB
2025-08-07 11:24:25,987 - INFO - Retrieved ESM embedding for P27338 at index 9
2025-08-07 11:24:27,860 - INFO - Class distribution: 945 active (52.6%), 851 inactive (47.4%)
2025-08-07 11:24:27,872 - INFO - Concatenated features shape: (1796, 3328)
2025-08-07 11:24:27,872 - INFO -   - Morgan fingerprints: 2048 features
2025-08-07 11:24:27,872 - INFO -   - ESM embeddings: 1280 features
2025-08-07 11:24:28,371 - INFO - Fold 1 - Accuracy: 0.803, F1: 0.807, AUC: 0.888
2025-08-07 11:24:28,862 - INFO - Fold 2 - Accuracy: 0.830, F1: 0.842, AUC: 0.890
2025-08-07 11:24:29,334 - INFO - Fold 3 - Accuracy: 0.869, F1: 0.897, AUC: 0.935
2025-08-07 11:24:29,828 - INFO - Fold 4 - Accuracy: 0.825, F1: 0.830, AUC: 0.905
2025-08-07 11:24:30,342 - INFO - Fold 5 - Accuracy: 0.797, F1: 0.809, AUC: 0.895
2025-08-07 11:24:30,343 - INFO - Completed processing MAOB: success
2025-08-07 11:24:30,345 - INFO - Protein MAOB: Accuracy=0.825, F1=0.837
2025-08-07 11:24:30,346 - INFO - Processing protein: ALDH1A1
2025-08-07 11:24:30,381 - INFO - Retrieved 150 activities for P00352
2025-08-07 11:24:30,415 - WARNING - No activities found for P24549
2025-08-07 11:24:30,448 - WARNING - No activities found for P51647
2025-08-07 11:24:30,448 - INFO - Combined 150 activities for ALDH1A1
2025-08-07 11:24:30,449 - INFO - Retrieved ESM embedding for P00352 at index 10
2025-08-07 11:24:30,620 - INFO - Class distribution: 103 active (68.7%), 47 inactive (31.3%)
2025-08-07 11:24:30,621 - INFO - Concatenated features shape: (150, 3328)
2025-08-07 11:24:30,621 - INFO -   - Morgan fingerprints: 2048 features
2025-08-07 11:24:30,621 - INFO -   - ESM embeddings: 1280 features
2025-08-07 11:24:31,063 - INFO - Fold 1 - Accuracy: 0.733, F1: 0.826, AUC: 0.843
2025-08-07 11:24:31,482 - INFO - Fold 2 - Accuracy: 0.867, F1: 0.905, AUC: 0.947
2025-08-07 11:24:31,913 - INFO - Fold 3 - Accuracy: 0.833, F1: 0.894, AUC: 0.938
2025-08-07 11:24:32,345 - INFO - Fold 4 - Accuracy: 0.767, F1: 0.829, AUC: 0.836
2025-08-07 11:24:32,782 - INFO - Fold 5 - Accuracy: 0.833, F1: 0.872, AUC: 0.943
2025-08-07 11:24:32,782 - INFO - Completed processing ALDH1A1: success
2025-08-07 11:24:32,782 - INFO - Protein ALDH1A1: Accuracy=0.807, F1=0.865
2025-08-07 11:24:32,783 - INFO - Processing protein: ADH1A
2025-08-07 11:24:32,816 - WARNING - No activities found for P07327
2025-08-07 11:24:32,816 - WARNING - No activities found for ADH1A
2025-08-07 11:24:32,816 - INFO - Processing protein: HSD11B1
2025-08-07 11:24:32,870 - INFO - Retrieved 2046 activities for P28845
2025-08-07 11:24:32,907 - INFO - Retrieved 612 activities for P50172
2025-08-07 11:24:32,940 - INFO - Retrieved 67 activities for P16232
2025-08-07 11:24:32,942 - INFO - Combined 2725 activities for HSD11B1
2025-08-07 11:24:32,943 - INFO - Retrieved ESM embedding for P28845 at index 12
2025-08-07 11:24:35,544 - INFO - Class distribution: 2401 active (88.1%), 324 inactive (11.9%)
2025-08-07 11:24:35,559 - INFO - Concatenated features shape: (2725, 3328)
2025-08-07 11:24:35,559 - INFO -   - Morgan fingerprints: 2048 features
2025-08-07 11:24:35,559 - INFO -   - ESM embeddings: 1280 features
2025-08-07 11:24:36,195 - INFO - Fold 1 - Accuracy: 0.881, F1: 0.933, AUC: 0.870
2025-08-07 11:24:36,692 - INFO - Fold 2 - Accuracy: 0.872, F1: 0.927, AUC: 0.899
2025-08-07 11:24:37,205 - INFO - Fold 3 - Accuracy: 0.892, F1: 0.941, AUC: 0.874
2025-08-07 11:24:37,719 - INFO - Fold 4 - Accuracy: 0.886, F1: 0.937, AUC: 0.842
2025-08-07 11:24:38,242 - INFO - Fold 5 - Accuracy: 0.905, F1: 0.948, AUC: 0.867
2025-08-07 11:24:38,243 - INFO - Completed processing HSD11B1: success
2025-08-07 11:24:38,245 - INFO - Protein HSD11B1: Accuracy=0.887, F1=0.937
2025-08-07 11:24:38,245 - INFO - Processing protein: AKR7A3
2025-08-07 11:24:38,279 - WARNING - No activities found for O95154
2025-08-07 11:24:38,311 - WARNING - No activities found for P38918
2025-08-07 11:24:38,312 - WARNING - No activities found for AKR7A3
2025-08-07 11:24:38,312 - INFO - Processing protein: FMO1
2025-08-07 11:24:38,344 - WARNING - No activities found for Q01740
2025-08-07 11:24:38,377 - WARNING - No activities found for P50285
2025-08-07 11:24:38,411 - WARNING - No activities found for P36365
2025-08-07 11:24:38,411 - WARNING - No activities found for FMO1
2025-08-07 11:24:38,411 - INFO - Processing protein: AHR
2025-08-07 11:24:38,445 - INFO - Retrieved 25 activities for P35869
2025-08-07 11:24:38,478 - INFO - Retrieved 4 activities for P30561
2025-08-07 11:24:38,512 - INFO - Retrieved 2 activities for P41738
2025-08-07 11:24:38,513 - INFO - Combined 31 activities for AHR
2025-08-07 11:24:38,513 - INFO - Retrieved ESM embedding for P35869 at index 15
2025-08-07 11:24:38,548 - INFO - Class distribution: 29 active (93.5%), 2 inactive (6.5%)
2025-08-07 11:24:38,549 - INFO - Concatenated features shape: (31, 3328)
2025-08-07 11:24:38,549 - INFO -   - Morgan fingerprints: 2048 features
2025-08-07 11:24:38,549 - INFO -   - ESM embeddings: 1280 features
2025-08-07 11:24:38,943 - INFO - Fold 1 - Accuracy: 1.000, F1: 1.000, AUC: N/A
2025-08-07 11:24:39,346 - INFO - Fold 2 - Accuracy: 1.000, F1: 1.000, AUC: N/A
2025-08-07 11:24:39,736 - INFO - Fold 3 - Accuracy: 0.833, F1: 0.909, AUC: 0.800
2025-08-07 11:24:40,130 - INFO - Fold 4 - Accuracy: 1.000, F1: 1.000, AUC: N/A
2025-08-07 11:24:40,513 - INFO - Fold 5 - Accuracy: 0.833, F1: 0.909, AUC: 1.000
2025-08-07 11:24:40,513 - INFO - Completed processing AHR: success
2025-08-07 11:24:40,513 - INFO - Protein AHR: Accuracy=0.933, F1=0.964
2025-08-07 11:24:40,514 - INFO - Processing protein: NR1I3
2025-08-07 11:24:40,548 - INFO - Retrieved 59 activities for Q14994
2025-08-07 11:24:40,581 - WARNING - No activities found for O35627
2025-08-07 11:24:40,614 - WARNING - No activities found for Q9QUS1
2025-08-07 11:24:40,614 - INFO - Combined 59 activities for NR1I3
2025-08-07 11:24:40,615 - INFO - Retrieved ESM embedding for Q14994 at index 16
2025-08-07 11:24:40,682 - INFO - Class distribution: 30 active (50.8%), 29 inactive (49.2%)
2025-08-07 11:24:40,683 - INFO - Concatenated features shape: (59, 3328)
2025-08-07 11:24:40,683 - INFO -   - Morgan fingerprints: 2048 features
2025-08-07 11:24:40,683 - INFO -   - ESM embeddings: 1280 features
2025-08-07 11:24:41,100 - INFO - Fold 1 - Accuracy: 0.667, F1: 0.600, AUC: 0.886
2025-08-07 11:24:41,516 - INFO - Fold 2 - Accuracy: 0.667, F1: 0.667, AUC: 0.886
2025-08-07 11:24:41,940 - INFO - Fold 3 - Accuracy: 0.583, F1: 0.545, AUC: 0.844
2025-08-07 11:24:42,346 - INFO - Fold 4 - Accuracy: 0.667, F1: 0.714, AUC: 0.797
2025-08-07 11:24:42,753 - INFO - Fold 5 - Accuracy: 0.909, F1: 0.889, AUC: 1.000
2025-08-07 11:24:42,754 - INFO - Completed processing NR1I3: success
2025-08-07 11:24:42,754 - INFO - Protein NR1I3: Accuracy=0.698, F1=0.683
2025-08-07 11:24:42,754 - INFO - Processing protein: NR1I2
2025-08-07 11:24:42,791 - INFO - Retrieved 344 activities for O75469
2025-08-07 11:24:42,824 - WARNING - No activities found for O54915
2025-08-07 11:24:42,858 - WARNING - No activities found for Q9R1A7
2025-08-07 11:24:42,858 - INFO - Combined 344 activities for NR1I2
2025-08-07 11:24:42,859 - INFO - Retrieved ESM embedding for O75469 at index 17
2025-08-07 11:24:43,250 - INFO - Class distribution: 164 active (47.7%), 180 inactive (52.3%)
2025-08-07 11:24:43,252 - INFO - Concatenated features shape: (344, 3328)
2025-08-07 11:24:43,252 - INFO -   - Morgan fingerprints: 2048 features
2025-08-07 11:24:43,252 - INFO -   - ESM embeddings: 1280 features
2025-08-07 11:24:43,707 - INFO - Fold 1 - Accuracy: 0.812, F1: 0.800, AUC: 0.873
2025-08-07 11:24:44,159 - INFO - Fold 2 - Accuracy: 0.826, F1: 0.812, AUC: 0.927
2025-08-07 11:24:44,742 - INFO - Fold 3 - Accuracy: 0.826, F1: 0.846, AUC: 0.920
2025-08-07 11:24:45,202 - INFO - Fold 4 - Accuracy: 0.899, F1: 0.901, AUC: 0.968
2025-08-07 11:24:45,647 - INFO - Fold 5 - Accuracy: 0.779, F1: 0.776, AUC: 0.825
2025-08-07 11:24:45,647 - INFO - Completed processing NR1I2: success
2025-08-07 11:24:45,648 - INFO - Protein NR1I2: Accuracy=0.828, F1=0.827
2025-08-07 11:24:45,648 - INFO - Processing protein: SULT1A1
2025-08-07 11:24:45,682 - INFO - Retrieved 6 activities for P50225
2025-08-07 11:24:45,715 - WARNING - No activities found for P52840
2025-08-07 11:24:45,748 - WARNING - No activities found for P17988
2025-08-07 11:24:45,749 - INFO - Combined 6 activities for SULT1A1
2025-08-07 11:24:45,749 - INFO - Retrieved ESM embedding for P50225 at index 18
2025-08-07 11:24:45,757 - INFO - Class distribution: 5 active (83.3%), 1 inactive (16.7%)
2025-08-07 11:24:45,758 - INFO - Concatenated features shape: (6, 3328)
2025-08-07 11:24:45,758 - INFO -   - Morgan fingerprints: 2048 features
2025-08-07 11:24:45,758 - INFO -   - ESM embeddings: 1280 features
2025-08-07 11:24:45,758 - WARNING - Insufficient data for SULT1A1: 6 samples
2025-08-07 11:24:45,758 - INFO - Completed processing SULT1A1: insufficient_data
2025-08-07 11:24:45,759 - INFO - Processing protein: GSTA1
2025-08-07 11:24:45,792 - INFO - Retrieved 6 activities for P08263
2025-08-07 11:24:45,825 - WARNING - No activities found for P13745
2025-08-07 11:24:45,858 - WARNING - No activities found for P00502
2025-08-07 11:24:45,858 - INFO - Combined 6 activities for GSTA1
2025-08-07 11:24:45,859 - INFO - Retrieved ESM embedding for P08263 at index 19
2025-08-07 11:24:45,867 - INFO - Class distribution: 4 active (66.7%), 2 inactive (33.3%)
2025-08-07 11:24:45,867 - INFO - Concatenated features shape: (6, 3328)
2025-08-07 11:24:45,867 - INFO -   - Morgan fingerprints: 2048 features
2025-08-07 11:24:45,867 - INFO -   - ESM embeddings: 1280 features
2025-08-07 11:24:45,867 - WARNING - Insufficient data for GSTA1: 6 samples
2025-08-07 11:24:45,867 - INFO - Completed processing GSTA1: insufficient_data
2025-08-07 11:24:45,868 - INFO - Processing protein: OXA1L
2025-08-07 11:24:45,901 - WARNING - No activities found for Q15070
2025-08-07 11:24:45,934 - WARNING - No activities found for Q8BGA9
2025-08-07 11:24:45,965 - WARNING - No activities found for A0A8I6AQW6
2025-08-07 11:24:45,965 - WARNING - No activities found for OXA1L
2025-08-07 11:24:45,965 - INFO - Processing protein: ORM1
2025-08-07 11:24:45,998 - WARNING - No activities found for P02763
2025-08-07 11:24:46,031 - WARNING - No activities found for Q60590
2025-08-07 11:24:46,065 - WARNING - No activities found for P02764
2025-08-07 11:24:46,065 - WARNING - No activities found for ORM1
2025-08-07 11:24:46,065 - INFO - Processing protein: KCNH2
2025-08-07 11:24:46,130 - INFO - Retrieved 4492 activities for Q12809
2025-08-07 11:24:46,162 - WARNING - No activities found for O35219
2025-08-07 11:24:46,195 - WARNING - No activities found for O08962
2025-08-07 11:24:46,195 - INFO - Combined 4492 activities for KCNH2
2025-08-07 11:24:46,196 - INFO - Retrieved ESM embedding for Q12809 at index 22
2025-08-07 11:24:50,243 - INFO - Class distribution: 1287 active (28.7%), 3205 inactive (71.3%)
2025-08-07 11:24:50,267 - INFO - Concatenated features shape: (4492, 3328)
2025-08-07 11:24:50,267 - INFO -   - Morgan fingerprints: 2048 features
2025-08-07 11:24:50,267 - INFO -   - ESM embeddings: 1280 features
2025-08-07 11:24:50,833 - INFO - Fold 1 - Accuracy: 0.834, F1: 0.682, AUC: 0.882
2025-08-07 11:24:51,401 - INFO - Fold 2 - Accuracy: 0.824, F1: 0.641, AUC: 0.881
2025-08-07 11:24:51,992 - INFO - Fold 3 - Accuracy: 0.827, F1: 0.671, AUC: 0.865
2025-08-07 11:24:52,551 - INFO - Fold 4 - Accuracy: 0.850, F1: 0.702, AUC: 0.900
2025-08-07 11:24:53,092 - INFO - Fold 5 - Accuracy: 0.843, F1: 0.683, AUC: 0.888
2025-08-07 11:24:53,093 - INFO - Completed processing KCNH2: success
2025-08-07 11:24:53,096 - INFO - Protein KCNH2: Accuracy=0.836, F1=0.676
2025-08-07 11:24:53,096 - INFO - Processing protein: SCN5A
2025-08-07 11:24:53,135 - INFO - Retrieved 329 activities for Q14524
2025-08-07 11:24:53,168 - WARNING - No activities found for Q9JJV9
2025-08-07 11:24:53,201 - WARNING - No activities found for P15389
2025-08-07 11:24:53,202 - INFO - Combined 329 activities for SCN5A
2025-08-07 11:24:53,202 - INFO - Retrieved ESM embedding for Q14524 at index 23
2025-08-07 11:24:53,570 - INFO - Class distribution: 76 active (23.1%), 253 inactive (76.9%)
2025-08-07 11:24:53,572 - INFO - Concatenated features shape: (329, 3328)
2025-08-07 11:24:53,572 - INFO -   - Morgan fingerprints: 2048 features
2025-08-07 11:24:53,572 - INFO -   - ESM embeddings: 1280 features
2025-08-07 11:24:54,037 - INFO - Fold 1 - Accuracy: 0.788, F1: 0.462, AUC: 0.826
2025-08-07 11:24:54,494 - INFO - Fold 2 - Accuracy: 0.818, F1: 0.600, AUC: 0.836
2025-08-07 11:24:54,940 - INFO - Fold 3 - Accuracy: 0.742, F1: 0.414, AUC: 0.837
2025-08-07 11:24:55,401 - INFO - Fold 4 - Accuracy: 0.788, F1: 0.500, AUC: 0.871
2025-08-07 11:24:55,856 - INFO - Fold 5 - Accuracy: 0.800, F1: 0.629, AUC: 0.821
2025-08-07 11:24:55,856 - INFO - Completed processing SCN5A: success
2025-08-07 11:24:55,857 - INFO - Protein SCN5A: Accuracy=0.787, F1=0.521
2025-08-07 11:24:55,857 - INFO - Processing protein: CACNB1
2025-08-07 11:24:55,891 - WARNING - No activities found for Q02641
2025-08-07 11:24:55,924 - WARNING - No activities found for Q8R3Z5
2025-08-07 11:24:55,958 - WARNING - No activities found for P54283
2025-08-07 11:24:55,958 - WARNING - No activities found for CACNB1
2025-08-07 11:24:55,958 - INFO - Processing protein: CAV1
2025-08-07 11:24:55,991 - WARNING - No activities found for Q03135
2025-08-07 11:24:56,025 - WARNING - No activities found for P49817
2025-08-07 11:24:56,058 - WARNING - No activities found for P41350
2025-08-07 11:24:56,058 - WARNING - No activities found for CAV1
2025-08-07 11:24:56,058 - INFO - Processing protein: HTR2B
2025-08-07 11:24:56,102 - INFO - Retrieved 1180 activities for P41595
2025-08-07 11:24:56,135 - WARNING - No activities found for Q02152
2025-08-07 11:24:56,168 - INFO - Retrieved 35 activities for P30994
2025-08-07 11:24:56,169 - INFO - Combined 1215 activities for HTR2B
2025-08-07 11:24:56,170 - INFO - Retrieved ESM embedding for P41595 at index 26
2025-08-07 11:24:57,450 - INFO - Class distribution: 983 active (80.9%), 232 inactive (19.1%)
2025-08-07 11:24:57,458 - INFO - Concatenated features shape: (1215, 3328)
2025-08-07 11:24:57,458 - INFO -   - Morgan fingerprints: 2048 features
2025-08-07 11:24:57,458 - INFO -   - ESM embeddings: 1280 features
2025-08-07 11:24:57,931 - INFO - Fold 1 - Accuracy: 0.856, F1: 0.919, AUC: 0.807
2025-08-07 11:24:58,399 - INFO - Fold 2 - Accuracy: 0.798, F1: 0.877, AUC: 0.764
2025-08-07 11:24:58,868 - INFO - Fold 3 - Accuracy: 0.794, F1: 0.877, AUC: 0.817
2025-08-07 11:24:59,340 - INFO - Fold 4 - Accuracy: 0.844, F1: 0.910, AUC: 0.858
2025-08-07 11:24:59,949 - INFO - Fold 5 - Accuracy: 0.827, F1: 0.900, AUC: 0.780
2025-08-07 11:24:59,949 - INFO - Completed processing HTR2B: success
2025-08-07 11:24:59,951 - INFO - Protein HTR2B: Accuracy=0.824, F1=0.896
2025-08-07 11:24:59,952 - INFO - Processing protein: SLC6A4
2025-08-07 11:25:00,005 - INFO - Retrieved 2958 activities for P31645
2025-08-07 11:25:00,038 - INFO - Retrieved 12 activities for Q60857
2025-08-07 11:25:00,081 - INFO - Retrieved 1995 activities for P31652
2025-08-07 11:25:00,083 - INFO - Combined 4965 activities for SLC6A4
2025-08-07 11:25:00,084 - INFO - Retrieved ESM embedding for P31645 at index 27
2025-08-07 11:25:04,465 - INFO - Class distribution: 4095 active (82.5%), 870 inactive (17.5%)
2025-08-07 11:25:04,491 - INFO - Concatenated features shape: (4965, 3328)
2025-08-07 11:25:04,492 - INFO -   - Morgan fingerprints: 2048 features
2025-08-07 11:25:04,492 - INFO -   - ESM embeddings: 1280 features
2025-08-07 11:25:05,033 - INFO - Fold 1 - Accuracy: 0.892, F1: 0.936, AUC: 0.932
2025-08-07 11:25:05,591 - INFO - Fold 2 - Accuracy: 0.875, F1: 0.926, AUC: 0.900
2025-08-07 11:25:06,167 - INFO - Fold 3 - Accuracy: 0.891, F1: 0.936, AUC: 0.915
2025-08-07 11:25:06,729 - INFO - Fold 4 - Accuracy: 0.887, F1: 0.933, AUC: 0.906
2025-08-07 11:25:07,312 - INFO - Fold 5 - Accuracy: 0.877, F1: 0.927, AUC: 0.918
2025-08-07 11:25:07,313 - INFO - Completed processing SLC6A4: success
2025-08-07 11:25:07,316 - INFO - Protein SLC6A4: Accuracy=0.885, F1=0.932
2025-08-07 11:25:07,316 - INFO - Processing protein: DIDO1
2025-08-07 11:25:07,352 - WARNING - No activities found for Q9BTC0
2025-08-07 11:25:07,385 - WARNING - No activities found for Q8C9B9
2025-08-07 11:25:07,416 - WARNING - No activities found for A0A8I5ZXE0
2025-08-07 11:25:07,416 - WARNING - No activities found for DIDO1
2025-08-07 11:25:07,416 - INFO - Processing protein: SLC6A3
2025-08-07 11:25:07,455 - INFO - Retrieved 1646 activities for Q01959
2025-08-07 11:25:07,488 - INFO - Retrieved 14 activities for Q61327
2025-08-07 11:25:07,526 - INFO - Retrieved 1114 activities for P23977
2025-08-07 11:25:07,528 - INFO - Combined 2774 activities for SLC6A3
2025-08-07 11:25:07,528 - INFO - Retrieved ESM embedding for Q01959 at index 29
2025-08-07 11:25:09,734 - INFO - Class distribution: 1839 active (66.3%), 935 inactive (33.7%)
2025-08-07 11:25:09,749 - INFO - Concatenated features shape: (2774, 3328)
2025-08-07 11:25:09,749 - INFO -   - Morgan fingerprints: 2048 features
2025-08-07 11:25:09,749 - INFO -   - ESM embeddings: 1280 features
2025-08-07 11:25:10,245 - INFO - Fold 1 - Accuracy: 0.854, F1: 0.893, AUC: 0.920
2025-08-07 11:25:10,741 - INFO - Fold 2 - Accuracy: 0.827, F1: 0.871, AUC: 0.902
2025-08-07 11:25:11,248 - INFO - Fold 3 - Accuracy: 0.886, F1: 0.916, AUC: 0.940
2025-08-07 11:25:11,768 - INFO - Fold 4 - Accuracy: 0.849, F1: 0.887, AUC: 0.907
2025-08-07 11:25:12,291 - INFO - Fold 5 - Accuracy: 0.883, F1: 0.914, AUC: 0.939
2025-08-07 11:25:12,291 - INFO - Completed processing SLC6A3: success
2025-08-07 11:25:12,294 - INFO - Protein SLC6A3: Accuracy=0.860, F1=0.896
2025-08-07 11:25:12,294 - INFO - Processing protein: SLC6A2
2025-08-07 11:25:12,332 - INFO - Retrieved 2021 activities for P23975
2025-08-07 11:25:12,366 - INFO - Retrieved 1 activities for O55192
2025-08-07 11:25:12,398 - WARNING - No activities found for F1LNR9
2025-08-07 11:25:12,399 - INFO - Combined 2022 activities for SLC6A2
2025-08-07 11:25:12,400 - INFO - Retrieved ESM embedding for P23975 at index 30
2025-08-07 11:25:14,491 - INFO - Class distribution: 1548 active (76.6%), 474 inactive (23.4%)
2025-08-07 11:25:14,505 - INFO - Concatenated features shape: (2022, 3328)
2025-08-07 11:25:14,505 - INFO -   - Morgan fingerprints: 2048 features
2025-08-07 11:25:14,505 - INFO -   - ESM embeddings: 1280 features
2025-08-07 11:25:15,002 - INFO - Fold 1 - Accuracy: 0.842, F1: 0.899, AUC: 0.904
2025-08-07 11:25:15,508 - INFO - Fold 2 - Accuracy: 0.835, F1: 0.895, AUC: 0.902
2025-08-07 11:25:15,988 - INFO - Fold 3 - Accuracy: 0.837, F1: 0.899, AUC: 0.901
2025-08-07 11:25:16,603 - INFO - Fold 4 - Accuracy: 0.849, F1: 0.906, AUC: 0.899
2025-08-07 11:25:17,109 - INFO - Fold 5 - Accuracy: 0.861, F1: 0.916, AUC: 0.897
2025-08-07 11:25:17,109 - INFO - Completed processing SLC6A2: success
2025-08-07 11:25:17,111 - INFO - Protein SLC6A2: Accuracy=0.845, F1=0.903
2025-08-07 11:25:17,111 - INFO - Processing protein: NAT8
2025-08-07 11:25:17,145 - WARNING - No activities found for Q9UHE5
2025-08-07 11:25:17,179 - WARNING - No activities found for Q9JIY7
2025-08-07 11:25:17,212 - WARNING - No activities found for Q9QXT3
2025-08-07 11:25:17,212 - WARNING - No activities found for NAT8
2025-08-07 11:25:17,212 - INFO - Processing protein: ADRA1A
2025-08-07 11:25:17,251 - INFO - Retrieved 566 activities for P25100
2025-08-07 11:25:17,285 - WARNING - No activities found for P97718
2025-08-07 11:25:17,320 - INFO - Retrieved 146 activities for P23944
2025-08-07 11:25:17,321 - INFO - Combined 712 activities for ADRA1A
2025-08-07 11:25:17,321 - INFO - Retrieved ESM embedding for P25100 at index 32
2025-08-07 11:25:18,119 - INFO - Class distribution: 634 active (89.0%), 78 inactive (11.0%)
2025-08-07 11:25:18,122 - INFO - Concatenated features shape: (712, 3328)
2025-08-07 11:25:18,122 - INFO -   - Morgan fingerprints: 2048 features
2025-08-07 11:25:18,122 - INFO -   - ESM embeddings: 1280 features
2025-08-07 11:25:18,584 - INFO - Fold 1 - Accuracy: 0.881, F1: 0.934, AUC: 0.948
2025-08-07 11:25:19,051 - INFO - Fold 2 - Accuracy: 0.930, F1: 0.962, AUC: 0.880
2025-08-07 11:25:19,495 - INFO - Fold 3 - Accuracy: 0.908, F1: 0.951, AUC: 0.886
2025-08-07 11:25:19,964 - INFO - Fold 4 - Accuracy: 0.930, F1: 0.962, AUC: 0.879
2025-08-07 11:25:20,418 - INFO - Fold 5 - Accuracy: 0.880, F1: 0.934, AUC: 0.884
2025-08-07 11:25:20,419 - INFO - Completed processing ADRA1A: success
2025-08-07 11:25:20,420 - INFO - Protein ADRA1A: Accuracy=0.906, F1=0.949
2025-08-07 11:25:20,420 - INFO - Processing protein: ADRA2A
2025-08-07 11:25:20,458 - INFO - Retrieved 526 activities for P08913
2025-08-07 11:25:20,491 - WARNING - No activities found for Q01338
2025-08-07 11:25:20,525 - INFO - Retrieved 39 activities for P22909
2025-08-07 11:25:20,526 - INFO - Combined 565 activities for ADRA2A
2025-08-07 11:25:20,527 - INFO - Retrieved ESM embedding for P08913 at index 33
2025-08-07 11:25:21,139 - INFO - Class distribution: 395 active (69.9%), 170 inactive (30.1%)
2025-08-07 11:25:21,143 - INFO - Concatenated features shape: (565, 3328)
2025-08-07 11:25:21,143 - INFO -   - Morgan fingerprints: 2048 features
2025-08-07 11:25:21,143 - INFO -   - ESM embeddings: 1280 features
2025-08-07 11:25:21,574 - INFO - Fold 1 - Accuracy: 0.841, F1: 0.883, AUC: 0.907
2025-08-07 11:25:22,026 - INFO - Fold 2 - Accuracy: 0.805, F1: 0.866, AUC: 0.910
2025-08-07 11:25:22,468 - INFO - Fold 3 - Accuracy: 0.832, F1: 0.882, AUC: 0.892
2025-08-07 11:25:22,918 - INFO - Fold 4 - Accuracy: 0.770, F1: 0.847, AUC: 0.877
2025-08-07 11:25:23,340 - INFO - Fold 5 - Accuracy: 0.788, F1: 0.850, AUC: 0.877
2025-08-07 11:25:23,340 - INFO - Completed processing ADRA2A: success
2025-08-07 11:25:23,341 - INFO - Protein ADRA2A: Accuracy=0.807, F1=0.866
2025-08-07 11:25:23,341 - INFO - Processing protein: ADRB1
2025-08-07 11:25:23,380 - INFO - Retrieved 614 activities for P08588
2025-08-07 11:25:23,413 - INFO - Retrieved 32 activities for P34971
2025-08-07 11:25:23,447 - INFO - Retrieved 53 activities for P18090
2025-08-07 11:25:23,448 - INFO - Combined 699 activities for ADRB1
2025-08-07 11:25:23,449 - INFO - Retrieved ESM embedding for P08588 at index 34
2025-08-07 11:25:24,226 - INFO - Class distribution: 563 active (80.5%), 136 inactive (19.5%)
2025-08-07 11:25:24,229 - INFO - Concatenated features shape: (699, 3328)
2025-08-07 11:25:24,229 - INFO -   - Morgan fingerprints: 2048 features
2025-08-07 11:25:24,229 - INFO -   - ESM embeddings: 1280 features
2025-08-07 11:25:24,680 - INFO - Fold 1 - Accuracy: 0.929, F1: 0.957, AUC: 0.945
2025-08-07 11:25:25,129 - INFO - Fold 2 - Accuracy: 0.879, F1: 0.924, AUC: 0.928
2025-08-07 11:25:25,585 - INFO - Fold 3 - Accuracy: 0.893, F1: 0.940, AUC: 0.888
2025-08-07 11:25:26,048 - INFO - Fold 4 - Accuracy: 0.871, F1: 0.916, AUC: 0.882
2025-08-07 11:25:26,499 - INFO - Fold 5 - Accuracy: 0.914, F1: 0.949, AUC: 0.887
2025-08-07 11:25:26,499 - INFO - Completed processing ADRB1: success
2025-08-07 11:25:26,501 - INFO - Protein ADRB1: Accuracy=0.897, F1=0.937
2025-08-07 11:25:26,501 - INFO - Processing protein: ADRB2
2025-08-07 11:25:26,539 - INFO - Retrieved 860 activities for P07550
2025-08-07 11:25:26,572 - WARNING - No activities found for P18762
2025-08-07 11:25:26,606 - INFO - Retrieved 20 activities for P10608
2025-08-07 11:25:26,607 - INFO - Combined 880 activities for ADRB2
2025-08-07 11:25:26,608 - INFO - Retrieved ESM embedding for P07550 at index 35
2025-08-07 11:25:27,595 - INFO - Class distribution: 734 active (83.4%), 146 inactive (16.6%)
2025-08-07 11:25:27,603 - INFO - Concatenated features shape: (880, 3328)
2025-08-07 11:25:27,603 - INFO -   - Morgan fingerprints: 2048 features
2025-08-07 11:25:27,603 - INFO -   - ESM embeddings: 1280 features
2025-08-07 11:25:28,153 - INFO - Fold 1 - Accuracy: 0.875, F1: 0.928, AUC: 0.929
2025-08-07 11:25:28,607 - INFO - Fold 2 - Accuracy: 0.881, F1: 0.930, AUC: 0.923
2025-08-07 11:25:29,056 - INFO - Fold 3 - Accuracy: 0.875, F1: 0.928, AUC: 0.865
2025-08-07 11:25:29,511 - INFO - Fold 4 - Accuracy: 0.852, F1: 0.910, AUC: 0.884
2025-08-07 11:25:29,970 - INFO - Fold 5 - Accuracy: 0.881, F1: 0.930, AUC: 0.923
2025-08-07 11:25:29,971 - INFO - Completed processing ADRB2: success
2025-08-07 11:25:29,972 - INFO - Protein ADRB2: Accuracy=0.873, F1=0.925
2025-08-07 11:25:29,973 - INFO - Processing protein: CNRIP1
2025-08-07 11:25:30,006 - WARNING - No activities found for Q96F85
2025-08-07 11:25:30,040 - WARNING - No activities found for Q5M8N0
2025-08-07 11:25:30,073 - WARNING - No activities found for Q5M7A7
2025-08-07 11:25:30,073 - WARNING - No activities found for CNRIP1
2025-08-07 11:25:30,073 - INFO - Processing protein: CNR2
2025-08-07 11:25:30,130 - INFO - Retrieved 4295 activities for P34972
2025-08-07 11:25:30,165 - INFO - Retrieved 363 activities for P47936
2025-08-07 11:25:30,198 - INFO - Retrieved 194 activities for Q9QZN9
2025-08-07 11:25:30,200 - INFO - Combined 4852 activities for CNR2
2025-08-07 11:25:30,201 - INFO - Retrieved ESM embedding for P34972 at index 37
2025-08-07 11:25:34,569 - INFO - Class distribution: 3909 active (80.6%), 943 inactive (19.4%)
2025-08-07 11:25:34,596 - INFO - Concatenated features shape: (4852, 3328)
2025-08-07 11:25:34,596 - INFO -   - Morgan fingerprints: 2048 features
2025-08-07 11:25:34,596 - INFO -   - ESM embeddings: 1280 features
2025-08-07 11:25:35,149 - INFO - Fold 1 - Accuracy: 0.876, F1: 0.926, AUC: 0.902
2025-08-07 11:25:35,719 - INFO - Fold 2 - Accuracy: 0.873, F1: 0.923, AUC: 0.900
2025-08-07 11:25:36,284 - INFO - Fold 3 - Accuracy: 0.881, F1: 0.929, AUC: 0.904
2025-08-07 11:25:36,843 - INFO - Fold 4 - Accuracy: 0.892, F1: 0.935, AUC: 0.917
2025-08-07 11:25:37,408 - INFO - Fold 5 - Accuracy: 0.876, F1: 0.924, AUC: 0.893
2025-08-07 11:25:37,408 - INFO - Completed processing CNR2: success
2025-08-07 11:25:37,411 - INFO - Protein CNR2: Accuracy=0.880, F1=0.927
2025-08-07 11:25:37,412 - INFO - Processing protein: CHRM1
2025-08-07 11:25:37,451 - INFO - Retrieved 1103 activities for P11229
2025-08-07 11:25:37,485 - INFO - Retrieved 1 activities for P12657
2025-08-07 11:25:37,520 - INFO - Retrieved 261 activities for P08482
2025-08-07 11:25:37,521 - INFO - Combined 1365 activities for CHRM1
2025-08-07 11:25:37,522 - INFO - Retrieved ESM embedding for P11229 at index 38
2025-08-07 11:25:39,037 - INFO - Class distribution: 933 active (68.4%), 432 inactive (31.6%)
2025-08-07 11:25:39,049 - INFO - Concatenated features shape: (1365, 3328)
2025-08-07 11:25:39,049 - INFO -   - Morgan fingerprints: 2048 features
2025-08-07 11:25:39,049 - INFO -   - ESM embeddings: 1280 features
2025-08-07 11:25:39,523 - INFO - Fold 1 - Accuracy: 0.832, F1: 0.884, AUC: 0.875
2025-08-07 11:25:39,992 - INFO - Fold 2 - Accuracy: 0.766, F1: 0.830, AUC: 0.843
2025-08-07 11:25:40,475 - INFO - Fold 3 - Accuracy: 0.813, F1: 0.879, AUC: 0.869
2025-08-07 11:25:40,946 - INFO - Fold 4 - Accuracy: 0.821, F1: 0.874, AUC: 0.870
2025-08-07 11:25:41,550 - INFO - Fold 5 - Accuracy: 0.780, F1: 0.839, AUC: 0.833
2025-08-07 11:25:41,550 - INFO - Completed processing CHRM1: success
2025-08-07 11:25:41,552 - INFO - Protein CHRM1: Accuracy=0.802, F1=0.861
2025-08-07 11:25:41,553 - INFO - Processing protein: CHRM2
2025-08-07 11:25:41,590 - INFO - Retrieved 721 activities for P08172
2025-08-07 11:25:41,624 - INFO - Retrieved 5 activities for Q9ERZ4
2025-08-07 11:25:41,658 - INFO - Retrieved 130 activities for P10980
2025-08-07 11:25:41,659 - INFO - Combined 856 activities for CHRM2
2025-08-07 11:25:41,660 - INFO - Retrieved ESM embedding for P08172 at index 39
2025-08-07 11:25:42,624 - INFO - Class distribution: 651 active (76.1%), 205 inactive (23.9%)
2025-08-07 11:25:42,631 - INFO - Concatenated features shape: (856, 3328)
2025-08-07 11:25:42,631 - INFO -   - Morgan fingerprints: 2048 features
2025-08-07 11:25:42,631 - INFO -   - ESM embeddings: 1280 features
2025-08-07 11:25:43,080 - INFO - Fold 1 - Accuracy: 0.837, F1: 0.895, AUC: 0.875
2025-08-07 11:25:43,533 - INFO - Fold 2 - Accuracy: 0.877, F1: 0.918, AUC: 0.922
2025-08-07 11:25:43,985 - INFO - Fold 3 - Accuracy: 0.836, F1: 0.897, AUC: 0.863
2025-08-07 11:25:44,433 - INFO - Fold 4 - Accuracy: 0.877, F1: 0.923, AUC: 0.903
2025-08-07 11:25:44,891 - INFO - Fold 5 - Accuracy: 0.912, F1: 0.942, AUC: 0.950
2025-08-07 11:25:44,892 - INFO - Completed processing CHRM2: success
2025-08-07 11:25:44,893 - INFO - Protein CHRM2: Accuracy=0.868, F1=0.915
2025-08-07 11:25:44,894 - INFO - Processing protein: CHRM3
2025-08-07 11:25:44,936 - INFO - Retrieved 1209 activities for P20309
2025-08-07 11:25:44,970 - WARNING - No activities found for Q9ERZ3
2025-08-07 11:25:45,003 - INFO - Retrieved 93 activities for P08483
2025-08-07 11:25:45,005 - INFO - Combined 1302 activities for CHRM3
2025-08-07 11:25:45,005 - INFO - Retrieved ESM embedding for P20309 at index 40
2025-08-07 11:25:46,502 - INFO - Class distribution: 1093 active (83.9%), 209 inactive (16.1%)
2025-08-07 11:25:46,510 - INFO - Concatenated features shape: (1302, 3328)
2025-08-07 11:25:46,510 - INFO -   - Morgan fingerprints: 2048 features
2025-08-07 11:25:46,510 - INFO -   - ESM embeddings: 1280 features
2025-08-07 11:25:46,990 - INFO - Fold 1 - Accuracy: 0.916, F1: 0.952, AUC: 0.949
2025-08-07 11:25:47,461 - INFO - Fold 2 - Accuracy: 0.908, F1: 0.943, AUC: 0.955
2025-08-07 11:25:47,937 - INFO - Fold 3 - Accuracy: 0.915, F1: 0.950, AUC: 0.942
2025-08-07 11:25:48,422 - INFO - Fold 4 - Accuracy: 0.919, F1: 0.954, AUC: 0.916
2025-08-07 11:25:48,891 - INFO - Fold 5 - Accuracy: 0.919, F1: 0.952, AUC: 0.933
2025-08-07 11:25:48,892 - INFO - Completed processing CHRM3: success
2025-08-07 11:25:48,893 - INFO - Protein CHRM3: Accuracy=0.916, F1=0.950
2025-08-07 11:25:48,894 - INFO - Processing protein: CHRNA10
2025-08-07 11:25:48,928 - WARNING - No activities found for Q9GZZ6
2025-08-07 11:25:48,962 - WARNING - No activities found for B2RX82
2025-08-07 11:25:48,995 - WARNING - No activities found for Q9JLB5
2025-08-07 11:25:48,995 - WARNING - No activities found for CHRNA10
2025-08-07 11:25:48,995 - INFO - Processing protein: CHRNA9
2025-08-07 11:25:49,028 - WARNING - No activities found for Q9UGM1
2025-08-07 11:25:49,061 - WARNING - No activities found for G3X8Z7
2025-08-07 11:25:49,094 - WARNING - No activities found for P43144
2025-08-07 11:25:49,095 - WARNING - No activities found for CHRNA9
2025-08-07 11:25:49,095 - INFO - Processing protein: CHRNA7
2025-08-07 11:25:49,136 - INFO - Retrieved 595 activities for P36544
2025-08-07 11:25:49,169 - INFO - Retrieved 4 activities for P49582
2025-08-07 11:25:49,212 - INFO - Retrieved 1018 activities for Q05941
2025-08-07 11:25:49,214 - INFO - Combined 1617 activities for CHRNA7
2025-08-07 11:25:49,215 - INFO - Retrieved ESM embedding for P36544 at index 43
2025-08-07 11:25:50,957 - INFO - Class distribution: 1063 active (65.7%), 554 inactive (34.3%)
2025-08-07 11:25:50,968 - INFO - Concatenated features shape: (1617, 3328)
2025-08-07 11:25:50,968 - INFO -   - Morgan fingerprints: 2048 features
2025-08-07 11:25:50,968 - INFO -   - ESM embeddings: 1280 features
2025-08-07 11:25:51,463 - INFO - Fold 1 - Accuracy: 0.858, F1: 0.899, AUC: 0.917
2025-08-07 11:25:51,929 - INFO - Fold 2 - Accuracy: 0.843, F1: 0.882, AUC: 0.909
2025-08-07 11:25:52,408 - INFO - Fold 3 - Accuracy: 0.830, F1: 0.869, AUC: 0.892
2025-08-07 11:25:52,890 - INFO - Fold 4 - Accuracy: 0.848, F1: 0.885, AUC: 0.903
2025-08-07 11:25:53,377 - INFO - Fold 5 - Accuracy: 0.848, F1: 0.886, AUC: 0.913
2025-08-07 11:25:53,378 - INFO - Completed processing CHRNA7: success
2025-08-07 11:25:53,379 - INFO - Protein CHRNA7: Accuracy=0.845, F1=0.884
2025-08-07 11:25:53,380 - INFO - Processing protein: CHRNA3
2025-08-07 11:25:53,413 - INFO - Retrieved 3 activities for P32297
2025-08-07 11:25:53,447 - WARNING - No activities found for Q8R4G9
2025-08-07 11:25:53,480 - WARNING - No activities found for P04757
2025-08-07 11:25:53,480 - INFO - Combined 3 activities for CHRNA3
2025-08-07 11:25:53,481 - INFO - Retrieved ESM embedding for P32297 at index 44
2025-08-07 11:25:53,485 - INFO - Class distribution: 2 active (66.7%), 1 inactive (33.3%)
2025-08-07 11:25:53,486 - INFO - Concatenated features shape: (3, 3328)
2025-08-07 11:25:53,486 - INFO -   - Morgan fingerprints: 2048 features
2025-08-07 11:25:53,486 - INFO -   - ESM embeddings: 1280 features
2025-08-07 11:25:53,486 - WARNING - Insufficient data for CHRNA3: 3 samples
2025-08-07 11:25:53,486 - INFO - Completed processing CHRNA3: insufficient_data
2025-08-07 11:25:53,486 - INFO - Processing protein: CHRNA5
2025-08-07 11:25:53,519 - WARNING - No activities found for P30532
2025-08-07 11:25:53,552 - WARNING - No activities found for Q2MKA5
2025-08-07 11:25:53,585 - WARNING - No activities found for P20420
2025-08-07 11:25:53,585 - WARNING - No activities found for CHRNA5
2025-08-07 11:25:53,585 - INFO - Processing protein: SMPDL3A
2025-08-07 11:25:53,619 - WARNING - No activities found for Q92484
2025-08-07 11:25:53,652 - WARNING - No activities found for P70158
2025-08-07 11:25:53,685 - WARNING - No activities found for Q641Z7
2025-08-07 11:25:53,685 - WARNING - No activities found for SMPDL3A
2025-08-07 11:25:53,685 - INFO - Processing protein: GABPA
2025-08-07 11:25:53,718 - WARNING - No activities found for Q06546
2025-08-07 11:25:53,751 - WARNING - No activities found for Q00422
2025-08-07 11:25:53,781 - WARNING - No activities found for A0A8I6GML2
2025-08-07 11:25:53,781 - WARNING - No activities found for GABPA
2025-08-07 11:25:53,781 - INFO - Processing protein: HRH1
2025-08-07 11:25:53,824 - INFO - Retrieved 945 activities for P35367
2025-08-07 11:25:53,857 - INFO - Retrieved 1 activities for P70174
2025-08-07 11:25:53,891 - INFO - Retrieved 26 activities for P31390
2025-08-07 11:25:53,892 - INFO - Combined 972 activities for HRH1
2025-08-07 11:25:53,893 - INFO - Retrieved ESM embedding for P35367 at index 48
2025-08-07 11:25:54,973 - INFO - Class distribution: 762 active (78.4%), 210 inactive (21.6%)
2025-08-07 11:25:54,980 - INFO - Concatenated features shape: (972, 3328)
2025-08-07 11:25:54,980 - INFO -   - Morgan fingerprints: 2048 features
2025-08-07 11:25:54,980 - INFO -   - ESM embeddings: 1280 features
2025-08-07 11:25:55,604 - INFO - Fold 1 - Accuracy: 0.877, F1: 0.924, AUC: 0.877
2025-08-07 11:25:56,036 - INFO - Fold 2 - Accuracy: 0.892, F1: 0.935, AUC: 0.917
2025-08-07 11:25:56,494 - INFO - Fold 3 - Accuracy: 0.887, F1: 0.933, AUC: 0.933
2025-08-07 11:25:56,951 - INFO - Fold 4 - Accuracy: 0.871, F1: 0.920, AUC: 0.926
2025-08-07 11:25:57,415 - INFO - Fold 5 - Accuracy: 0.923, F1: 0.953, AUC: 0.958
2025-08-07 11:25:57,416 - INFO - Completed processing HRH1: success
2025-08-07 11:25:57,417 - INFO - Protein HRH1: Accuracy=0.890, F1=0.933
2025-08-07 11:25:57,417 - INFO - Processing protein: SLCO1B1
2025-08-07 11:25:57,451 - INFO - Retrieved 16 activities for Q9Y6L6
2025-08-07 11:25:57,451 - INFO - Combined 16 activities for SLCO1B1
2025-08-07 11:25:57,452 - INFO - Retrieved ESM embedding for Q9Y6L6 at index 49
2025-08-07 11:25:57,472 - INFO - Class distribution: 2 active (12.5%), 14 inactive (87.5%)
2025-08-07 11:25:57,473 - INFO - Concatenated features shape: (16, 3328)
2025-08-07 11:25:57,473 - INFO -   - Morgan fingerprints: 2048 features
2025-08-07 11:25:57,473 - INFO -   - ESM embeddings: 1280 features
2025-08-07 11:25:57,854 - INFO - Fold 1 - Accuracy: 1.000, F1: 0.000, AUC: N/A
2025-08-07 11:25:58,262 - INFO - Fold 2 - Accuracy: 0.667, F1: 0.000, AUC: 0.000
2025-08-07 11:25:58,666 - INFO - Fold 3 - Accuracy: 1.000, F1: 0.000, AUC: N/A
2025-08-07 11:25:59,072 - INFO - Fold 4 - Accuracy: 1.000, F1: 0.000, AUC: N/A
2025-08-07 11:25:59,445 - INFO - Fold 5 - Accuracy: 0.667, F1: 0.000, AUC: 1.000
2025-08-07 11:25:59,445 - INFO - Completed processing SLCO1B1: success
2025-08-07 11:25:59,445 - INFO - Protein SLCO1B1: Accuracy=0.867, F1=0.000
2025-08-07 11:25:59,445 - INFO - Processing protein: SLCO2B3
2025-08-07 11:25:59,445 - WARNING - No activities found for SLCO2B3
2025-08-07 11:25:59,446 - INFO - Processing protein: SLCO2B1
2025-08-07 11:25:59,479 - INFO - Retrieved 33 activities for O94956
2025-08-07 11:25:59,513 - WARNING - No activities found for Q8BXB6
2025-08-07 11:25:59,546 - WARNING - No activities found for Q9JHI3
2025-08-07 11:25:59,546 - INFO - Combined 33 activities for SLCO2B1
2025-08-07 11:25:59,547 - INFO - Retrieved ESM embedding for O94956 at index 50
2025-08-07 11:25:59,586 - INFO - Class distribution: 3 active (9.1%), 30 inactive (90.9%)
2025-08-07 11:25:59,586 - INFO - Concatenated features shape: (33, 3328)
2025-08-07 11:25:59,586 - INFO -   - Morgan fingerprints: 2048 features
2025-08-07 11:25:59,586 - INFO -   - ESM embeddings: 1280 features
2025-08-07 11:25:59,968 - INFO - Fold 1 - Accuracy: 0.857, F1: 0.000, AUC: 0.500
2025-08-07 11:26:00,366 - INFO - Fold 2 - Accuracy: 0.857, F1: 0.000, AUC: 0.000
2025-08-07 11:26:00,769 - INFO - Fold 3 - Accuracy: 0.857, F1: 0.000, AUC: 0.083
2025-08-07 11:26:01,166 - INFO - Fold 4 - Accuracy: 1.000, F1: 0.000, AUC: N/A
2025-08-07 11:26:01,567 - INFO - Fold 5 - Accuracy: 1.000, F1: 0.000, AUC: N/A
2025-08-07 11:26:01,568 - INFO - Completed processing SLCO2B1: success
2025-08-07 11:26:01,568 - INFO - Protein SLCO2B1: Accuracy=0.914, F1=0.000
2025-08-07 11:26:01,568 - INFO - Pipeline completed. Processed 52 proteins.
2025-08-07 11:26:01,574 - INFO - Results saved to /home/serramelendezcsm/RA/Avoidome/analyses/qsar_papyrus_esm_emb_classification/esm_classification_results.csv
2025-08-07 11:26:01,575 - INFO - Summary: 33 successful models
2025-08-07 11:26:01,575 - INFO - Average Accuracy: 0.837
2025-08-07 11:26:01,575 - INFO - Average F1: 0.738
2025-08-07 11:26:01,575 - INFO - Average AUC: 0.835
2025-08-07 11:26:01,575 - INFO - Classification completed!
2025-08-07 11:26:01,867 - INFO - Step 2: Analyzing results
2025-08-07 11:26:01,868 - INFO - Starting analysis of classification results...
2025-08-07 11:26:01,871 - INFO - Loaded 52 results from /home/serramelendezcsm/RA/Avoidome/analyses/qsar_papyrus_esm_emb_classification/esm_classification_results.csv
2025-08-07 11:26:01,872 - INFO - Found 33 successful models
2025-08-07 11:26:01,872 - INFO - 
============================================================
2025-08-07 11:26:01,872 - INFO - CLASSIFICATION RESULTS SUMMARY
2025-08-07 11:26:01,872 - INFO - ============================================================
2025-08-07 11:26:01,872 - INFO - Total proteins processed: 52
2025-08-07 11:26:01,872 - INFO - Successful models: 33
2025-08-07 11:26:01,872 - INFO - Failed models: 19
2025-08-07 11:26:01,872 - INFO - 
Performance Metrics (averaged across all successful models):
2025-08-07 11:26:01,872 - INFO - --------------------------------------------------
2025-08-07 11:26:01,873 - INFO - ACCURACY       : 0.837 ± 0.078 (range: 0.500-0.933)
2025-08-07 11:26:01,873 - INFO - F1             : 0.738 ± 0.279 (range: 0.000-0.964)
2025-08-07 11:26:01,873 - INFO - AUC            : 0.835 ± 0.156 (range: 0.194-0.939)
2025-08-07 11:26:01,874 - INFO - PRECISION      : 0.741 ± 0.267 (range: 0.000-0.937)
2025-08-07 11:26:01,874 - INFO - RECALL         : 0.751 ± 0.294 (range: 0.000-1.000)
2025-08-07 11:26:01,874 - INFO - 
Sample Size Statistics:
2025-08-07 11:26:01,874 - INFO - ------------------------------
2025-08-07 11:26:01,874 - INFO - Total samples: 39351
2025-08-07 11:26:01,875 - INFO - Average samples per protein: 1192.5
2025-08-07 11:26:01,875 - INFO - Min samples: 16
2025-08-07 11:26:01,875 - INFO - Max samples: 4965
2025-08-07 11:26:01,875 - INFO - 
Top 10 Proteins by F1 Score:
2025-08-07 11:26:01,875 - INFO - ----------------------------------------
2025-08-07 11:26:01,877 - INFO - AHR                 : F1=0.964, Accuracy=0.933, Samples=31
2025-08-07 11:26:01,877 - INFO - CHRM3               : F1=0.950, Accuracy=0.916, Samples=1302
2025-08-07 11:26:01,877 - INFO - ADRA1A              : F1=0.949, Accuracy=0.906, Samples=712
2025-08-07 11:26:01,877 - INFO - HSD11B1             : F1=0.937, Accuracy=0.887, Samples=2725
2025-08-07 11:26:01,877 - INFO - ADRB1               : F1=0.937, Accuracy=0.897, Samples=699
2025-08-07 11:26:01,877 - INFO - HRH1                : F1=0.933, Accuracy=0.890, Samples=972
2025-08-07 11:26:01,878 - INFO - SLC6A4              : F1=0.932, Accuracy=0.885, Samples=4965
2025-08-07 11:26:01,878 - INFO - CNR2                : F1=0.927, Accuracy=0.880, Samples=4852
2025-08-07 11:26:01,878 - INFO - ADRB2               : F1=0.925, Accuracy=0.873, Samples=880
2025-08-07 11:26:01,878 - INFO - XDH                 : F1=0.922, Accuracy=0.878, Samples=98
2025-08-07 11:26:05,918 - INFO - Plots saved to /home/serramelendezcsm/RA/Avoidome/analyses/qsar_papyrus_esm_emb_classification/plots
2025-08-07 11:26:05,922 - INFO - Detailed report saved to /home/serramelendezcsm/RA/Avoidome/analyses/qsar_papyrus_esm_emb_classification/detailed_report.txt
2025-08-07 11:26:05,922 - INFO - Analysis completed!
2025-08-07 11:26:05,922 - INFO - Complete pipeline finished!
2025-08-07 11:26:05,922 - INFO - Pipeline completed successfully!
