2025-07-30 12:14:41,301:INFO:PyCaret Regression Module
2025-07-30 12:14:41,301:INFO:version 2.0
2025-07-30 12:14:41,301:INFO:Initializing setup()
2025-07-30 12:14:41,301:INFO:USI: 2d9c
2025-07-30 12:14:41,301:INFO:setup(data=(100, 6), target=target, train_size=0.7, sampling=True, sample_estimator=None, categorical_features=None, categorical_imputation=constant, ordinal_features=None,
                    high_cardinality_features=None, high_cardinality_method=frequency, numeric_features=None, numeric_imputation=mean, date_features=None, ignore_features=None, normalize=False,
                    normalize_method=zscore, transformation=False, transformation_method=yeo-johnson, handle_unknown_categorical=True, unknown_categorical_method=least_frequent, pca=False, pca_method=linear,
                    pca_components=None, ignore_low_variance=False, combine_rare_levels=False, rare_level_threshold=0.1, bin_numeric_features=None, remove_outliers=False, outliers_threshold=0.05,
                    remove_multicollinearity=False, multicollinearity_threshold=0.9, remove_perfect_collinearity=False, create_clusters=False, cluster_iter=20,
                    polynomial_features=False, polynomial_degree=2, trigonometry_features=False, polynomial_threshold=0.1, group_features=None,
                    group_names=None, feature_selection=False, feature_selection_threshold=0.8, feature_interaction=False, feature_ratio=False, interaction_threshold=0.01, transform_target=False,
                    transform_target_method=box-cox, data_split_shuffle=True, folds_shuffle=False, n_jobs=-1, html=True, session_id=123, log_experiment=False,
                    experiment_name=None, log_plots=False, log_profile=False, log_data=False, silent=True, verbose=False, profile=False)
2025-07-30 12:14:41,301:INFO:Checking environment
2025-07-30 12:14:41,301:INFO:python_version: 3.9.23
2025-07-30 12:14:41,301:INFO:python_build: ('main', 'Jun  5 2025 13:40:20')
2025-07-30 12:14:41,301:INFO:machine: x86_64
2025-07-30 12:14:41,310:INFO:platform: Linux-5.14.0-570.23.1.el9_6.x86_64-x86_64-with-glibc2.34
2025-07-30 12:14:41,320:INFO:Memory: svmem(total=539966058496, available=474755878912, percent=12.1, used=60724121600, free=358598352896, active=49284505600, inactive=113825685504, buffers=8282112, cached=120635301888, shared=1056923648, slab=4465446912)
2025-07-30 12:14:41,324:INFO:Physical Core: 64
2025-07-30 12:14:41,324:INFO:Logical Core: 128
2025-07-30 12:14:41,324:INFO:Checking libraries
2025-07-30 12:14:41,324:INFO:pd==2.1.4
2025-07-30 12:14:41,324:INFO:numpy==1.26.4
2025-07-30 12:14:41,678:INFO:sklearn==1.6.1
2025-07-30 12:14:41,728:INFO:xgboost==2.1.4
2025-07-30 12:14:41,845:INFO:lightgbm==4.6.0
2025-07-30 12:14:42,168:INFO:catboost==1.2.8
2025-07-30 12:14:42,557:INFO:mlflow==3.1.4
2025-07-30 12:14:42,557:INFO:Checking Exceptions
2025-07-30 12:14:42,557:INFO:Preloading libraries
2025-07-30 12:14:42,557:INFO:Preparing display monitor
2025-07-30 12:14:42,558:INFO:Importing libraries
2025-07-30 12:14:43,295:INFO:Copying data for preprocessing
2025-07-30 12:14:43,295:INFO:Declaring global variables
2025-07-30 12:14:43,296:INFO:Declaring preprocessing parameters
2025-07-30 12:14:43,296:INFO:Importing preprocessing module
2025-07-30 12:14:43,511:INFO:Creating preprocessing pipeline
2025-07-30 12:14:43,520:INFO:Preprocessing pipeline created successfully
2025-07-30 12:14:43,520:INFO:No inverse transformer found
2025-07-30 12:14:43,520:INFO:Creating grid variables
2025-07-30 12:14:43,520:INFO:Creating global containers
2025-07-30 12:14:43,548:INFO:create_model_container: 0
2025-07-30 12:14:43,548:INFO:master_model_container: 0
2025-07-30 12:14:43,548:INFO:display_container: 0
2025-07-30 12:14:43,548:INFO:setup() succesfully completed......................................
2025-07-30 12:14:43,548:INFO:Initializing create_model()
2025-07-30 12:14:43,548:INFO:create_model(estimator=lr, ensemble=False, method=None, fold=3, round=4, cross_validation=True, verbose=True, system=True)
2025-07-30 12:14:43,548:INFO:Checking exceptions
2025-07-30 12:14:43,548:INFO:Preloading libraries
2025-07-30 12:14:43,548:INFO:Preparing display monitor
2025-07-30 12:15:46,190:INFO:PyCaret Regression Module
2025-07-30 12:15:46,190:INFO:version 2.0
2025-07-30 12:15:46,190:INFO:Initializing setup()
2025-07-30 12:15:46,190:INFO:USI: c3f4
2025-07-30 12:15:46,190:INFO:setup(data=(50, 3), target=target, train_size=0.7, sampling=True, sample_estimator=None, categorical_features=None, categorical_imputation=constant, ordinal_features=None,
                    high_cardinality_features=None, high_cardinality_method=frequency, numeric_features=None, numeric_imputation=mean, date_features=None, ignore_features=None, normalize=False,
                    normalize_method=zscore, transformation=False, transformation_method=yeo-johnson, handle_unknown_categorical=True, unknown_categorical_method=least_frequent, pca=False, pca_method=linear,
                    pca_components=None, ignore_low_variance=False, combine_rare_levels=False, rare_level_threshold=0.1, bin_numeric_features=None, remove_outliers=False, outliers_threshold=0.05,
                    remove_multicollinearity=False, multicollinearity_threshold=0.9, remove_perfect_collinearity=False, create_clusters=False, cluster_iter=20,
                    polynomial_features=False, polynomial_degree=2, trigonometry_features=False, polynomial_threshold=0.1, group_features=None,
                    group_names=None, feature_selection=False, feature_selection_threshold=0.8, feature_interaction=False, feature_ratio=False, interaction_threshold=0.01, transform_target=False,
                    transform_target_method=box-cox, data_split_shuffle=True, folds_shuffle=False, n_jobs=-1, html=True, session_id=None, log_experiment=False,
                    experiment_name=None, log_plots=False, log_profile=False, log_data=False, silent=True, verbose=False, profile=False)
2025-07-30 12:15:46,190:INFO:Checking environment
2025-07-30 12:15:46,190:INFO:python_version: 3.9.23
2025-07-30 12:15:46,190:INFO:python_build: ('main', 'Jun  5 2025 13:40:20')
2025-07-30 12:15:46,190:INFO:machine: x86_64
2025-07-30 12:15:46,199:INFO:platform: Linux-5.14.0-570.23.1.el9_6.x86_64-x86_64-with-glibc2.34
2025-07-30 12:15:46,209:INFO:Memory: svmem(total=539966058496, available=474583842816, percent=12.1, used=60896157696, free=358411087872, active=49351966720, inactive=113839325184, buffers=8282112, cached=120650530816, shared=1056923648, slab=4466372608)
2025-07-30 12:15:46,212:INFO:Physical Core: 64
2025-07-30 12:15:46,213:INFO:Logical Core: 128
2025-07-30 12:15:46,213:INFO:Checking libraries
2025-07-30 12:15:46,213:INFO:pd==2.1.4
2025-07-30 12:15:46,213:INFO:numpy==1.26.4
2025-07-30 12:15:46,567:INFO:sklearn==1.6.1
2025-07-30 12:15:46,618:INFO:xgboost==2.1.4
2025-07-30 12:15:46,732:INFO:lightgbm==4.6.0
2025-07-30 12:15:46,940:INFO:catboost==1.2.8
2025-07-30 12:15:47,215:INFO:mlflow==3.1.4
2025-07-30 12:15:47,215:INFO:Checking Exceptions
2025-07-30 12:15:47,215:INFO:Preloading libraries
2025-07-30 12:15:47,215:INFO:Preparing display monitor
2025-07-30 12:15:47,217:INFO:Importing libraries
2025-07-30 12:15:47,491:INFO:Copying data for preprocessing
2025-07-30 12:15:47,491:INFO:Declaring global variables
2025-07-30 12:15:47,491:INFO:Declaring preprocessing parameters
2025-07-30 12:15:47,491:INFO:Importing preprocessing module
2025-07-30 12:15:47,700:INFO:Creating preprocessing pipeline
2025-07-30 12:15:47,708:INFO:Preprocessing pipeline created successfully
2025-07-30 12:15:47,708:INFO:No inverse transformer found
2025-07-30 12:15:47,708:INFO:Creating grid variables
2025-07-30 12:15:47,708:INFO:Creating global containers
2025-07-30 12:15:47,736:INFO:create_model_container: 0
2025-07-30 12:15:47,736:INFO:master_model_container: 0
2025-07-30 12:15:47,736:INFO:display_container: 0
2025-07-30 12:15:47,736:INFO:setup() succesfully completed......................................
2025-07-30 12:27:23,968:INFO:PyCaret Regression Module
2025-07-30 12:27:23,968:INFO:version 2.0
2025-07-30 12:27:23,968:INFO:Initializing setup()
2025-07-30 12:27:23,968:INFO:USI: 7862
2025-07-30 12:27:23,968:INFO:setup(data=(339, 2049), target=pchembl_value, train_size=0.7, sampling=True, sample_estimator=None, categorical_features=None, categorical_imputation=constant, ordinal_features=None,
                    high_cardinality_features=None, high_cardinality_method=frequency, numeric_features=None, numeric_imputation=mean, date_features=None, ignore_features=None, normalize=False,
                    normalize_method=zscore, transformation=False, transformation_method=yeo-johnson, handle_unknown_categorical=True, unknown_categorical_method=least_frequent, pca=False, pca_method=linear,
                    pca_components=None, ignore_low_variance=False, combine_rare_levels=False, rare_level_threshold=0.1, bin_numeric_features=None, remove_outliers=False, outliers_threshold=0.05,
                    remove_multicollinearity=False, multicollinearity_threshold=0.9, remove_perfect_collinearity=False, create_clusters=False, cluster_iter=20,
                    polynomial_features=False, polynomial_degree=2, trigonometry_features=False, polynomial_threshold=0.1, group_features=None,
                    group_names=None, feature_selection=False, feature_selection_threshold=0.8, feature_interaction=False, feature_ratio=False, interaction_threshold=0.01, transform_target=False,
                    transform_target_method=box-cox, data_split_shuffle=True, folds_shuffle=False, n_jobs=-1, html=True, session_id=123, log_experiment=True,
                    experiment_name=CYP1A2_qsar, log_plots=False, log_profile=False, log_data=False, silent=True, verbose=False, profile=False)
2025-07-30 12:27:23,968:INFO:Checking environment
2025-07-30 12:27:23,968:INFO:python_version: 3.9.23
2025-07-30 12:27:23,968:INFO:python_build: ('main', 'Jun  5 2025 13:40:20')
2025-07-30 12:27:23,968:INFO:machine: x86_64
2025-07-30 12:27:24,012:INFO:platform: Linux-5.14.0-570.23.1.el9_6.x86_64-x86_64-with-glibc2.34
2025-07-30 12:27:24,013:INFO:Memory: svmem(total=539966058496, available=472855650304, percent=12.4, used=62624346112, free=356797145088, active=49255710720, inactive=113787551744, buffers=8282112, cached=120536285184, shared=1056927744, slab=4464513024)
2025-07-30 12:27:24,019:INFO:Physical Core: 64
2025-07-30 12:27:24,019:INFO:Logical Core: 128
2025-07-30 12:27:24,019:INFO:Checking libraries
2025-07-30 12:27:24,019:INFO:pd==2.1.4
2025-07-30 12:27:24,019:INFO:numpy==1.26.4
2025-07-30 12:27:24,019:INFO:sklearn==1.6.1
2025-07-30 12:27:24,019:INFO:xgboost==2.1.4
2025-07-30 12:27:24,174:INFO:lightgbm==4.6.0
2025-07-30 12:27:24,317:INFO:catboost==1.2.8
2025-07-30 12:27:24,579:INFO:mlflow==3.1.4
2025-07-30 12:27:24,579:INFO:Checking Exceptions
2025-07-30 12:27:24,579:INFO:Preloading libraries
2025-07-30 12:27:24,579:INFO:Preparing display monitor
2025-07-30 12:27:24,581:INFO:Importing libraries
2025-07-30 12:27:24,799:INFO:Copying data for preprocessing
2025-07-30 12:27:24,805:INFO:Declaring global variables
2025-07-30 12:27:24,805:INFO:Declaring preprocessing parameters
2025-07-30 12:27:24,805:INFO:Importing preprocessing module
2025-07-30 12:27:24,877:INFO:Creating preprocessing pipeline
2025-07-30 12:27:27,540:INFO:Preprocessing pipeline created successfully
2025-07-30 12:27:27,540:INFO:No inverse transformer found
2025-07-30 12:27:27,540:INFO:Creating grid variables
2025-07-30 12:27:27,547:INFO:Creating global containers
2025-07-30 12:27:27,568:INFO:Logging experiment in MLFlow
2025-07-30 12:27:27,743:INFO:SubProcess save_model() called ==================================
2025-07-30 12:27:27,744:INFO:Initializing save_model()
2025-07-30 12:27:34,283:INFO:PyCaret Regression Module
2025-07-30 12:27:34,283:INFO:version 2.0
2025-07-30 12:27:34,283:INFO:Initializing setup()
2025-07-30 12:27:34,284:INFO:USI: 9e97
2025-07-30 12:27:34,284:INFO:setup(data=(466, 2049), target=pchembl_value, train_size=0.7, sampling=True, sample_estimator=None, categorical_features=None, categorical_imputation=constant, ordinal_features=None,
                    high_cardinality_features=None, high_cardinality_method=frequency, numeric_features=None, numeric_imputation=mean, date_features=None, ignore_features=None, normalize=False,
                    normalize_method=zscore, transformation=False, transformation_method=yeo-johnson, handle_unknown_categorical=True, unknown_categorical_method=least_frequent, pca=False, pca_method=linear,
                    pca_components=None, ignore_low_variance=False, combine_rare_levels=False, rare_level_threshold=0.1, bin_numeric_features=None, remove_outliers=False, outliers_threshold=0.05,
                    remove_multicollinearity=False, multicollinearity_threshold=0.9, remove_perfect_collinearity=False, create_clusters=False, cluster_iter=20,
                    polynomial_features=False, polynomial_degree=2, trigonometry_features=False, polynomial_threshold=0.1, group_features=None,
                    group_names=None, feature_selection=False, feature_selection_threshold=0.8, feature_interaction=False, feature_ratio=False, interaction_threshold=0.01, transform_target=False,
                    transform_target_method=box-cox, data_split_shuffle=True, folds_shuffle=False, n_jobs=-1, html=True, session_id=123, log_experiment=True,
                    experiment_name=CYP2C9_qsar, log_plots=False, log_profile=False, log_data=False, silent=True, verbose=False, profile=False)
2025-07-30 12:27:34,284:INFO:Checking environment
2025-07-30 12:27:34,284:INFO:python_version: 3.9.23
2025-07-30 12:27:34,284:INFO:python_build: ('main', 'Jun  5 2025 13:40:20')
2025-07-30 12:27:34,284:INFO:machine: x86_64
2025-07-30 12:27:34,284:INFO:platform: Linux-5.14.0-570.23.1.el9_6.x86_64-x86_64-with-glibc2.34
2025-07-30 12:27:34,284:INFO:Memory: svmem(total=539966058496, available=472673230848, percent=12.5, used=62806765568, free=356614508544, active=49447698432, inactive=113787777024, buffers=8282112, cached=120536502272, shared=1056927744, slab=4464533504)
2025-07-30 12:27:34,286:INFO:Physical Core: 64
2025-07-30 12:27:34,286:INFO:Logical Core: 128
2025-07-30 12:27:34,286:INFO:Checking libraries
2025-07-30 12:27:34,286:INFO:pd==2.1.4
2025-07-30 12:27:34,286:INFO:numpy==1.26.4
2025-07-30 12:27:34,286:INFO:sklearn==1.6.1
2025-07-30 12:27:34,286:INFO:xgboost==2.1.4
2025-07-30 12:27:34,286:INFO:lightgbm==4.6.0
2025-07-30 12:27:34,286:INFO:catboost==1.2.8
2025-07-30 12:27:34,286:INFO:mlflow==3.1.4
2025-07-30 12:27:34,286:INFO:Checking Exceptions
2025-07-30 12:27:34,287:INFO:Preloading libraries
2025-07-30 12:27:34,287:INFO:Preparing display monitor
2025-07-30 12:27:34,288:INFO:Importing libraries
2025-07-30 12:27:34,290:INFO:Copying data for preprocessing
2025-07-30 12:27:34,297:INFO:Declaring global variables
2025-07-30 12:27:34,298:INFO:Declaring preprocessing parameters
2025-07-30 12:27:34,298:INFO:Importing preprocessing module
2025-07-30 12:27:34,298:INFO:Creating preprocessing pipeline
2025-07-30 12:27:37,641:INFO:Preprocessing pipeline created successfully
2025-07-30 12:27:37,641:INFO:No inverse transformer found
2025-07-30 12:27:37,641:INFO:Creating grid variables
2025-07-30 12:27:37,648:INFO:Creating global containers
2025-07-30 12:27:37,658:INFO:Logging experiment in MLFlow
2025-07-30 12:27:37,671:INFO:SubProcess save_model() called ==================================
2025-07-30 12:27:37,671:INFO:Initializing save_model()
2025-07-30 12:27:44,310:INFO:PyCaret Regression Module
2025-07-30 12:27:44,310:INFO:version 2.0
2025-07-30 12:27:44,310:INFO:Initializing setup()
2025-07-30 12:27:44,310:INFO:USI: 8f30
2025-07-30 12:27:44,310:INFO:setup(data=(607, 2049), target=pchembl_value, train_size=0.7, sampling=True, sample_estimator=None, categorical_features=None, categorical_imputation=constant, ordinal_features=None,
                    high_cardinality_features=None, high_cardinality_method=frequency, numeric_features=None, numeric_imputation=mean, date_features=None, ignore_features=None, normalize=False,
                    normalize_method=zscore, transformation=False, transformation_method=yeo-johnson, handle_unknown_categorical=True, unknown_categorical_method=least_frequent, pca=False, pca_method=linear,
                    pca_components=None, ignore_low_variance=False, combine_rare_levels=False, rare_level_threshold=0.1, bin_numeric_features=None, remove_outliers=False, outliers_threshold=0.05,
                    remove_multicollinearity=False, multicollinearity_threshold=0.9, remove_perfect_collinearity=False, create_clusters=False, cluster_iter=20,
                    polynomial_features=False, polynomial_degree=2, trigonometry_features=False, polynomial_threshold=0.1, group_features=None,
                    group_names=None, feature_selection=False, feature_selection_threshold=0.8, feature_interaction=False, feature_ratio=False, interaction_threshold=0.01, transform_target=False,
                    transform_target_method=box-cox, data_split_shuffle=True, folds_shuffle=False, n_jobs=-1, html=True, session_id=123, log_experiment=True,
                    experiment_name=CYP2D6_qsar, log_plots=False, log_profile=False, log_data=False, silent=True, verbose=False, profile=False)
2025-07-30 12:27:44,310:INFO:Checking environment
2025-07-30 12:27:44,310:INFO:python_version: 3.9.23
2025-07-30 12:27:44,310:INFO:python_build: ('main', 'Jun  5 2025 13:40:20')
2025-07-30 12:27:44,310:INFO:machine: x86_64
2025-07-30 12:27:44,310:INFO:platform: Linux-5.14.0-570.23.1.el9_6.x86_64-x86_64-with-glibc2.34
2025-07-30 12:27:44,310:INFO:Memory: svmem(total=539966058496, available=472582705152, percent=12.5, used=62897291264, free=356523765760, active=49510055936, inactive=113788002304, buffers=8282112, cached=120536719360, shared=1056927744, slab=4464336896)
2025-07-30 12:27:44,312:INFO:Physical Core: 64
2025-07-30 12:27:44,312:INFO:Logical Core: 128
2025-07-30 12:27:44,312:INFO:Checking libraries
2025-07-30 12:27:44,312:INFO:pd==2.1.4
2025-07-30 12:27:44,312:INFO:numpy==1.26.4
2025-07-30 12:27:44,312:INFO:sklearn==1.6.1
2025-07-30 12:27:44,312:INFO:xgboost==2.1.4
2025-07-30 12:27:44,312:INFO:lightgbm==4.6.0
2025-07-30 12:27:44,312:INFO:catboost==1.2.8
2025-07-30 12:27:44,312:INFO:mlflow==3.1.4
2025-07-30 12:27:44,312:INFO:Checking Exceptions
2025-07-30 12:27:44,313:INFO:Preloading libraries
2025-07-30 12:27:44,313:INFO:Preparing display monitor
2025-07-30 12:27:44,314:INFO:Importing libraries
2025-07-30 12:27:44,316:INFO:Copying data for preprocessing
2025-07-30 12:27:44,326:INFO:Declaring global variables
2025-07-30 12:27:44,326:INFO:Declaring preprocessing parameters
2025-07-30 12:27:44,326:INFO:Importing preprocessing module
2025-07-30 12:27:44,326:INFO:Creating preprocessing pipeline
2025-07-30 12:27:48,137:INFO:Preprocessing pipeline created successfully
2025-07-30 12:27:48,137:INFO:No inverse transformer found
2025-07-30 12:27:48,137:INFO:Creating grid variables
2025-07-30 12:27:48,145:INFO:Creating global containers
2025-07-30 12:27:48,155:INFO:Logging experiment in MLFlow
2025-07-30 12:27:48,168:INFO:SubProcess save_model() called ==================================
2025-07-30 12:27:48,168:INFO:Initializing save_model()
2025-07-30 12:28:17,852:INFO:PyCaret Regression Module
2025-07-30 12:28:17,852:INFO:version 2.0
2025-07-30 12:28:17,852:INFO:Initializing setup()
2025-07-30 12:28:17,852:INFO:USI: cecb
2025-07-30 12:28:17,852:INFO:setup(data=(339, 2049), target=pchembl_value, train_size=0.7, sampling=True, sample_estimator=None, categorical_features=None, categorical_imputation=constant, ordinal_features=None,
                    high_cardinality_features=None, high_cardinality_method=frequency, numeric_features=None, numeric_imputation=mean, date_features=None, ignore_features=None, normalize=False,
                    normalize_method=zscore, transformation=False, transformation_method=yeo-johnson, handle_unknown_categorical=True, unknown_categorical_method=least_frequent, pca=False, pca_method=linear,
                    pca_components=None, ignore_low_variance=False, combine_rare_levels=False, rare_level_threshold=0.1, bin_numeric_features=None, remove_outliers=False, outliers_threshold=0.05,
                    remove_multicollinearity=False, multicollinearity_threshold=0.9, remove_perfect_collinearity=False, create_clusters=False, cluster_iter=20,
                    polynomial_features=False, polynomial_degree=2, trigonometry_features=False, polynomial_threshold=0.1, group_features=None,
                    group_names=None, feature_selection=False, feature_selection_threshold=0.8, feature_interaction=False, feature_ratio=False, interaction_threshold=0.01, transform_target=False,
                    transform_target_method=box-cox, data_split_shuffle=True, folds_shuffle=False, n_jobs=-1, html=True, session_id=123, log_experiment=True,
                    experiment_name=CYP1A2_qsar, log_plots=False, log_profile=False, log_data=False, silent=True, verbose=False, profile=False)
2025-07-30 12:28:17,853:INFO:Checking environment
2025-07-30 12:28:17,853:INFO:python_version: 3.9.23
2025-07-30 12:28:17,853:INFO:python_build: ('main', 'Jun  5 2025 13:40:20')
2025-07-30 12:28:17,853:INFO:machine: x86_64
2025-07-30 12:28:17,896:INFO:platform: Linux-5.14.0-570.23.1.el9_6.x86_64-x86_64-with-glibc2.34
2025-07-30 12:28:17,897:INFO:Memory: svmem(total=539966058496, available=472974753792, percent=12.4, used=62505242624, free=356915572736, active=49246265344, inactive=113788243968, buffers=8282112, cached=120536961024, shared=1056927744, slab=4464136192)
2025-07-30 12:28:17,903:INFO:Physical Core: 64
2025-07-30 12:28:17,903:INFO:Logical Core: 128
2025-07-30 12:28:17,903:INFO:Checking libraries
2025-07-30 12:28:17,903:INFO:pd==2.1.4
2025-07-30 12:28:17,903:INFO:numpy==1.26.4
2025-07-30 12:28:17,903:INFO:sklearn==1.6.1
2025-07-30 12:28:17,903:INFO:xgboost==2.1.4
2025-07-30 12:28:18,049:INFO:lightgbm==4.6.0
2025-07-30 12:28:18,195:INFO:catboost==1.2.8
2025-07-30 12:28:18,456:INFO:mlflow==3.1.4
2025-07-30 12:28:18,457:INFO:Checking Exceptions
2025-07-30 12:28:18,457:INFO:Preloading libraries
2025-07-30 12:28:18,457:INFO:Preparing display monitor
2025-07-30 12:28:18,459:INFO:Importing libraries
2025-07-30 12:28:18,676:INFO:Copying data for preprocessing
2025-07-30 12:28:18,682:INFO:Declaring global variables
2025-07-30 12:28:18,682:INFO:Declaring preprocessing parameters
2025-07-30 12:28:18,682:INFO:Importing preprocessing module
2025-07-30 12:28:18,753:INFO:Creating preprocessing pipeline
2025-07-30 12:28:21,451:INFO:Preprocessing pipeline created successfully
2025-07-30 12:28:21,451:INFO:No inverse transformer found
2025-07-30 12:28:21,451:INFO:Creating grid variables
2025-07-30 12:28:21,458:INFO:Creating global containers
2025-07-30 12:28:21,478:INFO:Logging experiment in MLFlow
2025-07-30 12:28:21,647:INFO:SubProcess save_model() called ==================================
2025-07-30 12:28:21,648:INFO:Initializing save_model()
2025-07-30 12:28:28,217:INFO:PyCaret Regression Module
2025-07-30 12:28:28,217:INFO:version 2.0
2025-07-30 12:28:28,217:INFO:Initializing setup()
2025-07-30 12:28:28,217:INFO:USI: b01a
2025-07-30 12:28:28,217:INFO:setup(data=(466, 2049), target=pchembl_value, train_size=0.7, sampling=True, sample_estimator=None, categorical_features=None, categorical_imputation=constant, ordinal_features=None,
                    high_cardinality_features=None, high_cardinality_method=frequency, numeric_features=None, numeric_imputation=mean, date_features=None, ignore_features=None, normalize=False,
                    normalize_method=zscore, transformation=False, transformation_method=yeo-johnson, handle_unknown_categorical=True, unknown_categorical_method=least_frequent, pca=False, pca_method=linear,
                    pca_components=None, ignore_low_variance=False, combine_rare_levels=False, rare_level_threshold=0.1, bin_numeric_features=None, remove_outliers=False, outliers_threshold=0.05,
                    remove_multicollinearity=False, multicollinearity_threshold=0.9, remove_perfect_collinearity=False, create_clusters=False, cluster_iter=20,
                    polynomial_features=False, polynomial_degree=2, trigonometry_features=False, polynomial_threshold=0.1, group_features=None,
                    group_names=None, feature_selection=False, feature_selection_threshold=0.8, feature_interaction=False, feature_ratio=False, interaction_threshold=0.01, transform_target=False,
                    transform_target_method=box-cox, data_split_shuffle=True, folds_shuffle=False, n_jobs=-1, html=True, session_id=123, log_experiment=True,
                    experiment_name=CYP2C9_qsar, log_plots=False, log_profile=False, log_data=False, silent=True, verbose=False, profile=False)
2025-07-30 12:28:28,217:INFO:Checking environment
2025-07-30 12:28:28,217:INFO:python_version: 3.9.23
2025-07-30 12:28:28,217:INFO:python_build: ('main', 'Jun  5 2025 13:40:20')
2025-07-30 12:28:28,217:INFO:machine: x86_64
2025-07-30 12:28:28,217:INFO:platform: Linux-5.14.0-570.23.1.el9_6.x86_64-x86_64-with-glibc2.34
2025-07-30 12:28:28,217:INFO:Memory: svmem(total=539966058496, available=472691752960, percent=12.5, used=62788243456, free=356632358912, active=49438056448, inactive=113788456960, buffers=8282112, cached=120537174016, shared=1056927744, slab=4464197632)
2025-07-30 12:28:28,219:INFO:Physical Core: 64
2025-07-30 12:28:28,219:INFO:Logical Core: 128
2025-07-30 12:28:28,219:INFO:Checking libraries
2025-07-30 12:28:28,219:INFO:pd==2.1.4
2025-07-30 12:28:28,219:INFO:numpy==1.26.4
2025-07-30 12:28:28,219:INFO:sklearn==1.6.1
2025-07-30 12:28:28,219:INFO:xgboost==2.1.4
2025-07-30 12:28:28,219:INFO:lightgbm==4.6.0
2025-07-30 12:28:28,219:INFO:catboost==1.2.8
2025-07-30 12:28:28,219:INFO:mlflow==3.1.4
2025-07-30 12:28:28,219:INFO:Checking Exceptions
2025-07-30 12:28:28,220:INFO:Preloading libraries
2025-07-30 12:28:28,220:INFO:Preparing display monitor
2025-07-30 12:28:28,222:INFO:Importing libraries
2025-07-30 12:28:28,223:INFO:Copying data for preprocessing
2025-07-30 12:28:28,232:INFO:Declaring global variables
2025-07-30 12:28:28,232:INFO:Declaring preprocessing parameters
2025-07-30 12:28:28,232:INFO:Importing preprocessing module
2025-07-30 12:28:28,232:INFO:Creating preprocessing pipeline
2025-07-30 12:28:31,582:INFO:Preprocessing pipeline created successfully
2025-07-30 12:28:31,582:INFO:No inverse transformer found
2025-07-30 12:28:31,582:INFO:Creating grid variables
2025-07-30 12:28:31,589:INFO:Creating global containers
2025-07-30 12:28:31,597:INFO:Logging experiment in MLFlow
2025-07-30 12:28:31,611:INFO:SubProcess save_model() called ==================================
2025-07-30 12:28:31,611:INFO:Initializing save_model()
2025-07-30 12:28:38,171:INFO:PyCaret Regression Module
2025-07-30 12:28:38,171:INFO:version 2.0
2025-07-30 12:28:38,171:INFO:Initializing setup()
2025-07-30 12:28:38,171:INFO:USI: d6dd
2025-07-30 12:28:38,171:INFO:setup(data=(607, 2049), target=pchembl_value, train_size=0.7, sampling=True, sample_estimator=None, categorical_features=None, categorical_imputation=constant, ordinal_features=None,
                    high_cardinality_features=None, high_cardinality_method=frequency, numeric_features=None, numeric_imputation=mean, date_features=None, ignore_features=None, normalize=False,
                    normalize_method=zscore, transformation=False, transformation_method=yeo-johnson, handle_unknown_categorical=True, unknown_categorical_method=least_frequent, pca=False, pca_method=linear,
                    pca_components=None, ignore_low_variance=False, combine_rare_levels=False, rare_level_threshold=0.1, bin_numeric_features=None, remove_outliers=False, outliers_threshold=0.05,
                    remove_multicollinearity=False, multicollinearity_threshold=0.9, remove_perfect_collinearity=False, create_clusters=False, cluster_iter=20,
                    polynomial_features=False, polynomial_degree=2, trigonometry_features=False, polynomial_threshold=0.1, group_features=None,
                    group_names=None, feature_selection=False, feature_selection_threshold=0.8, feature_interaction=False, feature_ratio=False, interaction_threshold=0.01, transform_target=False,
                    transform_target_method=box-cox, data_split_shuffle=True, folds_shuffle=False, n_jobs=-1, html=True, session_id=123, log_experiment=True,
                    experiment_name=CYP2D6_qsar, log_plots=False, log_profile=False, log_data=False, silent=True, verbose=False, profile=False)
2025-07-30 12:28:38,172:INFO:Checking environment
2025-07-30 12:28:38,172:INFO:python_version: 3.9.23
2025-07-30 12:28:38,172:INFO:python_build: ('main', 'Jun  5 2025 13:40:20')
2025-07-30 12:28:38,172:INFO:machine: x86_64
2025-07-30 12:28:38,172:INFO:platform: Linux-5.14.0-570.23.1.el9_6.x86_64-x86_64-with-glibc2.34
2025-07-30 12:28:38,172:INFO:Memory: svmem(total=539966058496, available=472579084288, percent=12.5, used=62900912128, free=356519432192, active=49494401024, inactive=113788682240, buffers=8282112, cached=120537432064, shared=1056927744, slab=4464148480)
2025-07-30 12:28:38,174:INFO:Physical Core: 64
2025-07-30 12:28:38,174:INFO:Logical Core: 128
2025-07-30 12:28:38,174:INFO:Checking libraries
2025-07-30 12:28:38,174:INFO:pd==2.1.4
2025-07-30 12:28:38,174:INFO:numpy==1.26.4
2025-07-30 12:28:38,174:INFO:sklearn==1.6.1
2025-07-30 12:28:38,174:INFO:xgboost==2.1.4
2025-07-30 12:28:38,174:INFO:lightgbm==4.6.0
2025-07-30 12:28:38,174:INFO:catboost==1.2.8
2025-07-30 12:28:38,174:INFO:mlflow==3.1.4
2025-07-30 12:28:38,174:INFO:Checking Exceptions
2025-07-30 12:28:38,174:INFO:Preloading libraries
2025-07-30 12:28:38,174:INFO:Preparing display monitor
2025-07-30 12:28:38,176:INFO:Importing libraries
2025-07-30 12:28:38,177:INFO:Copying data for preprocessing
2025-07-30 12:28:38,188:INFO:Declaring global variables
2025-07-30 12:28:38,189:INFO:Declaring preprocessing parameters
2025-07-30 12:28:38,189:INFO:Importing preprocessing module
2025-07-30 12:28:38,189:INFO:Creating preprocessing pipeline
2025-07-30 12:28:42,008:INFO:Preprocessing pipeline created successfully
2025-07-30 12:28:42,008:INFO:No inverse transformer found
2025-07-30 12:28:42,008:INFO:Creating grid variables
2025-07-30 12:28:42,015:INFO:Creating global containers
2025-07-30 12:28:42,025:INFO:Logging experiment in MLFlow
2025-07-30 12:28:42,037:INFO:SubProcess save_model() called ==================================
2025-07-30 12:28:42,038:INFO:Initializing save_model()
