2025-09-05 11:08:47,520 - INFO - Starting Pooled Training QSAR Model
2025-09-05 11:08:47,520 - INFO - Loading protein lists and Papyrus data...
2025-09-05 11:08:47,522 - INFO - Loaded 55 original proteins
2025-09-05 11:08:47,524 - INFO - Loaded 69 extended proteins
2025-09-05 11:08:47,524 - INFO - Loading Papyrus dataset...
2025-09-05 11:08:59,336 - INFO - Loaded Papyrus dataset with 707461 records
2025-09-05 11:08:59,336 - INFO - Starting pooled training for all proteins...
2025-09-05 11:08:59,337 - INFO - Processing CYP1A2 (1/55)
2025-09-05 11:08:59,678 - INFO - Split target data: 263 train, 66 test for CYP1A2
2025-09-05 11:09:02,675 - INFO - Training pooled model for CYP1A2 with 2905 training samples
2025-09-05 11:09:04,352 - INFO - Pooled model for CYP1A2: R²=-0.758, RMSE=1.187
2025-09-05 11:09:04,352 - INFO - Single model for CYP1A2: R²=0.515, RMSE=0.623
2025-09-05 11:09:04,355 - INFO - Processing CYP2B6 (2/55)
2025-09-05 11:09:04,432 - INFO - Split target data: 26 train, 7 test for CYP2B6
2025-09-05 11:09:08,028 - INFO - Training pooled model for CYP2B6 with 2957 training samples
2025-09-05 11:09:09,780 - INFO - Pooled model for CYP2B6: R²=-0.063, RMSE=0.764
2025-09-05 11:09:09,780 - INFO - Single model for CYP2B6: R²=0.443, RMSE=0.553
2025-09-05 11:09:09,788 - INFO - Processing CYP2C9 (3/55)
2025-09-05 11:09:10,432 - INFO - Split target data: 372 train, 94 test for CYP2C9
2025-09-05 11:09:13,964 - INFO - Training pooled model for CYP2C9 with 2878 training samples
2025-09-05 11:09:15,679 - INFO - Pooled model for CYP2C9: R²=-0.275, RMSE=0.793
2025-09-05 11:09:15,680 - INFO - Single model for CYP2C9: R²=0.425, RMSE=0.532
2025-09-05 11:09:15,728 - INFO - Processing CYP2C19 (4/55)
2025-09-05 11:09:15,991 - INFO - Split target data: 132 train, 33 test for CYP2C19
2025-09-05 11:09:18,982 - INFO - Training pooled model for CYP2C19 with 2939 training samples
2025-09-05 11:09:20,426 - INFO - Pooled model for CYP2C19: R²=0.202, RMSE=0.504
2025-09-05 11:09:20,426 - INFO - Single model for CYP2C19: R²=0.396, RMSE=0.438
2025-09-05 11:09:20,451 - INFO - Processing CYP2D6 (5/55)
2025-09-05 11:09:20,897 - INFO - Split target data: 485 train, 122 test for CYP2D6
2025-09-05 11:09:23,001 - INFO - Training pooled model for CYP2D6 with 2848 training samples
2025-09-05 11:09:24,401 - INFO - Pooled model for CYP2D6: R²=-0.275, RMSE=1.032
2025-09-05 11:09:24,401 - INFO - Single model for CYP2D6: R²=0.341, RMSE=0.742
2025-09-05 11:09:24,404 - INFO - Processing CYP3A4 (6/55)
2025-09-05 11:09:25,415 - INFO - Split target data: 1109 train, 278 test for CYP3A4
2025-09-05 11:09:27,366 - INFO - Training pooled model for CYP3A4 with 2693 training samples
2025-09-05 11:09:29,454 - INFO - Pooled model for CYP3A4: R²=-0.281, RMSE=0.960
2025-09-05 11:09:29,454 - INFO - Single model for CYP3A4: R²=0.636, RMSE=0.512
2025-09-05 11:09:29,460 - INFO - Processing AOX1 (7/55)
2025-09-05 11:09:29,493 - INFO - Using all 13 samples for both training and testing for AOX1
2025-09-05 11:09:29,524 - INFO - Training pooled model for AOX1 with 13 training samples
2025-09-05 11:09:30,095 - INFO - Pooled model for AOX1: R²=0.831, RMSE=0.451
2025-09-05 11:09:30,095 - INFO - Single model for AOX1: R²=0.831, RMSE=0.451
2025-09-05 11:09:30,095 - INFO - Processing XDH (8/55)
2025-09-05 11:09:30,188 - INFO - Split target data: 78 train, 20 test for XDH
2025-09-05 11:09:30,245 - INFO - Training pooled model for XDH with 78 training samples
2025-09-05 11:09:30,763 - INFO - Pooled model for XDH: R²=-0.125, RMSE=0.920
2025-09-05 11:09:30,764 - INFO - Single model for XDH: R²=0.610, RMSE=0.542
2025-09-05 11:09:30,764 - INFO - Processing MAOA (9/55)
2025-09-05 11:09:31,535 - INFO - Split target data: 904 train, 226 test for MAOA
2025-09-05 11:09:33,530 - INFO - Training pooled model for MAOA with 2423 training samples
2025-09-05 11:09:34,915 - INFO - Pooled model for MAOA: R²=-0.258, RMSE=1.343
2025-09-05 11:09:34,916 - INFO - Single model for MAOA: R²=0.616, RMSE=0.742
2025-09-05 11:09:34,926 - INFO - Processing MAOB (10/55)
2025-09-05 11:09:35,936 - INFO - Split target data: 1215 train, 304 test for MAOB
2025-09-05 11:09:37,495 - INFO - Training pooled model for MAOB with 2345 training samples
2025-09-05 11:09:38,802 - INFO - Pooled model for MAOB: R²=-0.345, RMSE=1.546
2025-09-05 11:09:38,802 - INFO - Single model for MAOB: R²=0.650, RMSE=0.788
2025-09-05 11:09:38,808 - INFO - Processing ALDH1A1 (11/55)
2025-09-05 11:09:38,939 - INFO - Split target data: 120 train, 30 test for ALDH1A1
2025-09-05 11:09:39,034 - INFO - Training pooled model for ALDH1A1 with 120 training samples
2025-09-05 11:09:39,577 - INFO - Pooled model for ALDH1A1: R²=-0.490, RMSE=1.173
2025-09-05 11:09:39,578 - INFO - Single model for ALDH1A1: R²=0.182, RMSE=0.869
2025-09-05 11:09:39,581 - INFO - Processing ADH1A (12/55)
2025-09-05 11:09:39,604 - WARNING - No activities found for target protein ADH1A
2025-09-05 11:09:39,604 - INFO - Processing HSD11B1 (13/55)
2025-09-05 11:09:41,014 - INFO - Split target data: 1636 train, 410 test for HSD11B1
2025-09-05 11:09:42,124 - INFO - Training pooled model for HSD11B1 with 1636 training samples
2025-09-05 11:09:43,546 - INFO - Pooled model for HSD11B1: R²=-0.452, RMSE=1.319
2025-09-05 11:09:43,546 - INFO - Single model for HSD11B1: R²=0.658, RMSE=0.641
2025-09-05 11:09:43,549 - INFO - Processing AKR7A3 (14/55)
2025-09-05 11:09:43,572 - WARNING - No activities found for target protein AKR7A3
2025-09-05 11:09:43,572 - INFO - Processing FMO1 (15/55)
2025-09-05 11:09:43,593 - WARNING - No activities found for target protein FMO1
2025-09-05 11:09:43,594 - INFO - Processing AHR (16/55)
2025-09-05 11:09:43,636 - INFO - Split target data: 20 train, 5 test for AHR
2025-09-05 11:09:43,673 - INFO - Training pooled model for AHR with 20 training samples
2025-09-05 11:09:44,255 - INFO - Pooled model for AHR: R²=-0.880, RMSE=2.405
2025-09-05 11:09:44,255 - INFO - Single model for AHR: R²=-0.045, RMSE=1.792
2025-09-05 11:09:44,256 - INFO - Processing NR1I3 (17/55)
2025-09-05 11:09:44,328 - INFO - Split target data: 47 train, 12 test for NR1I3
2025-09-05 11:09:44,632 - INFO - Training pooled model for NR1I3 with 391 training samples
2025-09-05 11:09:45,177 - INFO - Pooled model for NR1I3: R²=-0.060, RMSE=1.124
2025-09-05 11:09:45,177 - INFO - Single model for NR1I3: R²=0.494, RMSE=0.777
2025-09-05 11:09:45,178 - INFO - Processing NR1I2 (18/55)
2025-09-05 11:09:45,447 - INFO - Split target data: 275 train, 69 test for NR1I2
2025-09-05 11:09:45,703 - INFO - Training pooled model for NR1I2 with 334 training samples
2025-09-05 11:09:46,281 - INFO - Pooled model for NR1I2: R²=-0.402, RMSE=1.095
2025-09-05 11:09:46,282 - INFO - Single model for NR1I2: R²=0.474, RMSE=0.670
2025-09-05 11:09:46,283 - INFO - Processing SULT1A1 (19/55)
2025-09-05 11:09:46,314 - WARNING - Insufficient target data for SULT1A1: 6 samples
2025-09-05 11:09:46,314 - INFO - Processing GSTA1 (20/55)
2025-09-05 11:09:46,341 - WARNING - Insufficient target data for GSTA1: 6 samples
2025-09-05 11:09:46,341 - INFO - Processing OXA1L (21/55)
2025-09-05 11:09:46,362 - WARNING - No activities found for target protein OXA1L
2025-09-05 11:09:46,363 - INFO - Processing ORM1 (22/55)
2025-09-05 11:09:46,381 - WARNING - No activities found for target protein ORM1
2025-09-05 11:09:46,382 - INFO - Processing KCNH2 (23/55)
2025-09-05 11:09:51,847 - INFO - Split target data: 3593 train, 899 test for KCNH2
2025-09-05 11:09:55,445 - INFO - Training pooled model for KCNH2 with 3593 training samples
2025-09-05 11:09:58,997 - INFO - Pooled model for KCNH2: R²=-0.368, RMSE=1.063
2025-09-05 11:09:58,998 - INFO - Single model for KCNH2: R²=0.546, RMSE=0.612
2025-09-05 11:09:59,009 - INFO - Processing SCN5A (24/55)
2025-09-05 11:09:59,263 - INFO - Split target data: 263 train, 66 test for SCN5A
2025-09-05 11:09:59,513 - INFO - Training pooled model for SCN5A with 327 training samples
2025-09-05 11:10:00,220 - INFO - Pooled model for SCN5A: R²=-0.395, RMSE=0.917
2025-09-05 11:10:00,220 - INFO - Single model for SCN5A: R²=0.350, RMSE=0.626
2025-09-05 11:10:00,222 - INFO - Processing CACNB1 (25/55)
2025-09-05 11:10:00,244 - WARNING - No activities found for target protein CACNB1
2025-09-05 11:10:00,244 - INFO - Processing CAV1 (26/55)
2025-09-05 11:10:00,264 - WARNING - No activities found for target protein CAV1
2025-09-05 11:10:00,264 - INFO - Processing HTR2B (27/55)
2025-09-05 11:10:01,049 - INFO - Split target data: 944 train, 236 test for HTR2B
2025-09-05 11:10:03,878 - INFO - Training pooled model for HTR2B with 4273 training samples
2025-09-05 11:10:05,913 - INFO - Pooled model for HTR2B: R²=-0.122, RMSE=0.999
2025-09-05 11:10:05,914 - INFO - Single model for HTR2B: R²=0.466, RMSE=0.689
2025-09-05 11:10:05,918 - INFO - Processing SLC6A4 (28/55)
2025-09-05 11:10:07,886 - INFO - Split target data: 2366 train, 592 test for SLC6A4
2025-09-05 11:10:11,830 - INFO - Training pooled model for SLC6A4 with 6023 training samples
2025-09-05 11:10:14,648 - INFO - Pooled model for SLC6A4: R²=-0.206, RMSE=1.260
2025-09-05 11:10:14,649 - INFO - Single model for SLC6A4: R²=0.673, RMSE=0.655
2025-09-05 11:10:14,673 - INFO - Processing SLC6A4 (29/55)
2025-09-05 11:10:16,650 - INFO - Split target data: 2366 train, 592 test for SLC6A4
2025-09-05 11:10:20,594 - INFO - Training pooled model for SLC6A4 with 6023 training samples
2025-09-05 11:10:23,891 - INFO - Pooled model for SLC6A4: R²=-0.206, RMSE=1.260
2025-09-05 11:10:23,892 - INFO - Single model for SLC6A4: R²=0.673, RMSE=0.655
2025-09-05 11:10:23,906 - INFO - Processing DIDO1 (30/55)
2025-09-05 11:10:23,929 - WARNING - No activities found for target protein DIDO1
2025-09-05 11:10:23,929 - INFO - Processing SLC6A3 (31/55)
2025-09-05 11:10:25,009 - INFO - Split target data: 1316 train, 330 test for SLC6A3
2025-09-05 11:10:29,093 - INFO - Training pooled model for SLC6A3 with 6285 training samples
2025-09-05 11:10:30,892 - INFO - Pooled model for SLC6A3: R²=-0.036, RMSE=1.099
2025-09-05 11:10:30,893 - INFO - Single model for SLC6A3: R²=0.651, RMSE=0.638
2025-09-05 11:10:30,906 - INFO - Processing SLC6A2 (32/55)
2025-09-05 11:10:32,224 - INFO - Split target data: 1616 train, 405 test for SLC6A2
2025-09-05 11:10:36,286 - INFO - Training pooled model for SLC6A2 with 6215 training samples
2025-09-05 11:10:38,181 - INFO - Pooled model for SLC6A2: R²=-0.028, RMSE=1.080
2025-09-05 11:10:38,181 - INFO - Single model for SLC6A2: R²=0.574, RMSE=0.695
2025-09-05 11:10:38,197 - INFO - Processing NAT8 (33/55)
2025-09-05 11:10:38,219 - WARNING - No activities found for target protein NAT8
2025-09-05 11:10:38,219 - INFO - Processing SLC6A2 (34/55)
2025-09-05 11:10:39,521 - INFO - Split target data: 1616 train, 405 test for SLC6A2
2025-09-05 11:10:43,573 - INFO - Training pooled model for SLC6A2 with 6215 training samples
2025-09-05 11:10:45,530 - INFO - Pooled model for SLC6A2: R²=-0.028, RMSE=1.080
2025-09-05 11:10:45,531 - INFO - Single model for SLC6A2: R²=0.574, RMSE=0.695
2025-09-05 11:10:45,541 - INFO - Processing ADRA1A (35/55)
2025-09-05 11:10:46,191 - INFO - Split target data: 716 train, 179 test for ADRA1A
2025-09-05 11:10:47,040 - INFO - Training pooled model for ADRA1A with 1242 training samples
2025-09-05 11:10:47,852 - INFO - Pooled model for ADRA1A: R²=-0.275, RMSE=1.248
2025-09-05 11:10:47,852 - INFO - Single model for ADRA1A: R²=0.556, RMSE=0.737
2025-09-05 11:10:47,854 - INFO - Processing ADRA2A (36/55)
2025-09-05 11:10:48,228 - INFO - Split target data: 420 train, 106 test for ADRA2A
2025-09-05 11:10:48,898 - INFO - Training pooled model for ADRA2A with 986 training samples
2025-09-05 11:10:49,566 - INFO - Pooled model for ADRA2A: R²=-0.440, RMSE=1.564
2025-09-05 11:10:49,567 - INFO - Single model for ADRA2A: R²=0.511, RMSE=0.912
2025-09-05 11:10:49,568 - INFO - Processing ADRB1 (37/55)
2025-09-05 11:10:50,011 - INFO - Split target data: 491 train, 123 test for ADRB1
2025-09-05 11:10:50,946 - INFO - Training pooled model for ADRB1 with 1351 training samples
2025-09-05 11:10:51,575 - INFO - Pooled model for ADRB1: R²=-0.049, RMSE=1.165
2025-09-05 11:10:51,576 - INFO - Single model for ADRB1: R²=0.524, RMSE=0.784
2025-09-05 11:10:51,578 - INFO - Processing ADRB2 (38/55)
2025-09-05 11:10:52,192 - INFO - Split target data: 688 train, 172 test for ADRB2
2025-09-05 11:10:53,093 - INFO - Training pooled model for ADRB2 with 1302 training samples
2025-09-05 11:10:53,815 - INFO - Pooled model for ADRB2: R²=-0.283, RMSE=1.722
2025-09-05 11:10:53,816 - INFO - Single model for ADRB2: R²=0.688, RMSE=0.849
2025-09-05 11:10:53,819 - INFO - Processing CNRIP1 (39/55)
2025-09-05 11:10:53,840 - WARNING - No activities found for target protein CNRIP1
2025-09-05 11:10:53,840 - INFO - Processing CNR2 (40/55)
2025-09-05 11:10:56,756 - INFO - Split target data: 3436 train, 859 test for CNR2
2025-09-05 11:10:59,110 - INFO - Training pooled model for CNR2 with 3436 training samples
2025-09-05 11:11:01,957 - INFO - Pooled model for CNR2: R²=-0.335, RMSE=1.333
2025-09-05 11:11:01,958 - INFO - Single model for CNR2: R²=0.588, RMSE=0.741
2025-09-05 11:11:01,994 - INFO - Processing CHRM1 (41/55)
2025-09-05 11:11:02,786 - INFO - Split target data: 882 train, 221 test for CHRM1
2025-09-05 11:11:04,762 - INFO - Training pooled model for CHRM1 with 2800 training samples
2025-09-05 11:11:05,819 - INFO - Pooled model for CHRM1: R²=0.203, RMSE=1.121
2025-09-05 11:11:05,819 - INFO - Single model for CHRM1: R²=0.521, RMSE=0.869
2025-09-05 11:11:05,828 - INFO - Processing CHRM2 (42/55)
2025-09-05 11:11:06,347 - INFO - Split target data: 576 train, 145 test for CHRM2
2025-09-05 11:11:08,334 - INFO - Training pooled model for CHRM2 with 2882 training samples
2025-09-05 11:11:09,313 - INFO - Pooled model for CHRM2: R²=0.204, RMSE=1.141
2025-09-05 11:11:09,314 - INFO - Single model for CHRM2: R²=0.605, RMSE=0.803
2025-09-05 11:11:09,318 - INFO - Processing CHRM3 (43/55)
2025-09-05 11:11:10,193 - INFO - Split target data: 967 train, 242 test for CHRM3
2025-09-05 11:11:12,120 - INFO - Training pooled model for CHRM3 with 2786 training samples
2025-09-05 11:11:13,300 - INFO - Pooled model for CHRM3: R²=0.147, RMSE=1.415
2025-09-05 11:11:13,301 - INFO - Single model for CHRM3: R²=0.695, RMSE=0.846
2025-09-05 11:11:13,314 - INFO - Processing CHRNA10 (44/55)
2025-09-05 11:11:13,336 - WARNING - No activities found for target protein CHRNA10
2025-09-05 11:11:13,336 - INFO - Processing CHRNA9 (45/55)
2025-09-05 11:11:13,356 - WARNING - No activities found for target protein CHRNA9
2025-09-05 11:11:13,356 - INFO - Processing CHRNA7 (46/55)
2025-09-05 11:11:13,791 - INFO - Split target data: 476 train, 119 test for CHRNA7
2025-09-05 11:11:14,188 - INFO - Training pooled model for CHRNA7 with 479 training samples
2025-09-05 11:11:14,776 - INFO - Pooled model for CHRNA7: R²=-0.438, RMSE=1.425
2025-09-05 11:11:14,777 - INFO - Single model for CHRNA7: R²=0.536, RMSE=0.809
2025-09-05 11:11:14,778 - INFO - Processing CHRNA3 (47/55)
2025-09-05 11:11:14,801 - WARNING - Insufficient target data for CHRNA3: 0 samples
2025-09-05 11:11:14,801 - INFO - Processing CHRNA5 (48/55)
2025-09-05 11:11:14,820 - WARNING - No activities found for target protein CHRNA5
2025-09-05 11:11:14,821 - INFO - Processing SMPDL3A (49/55)
2025-09-05 11:11:14,839 - WARNING - No activities found for target protein SMPDL3A
2025-09-05 11:11:14,840 - INFO - Processing GABPA (50/55)
2025-09-05 11:11:14,859 - WARNING - No activities found for target protein GABPA
2025-09-05 11:11:14,859 - INFO - Processing HRH1 (51/55)
2025-09-05 11:11:15,522 - INFO - Split target data: 756 train, 189 test for HRH1
2025-09-05 11:11:16,037 - INFO - Training pooled model for HRH1 with 756 training samples
2025-09-05 11:11:16,767 - INFO - Pooled model for HRH1: R²=-0.479, RMSE=1.483
2025-09-05 11:11:16,767 - INFO - Single model for HRH1: R²=0.678, RMSE=0.692
2025-09-05 11:11:16,770 - INFO - Processing KCNH2 (52/55)
2025-09-05 11:11:19,877 - INFO - Split target data: 3593 train, 899 test for KCNH2
2025-09-05 11:11:22,407 - INFO - Training pooled model for KCNH2 with 3593 training samples
2025-09-05 11:11:25,883 - INFO - Pooled model for KCNH2: R²=-0.368, RMSE=1.063
2025-09-05 11:11:25,884 - INFO - Single model for KCNH2: R²=0.546, RMSE=0.612
2025-09-05 11:11:25,906 - INFO - Processing SLCO1B1 (53/55)
2025-09-05 11:11:25,943 - INFO - Using all 16 samples for both training and testing for SLCO1B1
2025-09-05 11:11:26,019 - INFO - Training pooled model for SLCO1B1 with 49 training samples
2025-09-05 11:11:26,577 - INFO - Pooled model for SLCO1B1: R²=0.699, RMSE=0.305
2025-09-05 11:11:26,578 - INFO - Single model for SLCO1B1: R²=0.890, RMSE=0.185
2025-09-05 11:11:26,579 - INFO - Processing SLCO2B3 (54/55)
2025-09-05 11:11:26,614 - INFO - Using all 15 samples for both training and testing for SLCO2B3
2025-09-05 11:11:26,722 - INFO - Training pooled model for SLCO2B3 with 64 training samples
2025-09-05 11:11:27,272 - INFO - Pooled model for SLCO2B3: R²=0.565, RMSE=0.389
2025-09-05 11:11:27,272 - INFO - Single model for SLCO2B3: R²=0.779, RMSE=0.277
2025-09-05 11:11:27,273 - INFO - Processing SLCO2B1 (55/55)
2025-09-05 11:11:27,321 - INFO - Split target data: 26 train, 7 test for SLCO2B1
2025-09-05 11:11:27,393 - INFO - Training pooled model for SLCO2B1 with 42 training samples
2025-09-05 11:11:27,940 - INFO - Pooled model for SLCO2B1: R²=-0.545, RMSE=0.471
2025-09-05 11:11:27,941 - INFO - Single model for SLCO2B1: R²=0.486, RMSE=0.272
2025-09-05 11:11:27,955 - INFO - Saved pooled training results to /home/serramelendezcsm/RA/Avoidome/analyses/qsar_papyrus_modelling_prottype/pooled_training_results/pooled_training_results.csv
2025-09-05 11:11:27,957 - INFO - Saved single protein results to /home/serramelendezcsm/RA/Avoidome/analyses/qsar_papyrus_modelling_prottype/pooled_training_results/single_protein_results.csv
2025-09-05 11:11:27,958 - INFO - Saved comparison results to /home/serramelendezcsm/RA/Avoidome/analyses/qsar_papyrus_modelling_prottype/pooled_training_results/pooled_vs_single_comparison.csv
2025-09-05 11:11:27,958 - INFO - Saved training summary to /home/serramelendezcsm/RA/Avoidome/analyses/qsar_papyrus_modelling_prottype/pooled_training_results/training_summary.json
2025-09-05 11:11:27,958 - INFO - Completed pooled training. Processed 55 proteins
2025-09-05 11:11:27,959 - INFO - 
=== TRAINING SUMMARY ===
2025-09-05 11:11:27,959 - INFO - Total proteins processed: 55
2025-09-05 11:11:27,959 - INFO - Successful models: 37
2025-09-05 11:11:27,959 - INFO - Average pooled R²: -0.173
2025-09-05 11:11:27,959 - INFO - Average single R²: 0.550
2025-09-05 11:11:27,959 - INFO - Proteins with improvement: 0/37
2025-09-05 11:11:27,959 - INFO - Average R² improvement: -0.723
2025-09-05 11:11:27,959 - INFO - Pooled training completed!
