2025-05-07 16:05:59,714 - utils.export_conda_env - INFO - Current environment 'apdrugs' successfully exported to environment file '_conda_env_get_activities_papyrus.yml'
2025-05-07 16:05:59,729 - __main__ - INFO - Collecting papyrus data
2025-05-07 16:05:59,730 - __main__ - INFO - Number of accessions: 292
2025-05-07 16:16:47,807 - __main__ - INFO - Number of collected data points: 433897 for 262 proteins
2025-05-07 16:16:48,122 - __main__ - INFO - Removed 2021 mutant proteins, left 431876 data points
2025-05-07 16:16:48,123 - __main__ - INFO - Saving collected papyrus data to papyrus_data.csv
2025-05-07 16:17:01,190 - __main__ - INFO - Approved drug CHEMBL1420 for P22303 not in papyrus dataset
2025-05-07 16:17:01,219 - __main__ - INFO - Approved drug CHEMBL4303525 for Q16236 not in papyrus dataset
2025-05-07 16:17:01,702 - __main__ - INFO - Approved drug CHEMBL1200585 for P10275 not in papyrus dataset
2025-05-07 16:17:01,738 - __main__ - INFO - Approved drug CHEMBL1200623 for P10275 not in papyrus dataset
2025-05-07 16:17:01,872 - __main__ - INFO - Approved drug CHEMBL1445 for P10275 not in papyrus dataset
2025-05-07 16:17:02,034 - __main__ - INFO - Approved drug CHEMBL2079587 for P10275 not in papyrus dataset
2025-05-07 16:17:02,374 - __main__ - INFO - Approved drug CHEMBL1201273 for P07550 not in papyrus dataset
2025-05-07 16:17:02,724 - __main__ - INFO - Approved drug CHEMBL2095212 for P13945 not in papyrus dataset
2025-05-07 16:17:04,107 - __main__ - INFO - Approved drug CHEMBL411 for P03372 not in papyrus dataset
2025-05-07 16:17:04,238 - __main__ - INFO - Approved drug CHEMBL1091 for P04150 not in papyrus dataset
2025-05-07 16:17:04,275 - __main__ - INFO - Approved drug CHEMBL1152 for P04150 not in papyrus dataset
2025-05-07 16:17:04,311 - __main__ - INFO - Approved drug CHEMBL1200342 for P04150 not in papyrus dataset
2025-05-07 16:17:04,347 - __main__ - INFO - Approved drug CHEMBL1200774 for P04150 not in papyrus dataset
2025-05-07 16:17:04,382 - __main__ - INFO - Approved drug CHEMBL1200909 for P04150 not in papyrus dataset
2025-05-07 16:17:04,418 - __main__ - INFO - Approved drug CHEMBL1201231 for P04150 not in papyrus dataset
2025-05-07 16:17:04,451 - __main__ - INFO - Approved drug CHEMBL1201148 for P04150 not in papyrus dataset
2025-05-07 16:17:04,607 - __main__ - INFO - Approved drug CHEMBL1364144 for P04150 not in papyrus dataset
2025-05-07 16:17:04,649 - __main__ - INFO - Approved drug CHEMBL1370 for P04150 not in papyrus dataset
2025-05-07 16:17:04,789 - __main__ - INFO - Approved drug CHEMBL1504 for P04150 not in papyrus dataset
2025-05-07 16:17:04,829 - __main__ - INFO - Approved drug CHEMBL1530428 for P04150 not in papyrus dataset
2025-05-07 16:17:04,867 - __main__ - INFO - Approved drug CHEMBL1549 for P04150 not in papyrus dataset
2025-05-07 16:17:04,907 - __main__ - INFO - Approved drug CHEMBL1650 for P04150 not in papyrus dataset
2025-05-07 16:17:04,946 - __main__ - INFO - Approved drug CHEMBL3707311 for P04150 not in papyrus dataset
2025-05-07 16:17:04,995 - __main__ - INFO - Approved drug CHEMBL384467 for P04150 not in papyrus dataset
2025-05-07 16:17:05,156 - __main__ - INFO - Approved drug CHEMBL632 for P04150 not in papyrus dataset
2025-05-07 16:17:05,199 - __main__ - INFO - Approved drug CHEMBL650 for P04150 not in papyrus dataset
2025-05-07 16:17:05,341 - __main__ - INFO - Approved drug CHEMBL3707290 for P10912 not in papyrus dataset
2025-05-07 16:17:05,369 - __main__ - INFO - Approved drug CHEMBL770 for P35367 not in papyrus dataset
2025-05-07 16:17:05,403 - __main__ - INFO - Approved drug CHEMBL90 for P35367 not in papyrus dataset
2025-05-07 16:17:05,431 - __main__ - INFO - Approved drug CHEMBL1201323 for P25021 not in papyrus dataset
2025-05-07 16:17:05,463 - __main__ - INFO - Approved drug CHEMBL770 for P25021 not in papyrus dataset
2025-05-07 16:17:05,499 - __main__ - INFO - Approved drug CHEMBL1201347 for P41145 not in papyrus dataset
2025-05-07 16:17:05,658 - __main__ - INFO - Approved drug CHEMBL1200542 for P08235 not in papyrus dataset
2025-05-07 16:17:05,690 - __main__ - INFO - Approved drug CHEMBL1200592 for P08235 not in papyrus dataset
2025-05-07 16:17:05,858 - __main__ - INFO - Approved drug CHEMBL1201321 for P35372 not in papyrus dataset
2025-05-07 16:17:06,135 - __main__ - INFO - Approved drug CHEMBL1201347 for P35372 not in papyrus dataset
2025-05-07 16:17:06,175 - __main__ - INFO - Approved drug CHEMBL1005 for P35372 not in papyrus dataset
2025-05-07 16:17:06,802 - __main__ - INFO - Approved drug CHEMBL1595 for P35372 not in papyrus dataset
2025-05-07 16:17:07,519 - __main__ - INFO - Approved drug CHEMBL168815 for P11229 not in papyrus dataset
2025-05-07 16:17:07,555 - __main__ - INFO - Approved drug CHEMBL1482 for P08172 not in papyrus dataset
2025-05-07 16:17:07,599 - __main__ - INFO - Approved drug CHEMBL965 for P20309 not in papyrus dataset
2025-05-07 16:17:07,642 - __main__ - INFO - Approved drug CHEMBL1482 for P20309 not in papyrus dataset
2025-05-07 16:17:07,681 - __main__ - INFO - Approved drug CHEMBL168815 for P20309 not in papyrus dataset
2025-05-07 16:17:08,250 - __main__ - INFO - Approved drug CHEMBL595 for P37231 not in papyrus dataset
2025-05-07 16:17:08,290 - __main__ - INFO - Approved drug CHEMBL704 for P37231 not in papyrus dataset
2025-05-07 16:17:08,333 - __main__ - INFO - Approved drug CHEMBL103 for P06401 not in papyrus dataset
2025-05-07 16:17:08,371 - __main__ - INFO - Approved drug CHEMBL1162 for P06401 not in papyrus dataset
2025-05-07 16:17:08,408 - __main__ - INFO - Approved drug CHEMBL1200848 for P06401 not in papyrus dataset
2025-05-07 16:17:08,442 - __main__ - INFO - Approved drug CHEMBL1200853 for P06401 not in papyrus dataset
2025-05-07 16:17:08,476 - __main__ - INFO - Approved drug CHEMBL1201139 for P06401 not in papyrus dataset
2025-05-07 16:17:08,511 - __main__ - INFO - Approved drug CHEMBL1387 for P06401 not in papyrus dataset
2025-05-07 16:17:08,547 - __main__ - INFO - Approved drug CHEMBL1389 for P06401 not in papyrus dataset
2025-05-07 16:17:08,588 - __main__ - INFO - Approved drug CHEMBL139835 for P06401 not in papyrus dataset
2025-05-07 16:17:08,842 - __main__ - INFO - Approved drug CHEMBL1531 for P06401 not in papyrus dataset
2025-05-07 16:17:08,880 - __main__ - INFO - Approved drug CHEMBL2107797 for P06401 not in papyrus dataset
2025-05-07 16:17:08,918 - __main__ - INFO - Approved drug CHEMBL717 for P06401 not in papyrus dataset
2025-05-07 16:17:09,272 - __main__ - INFO - Approved drug CHEMBL1237122 for P43088 not in papyrus dataset
2025-05-07 16:17:09,616 - __main__ - INFO - Approved drug CHEMBL2105648 for P13631 not in papyrus dataset
2025-05-07 16:17:10,739 - __main__ - INFO - Approved drug CHEMBL1732 for P28221 not in papyrus dataset
2025-05-07 16:17:11,642 - __main__ - INFO - Approved drug CHEMBL1505 for P30939 not in papyrus dataset
2025-05-07 16:17:12,154 - __main__ - INFO - Approved drug CHEMBL325109 for Q13639 not in papyrus dataset
2025-05-07 16:17:12,692 - __main__ - INFO - Approved drug CHEMBL2103883 for P40238 not in papyrus dataset
2025-05-07 16:17:12,832 - __main__ - INFO - Approved drug CHEMBL461101 for P40238 not in papyrus dataset
2025-05-07 16:17:12,999 - __main__ - INFO - Approved drug CHEMBL1200622 for P11473 not in papyrus dataset
2025-05-07 16:17:13,167 - __main__ - INFO - Approved drug CHEMBL1040 for P11473 not in papyrus dataset
2025-05-07 16:17:13,846 - __main__ - INFO - Approved drug CHEMBL139835 for P10275 not in papyrus dataset
2025-05-07 16:17:15,263 - __main__ - INFO - Approved drug CHEMBL1290 for P08588 not in papyrus dataset
2025-05-07 16:17:16,273 - __main__ - INFO - Approved drug CHEMBL1290 for P07550 not in papyrus dataset
2025-05-07 16:17:16,835 - __main__ - INFO - Approved drug CHEMBL3991065 for Q16602 not in papyrus dataset
2025-05-07 16:17:17,526 - __main__ - INFO - Approved drug CHEMBL644 for P14416 not in papyrus dataset
2025-05-07 16:17:17,679 - __main__ - INFO - Approved drug CHEMBL1088 for P14416 not in papyrus dataset
2025-05-07 16:17:17,732 - __main__ - INFO - Approved drug CHEMBL570 for P14416 not in papyrus dataset
2025-05-07 16:17:17,785 - __main__ - INFO - Approved drug CHEMBL708 for P14416 not in papyrus dataset
2025-05-07 16:17:17,980 - __main__ - INFO - Approved drug CHEMBL1237021 for P14416 not in papyrus dataset
2025-05-07 16:17:18,248 - __main__ - INFO - Approved drug CHEMBL1201328 for P14416 not in papyrus dataset
2025-05-07 16:17:19,918 - __main__ - INFO - Approved drug CHEMBL1276308 for P04150 not in papyrus dataset
2025-05-07 16:17:19,953 - __main__ - INFO - Approved drug CHEMBL139835 for P04150 not in papyrus dataset
2025-05-07 16:17:19,978 - __main__ - INFO - Approved drug CHEMBL52440 for Q12879 not in papyrus dataset
2025-05-07 16:17:20,307 - __main__ - INFO - Approved drug CHEMBL1004 for P35367 not in papyrus dataset
2025-05-07 16:17:20,341 - __main__ - INFO - Approved drug CHEMBL1200406 for P35367 not in papyrus dataset
2025-05-07 16:17:20,485 - __main__ - INFO - Approved drug CHEMBL1200959 for P35367 not in papyrus dataset
2025-05-07 16:17:21,015 - __main__ - INFO - Approved drug CHEMBL644 for P35367 not in papyrus dataset
2025-05-07 16:17:21,132 - __main__ - INFO - Approved drug CHEMBL1201245 for P35367 not in papyrus dataset
2025-05-07 16:17:21,759 - __main__ - INFO - Approved drug CHEMBL1492 for P35367 not in papyrus dataset
2025-05-07 16:17:22,555 - __main__ - INFO - Approved drug CHEMBL829 for P35367 not in papyrus dataset
2025-05-07 16:17:22,782 - __main__ - INFO - Approved drug CHEMBL1201264 for P25021 not in papyrus dataset
2025-05-07 16:17:22,888 - __main__ - INFO - Approved drug CHEMBL1790041 for P25021 not in papyrus dataset
2025-05-07 16:17:22,916 - __main__ - INFO - Approved drug CHEMBL3183075 for P25021 not in papyrus dataset
2025-05-07 16:17:23,045 - __main__ - INFO - Approved drug CHEMBL1685 for P41145 not in papyrus dataset
2025-05-07 16:17:23,078 - __main__ - INFO - Approved drug CHEMBL1095097 for P08235 not in papyrus dataset
2025-05-07 16:17:23,108 - __main__ - INFO - Approved drug CHEMBL1393 for P08235 not in papyrus dataset
2025-05-07 16:17:23,136 - __main__ - INFO - Approved drug CHEMBL1428 for P08235 not in papyrus dataset
2025-05-07 16:17:23,164 - __main__ - INFO - Approved drug CHEMBL1480 for P08235 not in papyrus dataset
2025-05-07 16:17:23,289 - __main__ - INFO - Approved drug CHEMBL2181927 for P08235 not in papyrus dataset
2025-05-07 16:17:23,316 - __main__ - INFO - Approved drug CHEMBL3707311 for P08235 not in papyrus dataset
2025-05-07 16:17:23,568 - __main__ - INFO - Approved drug CHEMBL2105755 for P35372 not in papyrus dataset
2025-05-07 16:17:23,611 - __main__ - INFO - Approved drug CHEMBL2219418 for P35372 not in papyrus dataset
2025-05-07 16:17:24,563 - __main__ - INFO - Approved drug CHEMBL1201227 for P11229 not in papyrus dataset
2025-05-07 16:17:25,852 - __main__ - INFO - Approved drug CHEMBL524004 for P11229 not in papyrus dataset
2025-05-07 16:17:27,086 - __main__ - INFO - Approved drug CHEMBL1201354 for P20309 not in papyrus dataset
2025-05-07 16:17:27,309 - __main__ - INFO - Approved drug CHEMBL1495 for P20309 not in papyrus dataset
2025-05-07 16:17:27,338 - __main__ - INFO - Approved drug CHEMBL1201286 for P20309 not in papyrus dataset
2025-05-07 16:17:28,092 - __main__ - INFO - Approved drug CHEMBL1201325 for P20309 not in papyrus dataset
2025-05-07 16:17:29,253 - __main__ - INFO - Approved drug CHEMBL1276308 for P06401 not in papyrus dataset
2025-05-07 16:17:29,445 - __main__ - INFO - Approved drug CHEMBL1201288 for P21817 not in papyrus dataset
2025-05-07 16:17:29,467 - __main__ - INFO - Approved drug CHEMBL1201288 for Q15413 not in papyrus dataset
2025-05-07 16:17:30,075 - __main__ - INFO - Approved drug CHEMBL644 for P28223 not in papyrus dataset
2025-05-07 16:17:30,217 - __main__ - INFO - Approved drug CHEMBL1088 for P28223 not in papyrus dataset
2025-05-07 16:17:30,356 - __main__ - INFO - Approved drug CHEMBL708 for P28223 not in papyrus dataset
2025-05-07 16:17:30,596 - __main__ - INFO - Approved drug CHEMBL1237021 for P28223 not in papyrus dataset
2025-05-07 16:17:30,940 - __main__ - INFO - Approved drug CHEMBL1201328 for P28223 not in papyrus dataset
2025-05-07 16:17:31,788 - __main__ - INFO - Approved drug CHEMBL908 for P28223 not in papyrus dataset
2025-05-07 16:17:32,027 - __main__ - INFO - Approved drug CHEMBL1201342 for P28335 not in papyrus dataset
2025-05-07 16:17:32,234 - __main__ - INFO - Approved drug CHEMBL644 for P28335 not in papyrus dataset
2025-05-07 16:17:32,364 - __main__ - INFO - Approved drug CHEMBL708 for P28335 not in papyrus dataset
2025-05-07 16:17:32,399 - __main__ - INFO - Approved drug CHEMBL1201328 for P28335 not in papyrus dataset
2025-05-07 16:17:33,036 - __main__ - INFO - Approved drug CHEMBL908 for P28335 not in papyrus dataset
2025-05-07 16:17:34,180 - __main__ - INFO - Approved drug CHEMBL813 for P30556 not in papyrus dataset
2025-05-07 16:17:34,872 - __main__ - INFO - Approved drug CHEMBL471 for Q12809 not in papyrus dataset
2025-05-07 16:17:35,095 - __main__ - INFO - Approved drug CHEMBL184412 for P63252 not in papyrus dataset
2025-05-07 16:17:35,118 - __main__ - INFO - Approved drug CHEMBL1754 for O14649 not in papyrus dataset
2025-05-07 16:17:35,140 - __main__ - INFO - Approved drug CHEMBL1754 for Q9NPC2 not in papyrus dataset
2025-05-07 16:17:35,162 - __main__ - INFO - Approved drug CHEMBL184412 for Q9Y3Q4 not in papyrus dataset
2025-05-07 16:17:35,267 - __main__ - INFO - Approved drug CHEMBL1098 for P35499 not in papyrus dataset
2025-05-07 16:17:35,294 - __main__ - INFO - Approved drug CHEMBL1201193 for P35499 not in papyrus dataset
2025-05-07 16:17:35,328 - __main__ - INFO - Approved drug CHEMBL1404 for P35499 not in papyrus dataset
2025-05-07 16:17:35,611 - __main__ - INFO - Approved drug CHEMBL1086 for Q9Y5Y9 not in papyrus dataset
2025-05-07 16:17:35,641 - __main__ - INFO - Approved drug CHEMBL976 for Q95US7 not in papyrus dataset
2025-05-07 16:17:35,662 - __main__ - INFO - Approved drug CHEMBL976 for Q962H3 not in papyrus dataset
2025-05-07 16:17:35,694 - __main__ - INFO - Approved drug CHEMBL1286 for Q00975 not in papyrus dataset
2025-05-07 16:17:35,725 - __main__ - INFO - Approved drug CHEMBL4297509 for P03372 not in papyrus dataset
2025-05-07 16:17:35,749 - __main__ - INFO - Approved drug CHEMBL457547 for O13428 not in papyrus dataset
2025-05-07 16:17:35,769 - __main__ - INFO - Approved drug CHEMBL264241 for O13428 not in papyrus dataset
2025-05-07 16:17:35,791 - __main__ - INFO - Approved drug CHEMBL4297513 for O13428 not in papyrus dataset
2025-05-07 16:17:35,813 - __main__ - INFO - Approved drug CHEMBL4297513 for Q4WLT4 not in papyrus dataset
2025-05-07 16:17:35,838 - __main__ - INFO - Approved drug CHEMBL1630575 for O13428 not in papyrus dataset
2025-05-07 16:17:35,859 - __main__ - INFO - Approved drug CHEMBL1630575 for Q4WLT4 not in papyrus dataset
2025-05-07 16:17:35,883 - __main__ - INFO - Approved drug CHEMBL1200907 for P26439 not in papyrus dataset
2025-05-07 16:17:36,643 - __main__ - INFO - Approved drug CHEMBL1104 for P22303 not in papyrus dataset
2025-05-07 16:17:36,689 - __main__ - INFO - Approved drug CHEMBL1652 for P22303 not in papyrus dataset
2025-05-07 16:17:37,223 - __main__ - INFO - Approved drug CHEMBL1115 for P22303 not in papyrus dataset
2025-05-07 16:17:37,333 - __main__ - INFO - Approved drug CHEMBL771 for P9WQA9 not in papyrus dataset
2025-05-07 16:17:37,448 - __main__ - INFO - Approved drug CHEMBL1425 for Q06203 not in papyrus dataset
2025-05-07 16:17:37,472 - __main__ - INFO - Approved drug CHEMBL112 for O00519 not in papyrus dataset
2025-05-07 16:17:37,676 - __main__ - INFO - Approved drug CHEMBL3137309 for P10415 not in papyrus dataset
2025-05-07 16:17:37,699 - __main__ - INFO - Approved drug CHEMBL44884 for P9WNL9 not in papyrus dataset
2025-05-07 16:17:37,733 - __main__ - INFO - Approved drug CHEMBL509 for P09917 not in papyrus dataset
2025-05-07 16:17:37,768 - __main__ - INFO - Approved drug CHEMBL421 for P09917 not in papyrus dataset
2025-05-07 16:17:37,798 - __main__ - INFO - Approved drug CHEMBL704 for P09917 not in papyrus dataset
2025-05-07 16:17:37,940 - __main__ - INFO - Approved drug CHEMBL777 for P62593 not in papyrus dataset
2025-05-07 16:17:38,188 - __main__ - INFO - Approved drug CHEMBL3112741 for P62593 not in papyrus dataset
2025-05-07 16:17:38,325 - __main__ - INFO - Approved drug CHEMBL1109 for P0AC13 not in papyrus dataset
2025-05-07 16:17:38,357 - __main__ - INFO - Approved drug CHEMBL1191 for P0AC13 not in papyrus dataset
2025-05-07 16:17:38,382 - __main__ - INFO - Approved drug CHEMBL453 for P0AC13 not in papyrus dataset
2025-05-07 16:17:38,415 - __main__ - INFO - Approved drug CHEMBL1200359 for P0AC13 not in papyrus dataset
2025-05-07 16:17:38,441 - __main__ - INFO - Approved drug CHEMBL439 for P0AC13 not in papyrus dataset
2025-05-07 16:17:38,480 - __main__ - INFO - Approved drug CHEMBL1525826 for P0AC13 not in papyrus dataset
2025-05-07 16:17:38,507 - __main__ - INFO - Approved drug CHEMBL438 for P0AC13 not in papyrus dataset
2025-05-07 16:17:38,644 - __main__ - INFO - Approved drug CHEMBL446 for P0AC13 not in papyrus dataset
2025-05-07 16:17:38,668 - __main__ - INFO - Approved drug CHEMBL700 for P0AC13 not in papyrus dataset
2025-05-07 16:17:38,693 - __main__ - INFO - Approved drug CHEMBL530 for P0AD65 not in papyrus dataset
2025-05-07 16:17:38,719 - __main__ - INFO - Approved drug CHEMBL3112741 for Q9EXV5 not in papyrus dataset
2025-05-07 16:17:38,749 - __main__ - INFO - Approved drug CHEMBL3112741 for P0AD64 not in papyrus dataset
2025-05-07 16:17:38,773 - __main__ - INFO - Approved drug CHEMBL3112741 for P05364 not in papyrus dataset
2025-05-07 16:17:38,801 - __main__ - INFO - Approved drug CHEMBL3112741 for P24735 not in papyrus dataset
2025-05-07 16:17:38,824 - __main__ - INFO - Approved drug CHEMBL3112741 for Q848S6 not in papyrus dataset
2025-05-07 16:17:38,847 - __main__ - INFO - Approved drug CHEMBL3317857 for Q9F663 not in papyrus dataset
2025-05-07 16:17:42,302 - __main__ - INFO - Approved drug CHEMBL599 for P35354 not in papyrus dataset
2025-05-07 16:17:42,557 - __main__ - INFO - Approved drug CHEMBL1670 for P05108 not in papyrus dataset
2025-05-07 16:17:42,791 - __main__ - INFO - Approved drug CHEMBL1670 for P15538 not in papyrus dataset
2025-05-07 16:17:43,549 - __main__ - INFO - Approved drug CHEMBL1571 for P11511 not in papyrus dataset
2025-05-07 16:17:43,699 - __main__ - INFO - Approved drug CHEMBL104 for P10613 not in papyrus dataset
2025-05-07 16:17:44,049 - __main__ - INFO - Approved drug CHEMBL64391 for P10613 not in papyrus dataset
2025-05-07 16:17:44,076 - __main__ - INFO - Approved drug CHEMBL91 for P10613 not in papyrus dataset
2025-05-07 16:17:44,101 - __main__ - INFO - Approved drug CHEMBL1450 for Q02768 not in papyrus dataset
2025-05-07 16:17:44,135 - __main__ - INFO - Approved drug CHEMBL771 for P9WP31 not in papyrus dataset
2025-05-07 16:17:44,397 - __main__ - INFO - Approved drug CHEMBL1201129 for Q9Y6K1 not in papyrus dataset
2025-05-07 16:17:44,426 - __main__ - INFO - Approved drug CHEMBL1489 for Q9Y6K1 not in papyrus dataset
2025-05-07 16:17:44,457 - __main__ - INFO - Approved drug CHEMBL84 for Q969P6 not in papyrus dataset
2025-05-07 16:17:44,496 - __main__ - INFO - Approved drug CHEMBL1096885 for P11388 not in papyrus dataset
2025-05-07 16:17:44,533 - __main__ - INFO - Approved drug CHEMBL178 for P11388 not in papyrus dataset
2025-05-07 16:17:44,569 - __main__ - INFO - Approved drug CHEMBL1117 for P11388 not in papyrus dataset
2025-05-07 16:17:44,606 - __main__ - INFO - Approved drug CHEMBL58 for P11388 not in papyrus dataset
2025-05-07 16:17:44,640 - __main__ - INFO - Approved drug CHEMBL1201236 for P20711 not in papyrus dataset
2025-05-07 16:17:44,672 - __main__ - INFO - Approved drug CHEMBL1169 for P9WNX1 not in papyrus dataset
2025-05-07 16:17:45,241 - __main__ - INFO - Approved drug CHEMBL973 for Q02127 not in papyrus dataset
2025-05-07 16:17:45,273 - __main__ - INFO - Approved drug CHEMBL1043 for P0C0X1 not in papyrus dataset
2025-05-07 16:17:45,303 - __main__ - INFO - Approved drug CHEMBL1570 for P0C0X1 not in papyrus dataset
2025-05-07 16:17:45,325 - __main__ - INFO - Approved drug CHEMBL1201056 for Q25704 not in papyrus dataset
2025-05-07 16:17:45,345 - __main__ - INFO - Approved drug CHEMBL1539 for Q25704 not in papyrus dataset
2025-05-07 16:17:45,974 - __main__ - INFO - Approved drug CHEMBL1201208 for Q01959 not in papyrus dataset
2025-05-07 16:17:46,003 - __main__ - INFO - Approved drug CHEMBL1201192 for Q01959 not in papyrus dataset
2025-05-07 16:17:46,154 - __main__ - INFO - Approved drug CHEMBL1373 for Q01959 not in papyrus dataset
2025-05-07 16:17:46,201 - __main__ - INFO - Approved drug CHEMBL1194666 for Q01959 not in papyrus dataset
2025-05-07 16:17:46,344 - __main__ - INFO - Approved drug CHEMBL1615439 for Q01959 not in papyrus dataset
2025-05-07 16:17:46,465 - __main__ - INFO - Approved drug CHEMBL2105741 for Q02750 not in papyrus dataset
2025-05-07 16:17:46,756 - __main__ - INFO - Approved drug CHEMBL2105741 for P36507 not in papyrus dataset
2025-05-07 16:17:47,034 - __main__ - INFO - Approved drug CHEMBL64 for P9WGR1 not in papyrus dataset
2025-05-07 16:17:47,083 - __main__ - INFO - Approved drug CHEMBL1257073 for P33815 not in papyrus dataset
2025-05-07 16:17:47,115 - __main__ - INFO - Approved drug CHEMBL1257073 for A0A7H0DN30 not in papyrus dataset
2025-05-07 16:17:47,139 - __main__ - INFO - Approved drug CHEMBL1257073 for G0XSE7 not in papyrus dataset
2025-05-07 16:17:48,836 - __main__ - INFO - Approved drug CHEMBL1201182 for P62942 not in papyrus dataset
2025-05-07 16:17:48,862 - __main__ - INFO - Approved drug CHEMBL1908360 for P62942 not in papyrus dataset
2025-05-07 16:17:48,890 - __main__ - INFO - Approved drug CHEMBL269732 for P62942 not in papyrus dataset
2025-05-07 16:17:48,923 - __main__ - INFO - Approved drug CHEMBL413 for P62942 not in papyrus dataset
2025-05-07 16:17:49,837 - __main__ - INFO - Approved drug CHEMBL1946170 for P21802 not in papyrus dataset
2025-05-07 16:17:50,596 - __main__ - INFO - Approved drug CHEMBL89598 for P80404 not in papyrus dataset
2025-05-07 16:17:50,626 - __main__ - INFO - Approved drug CHEMBL175247 for P07098 not in papyrus dataset
2025-05-07 16:17:50,888 - __main__ - INFO - Approved drug CHEMBL1496 for P04035 not in papyrus dataset
2025-05-07 16:17:52,233 - __main__ - INFO - Approved drug CHEMBL1090 for P04293 not in papyrus dataset
2025-05-07 16:17:52,259 - __main__ - INFO - Approved drug CHEMBL666 for P04293 not in papyrus dataset
2025-05-07 16:17:53,426 - __main__ - INFO - Approved drug CHEMBL222559 for Q72874 not in papyrus dataset
2025-05-07 16:17:54,348 - __main__ - INFO - Approved drug CHEMBL4297588 for Q12908 not in papyrus dataset
2025-05-07 16:17:54,372 - __main__ - INFO - Approved drug CHEMBL959 for P0DOF8 not in papyrus dataset
2025-05-07 16:17:54,398 - __main__ - INFO - Approved drug CHEMBL1200826 for P29218 not in papyrus dataset
2025-05-07 16:17:54,721 - __main__ - INFO - Approved drug CHEMBL2107333 for Q14145 not in papyrus dataset
2025-05-07 16:17:54,749 - __main__ - INFO - Approved drug CHEMBL589586 for Q14145 not in papyrus dataset
2025-05-07 16:17:54,772 - __main__ - INFO - Approved drug CHEMBL3311228 for P10613 not in papyrus dataset
2025-05-07 16:17:55,077 - __main__ - INFO - Approved drug CHEMBL535 for P07333 not in papyrus dataset
2025-05-07 16:17:55,385 - __main__ - INFO - Approved drug CHEMBL1433 for P45452 not in papyrus dataset
2025-05-07 16:17:55,413 - __main__ - INFO - Approved drug CHEMBL1433 for P09237 not in papyrus dataset
2025-05-07 16:17:55,438 - __main__ - INFO - Approved drug CHEMBL1433 for P22894 not in papyrus dataset
2025-05-07 16:17:55,466 - __main__ - INFO - Approved drug CHEMBL1433 for P03956 not in papyrus dataset
2025-05-07 16:17:55,492 - __main__ - INFO - Approved drug CHEMBL660 for P06821 not in papyrus dataset
2025-05-07 16:17:55,522 - __main__ - INFO - Approved drug CHEMBL1431 for P43304 not in papyrus dataset
2025-05-07 16:17:55,643 - __main__ - INFO - Approved drug CHEMBL972 for P27338 not in papyrus dataset
2025-05-07 16:17:55,681 - __main__ - INFO - Approved drug CHEMBL887 for P27338 not in papyrus dataset
2025-05-07 16:17:55,926 - __main__ - INFO - Approved drug CHEMBL1946170 for P04629 not in papyrus dataset
2025-05-07 16:17:56,520 - __main__ - INFO - Approved drug CHEMBL2374220 for Q5L478 not in papyrus dataset
2025-05-07 16:17:56,543 - __main__ - INFO - Approved drug CHEMBL3039514 for Q5L478 not in papyrus dataset
2025-05-07 16:17:56,564 - __main__ - INFO - Approved drug CHEMBL3127326 for Q5L478 not in papyrus dataset
2025-05-07 16:17:56,601 - __main__ - INFO - Approved drug CHEMBL3545062 for Q5L478 not in papyrus dataset
2025-05-07 16:17:56,623 - __main__ - INFO - Approved drug CHEMBL3545123 for Q5L478 not in papyrus dataset
2025-05-07 16:17:57,063 - __main__ - INFO - Approved drug CHEMBL1201208 for P23975 not in papyrus dataset
2025-05-07 16:17:58,246 - __main__ - INFO - Approved drug CHEMBL1194666 for P23975 not in papyrus dataset
2025-05-07 16:17:58,535 - __main__ - INFO - Approved drug CHEMBL1615439 for P23975 not in papyrus dataset
2025-05-07 16:17:59,110 - __main__ - INFO - Approved drug CHEMBL830 for P11926 not in papyrus dataset
2025-05-07 16:17:59,271 - __main__ - INFO - Approved drug CHEMBL3218576 for P42336 not in papyrus dataset
2025-05-07 16:17:59,536 - __main__ - INFO - Approved drug CHEMBL3218576 for O00329 not in papyrus dataset
2025-05-07 16:18:00,116 - __main__ - INFO - Approved drug CHEMBL1752 for Q14432 not in papyrus dataset
2025-05-07 16:18:00,141 - __main__ - INFO - Approved drug CHEMBL12856 for Q14432 not in papyrus dataset
2025-05-07 16:18:00,675 - __main__ - INFO - Approved drug CHEMBL515408 for P16788 not in papyrus dataset
2025-05-07 16:18:00,819 - __main__ - INFO - Approved drug CHEMBL1046 for P00747 not in papyrus dataset
2025-05-07 16:18:00,862 - __main__ - INFO - Approved drug CHEMBL877 for P00747 not in papyrus dataset
2025-05-07 16:18:00,900 - __main__ - INFO - Approved drug CHEMBL4204794 for P16234 not in papyrus dataset
2025-05-07 16:18:01,041 - __main__ - INFO - Approved drug CHEMBL535 for P16234 not in papyrus dataset
2025-05-07 16:18:01,526 - __main__ - INFO - Approved drug CHEMBL535 for P09619 not in papyrus dataset
2025-05-07 16:18:03,222 - __main__ - INFO - Approved drug CHEMBL766 for P16444 not in papyrus dataset
2025-05-07 16:18:04,056 - __main__ - INFO - Approved drug CHEMBL515408 for P0C731 not in papyrus dataset
2025-05-07 16:18:06,715 - __main__ - INFO - Approved drug CHEMBL1148 for Q13621 not in papyrus dataset
2025-05-07 16:18:06,815 - __main__ - INFO - Approved drug CHEMBL456 for Q13621 not in papyrus dataset
2025-05-07 16:18:07,509 - __main__ - INFO - Approved drug CHEMBL3304485 for P48764 not in papyrus dataset
2025-05-07 16:18:07,709 - __main__ - INFO - Approved drug CHEMBL832 for Q96S37 not in papyrus dataset
2025-05-07 16:18:07,900 - __main__ - INFO - Approved drug CHEMBL822 for Q4JEY0 not in papyrus dataset
2025-05-07 16:18:08,212 - __main__ - INFO - Approved drug CHEMBL535 for P10721 not in papyrus dataset
2025-05-07 16:18:09,148 - __main__ - INFO - Approved drug CHEMBL4594438 for Q76129 not in papyrus dataset
2025-05-07 16:18:09,177 - __main__ - INFO - Approved drug CHEMBL109 for P51649 not in papyrus dataset
2025-05-07 16:18:09,304 - __main__ - INFO - Approved drug CHEMBL1200515 for Q05940 not in papyrus dataset
2025-05-07 16:18:09,335 - __main__ - INFO - Approved drug CHEMBL1668 for Q05940 not in papyrus dataset
2025-05-07 16:18:09,368 - __main__ - INFO - Approved drug CHEMBL3545985 for Q05940 not in papyrus dataset
2025-05-07 16:18:09,390 - __main__ - INFO - Approved drug CHEMBL612 for Q05940 not in papyrus dataset
2025-05-07 16:18:09,413 - __main__ - INFO - Approved drug CHEMBL1054 for P55017 not in papyrus dataset
2025-05-07 16:18:09,435 - __main__ - INFO - Approved drug CHEMBL1055 for P55017 not in papyrus dataset
2025-05-07 16:18:09,462 - __main__ - INFO - Approved drug CHEMBL1201039 for P55017 not in papyrus dataset
2025-05-07 16:18:09,489 - __main__ - INFO - Approved drug CHEMBL1532 for P55017 not in papyrus dataset
2025-05-07 16:18:09,523 - __main__ - INFO - Approved drug CHEMBL1577 for P55017 not in papyrus dataset
2025-05-07 16:18:09,551 - __main__ - INFO - Approved drug CHEMBL1587 for P55017 not in papyrus dataset
2025-05-07 16:18:09,579 - __main__ - INFO - Approved drug CHEMBL1684 for P55017 not in papyrus dataset
2025-05-07 16:18:09,605 - __main__ - INFO - Approved drug CHEMBL1763 for P55017 not in papyrus dataset
2025-05-07 16:18:09,638 - __main__ - INFO - Approved drug CHEMBL406 for P55017 not in papyrus dataset
2025-05-07 16:18:09,662 - __main__ - INFO - Approved drug CHEMBL435 for P55017 not in papyrus dataset
2025-05-07 16:18:09,685 - __main__ - INFO - Approved drug CHEMBL61593 for P55017 not in papyrus dataset
2025-05-07 16:18:09,716 - __main__ - INFO - Approved drug CHEMBL842 for P55017 not in papyrus dataset
2025-05-07 16:18:09,748 - __main__ - INFO - Approved drug CHEMBL878 for P55017 not in papyrus dataset
2025-05-07 16:18:09,967 - __main__ - INFO - Approved drug CHEMBL1463 for P12461 not in papyrus dataset
2025-05-07 16:18:09,992 - __main__ - INFO - Approved drug CHEMBL1463 for P0CS13 not in papyrus dataset
2025-05-07 16:18:10,025 - __main__ - INFO - Approved drug CHEMBL185 for P04818 not in papyrus dataset
2025-05-07 16:18:10,379 - __main__ - INFO - Approved drug CHEMBL917 for P04818 not in papyrus dataset
2025-05-07 16:18:10,408 - __main__ - INFO - Approved drug CHEMBL1515 for P07202 not in papyrus dataset
2025-05-07 16:18:10,442 - __main__ - INFO - Approved drug CHEMBL1518 for P07202 not in papyrus dataset
2025-05-07 16:18:10,477 - __main__ - INFO - Approved drug CHEMBL1046 for P00750 not in papyrus dataset
2025-05-07 16:18:10,515 - __main__ - INFO - Approved drug CHEMBL1518 for P49895 not in papyrus dataset
2025-05-07 16:18:10,542 - __main__ - INFO - Approved drug CHEMBL1200862 for P07101 not in papyrus dataset
2025-05-07 16:18:11,273 - __main__ - INFO - Approved drug CHEMBL3948730 for P00519 not in papyrus dataset
2025-05-07 16:18:11,937 - __main__ - INFO - Approved drug CHEMBL4650485 for Q06187 not in papyrus dataset
2025-05-07 16:18:11,973 - __main__ - INFO - Approved drug CHEMBL1946170 for P42685 not in papyrus dataset
2025-05-07 16:18:14,873 - __main__ - INFO - Approved drug CHEMBL535 for P36888 not in papyrus dataset
2025-05-07 16:18:15,528 - __main__ - INFO - Approved drug CHEMBL535 for P07949 not in papyrus dataset
2025-05-07 16:18:16,285 - __main__ - INFO - Approved drug CHEMBL1757 for P0A749 not in papyrus dataset
2025-05-07 16:18:16,321 - __main__ - INFO - Approved drug CHEMBL535 for P17948 not in papyrus dataset
2025-05-07 16:18:16,492 - __main__ - INFO - Approved drug CHEMBL535 for P35968 not in papyrus dataset
2025-05-07 16:18:16,644 - __main__ - INFO - Approved drug CHEMBL535 for P35916 not in papyrus dataset
2025-05-07 16:18:16,666 - __main__ - INFO - Approved drug CHEMBL712 for P38435 not in papyrus dataset
2025-05-07 16:18:16,768 - __main__ - INFO - Approved drug CHEMBL1465 for Q9BQB6 not in papyrus dataset
2025-05-07 16:18:16,790 - __main__ - INFO - Approved drug CHEMBL1466 for Q9BQB6 not in papyrus dataset
2025-05-07 16:18:16,813 - __main__ - INFO - Approved drug CHEMBL711 for Q9BQB6 not in papyrus dataset
2025-05-07 16:18:16,950 - __main__ - INFO - Approved drug CHEMBL1467 for P47989 not in papyrus dataset
2025-05-07 16:18:17,781 - __main__ - INFO - Approved drug CHEMBL1200761 for Q92731 not in papyrus dataset
2025-05-07 16:18:18,217 - __main__ - INFO - Approved drug CHEMBL1286 for Q7L0J3 not in papyrus dataset
2025-05-07 16:18:18,243 - __main__ - INFO - Approved drug CHEMBL607400 for Q7L0J3 not in papyrus dataset
2025-05-07 16:18:18,567 - __main__ - INFO - Approved drug CHEMBL1201134 for P51788 not in papyrus dataset
2025-05-07 16:18:18,591 - __main__ - INFO - Approved drug CHEMBL1371 for O15554 not in papyrus dataset
2025-05-07 16:18:18,616 - __main__ - INFO - Approved drug CHEMBL181 for Q14654 not in papyrus dataset
2025-05-07 16:18:18,642 - __main__ - INFO - Approved drug CHEMBL181 for Q15842 not in papyrus dataset
2025-05-07 16:18:18,672 - __main__ - INFO - Approved drug CHEMBL112 for Q8NER1 not in papyrus dataset
2025-05-07 16:18:19,384 - __main__ - INFO - Approved drug CHEMBL1254682 for P41145 not in papyrus dataset
2025-05-07 16:18:20,632 - __main__ - INFO - Approved drug CHEMBL1201780 for P31327 not in papyrus dataset
2025-05-07 16:18:20,905 - __main__ - INFO - Approved drug CHEMBL405 for Q01959 not in papyrus dataset
2025-05-07 16:18:20,946 - __main__ - INFO - Approved drug CHEMBL612 for Q01959 not in papyrus dataset
2025-05-07 16:18:20,999 - __main__ - INFO - Approved drug CHEMBL405 for P23975 not in papyrus dataset
2025-05-07 16:18:21,047 - __main__ - INFO - Approved drug CHEMBL1590 for P23975 not in papyrus dataset
2025-05-07 16:18:21,098 - __main__ - INFO - Approved drug CHEMBL1574 for P23975 not in papyrus dataset
2025-05-07 16:18:21,242 - __main__ - INFO - Approved drug CHEMBL612 for P23975 not in papyrus dataset
2025-05-07 16:18:21,278 - __main__ - INFO - Approved drug CHEMBL110458 for P06280 not in papyrus dataset
2025-05-07 16:18:21,523 - __main__ - INFO - Approved drug CHEMBL1199080 for P23975 not in papyrus dataset
2025-05-07 16:18:21,559 - __main__ - INFO - Approved drug CHEMBL765 for P23975 not in papyrus dataset
2025-05-07 16:18:21,589 - __main__ - INFO - Approved drug CHEMBL1201260 for P23975 not in papyrus dataset
2025-05-07 16:18:21,621 - __main__ - INFO - Approved drug CHEMBL1037 for P23975 not in papyrus dataset
2025-05-07 16:18:21,624 - __main__ - INFO - Number of mechanisms dropped: 318 (32.44897959183673%), left: 662
2025-05-07 16:18:21,625 - __main__ - INFO - Number of approved drugs left: 466
2025-05-07 16:18:21,625 - __main__ - INFO - Number of proteins left: 206
2025-05-07 16:18:21,801 - __main__ - INFO - Number of proteins left in papyrus dataset: 206
2025-05-07 16:18:37,140 - __main__ - INFO - Number of proteins with more than 1000 datapoints: 118
2025-05-07 16:18:38,264 - __main__ - INFO - Number of mechanisms left: 529
2025-05-07 16:18:38,264 - __main__ - INFO - Number of approved drugs left: 370
2025-05-07 16:18:49,708 - s02_filter_data_chembl - INFO - Number of mechanisms after exploding protein_classifications: 544
