2025-07-28 11:36:16,498 - INFO - QSAR Modeling started - Log file: /home/serramelendezcsm/RA/Avoidome/analyses/qsar_avoidome/logs/qsar_modeling_20250728_113616.log
2025-07-28 11:36:16,498 - INFO - Loading data...
2025-07-28 11:36:17,765 - INFO - Loaded 233511 valid bioactivity records in 1.27s
2025-07-28 11:36:17,770 - INFO - Number of unique targets: 41
2025-07-28 11:36:17,770 - INFO - Found 1 targets with cached descriptors: ['P00352']
2025-07-28 11:36:17,777 - INFO - Found 33 targets with at least 50 samples
2025-07-28 11:36:17,777 - INFO - 
============================================================
2025-07-28 11:36:17,777 - INFO - Processing target 1/33: P00352
2025-07-28 11:36:17,777 - INFO - ============================================================
2025-07-28 11:36:17,796 - INFO - Processing target P00352 with 76322 samples
2025-07-28 11:36:17,796 - INFO - Loading global molecule descriptor cache...
2025-07-28 11:40:43,627 - INFO - Global cache contains 133045 unique molecules
2025-07-28 11:40:43,672 - INFO - Successfully loaded 76322 descriptors from global cache
2025-07-28 11:41:25,961 - INFO - Feature matrix shape: (76322, 522), Target vector shape: (76322,)
2025-07-28 11:41:28,470 - INFO - Training Random Forest model...
2025-07-28 11:41:28,809 - INFO - Training set: 61057 samples, Test set: 15265 samples
2025-07-28 11:41:54,150 - INFO - Training completed in 25.68s
2025-07-28 11:41:54,151 - INFO - R²: 0.197, RMSE: 0.422, CV R²: 0.181 ± 0.006
2025-07-28 11:41:54,276 - INFO - Model saved to /home/serramelendezcsm/RA/Avoidome/analyses/qsar_avoidome/P00352/RandomForest_model.pkl
2025-07-28 11:41:54,311 - INFO - Metadata saved to /home/serramelendezcsm/RA/Avoidome/analyses/qsar_avoidome/P00352/RandomForest_metadata.json
2025-07-28 11:41:54,311 - INFO - Creating performance plots...
2025-07-28 11:41:54,913 - INFO - Performance plot saved to /home/serramelendezcsm/RA/Avoidome/analyses/qsar_avoidome/P00352/P00352_performance.png
2025-07-28 11:41:54,914 - INFO - Completed modeling for P00352 in 337.14s
2025-07-28 11:41:54,914 - INFO - 
============================================================
2025-07-28 11:41:54,914 - INFO - Processing target 2/33: Q12809
2025-07-28 11:41:54,914 - INFO - ============================================================
2025-07-28 11:41:54,931 - INFO - Processing target Q12809 with 23660 samples
2025-07-28 11:41:54,931 - INFO - Loading global molecule descriptor cache...
2025-07-28 11:46:21,120 - INFO - Global cache contains 133045 unique molecules
2025-07-28 11:46:21,131 - INFO - Successfully loaded 23660 descriptors from global cache
2025-07-28 11:46:36,097 - INFO - Feature matrix shape: (23660, 522), Target vector shape: (23660,)
2025-07-28 11:46:36,363 - INFO - Training Random Forest model...
2025-07-28 11:46:36,458 - INFO - Training set: 18928 samples, Test set: 4732 samples
2025-07-28 11:46:42,696 - INFO - Training completed in 6.33s
2025-07-28 11:46:42,697 - INFO - R²: 0.743, RMSE: 0.471, CV R²: 0.718 ± 0.007
2025-07-28 11:46:42,827 - INFO - Model saved to /home/serramelendezcsm/RA/Avoidome/analyses/qsar_avoidome/Q12809/RandomForest_model.pkl
2025-07-28 11:46:42,855 - INFO - Metadata saved to /home/serramelendezcsm/RA/Avoidome/analyses/qsar_avoidome/Q12809/RandomForest_metadata.json
2025-07-28 11:46:42,855 - INFO - Creating performance plots...
2025-07-28 11:46:43,329 - INFO - Performance plot saved to /home/serramelendezcsm/RA/Avoidome/analyses/qsar_avoidome/Q12809/Q12809_performance.png
2025-07-28 11:46:43,329 - INFO - Completed modeling for Q12809 in 288.42s
2025-07-28 11:46:43,329 - INFO - 
============================================================
2025-07-28 11:46:43,329 - INFO - Processing target 3/33: P33261
2025-07-28 11:46:43,329 - INFO - ============================================================
2025-07-28 11:46:43,342 - INFO - Processing target P33261 with 14227 samples
2025-07-28 11:46:43,342 - INFO - Loading global molecule descriptor cache...
2025-07-28 11:51:09,282 - INFO - Global cache contains 133045 unique molecules
2025-07-28 11:51:09,290 - INFO - Successfully loaded 14227 descriptors from global cache
2025-07-28 11:51:19,369 - INFO - Feature matrix shape: (14227, 522), Target vector shape: (14227,)
2025-07-28 11:51:19,773 - INFO - Training Random Forest model...
2025-07-28 11:51:19,817 - INFO - Training set: 11381 samples, Test set: 2846 samples
2025-07-28 11:51:24,712 - INFO - Training completed in 4.94s
2025-07-28 11:51:24,714 - INFO - R²: 0.316, RMSE: 0.594, CV R²: 0.330 ± 0.024
2025-07-28 11:51:24,784 - INFO - Model saved to /home/serramelendezcsm/RA/Avoidome/analyses/qsar_avoidome/P33261/RandomForest_model.pkl
2025-07-28 11:51:24,834 - INFO - Metadata saved to /home/serramelendezcsm/RA/Avoidome/analyses/qsar_avoidome/P33261/RandomForest_metadata.json
2025-07-28 11:51:24,834 - INFO - Creating performance plots...
2025-07-28 11:51:25,235 - INFO - Performance plot saved to /home/serramelendezcsm/RA/Avoidome/analyses/qsar_avoidome/P33261/P33261_performance.png
2025-07-28 11:51:25,235 - INFO - Completed modeling for P33261 in 281.91s
2025-07-28 11:51:25,235 - INFO - 
============================================================
2025-07-28 11:51:25,236 - INFO - Processing target 4/33: P11712
2025-07-28 11:51:25,236 - INFO - ============================================================
2025-07-28 11:51:25,248 - INFO - Processing target P11712 with 13338 samples
2025-07-28 11:51:25,248 - INFO - Loading global molecule descriptor cache...
2025-07-28 11:55:48,229 - INFO - Global cache contains 133045 unique molecules
2025-07-28 11:55:48,237 - INFO - Successfully loaded 13338 descriptors from global cache
2025-07-28 11:55:57,556 - INFO - Feature matrix shape: (13338, 522), Target vector shape: (13338,)
2025-07-28 11:55:57,916 - INFO - Training Random Forest model...
2025-07-28 11:55:57,955 - INFO - Training set: 10670 samples, Test set: 2668 samples
2025-07-28 11:56:02,787 - INFO - Training completed in 4.87s
2025-07-28 11:56:02,788 - INFO - R²: 0.342, RMSE: 0.568, CV R²: 0.318 ± 0.032
2025-07-28 11:56:02,881 - INFO - Model saved to /home/serramelendezcsm/RA/Avoidome/analyses/qsar_avoidome/P11712/RandomForest_model.pkl
2025-07-28 11:56:02,910 - INFO - Metadata saved to /home/serramelendezcsm/RA/Avoidome/analyses/qsar_avoidome/P11712/RandomForest_metadata.json
2025-07-28 11:56:02,910 - INFO - Creating performance plots...
2025-07-28 11:56:03,317 - INFO - Performance plot saved to /home/serramelendezcsm/RA/Avoidome/analyses/qsar_avoidome/P11712/P11712_performance.png
2025-07-28 11:56:03,318 - INFO - Completed modeling for P11712 in 278.08s
2025-07-28 11:56:03,318 - INFO - 
============================================================
2025-07-28 11:56:03,318 - INFO - Processing target 5/33: P31645
2025-07-28 11:56:03,318 - INFO - ============================================================
2025-07-28 11:56:03,329 - INFO - Processing target P31645 with 12942 samples
2025-07-28 11:56:03,330 - INFO - Loading global molecule descriptor cache...
2025-07-28 12:00:29,237 - INFO - Global cache contains 133045 unique molecules
2025-07-28 12:00:29,243 - INFO - Successfully loaded 12942 descriptors from global cache
2025-07-28 12:00:38,783 - INFO - Feature matrix shape: (12942, 522), Target vector shape: (12942,)
2025-07-28 12:00:38,933 - INFO - Training Random Forest model...
2025-07-28 12:00:38,976 - INFO - Training set: 10353 samples, Test set: 2589 samples
2025-07-28 12:00:43,333 - INFO - Training completed in 4.40s
2025-07-28 12:00:43,334 - INFO - R²: 0.802, RMSE: 0.551, CV R²: 0.773 ± 0.013
2025-07-28 12:00:43,434 - INFO - Model saved to /home/serramelendezcsm/RA/Avoidome/analyses/qsar_avoidome/P31645/RandomForest_model.pkl
2025-07-28 12:00:43,468 - INFO - Metadata saved to /home/serramelendezcsm/RA/Avoidome/analyses/qsar_avoidome/P31645/RandomForest_metadata.json
2025-07-28 12:00:43,468 - INFO - Creating performance plots...
2025-07-28 12:00:43,907 - INFO - Performance plot saved to /home/serramelendezcsm/RA/Avoidome/analyses/qsar_avoidome/P31645/P31645_performance.png
2025-07-28 12:00:43,907 - INFO - Completed modeling for P31645 in 280.59s
2025-07-28 12:00:43,908 - INFO - 
============================================================
2025-07-28 12:00:43,908 - INFO - Processing target 6/33: P10635
2025-07-28 12:00:43,908 - INFO - ============================================================
2025-07-28 12:00:43,920 - INFO - Processing target P10635 with 12330 samples
2025-07-28 12:00:43,921 - INFO - Loading global molecule descriptor cache...
2025-07-28 12:05:10,449 - INFO - Global cache contains 133045 unique molecules
2025-07-28 12:05:10,456 - INFO - Successfully loaded 12330 descriptors from global cache
2025-07-28 12:05:19,723 - INFO - Feature matrix shape: (12330, 522), Target vector shape: (12330,)
2025-07-28 12:05:20,102 - INFO - Training Random Forest model...
2025-07-28 12:05:20,137 - INFO - Training set: 9864 samples, Test set: 2466 samples
2025-07-28 12:05:24,828 - INFO - Training completed in 4.73s
2025-07-28 12:05:24,829 - INFO - R²: 0.407, RMSE: 0.584, CV R²: 0.396 ± 0.023
2025-07-28 12:05:24,865 - INFO - Model saved to /home/serramelendezcsm/RA/Avoidome/analyses/qsar_avoidome/P10635/RandomForest_model.pkl
2025-07-28 12:05:24,865 - INFO - Metadata saved to /home/serramelendezcsm/RA/Avoidome/analyses/qsar_avoidome/P10635/RandomForest_metadata.json
2025-07-28 12:05:24,865 - INFO - Creating performance plots...
2025-07-28 12:05:25,272 - INFO - Performance plot saved to /home/serramelendezcsm/RA/Avoidome/analyses/qsar_avoidome/P10635/P10635_performance.png
2025-07-28 12:05:25,272 - INFO - Completed modeling for P10635 in 281.36s
2025-07-28 12:05:25,272 - INFO - 
============================================================
2025-07-28 12:05:25,272 - INFO - Processing target 7/33: P05177
2025-07-28 12:05:25,272 - INFO - ============================================================
2025-07-28 12:05:25,284 - INFO - Processing target P05177 with 11398 samples
2025-07-28 12:05:25,284 - INFO - Loading global molecule descriptor cache...
2025-07-28 12:09:49,817 - INFO - Global cache contains 133045 unique molecules
2025-07-28 12:09:49,824 - INFO - Successfully loaded 11398 descriptors from global cache
2025-07-28 12:09:58,720 - INFO - Feature matrix shape: (11398, 522), Target vector shape: (11398,)
2025-07-28 12:09:59,089 - INFO - Training Random Forest model...
2025-07-28 12:09:59,136 - INFO - Training set: 9118 samples, Test set: 2280 samples
2025-07-28 12:10:03,411 - INFO - Training completed in 4.32s
2025-07-28 12:10:03,411 - INFO - R²: 0.438, RMSE: 0.534, CV R²: 0.394 ± 0.037
2025-07-28 12:10:03,522 - INFO - Model saved to /home/serramelendezcsm/RA/Avoidome/analyses/qsar_avoidome/P05177/RandomForest_model.pkl
2025-07-28 12:10:03,551 - INFO - Metadata saved to /home/serramelendezcsm/RA/Avoidome/analyses/qsar_avoidome/P05177/RandomForest_metadata.json
2025-07-28 12:10:03,551 - INFO - Creating performance plots...
2025-07-28 12:10:03,953 - INFO - Performance plot saved to /home/serramelendezcsm/RA/Avoidome/analyses/qsar_avoidome/P05177/P05177_performance.png
2025-07-28 12:10:03,953 - INFO - Completed modeling for P05177 in 278.68s
2025-07-28 12:10:03,953 - INFO - 
============================================================
2025-07-28 12:10:03,953 - INFO - Processing target 8/33: P23975
2025-07-28 12:10:03,953 - INFO - ============================================================
2025-07-28 12:10:03,964 - INFO - Processing target P23975 with 9662 samples
2025-07-28 12:10:03,964 - INFO - Loading global molecule descriptor cache...
2025-07-28 12:14:30,681 - INFO - Global cache contains 133045 unique molecules
2025-07-28 12:14:30,686 - INFO - Successfully loaded 9662 descriptors from global cache
2025-07-28 12:14:38,411 - INFO - Feature matrix shape: (9662, 522), Target vector shape: (9662,)
2025-07-28 12:14:38,518 - INFO - Training Random Forest model...
2025-07-28 12:14:38,548 - INFO - Training set: 7729 samples, Test set: 1933 samples
2025-07-28 12:14:42,130 - INFO - Training completed in 3.61s
2025-07-28 12:14:42,131 - INFO - R²: 0.782, RMSE: 0.534, CV R²: 0.776 ± 0.010
2025-07-28 12:14:42,168 - INFO - Model saved to /home/serramelendezcsm/RA/Avoidome/analyses/qsar_avoidome/P23975/RandomForest_model.pkl
2025-07-28 12:14:42,168 - INFO - Metadata saved to /home/serramelendezcsm/RA/Avoidome/analyses/qsar_avoidome/P23975/RandomForest_metadata.json
2025-07-28 12:14:42,168 - INFO - Creating performance plots...
2025-07-28 12:14:42,584 - INFO - Performance plot saved to /home/serramelendezcsm/RA/Avoidome/analyses/qsar_avoidome/P23975/P23975_performance.png
2025-07-28 12:14:42,584 - INFO - Completed modeling for P23975 in 278.63s
2025-07-28 12:14:42,584 - INFO - 
============================================================
2025-07-28 12:14:42,584 - INFO - Processing target 9/33: P34972
2025-07-28 12:14:42,584 - INFO - ============================================================
2025-07-28 12:14:42,595 - INFO - Processing target P34972 with 9599 samples
2025-07-28 12:14:42,595 - INFO - Loading global molecule descriptor cache...
2025-07-28 12:19:11,703 - INFO - Global cache contains 133045 unique molecules
2025-07-28 12:19:11,709 - INFO - Successfully loaded 9599 descriptors from global cache
2025-07-28 12:19:19,690 - INFO - Feature matrix shape: (9599, 522), Target vector shape: (9599,)
2025-07-28 12:19:19,875 - INFO - Training Random Forest model...
2025-07-28 12:19:19,907 - INFO - Training set: 7679 samples, Test set: 1920 samples
2025-07-28 12:19:23,790 - INFO - Training completed in 3.91s
2025-07-28 12:19:23,791 - INFO - R²: 0.615, RMSE: 0.730, CV R²: 0.596 ± 0.004
2025-07-28 12:19:23,828 - INFO - Model saved to /home/serramelendezcsm/RA/Avoidome/analyses/qsar_avoidome/P34972/RandomForest_model.pkl
2025-07-28 12:19:23,829 - INFO - Metadata saved to /home/serramelendezcsm/RA/Avoidome/analyses/qsar_avoidome/P34972/RandomForest_metadata.json
2025-07-28 12:19:23,829 - INFO - Creating performance plots...
2025-07-28 12:19:24,270 - INFO - Performance plot saved to /home/serramelendezcsm/RA/Avoidome/analyses/qsar_avoidome/P34972/P34972_performance.png
2025-07-28 12:19:24,270 - INFO - Completed modeling for P34972 in 281.69s
2025-07-28 12:19:24,270 - INFO - 
============================================================
2025-07-28 12:19:24,270 - INFO - Processing target 10/33: P27338
2025-07-28 12:19:24,270 - INFO - ============================================================
2025-07-28 12:19:24,280 - INFO - Processing target P27338 with 5418 samples
2025-07-28 12:19:24,280 - INFO - Loading global molecule descriptor cache...
2025-07-28 12:23:50,744 - INFO - Global cache contains 133045 unique molecules
2025-07-28 12:23:50,748 - INFO - Successfully loaded 5418 descriptors from global cache
2025-07-28 12:23:56,773 - INFO - Feature matrix shape: (5418, 522), Target vector shape: (5418,)
2025-07-28 12:23:56,915 - INFO - Training Random Forest model...
2025-07-28 12:23:56,929 - INFO - Training set: 4334 samples, Test set: 1084 samples
2025-07-28 12:23:59,581 - INFO - Training completed in 2.67s
2025-07-28 12:23:59,582 - INFO - R²: 0.616, RMSE: 0.785, CV R²: 0.603 ± 0.017
2025-07-28 12:23:59,619 - INFO - Model saved to /home/serramelendezcsm/RA/Avoidome/analyses/qsar_avoidome/P27338/RandomForest_model.pkl
2025-07-28 12:23:59,619 - INFO - Metadata saved to /home/serramelendezcsm/RA/Avoidome/analyses/qsar_avoidome/P27338/RandomForest_metadata.json
2025-07-28 12:23:59,619 - INFO - Creating performance plots...
2025-07-28 12:24:00,020 - INFO - Performance plot saved to /home/serramelendezcsm/RA/Avoidome/analyses/qsar_avoidome/P27338/P27338_performance.png
2025-07-28 12:24:00,020 - INFO - Completed modeling for P27338 in 275.75s
2025-07-28 12:24:00,020 - INFO - 
============================================================
2025-07-28 12:24:00,020 - INFO - Processing target 11/33: P28845
2025-07-28 12:24:00,020 - INFO - ============================================================
2025-07-28 12:24:00,029 - INFO - Processing target P28845 with 4705 samples
2025-07-28 12:24:00,030 - INFO - Loading global molecule descriptor cache...
2025-07-28 12:28:28,945 - INFO - Global cache contains 133045 unique molecules
2025-07-28 12:28:28,947 - INFO - Successfully loaded 4705 descriptors from global cache
2025-07-28 12:28:34,811 - INFO - Feature matrix shape: (4705, 522), Target vector shape: (4705,)
2025-07-28 12:28:34,911 - INFO - Training Random Forest model...
2025-07-28 12:28:34,922 - INFO - Training set: 3764 samples, Test set: 941 samples
2025-07-28 12:28:37,352 - INFO - Training completed in 2.44s
2025-07-28 12:28:37,353 - INFO - R²: 0.598, RMSE: 0.682, CV R²: 0.591 ± 0.023
2025-07-28 12:28:37,388 - INFO - Model saved to /home/serramelendezcsm/RA/Avoidome/analyses/qsar_avoidome/P28845/RandomForest_model.pkl
2025-07-28 12:28:37,388 - INFO - Metadata saved to /home/serramelendezcsm/RA/Avoidome/analyses/qsar_avoidome/P28845/RandomForest_metadata.json
2025-07-28 12:28:37,388 - INFO - Creating performance plots...
2025-07-28 12:28:37,791 - INFO - Performance plot saved to /home/serramelendezcsm/RA/Avoidome/analyses/qsar_avoidome/P28845/P28845_performance.png
2025-07-28 12:28:37,791 - INFO - Completed modeling for P28845 in 277.77s
2025-07-28 12:28:37,791 - INFO - 
============================================================
2025-07-28 12:28:37,791 - INFO - Processing target 12/33: Q01959
2025-07-28 12:28:37,791 - INFO - ============================================================
2025-07-28 12:28:37,800 - INFO - Processing target Q01959 with 4438 samples
2025-07-28 12:28:37,800 - INFO - Loading global molecule descriptor cache...
2025-07-28 12:33:07,037 - INFO - Global cache contains 133045 unique molecules
2025-07-28 12:33:07,040 - INFO - Successfully loaded 4438 descriptors from global cache
2025-07-28 12:33:12,496 - INFO - Feature matrix shape: (4438, 522), Target vector shape: (4438,)
2025-07-28 12:33:12,583 - INFO - Training Random Forest model...
2025-07-28 12:33:12,596 - INFO - Training set: 3550 samples, Test set: 888 samples
2025-07-28 12:33:14,978 - INFO - Training completed in 2.39s
2025-07-28 12:33:14,978 - INFO - R²: 0.709, RMSE: 0.632, CV R²: 0.667 ± 0.012
2025-07-28 12:33:15,014 - INFO - Model saved to /home/serramelendezcsm/RA/Avoidome/analyses/qsar_avoidome/Q01959/RandomForest_model.pkl
2025-07-28 12:33:15,014 - INFO - Metadata saved to /home/serramelendezcsm/RA/Avoidome/analyses/qsar_avoidome/Q01959/RandomForest_metadata.json
2025-07-28 12:33:15,014 - INFO - Creating performance plots...
2025-07-28 12:33:15,404 - INFO - Performance plot saved to /home/serramelendezcsm/RA/Avoidome/analyses/qsar_avoidome/Q01959/Q01959_performance.png
2025-07-28 12:33:15,404 - INFO - Completed modeling for Q01959 in 277.61s
2025-07-28 12:33:15,404 - INFO - 
============================================================
2025-07-28 12:33:15,404 - INFO - Processing target 13/33: P11229
2025-07-28 12:33:15,404 - INFO - ============================================================
2025-07-28 12:33:15,413 - INFO - Processing target P11229 with 3742 samples
2025-07-28 12:33:15,413 - INFO - Loading global molecule descriptor cache...
2025-07-28 12:37:44,905 - INFO - Global cache contains 133045 unique molecules
2025-07-28 12:37:44,907 - INFO - Successfully loaded 3742 descriptors from global cache
2025-07-28 12:37:50,273 - INFO - Feature matrix shape: (3742, 522), Target vector shape: (3742,)
2025-07-28 12:37:50,373 - INFO - Training Random Forest model...
2025-07-28 12:37:50,384 - INFO - Training set: 2993 samples, Test set: 749 samples
2025-07-28 12:37:52,657 - INFO - Training completed in 2.28s
2025-07-28 12:37:52,657 - INFO - R²: 0.603, RMSE: 0.833, CV R²: 0.582 ± 0.028
2025-07-28 12:37:52,692 - INFO - Model saved to /home/serramelendezcsm/RA/Avoidome/analyses/qsar_avoidome/P11229/RandomForest_model.pkl
2025-07-28 12:37:52,693 - INFO - Metadata saved to /home/serramelendezcsm/RA/Avoidome/analyses/qsar_avoidome/P11229/RandomForest_metadata.json
2025-07-28 12:37:52,693 - INFO - Creating performance plots...
2025-07-28 12:37:53,078 - INFO - Performance plot saved to /home/serramelendezcsm/RA/Avoidome/analyses/qsar_avoidome/P11229/P11229_performance.png
2025-07-28 12:37:53,078 - INFO - Completed modeling for P11229 in 277.67s
2025-07-28 12:37:53,078 - INFO - 
============================================================
2025-07-28 12:37:53,078 - INFO - Processing target 14/33: P21397
2025-07-28 12:37:53,078 - INFO - ============================================================
2025-07-28 12:37:53,087 - INFO - Processing target P21397 with 3601 samples
2025-07-28 12:37:53,087 - INFO - Loading global molecule descriptor cache...
2025-07-28 12:42:19,891 - INFO - Global cache contains 133045 unique molecules
2025-07-28 12:42:19,894 - INFO - Successfully loaded 3601 descriptors from global cache
2025-07-28 12:42:25,246 - INFO - Feature matrix shape: (3601, 522), Target vector shape: (3601,)
2025-07-28 12:42:25,342 - INFO - Training Random Forest model...
2025-07-28 12:42:25,349 - INFO - Training set: 2880 samples, Test set: 721 samples
2025-07-28 12:42:27,490 - INFO - Training completed in 2.15s
2025-07-28 12:42:27,492 - INFO - R²: 0.587, RMSE: 0.800, CV R²: 0.573 ± 0.041
2025-07-28 12:42:27,524 - INFO - Model saved to /home/serramelendezcsm/RA/Avoidome/analyses/qsar_avoidome/P21397/RandomForest_model.pkl
2025-07-28 12:42:27,525 - INFO - Metadata saved to /home/serramelendezcsm/RA/Avoidome/analyses/qsar_avoidome/P21397/RandomForest_metadata.json
2025-07-28 12:42:27,525 - INFO - Creating performance plots...
2025-07-28 12:42:27,895 - INFO - Performance plot saved to /home/serramelendezcsm/RA/Avoidome/analyses/qsar_avoidome/P21397/P21397_performance.png
2025-07-28 12:42:27,895 - INFO - Completed modeling for P21397 in 274.82s
2025-07-28 12:42:27,895 - INFO - 
============================================================
2025-07-28 12:42:27,896 - INFO - Processing target 15/33: P08172
2025-07-28 12:42:27,896 - INFO - ============================================================
2025-07-28 12:42:27,904 - INFO - Processing target P08172 with 3245 samples
2025-07-28 12:42:27,904 - INFO - Loading global molecule descriptor cache...
2025-07-28 12:46:57,821 - INFO - Global cache contains 133045 unique molecules
2025-07-28 12:46:57,823 - INFO - Successfully loaded 3245 descriptors from global cache
2025-07-28 12:47:02,611 - INFO - Feature matrix shape: (3245, 522), Target vector shape: (3245,)
2025-07-28 12:47:02,671 - INFO - Training Random Forest model...
2025-07-28 12:47:02,678 - INFO - Training set: 2596 samples, Test set: 649 samples
2025-07-28 12:47:04,849 - INFO - Training completed in 2.18s
2025-07-28 12:47:04,849 - INFO - R²: 0.717, RMSE: 0.779, CV R²: 0.685 ± 0.016
2025-07-28 12:47:04,884 - INFO - Model saved to /home/serramelendezcsm/RA/Avoidome/analyses/qsar_avoidome/P08172/RandomForest_model.pkl
2025-07-28 12:47:04,884 - INFO - Metadata saved to /home/serramelendezcsm/RA/Avoidome/analyses/qsar_avoidome/P08172/RandomForest_metadata.json
2025-07-28 12:47:04,884 - INFO - Creating performance plots...
2025-07-28 12:47:05,273 - INFO - Performance plot saved to /home/serramelendezcsm/RA/Avoidome/analyses/qsar_avoidome/P08172/P08172_performance.png
2025-07-28 12:47:05,273 - INFO - Completed modeling for P08172 in 277.38s
2025-07-28 12:47:05,273 - INFO - 
============================================================
2025-07-28 12:47:05,273 - INFO - Processing target 16/33: P41595
2025-07-28 12:47:05,273 - INFO - ============================================================
2025-07-28 12:47:05,281 - INFO - Processing target P41595 with 3129 samples
2025-07-28 12:47:05,281 - INFO - Loading global molecule descriptor cache...
2025-07-28 12:51:36,548 - INFO - Global cache contains 133045 unique molecules
2025-07-28 12:51:36,550 - INFO - Successfully loaded 3129 descriptors from global cache
2025-07-28 12:51:41,471 - INFO - Feature matrix shape: (3129, 522), Target vector shape: (3129,)
2025-07-28 12:51:41,553 - INFO - Training Random Forest model...
2025-07-28 12:51:41,561 - INFO - Training set: 2503 samples, Test set: 626 samples
2025-07-28 12:51:43,739 - INFO - Training completed in 2.19s
2025-07-28 12:51:43,740 - INFO - R²: 0.498, RMSE: 0.737, CV R²: 0.412 ± 0.033
2025-07-28 12:51:43,773 - INFO - Model saved to /home/serramelendezcsm/RA/Avoidome/analyses/qsar_avoidome/P41595/RandomForest_model.pkl
2025-07-28 12:51:43,773 - INFO - Metadata saved to /home/serramelendezcsm/RA/Avoidome/analyses/qsar_avoidome/P41595/RandomForest_metadata.json
2025-07-28 12:51:43,773 - INFO - Creating performance plots...
2025-07-28 12:51:44,139 - INFO - Performance plot saved to /home/serramelendezcsm/RA/Avoidome/analyses/qsar_avoidome/P41595/P41595_performance.png
2025-07-28 12:51:44,139 - INFO - Completed modeling for P41595 in 278.87s
2025-07-28 12:51:44,139 - INFO - 
============================================================
2025-07-28 12:51:44,139 - INFO - Processing target 17/33: P35348
2025-07-28 12:51:44,139 - INFO - ============================================================
2025-07-28 12:51:44,148 - INFO - Processing target P35348 with 3049 samples
2025-07-28 12:51:44,148 - INFO - Loading global molecule descriptor cache...
2025-07-28 12:56:10,767 - INFO - Global cache contains 133045 unique molecules
2025-07-28 12:56:10,769 - INFO - Successfully loaded 3049 descriptors from global cache
2025-07-28 12:56:15,442 - INFO - Feature matrix shape: (3049, 522), Target vector shape: (3049,)
2025-07-28 12:56:15,513 - INFO - Training Random Forest model...
2025-07-28 12:56:15,520 - INFO - Training set: 2439 samples, Test set: 610 samples
2025-07-28 12:56:17,689 - INFO - Training completed in 2.18s
2025-07-28 12:56:17,690 - INFO - R²: 0.676, RMSE: 0.831, CV R²: 0.665 ± 0.024
2025-07-28 12:56:17,723 - INFO - Model saved to /home/serramelendezcsm/RA/Avoidome/analyses/qsar_avoidome/P35348/RandomForest_model.pkl
2025-07-28 12:56:17,723 - INFO - Metadata saved to /home/serramelendezcsm/RA/Avoidome/analyses/qsar_avoidome/P35348/RandomForest_metadata.json
2025-07-28 12:56:17,723 - INFO - Creating performance plots...
2025-07-28 12:56:18,104 - INFO - Performance plot saved to /home/serramelendezcsm/RA/Avoidome/analyses/qsar_avoidome/P35348/P35348_performance.png
2025-07-28 12:56:18,104 - INFO - Completed modeling for P35348 in 273.96s
2025-07-28 12:56:18,104 - INFO - 
============================================================
2025-07-28 12:56:18,104 - INFO - Processing target 18/33: P07550
2025-07-28 12:56:18,104 - INFO - ============================================================
2025-07-28 12:56:18,112 - INFO - Processing target P07550 with 3035 samples
2025-07-28 12:56:18,112 - INFO - Loading global molecule descriptor cache...
2025-07-28 13:00:43,215 - INFO - Global cache contains 133045 unique molecules
2025-07-28 13:00:43,217 - INFO - Successfully loaded 3035 descriptors from global cache
2025-07-28 13:00:47,721 - INFO - Feature matrix shape: (3035, 522), Target vector shape: (3035,)
2025-07-28 13:00:47,773 - INFO - Training Random Forest model...
2025-07-28 13:00:47,779 - INFO - Training set: 2428 samples, Test set: 607 samples
2025-07-28 13:00:49,864 - INFO - Training completed in 2.09s
2025-07-28 13:00:49,864 - INFO - R²: 0.707, RMSE: 0.886, CV R²: 0.716 ± 0.017
2025-07-28 13:00:49,900 - INFO - Model saved to /home/serramelendezcsm/RA/Avoidome/analyses/qsar_avoidome/P07550/RandomForest_model.pkl
2025-07-28 13:00:49,900 - INFO - Metadata saved to /home/serramelendezcsm/RA/Avoidome/analyses/qsar_avoidome/P07550/RandomForest_metadata.json
2025-07-28 13:00:49,900 - INFO - Creating performance plots...
2025-07-28 13:00:50,280 - INFO - Performance plot saved to /home/serramelendezcsm/RA/Avoidome/analyses/qsar_avoidome/P07550/P07550_performance.png
2025-07-28 13:00:50,280 - INFO - Completed modeling for P07550 in 272.18s
2025-07-28 13:00:50,280 - INFO - 
============================================================
2025-07-28 13:00:50,280 - INFO - Processing target 19/33: P20309
2025-07-28 13:00:50,280 - INFO - ============================================================
2025-07-28 13:00:50,288 - INFO - Processing target P20309 with 2974 samples
2025-07-28 13:00:50,288 - INFO - Loading global molecule descriptor cache...
2025-07-28 13:05:18,070 - INFO - Global cache contains 133045 unique molecules
2025-07-28 13:05:18,073 - INFO - Successfully loaded 2974 descriptors from global cache
2025-07-28 13:05:22,725 - INFO - Feature matrix shape: (2974, 522), Target vector shape: (2974,)
2025-07-28 13:05:22,807 - INFO - Training Random Forest model...
2025-07-28 13:05:22,813 - INFO - Training set: 2379 samples, Test set: 595 samples
2025-07-28 13:05:24,946 - INFO - Training completed in 2.14s
2025-07-28 13:05:24,947 - INFO - R²: 0.779, RMSE: 0.815, CV R²: 0.771 ± 0.010
2025-07-28 13:05:24,984 - INFO - Model saved to /home/serramelendezcsm/RA/Avoidome/analyses/qsar_avoidome/P20309/RandomForest_model.pkl
2025-07-28 13:05:24,985 - INFO - Metadata saved to /home/serramelendezcsm/RA/Avoidome/analyses/qsar_avoidome/P20309/RandomForest_metadata.json
2025-07-28 13:05:24,985 - INFO - Creating performance plots...
2025-07-28 13:05:25,355 - INFO - Performance plot saved to /home/serramelendezcsm/RA/Avoidome/analyses/qsar_avoidome/P20309/P20309_performance.png
2025-07-28 13:05:25,355 - INFO - Completed modeling for P20309 in 275.08s
2025-07-28 13:05:25,355 - INFO - 
============================================================
2025-07-28 13:05:25,355 - INFO - Processing target 20/33: P35367
2025-07-28 13:05:25,355 - INFO - ============================================================
2025-07-28 13:05:25,364 - INFO - Processing target P35367 with 2429 samples
2025-07-28 13:05:25,364 - INFO - Loading global molecule descriptor cache...
2025-07-28 13:09:50,251 - INFO - Global cache contains 133045 unique molecules
2025-07-28 13:09:50,253 - INFO - Successfully loaded 2429 descriptors from global cache
2025-07-28 13:09:54,677 - INFO - Feature matrix shape: (2429, 522), Target vector shape: (2429,)
2025-07-28 13:09:54,736 - INFO - Training Random Forest model...
2025-07-28 13:09:54,740 - INFO - Training set: 1943 samples, Test set: 486 samples
2025-07-28 13:09:56,775 - INFO - Training completed in 2.04s
2025-07-28 13:09:56,775 - INFO - R²: 0.601, RMSE: 0.836, CV R²: 0.598 ± 0.043
2025-07-28 13:09:56,808 - INFO - Model saved to /home/serramelendezcsm/RA/Avoidome/analyses/qsar_avoidome/P35367/RandomForest_model.pkl
2025-07-28 13:09:56,808 - INFO - Metadata saved to /home/serramelendezcsm/RA/Avoidome/analyses/qsar_avoidome/P35367/RandomForest_metadata.json
2025-07-28 13:09:56,808 - INFO - Creating performance plots...
2025-07-28 13:09:57,170 - INFO - Performance plot saved to /home/serramelendezcsm/RA/Avoidome/analyses/qsar_avoidome/P35367/P35367_performance.png
2025-07-28 13:09:57,170 - INFO - Completed modeling for P35367 in 271.82s
2025-07-28 13:09:57,170 - INFO - 
============================================================
2025-07-28 13:09:57,170 - INFO - Processing target 21/33: P08588
2025-07-28 13:09:57,170 - INFO - ============================================================
2025-07-28 13:09:57,178 - INFO - Processing target P08588 with 1985 samples
2025-07-28 13:09:57,178 - INFO - Loading global molecule descriptor cache...
2025-07-28 13:14:23,815 - INFO - Global cache contains 133045 unique molecules
2025-07-28 13:14:23,817 - INFO - Successfully loaded 1985 descriptors from global cache
2025-07-28 13:14:28,279 - INFO - Feature matrix shape: (1985, 522), Target vector shape: (1985,)
2025-07-28 13:14:28,335 - INFO - Training Random Forest model...
2025-07-28 13:14:28,340 - INFO - Training set: 1588 samples, Test set: 397 samples
2025-07-28 13:14:30,482 - INFO - Training completed in 2.15s
2025-07-28 13:14:30,482 - INFO - R²: 0.610, RMSE: 0.796, CV R²: 0.618 ± 0.036
2025-07-28 13:14:30,521 - INFO - Model saved to /home/serramelendezcsm/RA/Avoidome/analyses/qsar_avoidome/P08588/RandomForest_model.pkl
2025-07-28 13:14:30,521 - INFO - Metadata saved to /home/serramelendezcsm/RA/Avoidome/analyses/qsar_avoidome/P08588/RandomForest_metadata.json
2025-07-28 13:14:30,521 - INFO - Creating performance plots...
2025-07-28 13:14:31,103 - INFO - Performance plot saved to /home/serramelendezcsm/RA/Avoidome/analyses/qsar_avoidome/P08588/P08588_performance.png
2025-07-28 13:14:31,103 - INFO - Completed modeling for P08588 in 273.93s
2025-07-28 13:14:31,103 - INFO - 
============================================================
2025-07-28 13:14:31,103 - INFO - Processing target 22/33: P08913
2025-07-28 13:14:31,103 - INFO - ============================================================
2025-07-28 13:14:31,116 - INFO - Processing target P08913 with 1845 samples
2025-07-28 13:14:31,116 - INFO - Loading global molecule descriptor cache...
2025-07-28 13:18:59,840 - INFO - Global cache contains 133045 unique molecules
2025-07-28 13:18:59,841 - INFO - Successfully loaded 1845 descriptors from global cache
2025-07-28 13:19:03,937 - INFO - Feature matrix shape: (1845, 522), Target vector shape: (1845,)
2025-07-28 13:19:03,986 - INFO - Training Random Forest model...
2025-07-28 13:19:03,991 - INFO - Training set: 1476 samples, Test set: 369 samples
2025-07-28 13:19:06,013 - INFO - Training completed in 2.03s
2025-07-28 13:19:06,014 - INFO - R²: 0.606, RMSE: 0.811, CV R²: 0.584 ± 0.050
2025-07-28 13:19:06,052 - INFO - Model saved to /home/serramelendezcsm/RA/Avoidome/analyses/qsar_avoidome/P08913/RandomForest_model.pkl
2025-07-28 13:19:06,052 - INFO - Metadata saved to /home/serramelendezcsm/RA/Avoidome/analyses/qsar_avoidome/P08913/RandomForest_metadata.json
2025-07-28 13:19:06,053 - INFO - Creating performance plots...
2025-07-28 13:19:06,690 - INFO - Performance plot saved to /home/serramelendezcsm/RA/Avoidome/analyses/qsar_avoidome/P08913/P08913_performance.png
2025-07-28 13:19:06,690 - INFO - Completed modeling for P08913 in 275.59s
2025-07-28 13:19:06,690 - INFO - 
============================================================
2025-07-28 13:19:06,690 - INFO - Processing target 23/33: P36544
2025-07-28 13:19:06,690 - INFO - ============================================================
2025-07-28 13:19:06,703 - INFO - Processing target P36544 with 1569 samples
2025-07-28 13:19:06,703 - INFO - Loading global molecule descriptor cache...
2025-07-28 13:23:32,429 - INFO - Global cache contains 133045 unique molecules
2025-07-28 13:23:32,431 - INFO - Successfully loaded 1569 descriptors from global cache
2025-07-28 13:23:36,276 - INFO - Feature matrix shape: (1569, 522), Target vector shape: (1569,)
2025-07-28 13:23:36,297 - INFO - Training Random Forest model...
2025-07-28 13:23:36,302 - INFO - Training set: 1255 samples, Test set: 314 samples
2025-07-28 13:23:38,303 - INFO - Training completed in 2.00s
2025-07-28 13:23:38,303 - INFO - R²: 0.505, RMSE: 0.853, CV R²: 0.550 ± 0.085
2025-07-28 13:23:38,335 - INFO - Model saved to /home/serramelendezcsm/RA/Avoidome/analyses/qsar_avoidome/P36544/RandomForest_model.pkl
2025-07-28 13:23:38,335 - INFO - Metadata saved to /home/serramelendezcsm/RA/Avoidome/analyses/qsar_avoidome/P36544/RandomForest_metadata.json
2025-07-28 13:23:38,335 - INFO - Creating performance plots...
2025-07-28 13:23:38,670 - INFO - Performance plot saved to /home/serramelendezcsm/RA/Avoidome/analyses/qsar_avoidome/P36544/P36544_performance.png
2025-07-28 13:23:38,671 - INFO - Completed modeling for P36544 in 271.98s
2025-07-28 13:23:38,671 - INFO - 
============================================================
2025-07-28 13:23:38,671 - INFO - Processing target 24/33: O75469
2025-07-28 13:23:38,671 - INFO - ============================================================
2025-07-28 13:23:38,678 - INFO - Processing target O75469 with 1402 samples
2025-07-28 13:23:38,678 - INFO - Loading global molecule descriptor cache...
2025-07-28 13:28:02,797 - INFO - Global cache contains 133045 unique molecules
2025-07-28 13:28:02,799 - INFO - Successfully loaded 1402 descriptors from global cache
2025-07-28 13:28:06,597 - INFO - Feature matrix shape: (1402, 522), Target vector shape: (1402,)
2025-07-28 13:28:06,618 - INFO - Training Random Forest model...
2025-07-28 13:28:06,622 - INFO - Training set: 1121 samples, Test set: 281 samples
2025-07-28 13:28:08,827 - INFO - Training completed in 2.21s
2025-07-28 13:28:08,828 - INFO - R²: 0.577, RMSE: 0.612, CV R²: 0.588 ± 0.015
2025-07-28 13:28:08,865 - INFO - Model saved to /home/serramelendezcsm/RA/Avoidome/analyses/qsar_avoidome/O75469/RandomForest_model.pkl
2025-07-28 13:28:08,866 - INFO - Metadata saved to /home/serramelendezcsm/RA/Avoidome/analyses/qsar_avoidome/O75469/RandomForest_metadata.json
2025-07-28 13:28:08,866 - INFO - Creating performance plots...
2025-07-28 13:28:09,442 - INFO - Performance plot saved to /home/serramelendezcsm/RA/Avoidome/analyses/qsar_avoidome/O75469/O75469_performance.png
2025-07-28 13:28:09,442 - INFO - Completed modeling for O75469 in 270.77s
2025-07-28 13:28:09,442 - INFO - 
============================================================
2025-07-28 13:28:09,442 - INFO - Processing target 25/33: Q14524
2025-07-28 13:28:09,442 - INFO - ============================================================
2025-07-28 13:28:09,455 - INFO - Processing target Q14524 with 1211 samples
2025-07-28 13:28:09,455 - INFO - Loading global molecule descriptor cache...
2025-07-28 13:32:35,346 - INFO - Global cache contains 133045 unique molecules
2025-07-28 13:32:35,347 - INFO - Successfully loaded 1211 descriptors from global cache
2025-07-28 13:32:39,381 - INFO - Feature matrix shape: (1211, 522), Target vector shape: (1211,)
2025-07-28 13:32:39,415 - INFO - Training Random Forest model...
2025-07-28 13:32:39,419 - INFO - Training set: 968 samples, Test set: 243 samples
2025-07-28 13:32:41,525 - INFO - Training completed in 2.11s
2025-07-28 13:32:41,525 - INFO - R²: 0.481, RMSE: 0.601, CV R²: 0.423 ± 0.055
2025-07-28 13:32:41,562 - INFO - Model saved to /home/serramelendezcsm/RA/Avoidome/analyses/qsar_avoidome/Q14524/RandomForest_model.pkl
2025-07-28 13:32:41,563 - INFO - Metadata saved to /home/serramelendezcsm/RA/Avoidome/analyses/qsar_avoidome/Q14524/RandomForest_metadata.json
2025-07-28 13:32:41,563 - INFO - Creating performance plots...
2025-07-28 13:32:42,115 - INFO - Performance plot saved to /home/serramelendezcsm/RA/Avoidome/analyses/qsar_avoidome/Q14524/Q14524_performance.png
2025-07-28 13:32:42,115 - INFO - Completed modeling for Q14524 in 272.67s
2025-07-28 13:32:42,115 - INFO - 
============================================================
2025-07-28 13:32:42,115 - INFO - Processing target 26/33: P47989
2025-07-28 13:32:42,115 - INFO - ============================================================
2025-07-28 13:32:42,127 - INFO - Processing target P47989 with 552 samples
2025-07-28 13:32:42,128 - INFO - Loading global molecule descriptor cache...
2025-07-28 13:37:07,395 - INFO - Global cache contains 133045 unique molecules
2025-07-28 13:37:07,395 - INFO - Successfully loaded 552 descriptors from global cache
2025-07-28 13:37:10,950 - INFO - Feature matrix shape: (552, 522), Target vector shape: (552,)
2025-07-28 13:37:10,959 - INFO - Training Random Forest model...
2025-07-28 13:37:10,961 - INFO - Training set: 441 samples, Test set: 111 samples
2025-07-28 13:37:12,929 - INFO - Training completed in 1.97s
2025-07-28 13:37:12,929 - INFO - R²: 0.485, RMSE: 0.928, CV R²: 0.590 ± 0.070
2025-07-28 13:37:12,965 - INFO - Model saved to /home/serramelendezcsm/RA/Avoidome/analyses/qsar_avoidome/P47989/RandomForest_model.pkl
2025-07-28 13:37:12,966 - INFO - Metadata saved to /home/serramelendezcsm/RA/Avoidome/analyses/qsar_avoidome/P47989/RandomForest_metadata.json
2025-07-28 13:37:12,966 - INFO - Creating performance plots...
2025-07-28 13:37:13,506 - INFO - Performance plot saved to /home/serramelendezcsm/RA/Avoidome/analyses/qsar_avoidome/P47989/P47989_performance.png
2025-07-28 13:37:13,506 - INFO - Completed modeling for P47989 in 271.39s
2025-07-28 13:37:13,506 - INFO - 
============================================================
2025-07-28 13:37:13,506 - INFO - Processing target 27/33: P35869
2025-07-28 13:37:13,506 - INFO - ============================================================
2025-07-28 13:37:13,518 - INFO - Processing target P35869 with 331 samples
2025-07-28 13:37:13,518 - INFO - Loading global molecule descriptor cache...
2025-07-28 13:42:05,248 - INFO - Global cache contains 133045 unique molecules
2025-07-28 13:42:05,249 - INFO - Successfully loaded 331 descriptors from global cache
2025-07-28 13:42:08,808 - INFO - Feature matrix shape: (331, 522), Target vector shape: (331,)
2025-07-28 13:42:08,815 - INFO - Training Random Forest model...
2025-07-28 13:42:08,816 - INFO - Training set: 264 samples, Test set: 67 samples
2025-07-28 13:42:10,625 - INFO - Training completed in 1.81s
2025-07-28 13:42:10,625 - INFO - R²: 0.589, RMSE: 0.928, CV R²: 0.392 ± 0.103
2025-07-28 13:42:10,661 - INFO - Model saved to /home/serramelendezcsm/RA/Avoidome/analyses/qsar_avoidome/P35869/RandomForest_model.pkl
2025-07-28 13:42:10,662 - INFO - Metadata saved to /home/serramelendezcsm/RA/Avoidome/analyses/qsar_avoidome/P35869/RandomForest_metadata.json
2025-07-28 13:42:10,662 - INFO - Creating performance plots...
2025-07-28 13:42:11,259 - INFO - Performance plot saved to /home/serramelendezcsm/RA/Avoidome/analyses/qsar_avoidome/P35869/P35869_performance.png
2025-07-28 13:42:11,259 - INFO - Completed modeling for P35869 in 297.75s
2025-07-28 13:42:11,259 - INFO - 
============================================================
2025-07-28 13:42:11,259 - INFO - Processing target 28/33: P20813
2025-07-28 13:42:11,259 - INFO - ============================================================
2025-07-28 13:42:11,271 - INFO - Processing target P20813 with 279 samples
2025-07-28 13:42:11,271 - INFO - Loading global molecule descriptor cache...
2025-07-28 13:46:39,346 - INFO - Global cache contains 133045 unique molecules
2025-07-28 13:46:39,347 - INFO - Successfully loaded 279 descriptors from global cache
2025-07-28 13:46:42,623 - INFO - Feature matrix shape: (279, 522), Target vector shape: (279,)
2025-07-28 13:46:42,632 - INFO - Training Random Forest model...
2025-07-28 13:46:42,633 - INFO - Training set: 223 samples, Test set: 56 samples
2025-07-28 13:46:44,426 - INFO - Training completed in 1.79s
2025-07-28 13:46:44,426 - INFO - R²: 0.494, RMSE: 0.506, CV R²: 0.342 ± 0.156
2025-07-28 13:46:44,462 - INFO - Model saved to /home/serramelendezcsm/RA/Avoidome/analyses/qsar_avoidome/P20813/RandomForest_model.pkl
2025-07-28 13:46:44,463 - INFO - Metadata saved to /home/serramelendezcsm/RA/Avoidome/analyses/qsar_avoidome/P20813/RandomForest_metadata.json
2025-07-28 13:46:44,463 - INFO - Creating performance plots...
2025-07-28 13:46:45,019 - INFO - Performance plot saved to /home/serramelendezcsm/RA/Avoidome/analyses/qsar_avoidome/P20813/P20813_performance.png
2025-07-28 13:46:45,019 - INFO - Completed modeling for P20813 in 273.76s
2025-07-28 13:46:45,019 - INFO - 
============================================================
2025-07-28 13:46:45,019 - INFO - Processing target 29/33: Q9Y6L6
2025-07-28 13:46:45,019 - INFO - ============================================================
2025-07-28 13:46:45,032 - INFO - Processing target Q9Y6L6 with 264 samples
2025-07-28 13:46:45,032 - INFO - Loading global molecule descriptor cache...
2025-07-28 13:51:12,123 - INFO - Global cache contains 133045 unique molecules
2025-07-28 13:51:12,123 - INFO - Successfully loaded 264 descriptors from global cache
2025-07-28 13:51:15,446 - INFO - Feature matrix shape: (264, 522), Target vector shape: (264,)
2025-07-28 13:51:15,475 - INFO - Training Random Forest model...
2025-07-28 13:51:15,476 - INFO - Training set: 211 samples, Test set: 53 samples
2025-07-28 13:51:17,320 - INFO - Training completed in 1.84s
2025-07-28 13:51:17,320 - INFO - R²: 0.489, RMSE: 0.406, CV R²: 0.384 ± 0.256
2025-07-28 13:51:17,356 - INFO - Model saved to /home/serramelendezcsm/RA/Avoidome/analyses/qsar_avoidome/Q9Y6L6/RandomForest_model.pkl
2025-07-28 13:51:17,356 - INFO - Metadata saved to /home/serramelendezcsm/RA/Avoidome/analyses/qsar_avoidome/Q9Y6L6/RandomForest_metadata.json
2025-07-28 13:51:17,356 - INFO - Creating performance plots...
2025-07-28 13:51:17,889 - INFO - Performance plot saved to /home/serramelendezcsm/RA/Avoidome/analyses/qsar_avoidome/Q9Y6L6/Q9Y6L6_performance.png
2025-07-28 13:51:17,889 - INFO - Completed modeling for Q9Y6L6 in 272.87s
2025-07-28 13:51:17,889 - INFO - 
============================================================
2025-07-28 13:51:17,889 - INFO - Processing target 30/33: Q14994
2025-07-28 13:51:17,889 - INFO - ============================================================
2025-07-28 13:51:17,901 - INFO - Processing target Q14994 with 226 samples
2025-07-28 13:51:17,902 - INFO - Loading global molecule descriptor cache...
2025-07-28 13:55:47,392 - INFO - Global cache contains 133045 unique molecules
2025-07-28 13:55:47,392 - INFO - Successfully loaded 226 descriptors from global cache
2025-07-28 13:55:50,724 - INFO - Feature matrix shape: (226, 522), Target vector shape: (226,)
2025-07-28 13:55:50,727 - INFO - Training Random Forest model...
2025-07-28 13:55:50,729 - INFO - Training set: 180 samples, Test set: 46 samples
2025-07-28 13:55:52,476 - INFO - Training completed in 1.75s
2025-07-28 13:55:52,477 - INFO - R²: 0.201, RMSE: 1.011, CV R²: 0.279 ± 0.263
2025-07-28 13:55:52,512 - INFO - Model saved to /home/serramelendezcsm/RA/Avoidome/analyses/qsar_avoidome/Q14994/RandomForest_model.pkl
2025-07-28 13:55:52,513 - INFO - Metadata saved to /home/serramelendezcsm/RA/Avoidome/analyses/qsar_avoidome/Q14994/RandomForest_metadata.json
2025-07-28 13:55:52,513 - INFO - Creating performance plots...
2025-07-28 13:55:53,033 - INFO - Performance plot saved to /home/serramelendezcsm/RA/Avoidome/analyses/qsar_avoidome/Q14994/Q14994_performance.png
2025-07-28 13:55:53,033 - INFO - Completed modeling for Q14994 in 275.14s
2025-07-28 13:55:53,033 - INFO - 
============================================================
2025-07-28 13:55:53,033 - INFO - Processing target 31/33: Q9NPD5
2025-07-28 13:55:53,033 - INFO - ============================================================
2025-07-28 13:55:53,046 - INFO - Processing target Q9NPD5 with 195 samples
2025-07-28 13:55:53,046 - INFO - Loading global molecule descriptor cache...
2025-07-28 14:00:21,347 - INFO - Global cache contains 133045 unique molecules
2025-07-28 14:00:21,347 - INFO - Successfully loaded 195 descriptors from global cache
2025-07-28 14:00:24,655 - INFO - Feature matrix shape: (195, 522), Target vector shape: (195,)
2025-07-28 14:00:24,658 - INFO - Training Random Forest model...
2025-07-28 14:00:24,662 - INFO - Training set: 156 samples, Test set: 39 samples
2025-07-28 14:00:26,477 - INFO - Training completed in 1.82s
2025-07-28 14:00:26,477 - INFO - R²: 0.411, RMSE: 0.473, CV R²: 0.308 ± 0.210
2025-07-28 14:00:26,513 - INFO - Model saved to /home/serramelendezcsm/RA/Avoidome/analyses/qsar_avoidome/Q9NPD5/RandomForest_model.pkl
2025-07-28 14:00:26,513 - INFO - Metadata saved to /home/serramelendezcsm/RA/Avoidome/analyses/qsar_avoidome/Q9NPD5/RandomForest_metadata.json
2025-07-28 14:00:26,513 - INFO - Creating performance plots...
2025-07-28 14:00:27,061 - INFO - Performance plot saved to /home/serramelendezcsm/RA/Avoidome/analyses/qsar_avoidome/Q9NPD5/Q9NPD5_performance.png
2025-07-28 14:00:27,061 - INFO - Completed modeling for Q9NPD5 in 274.03s
2025-07-28 14:00:27,061 - INFO - 
============================================================
2025-07-28 14:00:27,061 - INFO - Processing target 32/33: Q9GZZ6
2025-07-28 14:00:27,061 - INFO - ============================================================
2025-07-28 14:00:27,074 - INFO - Processing target Q9GZZ6 with 105 samples
2025-07-28 14:00:27,074 - INFO - Loading global molecule descriptor cache...
2025-07-28 14:04:51,404 - INFO - Global cache contains 133045 unique molecules
2025-07-28 14:04:51,405 - INFO - Successfully loaded 105 descriptors from global cache
2025-07-28 14:04:54,769 - INFO - Feature matrix shape: (105, 522), Target vector shape: (105,)
2025-07-28 14:04:54,771 - INFO - Training Random Forest model...
2025-07-28 14:04:54,772 - INFO - Training set: 84 samples, Test set: 21 samples
2025-07-28 14:04:56,524 - INFO - Training completed in 1.75s
2025-07-28 14:04:56,524 - INFO - R²: 0.757, RMSE: 0.753, CV R²: 0.606 ± 0.287
2025-07-28 14:04:56,556 - INFO - Model saved to /home/serramelendezcsm/RA/Avoidome/analyses/qsar_avoidome/Q9GZZ6/RandomForest_model.pkl
2025-07-28 14:04:56,556 - INFO - Metadata saved to /home/serramelendezcsm/RA/Avoidome/analyses/qsar_avoidome/Q9GZZ6/RandomForest_metadata.json
2025-07-28 14:04:56,556 - INFO - Creating performance plots...
2025-07-28 14:04:56,862 - INFO - Performance plot saved to /home/serramelendezcsm/RA/Avoidome/analyses/qsar_avoidome/Q9GZZ6/Q9GZZ6_performance.png
2025-07-28 14:04:56,862 - INFO - Completed modeling for Q9GZZ6 in 269.80s
2025-07-28 14:04:56,862 - INFO - 
============================================================
2025-07-28 14:04:56,862 - INFO - Processing target 33/33: O94956
2025-07-28 14:04:56,862 - INFO - ============================================================
2025-07-28 14:04:56,869 - INFO - Processing target O94956 with 67 samples
2025-07-28 14:04:56,869 - INFO - Loading global molecule descriptor cache...
2025-07-28 14:09:21,130 - INFO - Global cache contains 133045 unique molecules
2025-07-28 14:09:21,130 - INFO - Successfully loaded 67 descriptors from global cache
2025-07-28 14:09:24,581 - INFO - Feature matrix shape: (67, 522), Target vector shape: (67,)
2025-07-28 14:09:24,582 - INFO - Training Random Forest model...
2025-07-28 14:09:24,583 - INFO - Training set: 53 samples, Test set: 14 samples
2025-07-28 14:09:26,489 - INFO - Training completed in 1.91s
2025-07-28 14:09:26,489 - INFO - R²: 0.632, RMSE: 0.413, CV R²: 0.149 ± 0.332
2025-07-28 14:09:26,526 - INFO - Model saved to /home/serramelendezcsm/RA/Avoidome/analyses/qsar_avoidome/O94956/RandomForest_model.pkl
2025-07-28 14:09:26,527 - INFO - Metadata saved to /home/serramelendezcsm/RA/Avoidome/analyses/qsar_avoidome/O94956/RandomForest_metadata.json
2025-07-28 14:09:26,527 - INFO - Creating performance plots...
2025-07-28 14:09:27,074 - INFO - Performance plot saved to /home/serramelendezcsm/RA/Avoidome/analyses/qsar_avoidome/O94956/O94956_performance.png
2025-07-28 14:09:27,074 - INFO - Completed modeling for O94956 in 270.21s
2025-07-28 14:09:27,074 - INFO - 
============================================================
2025-07-28 14:09:27,075 - INFO - TOTAL PROCESSING TIME: 9189.30s (153.2 minutes)
2025-07-28 14:09:27,075 - INFO - Successfully processed 33 targets
2025-07-28 14:09:27,075 - INFO - ============================================================
2025-07-28 14:09:27,077 - INFO - Summary report saved to /home/serramelendezcsm/RA/Avoidome/analyses/qsar_avoidome/model_performance_summary.csv
2025-07-28 14:09:27,077 - INFO - 
Summary Statistics:
2025-07-28 14:09:27,077 - INFO - Total models trained: 33
2025-07-28 14:09:27,078 - INFO - Average R²: 0.563
2025-07-28 14:09:27,078 - INFO - Average RMSE: 0.688
2025-07-28 14:09:27,078 - INFO - Best R²: 0.802
2025-07-28 14:09:27,078 - INFO - Worst R²: 0.197
2025-07-28 14:09:27,080 - INFO - 
Top 5 performing models:
2025-07-28 14:09:27,080 - INFO -   P31645: R² = 0.802, RMSE = 0.551
2025-07-28 14:09:27,080 - INFO -   P23975: R² = 0.782, RMSE = 0.534
2025-07-28 14:09:27,080 - INFO -   P20309: R² = 0.779, RMSE = 0.815
2025-07-28 14:09:27,080 - INFO -   Q9GZZ6: R² = 0.757, RMSE = 0.753
2025-07-28 14:09:27,080 - INFO -   Q12809: R² = 0.743, RMSE = 0.471
