2025-07-24 12:02:48,779 - INFO - QSAR Modeling started - Log file: /home/serramelendezcsm/RA/Avoidome/analyses/qsar_avoidome/logs/qsar_modeling_20250724_120248.log
2025-07-24 12:02:48,779 - INFO - Loading data...
2025-07-24 12:02:50,109 - INFO - Loaded 233511 valid bioactivity records in 1.33s
2025-07-24 12:02:50,113 - INFO - Number of unique targets: 41
2025-07-24 12:02:50,120 - INFO - Found 33 targets with at least 50 samples
2025-07-24 12:02:50,120 - INFO - Processing first 5 targets
2025-07-24 12:02:50,120 - INFO - 
============================================================
2025-07-24 12:02:50,120 - INFO - Processing target 1/5: P00352
2025-07-24 12:02:50,120 - INFO - ============================================================
2025-07-24 12:02:50,139 - INFO - Processing target P00352 with 76322 samples
2025-07-24 12:02:50,140 - INFO - Calculating descriptors for 76322 molecules...
2025-07-24 12:04:09,855 - INFO - Successfully calculated descriptors for 76322 molecules in 79.72s
2025-07-24 12:04:09,855 - INFO - Feature dimensionality: 522
2025-07-24 12:04:45,296 - INFO - Feature matrix shape: (76322, 522), Target vector shape: (76322,)
2025-07-24 12:04:46,097 - INFO - Training Random Forest model...
2025-07-24 12:04:46,429 - INFO - Training set: 61057 samples, Test set: 15265 samples
2025-07-24 12:05:11,840 - INFO - Training completed in 25.74s
2025-07-24 12:05:11,841 - INFO - R²: 0.197, RMSE: 0.422, CV R²: 0.181 ± 0.006
2025-07-24 12:05:11,887 - INFO - Model saved to /home/serramelendezcsm/RA/Avoidome/analyses/qsar_avoidome/P00352/RandomForest_model.pkl
2025-07-24 12:05:11,887 - INFO - Metadata saved to /home/serramelendezcsm/RA/Avoidome/analyses/qsar_avoidome/P00352/RandomForest_metadata.json
2025-07-24 12:05:11,887 - INFO - Creating performance plots...
2025-07-24 12:05:12,479 - INFO - Performance plot saved to /home/serramelendezcsm/RA/Avoidome/analyses/qsar_avoidome/P00352/P00352_performance.png
2025-07-24 12:05:12,479 - INFO - Completed modeling for P00352 in 142.36s
2025-07-24 12:05:12,479 - INFO - 
============================================================
2025-07-24 12:05:12,479 - INFO - Processing target 2/5: Q12809
2025-07-24 12:05:12,479 - INFO - ============================================================
2025-07-24 12:05:12,496 - INFO - Processing target Q12809 with 23660 samples
2025-07-24 12:05:12,496 - INFO - Calculating descriptors for 23660 molecules...
2025-07-24 12:05:39,276 - INFO - Successfully calculated descriptors for 23660 molecules in 26.78s
2025-07-24 12:05:39,276 - INFO - Feature dimensionality: 522
2025-07-24 12:05:51,238 - INFO - Feature matrix shape: (23660, 522), Target vector shape: (23660,)
2025-07-24 12:05:51,669 - INFO - Training Random Forest model...
2025-07-24 12:05:51,749 - INFO - Training set: 18928 samples, Test set: 4732 samples
2025-07-24 12:05:58,199 - INFO - Training completed in 6.53s
2025-07-24 12:05:58,200 - INFO - R²: 0.743, RMSE: 0.471, CV R²: 0.718 ± 0.007
2025-07-24 12:05:58,241 - INFO - Model saved to /home/serramelendezcsm/RA/Avoidome/analyses/qsar_avoidome/Q12809/RandomForest_model.pkl
2025-07-24 12:05:58,241 - INFO - Metadata saved to /home/serramelendezcsm/RA/Avoidome/analyses/qsar_avoidome/Q12809/RandomForest_metadata.json
2025-07-24 12:05:58,241 - INFO - Creating performance plots...
2025-07-24 12:05:58,687 - INFO - Performance plot saved to /home/serramelendezcsm/RA/Avoidome/analyses/qsar_avoidome/Q12809/Q12809_performance.png
2025-07-24 12:05:58,687 - INFO - Completed modeling for Q12809 in 46.21s
2025-07-24 12:05:58,687 - INFO - 
============================================================
2025-07-24 12:05:58,687 - INFO - Processing target 3/5: P33261
2025-07-24 12:05:58,687 - INFO - ============================================================
2025-07-24 12:05:58,698 - INFO - Processing target P33261 with 14227 samples
2025-07-24 12:05:58,699 - INFO - Calculating descriptors for 14227 molecules...
2025-07-24 12:06:13,684 - INFO - Successfully calculated descriptors for 14227 molecules in 14.99s
2025-07-24 12:06:13,684 - INFO - Feature dimensionality: 522
2025-07-24 12:06:20,722 - INFO - Feature matrix shape: (14227, 522), Target vector shape: (14227,)
2025-07-24 12:06:20,964 - INFO - Training Random Forest model...
2025-07-24 12:06:21,000 - INFO - Training set: 11381 samples, Test set: 2846 samples
2025-07-24 12:06:26,127 - INFO - Training completed in 5.16s
2025-07-24 12:06:26,128 - INFO - R²: 0.316, RMSE: 0.594, CV R²: 0.330 ± 0.024
2025-07-24 12:06:26,166 - INFO - Model saved to /home/serramelendezcsm/RA/Avoidome/analyses/qsar_avoidome/P33261/RandomForest_model.pkl
2025-07-24 12:06:26,167 - INFO - Metadata saved to /home/serramelendezcsm/RA/Avoidome/analyses/qsar_avoidome/P33261/RandomForest_metadata.json
2025-07-24 12:06:26,167 - INFO - Creating performance plots...
2025-07-24 12:06:26,568 - INFO - Performance plot saved to /home/serramelendezcsm/RA/Avoidome/analyses/qsar_avoidome/P33261/P33261_performance.png
2025-07-24 12:06:26,568 - INFO - Completed modeling for P33261 in 27.88s
2025-07-24 12:06:26,568 - INFO - 
============================================================
2025-07-24 12:06:26,568 - INFO - Processing target 4/5: P11712
2025-07-24 12:06:26,568 - INFO - ============================================================
2025-07-24 12:06:26,581 - INFO - Processing target P11712 with 13338 samples
2025-07-24 12:06:26,581 - INFO - Calculating descriptors for 13338 molecules...
2025-07-24 12:06:40,927 - INFO - Successfully calculated descriptors for 13338 molecules in 14.35s
2025-07-24 12:06:40,928 - INFO - Feature dimensionality: 522
2025-07-24 12:06:47,753 - INFO - Feature matrix shape: (13338, 522), Target vector shape: (13338,)
2025-07-24 12:06:47,980 - INFO - Training Random Forest model...
2025-07-24 12:06:48,017 - INFO - Training set: 10670 samples, Test set: 2668 samples
2025-07-24 12:06:52,885 - INFO - Training completed in 4.90s
2025-07-24 12:06:52,886 - INFO - R²: 0.342, RMSE: 0.568, CV R²: 0.318 ± 0.032
2025-07-24 12:06:52,923 - INFO - Model saved to /home/serramelendezcsm/RA/Avoidome/analyses/qsar_avoidome/P11712/RandomForest_model.pkl
2025-07-24 12:06:52,924 - INFO - Metadata saved to /home/serramelendezcsm/RA/Avoidome/analyses/qsar_avoidome/P11712/RandomForest_metadata.json
2025-07-24 12:06:52,924 - INFO - Creating performance plots...
2025-07-24 12:06:53,317 - INFO - Performance plot saved to /home/serramelendezcsm/RA/Avoidome/analyses/qsar_avoidome/P11712/P11712_performance.png
2025-07-24 12:06:53,317 - INFO - Completed modeling for P11712 in 26.75s
2025-07-24 12:06:53,317 - INFO - 
============================================================
2025-07-24 12:06:53,317 - INFO - Processing target 5/5: P31645
2025-07-24 12:06:53,317 - INFO - ============================================================
2025-07-24 12:06:53,330 - INFO - Processing target P31645 with 12942 samples
2025-07-24 12:06:53,330 - INFO - Calculating descriptors for 12942 molecules...
2025-07-24 12:07:06,866 - INFO - Successfully calculated descriptors for 12942 molecules in 13.54s
2025-07-24 12:07:06,866 - INFO - Feature dimensionality: 522
2025-07-24 12:07:13,105 - INFO - Feature matrix shape: (12942, 522), Target vector shape: (12942,)
2025-07-24 12:07:13,291 - INFO - Training Random Forest model...
2025-07-24 12:07:13,323 - INFO - Training set: 10353 samples, Test set: 2589 samples
2025-07-24 12:07:17,714 - INFO - Training completed in 4.42s
2025-07-24 12:07:17,715 - INFO - R²: 0.802, RMSE: 0.551, CV R²: 0.773 ± 0.013
2025-07-24 12:07:17,754 - INFO - Model saved to /home/serramelendezcsm/RA/Avoidome/analyses/qsar_avoidome/P31645/RandomForest_model.pkl
2025-07-24 12:07:17,754 - INFO - Metadata saved to /home/serramelendezcsm/RA/Avoidome/analyses/qsar_avoidome/P31645/RandomForest_metadata.json
2025-07-24 12:07:17,754 - INFO - Creating performance plots...
2025-07-24 12:07:18,183 - INFO - Performance plot saved to /home/serramelendezcsm/RA/Avoidome/analyses/qsar_avoidome/P31645/P31645_performance.png
2025-07-24 12:07:18,183 - INFO - Completed modeling for P31645 in 24.87s
2025-07-24 12:07:18,183 - INFO - 
============================================================
2025-07-24 12:07:18,183 - INFO - TOTAL PROCESSING TIME: 268.06s (4.5 minutes)
2025-07-24 12:07:18,183 - INFO - Successfully processed 5 targets
2025-07-24 12:07:18,183 - INFO - ============================================================
2025-07-24 12:07:18,185 - INFO - Summary report saved to /home/serramelendezcsm/RA/Avoidome/analyses/qsar_avoidome/model_performance_summary.csv
2025-07-24 12:07:18,185 - INFO - 
Summary Statistics:
2025-07-24 12:07:18,185 - INFO - Total models trained: 5
2025-07-24 12:07:18,185 - INFO - Average R²: 0.480
2025-07-24 12:07:18,185 - INFO - Average RMSE: 0.521
2025-07-24 12:07:18,185 - INFO - Best R²: 0.802
2025-07-24 12:07:18,185 - INFO - Worst R²: 0.197
2025-07-24 12:07:18,187 - INFO - 
Top 5 performing models:
2025-07-24 12:07:18,187 - INFO -   P31645: R² = 0.802, RMSE = 0.551
2025-07-24 12:07:18,187 - INFO -   Q12809: R² = 0.743, RMSE = 0.471
2025-07-24 12:07:18,187 - INFO -   P11712: R² = 0.342, RMSE = 0.568
2025-07-24 12:07:18,187 - INFO -   P33261: R² = 0.316, RMSE = 0.594
2025-07-24 12:07:18,187 - INFO -   P00352: R² = 0.197, RMSE = 0.422
