2025-07-24 16:54:11,997 - INFO - QSAR Modeling started - Log file: /home/serramelendezcsm/RA/Avoidome/analyses/qsar_avoidome/logs/qsar_modeling_20250724_165411.log
2025-07-24 16:54:11,998 - INFO - Loading data...
2025-07-24 16:54:13,336 - INFO - Loaded 233511 valid bioactivity records in 1.34s
2025-07-24 16:54:13,340 - INFO - Number of unique targets: 41
2025-07-24 16:54:13,347 - INFO - Found 33 targets with at least 50 samples
2025-07-24 16:54:13,347 - INFO - 
============================================================
2025-07-24 16:54:13,347 - INFO - Processing target 1/33: P00352
2025-07-24 16:54:13,347 - INFO - ============================================================
2025-07-24 16:54:13,366 - INFO - Processing target P00352 with 76322 samples
2025-07-24 16:54:13,367 - INFO - Calculating descriptors for 76322 molecules...
2025-07-24 16:55:33,382 - INFO - Successfully calculated descriptors for 76322 molecules in 80.01s
2025-07-24 16:55:33,382 - INFO - Feature dimensionality: 522
2025-07-24 16:56:08,264 - INFO - Feature matrix shape: (76322, 522), Target vector shape: (76322,)
2025-07-24 16:56:09,047 - INFO - Training Random Forest model...
2025-07-24 16:56:09,370 - INFO - Training set: 61057 samples, Test set: 15265 samples
2025-07-24 16:56:34,566 - INFO - Training completed in 25.52s
2025-07-24 16:56:34,566 - INFO - R²: 0.197, RMSE: 0.422, CV R²: 0.181 ± 0.006
2025-07-24 16:56:34,717 - INFO - Model saved to /home/serramelendezcsm/RA/Avoidome/analyses/qsar_avoidome/P00352/RandomForest_model.pkl
2025-07-24 16:56:34,724 - INFO - Metadata saved to /home/serramelendezcsm/RA/Avoidome/analyses/qsar_avoidome/P00352/RandomForest_metadata.json
2025-07-24 16:56:34,724 - INFO - Creating performance plots...
2025-07-24 16:56:35,374 - INFO - Performance plot saved to /home/serramelendezcsm/RA/Avoidome/analyses/qsar_avoidome/P00352/P00352_performance.png
2025-07-24 16:56:35,374 - INFO - Completed modeling for P00352 in 142.03s
2025-07-24 16:56:35,374 - INFO - 
============================================================
2025-07-24 16:56:35,374 - INFO - Processing target 2/33: Q12809
2025-07-24 16:56:35,374 - INFO - ============================================================
2025-07-24 16:56:35,390 - INFO - Processing target Q12809 with 23660 samples
2025-07-24 16:56:35,391 - INFO - Calculating descriptors for 23660 molecules...
2025-07-24 16:57:02,573 - INFO - Successfully calculated descriptors for 23660 molecules in 27.18s
2025-07-24 16:57:02,573 - INFO - Feature dimensionality: 522
2025-07-24 16:57:14,530 - INFO - Feature matrix shape: (23660, 522), Target vector shape: (23660,)
2025-07-24 16:57:14,942 - INFO - Training Random Forest model...
2025-07-24 16:57:15,021 - INFO - Training set: 18928 samples, Test set: 4732 samples
2025-07-24 16:57:21,373 - INFO - Training completed in 6.43s
2025-07-24 16:57:21,374 - INFO - R²: 0.743, RMSE: 0.471, CV R²: 0.718 ± 0.007
2025-07-24 16:57:21,490 - INFO - Model saved to /home/serramelendezcsm/RA/Avoidome/analyses/qsar_avoidome/Q12809/RandomForest_model.pkl
2025-07-24 16:57:21,525 - INFO - Metadata saved to /home/serramelendezcsm/RA/Avoidome/analyses/qsar_avoidome/Q12809/RandomForest_metadata.json
2025-07-24 16:57:21,526 - INFO - Creating performance plots...
2025-07-24 16:57:21,975 - INFO - Performance plot saved to /home/serramelendezcsm/RA/Avoidome/analyses/qsar_avoidome/Q12809/Q12809_performance.png
2025-07-24 16:57:21,975 - INFO - Completed modeling for Q12809 in 46.60s
2025-07-24 16:57:21,975 - INFO - 
============================================================
2025-07-24 16:57:21,975 - INFO - Processing target 3/33: P33261
2025-07-24 16:57:21,975 - INFO - ============================================================
2025-07-24 16:57:21,988 - INFO - Processing target P33261 with 14227 samples
2025-07-24 16:57:21,989 - INFO - Calculating descriptors for 14227 molecules...
2025-07-24 16:57:37,237 - INFO - Successfully calculated descriptors for 14227 molecules in 15.25s
2025-07-24 16:57:37,237 - INFO - Feature dimensionality: 522
2025-07-24 16:57:44,187 - INFO - Feature matrix shape: (14227, 522), Target vector shape: (14227,)
2025-07-24 16:57:44,429 - INFO - Training Random Forest model...
2025-07-24 16:57:44,466 - INFO - Training set: 11381 samples, Test set: 2846 samples
2025-07-24 16:57:49,439 - INFO - Training completed in 5.01s
2025-07-24 16:57:49,440 - INFO - R²: 0.316, RMSE: 0.594, CV R²: 0.330 ± 0.024
2025-07-24 16:57:49,541 - INFO - Model saved to /home/serramelendezcsm/RA/Avoidome/analyses/qsar_avoidome/P33261/RandomForest_model.pkl
2025-07-24 16:57:49,557 - INFO - Metadata saved to /home/serramelendezcsm/RA/Avoidome/analyses/qsar_avoidome/P33261/RandomForest_metadata.json
2025-07-24 16:57:49,557 - INFO - Creating performance plots...
2025-07-24 16:57:49,961 - INFO - Performance plot saved to /home/serramelendezcsm/RA/Avoidome/analyses/qsar_avoidome/P33261/P33261_performance.png
2025-07-24 16:57:49,961 - INFO - Completed modeling for P33261 in 27.99s
2025-07-24 16:57:49,961 - INFO - 
============================================================
2025-07-24 16:57:49,961 - INFO - Processing target 4/33: P11712
2025-07-24 16:57:49,961 - INFO - ============================================================
2025-07-24 16:57:49,974 - INFO - Processing target P11712 with 13338 samples
2025-07-24 16:57:49,974 - INFO - Calculating descriptors for 13338 molecules...
