2025-09-24 12:27:56,488 - INFO - Starting QSAR modeling with AlphaFold embeddings...
2025-09-24 12:27:56,488 - INFO - Loading protein data, sequences, and Papyrus dataset...
2025-09-24 12:27:56,492 - INFO - Loaded 52 proteins from /home/serramelendezcsm/RA/Avoidome/processed_data/papyrus_protein_check_results.csv
2025-09-24 12:27:56,495 - INFO - Loaded 51 protein sequences from /home/serramelendezcsm/RA/Avoidome/analyses/qsar_papyrus_esm_emb/targets_w_sequences.csv
2025-09-24 12:27:56,495 - INFO - Initializing Papyrus dataset...
2025-09-24 12:27:56,674 - INFO - Papyrus dataset initialized successfully
2025-09-24 12:27:56,674 - INFO - Loading full Papyrus dataset into DataFrame...
2025-09-24 12:28:04,296 - INFO - Loaded 707461 total activities from Papyrus
2025-09-24 12:28:04,297 - ERROR - Error in QSAR modeling: 'uniprot_id'
2025-09-24 12:42:42,801 - INFO - Starting QSAR modeling with AlphaFold embeddings...
2025-09-24 12:42:42,801 - INFO - Loading protein data, sequences, and Papyrus dataset...
2025-09-24 12:42:42,803 - INFO - Loaded 52 proteins from /home/serramelendezcsm/RA/Avoidome/processed_data/papyrus_protein_check_results.csv
2025-09-24 12:42:42,804 - INFO - Loaded 51 protein sequences from /home/serramelendezcsm/RA/Avoidome/analyses/qsar_papyrus_esm_emb/targets_w_sequences.csv
2025-09-24 12:42:42,804 - INFO - Initializing Papyrus dataset...
2025-09-24 12:42:42,963 - INFO - Papyrus dataset initialized successfully
2025-09-24 12:42:42,963 - INFO - Loading full Papyrus dataset into DataFrame...
2025-09-24 12:42:50,663 - INFO - Loaded 707461 total activities from Papyrus
2025-09-24 12:42:50,665 - WARNING - AlphaFold embedding not found for AOX1 (tried: ['Q06278', 'O54754', 'Q9Z0U5'])
2025-09-24 12:42:50,665 - WARNING - AlphaFold embedding not found for XDH (tried: ['P47989', 'Q00519', 'P22985'])
2025-09-24 12:42:50,665 - WARNING - AlphaFold embedding not found for AKR7A3 (tried: ['O95154', 'P38918'])
2025-09-24 12:42:50,665 - WARNING - AlphaFold embedding not found for FMO1 (tried: ['Q01740', 'P50285', 'P36365'])
2025-09-24 12:42:50,666 - WARNING - AlphaFold embedding not found for OXA1L (tried: ['Q15070', 'Q8BGA9', 'A0A8I6AQW6'])
2025-09-24 12:42:50,666 - WARNING - AlphaFold embedding not found for ORM1 (tried: ['P02763', 'Q60590', 'P02764'])
2025-09-24 12:42:50,666 - WARNING - AlphaFold embedding not found for SCN5A (tried: ['Q14524', 'Q9JJV9', 'P15389'])
2025-09-24 12:42:50,666 - WARNING - AlphaFold embedding not found for CAV1 (tried: ['Q03135', 'P49817', 'P41350'])
2025-09-24 12:42:50,666 - WARNING - AlphaFold embedding not found for DIDO1 (tried: ['Q9BTC0', 'Q8C9B9', 'A0A8I5ZXE0'])
2025-09-24 12:42:50,666 - WARNING - AlphaFold embedding not found for NAT8 (tried: ['Q9UHE5', 'Q9JIY7', 'Q9QXT3'])
2025-09-24 12:42:50,667 - WARNING - AlphaFold embedding not found for CNRIP1 (tried: ['Q96F85', 'Q5M8N0', 'Q5M7A7'])
2025-09-24 12:42:50,667 - WARNING - AlphaFold embedding not found for SMPDL3A (tried: ['Q92484', 'P70158', 'Q641Z7'])
2025-09-24 12:42:50,667 - WARNING - AlphaFold embedding not found for GABPA (tried: ['Q06546', 'Q00422', 'A0A8I6GML2'])
2025-09-24 12:42:50,668 - WARNING - AlphaFold embedding not found for SLCO2B3 (tried: [])
2025-09-24 12:42:50,668 - WARNING - AlphaFold embedding not found for SLCO2B1 (tried: ['O94956', 'Q8BXB6', 'Q9JHI3'])
2025-09-24 12:42:50,668 - INFO - Found 37 proteins with AlphaFold embeddings
2025-09-24 12:42:50,668 - INFO - Processing protein: CYP1A2 (P05177)
2025-09-24 12:42:50,690 - INFO - Retrieved 329 activities for P05177
2025-09-24 12:42:50,690 - INFO - Calculating Morgan fingerprints for 329 compounds...
2025-09-24 12:42:50,885 - INFO - Calculating physicochemical descriptors for 329 compounds...
2025-09-24 12:42:51,010 - INFO - Loading AlphaFold embedding for P05177...
2025-09-24 12:42:51,011 - INFO - Loaded AlphaFold embedding for P05177 (dimension: 384)
2025-09-24 12:42:51,011 - INFO - Combining features...
2025-09-24 12:42:51,012 - INFO - Combined features shape: (329, 2446)
2025-09-24 12:42:51,012 - INFO - Feature breakdown: Morgan=2048, PhysChem=14, AlphaFold=384
2025-09-24 12:42:51,013 - ERROR - Error processing protein CYP1A2: '>' not supported between instances of 'str' and 'int'
2025-09-24 12:42:51,013 - WARNING - Failed to process CYP1A2
2025-09-24 12:42:51,013 - INFO - Processing protein: CYP2B6 (P20813)
2025-09-24 12:42:51,034 - INFO - Retrieved 33 activities for P20813
2025-09-24 12:42:51,034 - WARNING - Insufficient data for CYP2B6 (33 samples)
2025-09-24 12:42:51,034 - WARNING - Failed to process CYP2B6
2025-09-24 12:42:51,034 - INFO - Processing protein: CYP2C9 (P11712)
2025-09-24 12:42:51,057 - INFO - Retrieved 466 activities for P11712
2025-09-24 12:42:51,058 - INFO - Calculating Morgan fingerprints for 466 compounds...
2025-09-24 12:42:51,344 - INFO - Calculating physicochemical descriptors for 466 compounds...
2025-09-24 12:42:51,560 - INFO - Loading AlphaFold embedding for P11712...
2025-09-24 12:42:51,560 - INFO - Loaded AlphaFold embedding for P11712 (dimension: 384)
2025-09-24 12:42:51,560 - INFO - Combining features...
2025-09-24 12:42:51,562 - INFO - Combined features shape: (466, 2446)
2025-09-24 12:42:51,562 - INFO - Feature breakdown: Morgan=2048, PhysChem=14, AlphaFold=384
2025-09-24 12:42:51,562 - ERROR - Error processing protein CYP2C9: '>' not supported between instances of 'str' and 'int'
2025-09-24 12:42:51,562 - WARNING - Failed to process CYP2C9
2025-09-24 12:42:51,562 - INFO - Processing protein: CYP2C19 (P33261)
2025-09-24 12:42:51,583 - INFO - Retrieved 165 activities for P33261
2025-09-24 12:42:51,583 - INFO - Calculating Morgan fingerprints for 165 compounds...
2025-09-24 12:42:51,680 - INFO - Calculating physicochemical descriptors for 165 compounds...
2025-09-24 12:42:51,750 - INFO - Loading AlphaFold embedding for P33261...
2025-09-24 12:42:51,750 - INFO - Loaded AlphaFold embedding for P33261 (dimension: 384)
2025-09-24 12:42:51,751 - INFO - Combining features...
2025-09-24 12:42:51,751 - INFO - Combined features shape: (165, 2446)
2025-09-24 12:42:51,751 - INFO - Feature breakdown: Morgan=2048, PhysChem=14, AlphaFold=384
2025-09-24 12:42:51,751 - ERROR - Error processing protein CYP2C19: '>' not supported between instances of 'str' and 'int'
2025-09-24 12:42:51,751 - WARNING - Failed to process CYP2C19
2025-09-24 12:42:51,751 - INFO - Processing protein: CYP2D6 (P10635)
2025-09-24 12:42:51,772 - INFO - Retrieved 607 activities for P10635
2025-09-24 12:42:51,773 - INFO - Calculating Morgan fingerprints for 607 compounds...
2025-09-24 12:42:52,130 - INFO - Calculating physicochemical descriptors for 607 compounds...
2025-09-24 12:42:52,397 - INFO - Loading AlphaFold embedding for P10635...
2025-09-24 12:42:52,398 - INFO - Loaded AlphaFold embedding for P10635 (dimension: 384)
2025-09-24 12:42:52,398 - INFO - Combining features...
2025-09-24 12:42:52,401 - INFO - Combined features shape: (607, 2446)
2025-09-24 12:42:52,401 - INFO - Feature breakdown: Morgan=2048, PhysChem=14, AlphaFold=384
2025-09-24 12:42:52,401 - ERROR - Error processing protein CYP2D6: '>' not supported between instances of 'str' and 'int'
2025-09-24 12:42:52,402 - WARNING - Failed to process CYP2D6
2025-09-24 12:42:52,402 - INFO - Processing protein: CYP3A4 (P08684)
2025-09-24 12:42:52,423 - INFO - Retrieved 1387 activities for P08684
2025-09-24 12:42:52,423 - INFO - Calculating Morgan fingerprints for 1387 compounds...
2025-09-24 12:42:53,303 - INFO - Calculating physicochemical descriptors for 1387 compounds...
2025-09-24 12:42:54,010 - INFO - Loading AlphaFold embedding for P08684...
2025-09-24 12:42:54,011 - INFO - Loaded AlphaFold embedding for P08684 (dimension: 384)
2025-09-24 12:42:54,012 - INFO - Combining features...
2025-09-24 12:42:54,018 - INFO - Combined features shape: (1387, 2446)
2025-09-24 12:42:54,018 - INFO - Feature breakdown: Morgan=2048, PhysChem=14, AlphaFold=384
2025-09-24 12:42:54,018 - ERROR - Error processing protein CYP3A4: '>' not supported between instances of 'str' and 'int'
2025-09-24 12:42:54,020 - WARNING - Failed to process CYP3A4
2025-09-24 12:42:54,020 - INFO - Processing protein: MAOA (P21397)
2025-09-24 12:42:54,043 - INFO - Retrieved 1130 activities for P21397
2025-09-24 12:42:54,044 - INFO - Calculating Morgan fingerprints for 1130 compounds...
2025-09-24 12:42:54,681 - INFO - Calculating physicochemical descriptors for 1130 compounds...
2025-09-24 12:42:55,102 - INFO - Loading AlphaFold embedding for P21397...
2025-09-24 12:42:55,103 - INFO - Loaded AlphaFold embedding for P21397 (dimension: 384)
2025-09-24 12:42:55,103 - INFO - Combining features...
2025-09-24 12:42:55,107 - INFO - Combined features shape: (1130, 2446)
2025-09-24 12:42:55,107 - INFO - Feature breakdown: Morgan=2048, PhysChem=14, AlphaFold=384
2025-09-24 12:42:55,107 - ERROR - Error processing protein MAOA: '>' not supported between instances of 'str' and 'int'
2025-09-24 12:42:55,108 - WARNING - Failed to process MAOA
2025-09-24 12:42:55,108 - INFO - Processing protein: MAOB (P27338)
2025-09-24 12:42:55,130 - INFO - Retrieved 1519 activities for P27338
2025-09-24 12:42:55,130 - INFO - Calculating Morgan fingerprints for 1519 compounds...
2025-09-24 12:42:55,981 - INFO - Calculating physicochemical descriptors for 1519 compounds...
2025-09-24 12:42:56,535 - INFO - Loading AlphaFold embedding for P27338...
2025-09-24 12:42:56,535 - INFO - Loaded AlphaFold embedding for P27338 (dimension: 384)
2025-09-24 12:42:56,535 - INFO - Combining features...
2025-09-24 12:42:56,541 - INFO - Combined features shape: (1519, 2446)
2025-09-24 12:42:56,541 - INFO - Feature breakdown: Morgan=2048, PhysChem=14, AlphaFold=384
2025-09-24 12:42:56,541 - ERROR - Error processing protein MAOB: '>' not supported between instances of 'str' and 'int'
2025-09-24 12:42:56,542 - WARNING - Failed to process MAOB
2025-09-24 12:42:56,542 - INFO - Processing protein: ALDH1A1 (P00352)
2025-09-24 12:42:56,562 - INFO - Retrieved 150 activities for P00352
2025-09-24 12:42:56,562 - INFO - Calculating Morgan fingerprints for 150 compounds...
2025-09-24 12:42:56,655 - INFO - Calculating physicochemical descriptors for 150 compounds...
2025-09-24 12:42:56,722 - INFO - Loading AlphaFold embedding for P00352...
2025-09-24 12:42:56,722 - INFO - Loaded AlphaFold embedding for P00352 (dimension: 384)
2025-09-24 12:42:56,722 - INFO - Combining features...
2025-09-24 12:42:56,723 - INFO - Combined features shape: (150, 2446)
2025-09-24 12:42:56,723 - INFO - Feature breakdown: Morgan=2048, PhysChem=14, AlphaFold=384
2025-09-24 12:42:56,723 - ERROR - Error processing protein ALDH1A1: '>' not supported between instances of 'str' and 'int'
2025-09-24 12:42:56,723 - WARNING - Failed to process ALDH1A1
2025-09-24 12:42:56,723 - INFO - Processing protein: ADH1A (P07327)
2025-09-24 12:42:56,744 - WARNING - No activities found for P07327
2025-09-24 12:42:56,744 - WARNING - Insufficient data for ADH1A (0 samples)
2025-09-24 12:42:56,744 - WARNING - Failed to process ADH1A
2025-09-24 12:42:56,744 - INFO - Processing protein: HSD11B1 (P28845)
2025-09-24 12:42:56,785 - INFO - Retrieved 2046 activities for P28845
2025-09-24 12:42:56,785 - INFO - Calculating Morgan fingerprints for 2046 compounds...
2025-09-24 12:42:58,009 - INFO - Calculating physicochemical descriptors for 2046 compounds...
2025-09-24 12:42:58,935 - INFO - Loading AlphaFold embedding for P28845...
2025-09-24 12:42:58,935 - INFO - Loaded AlphaFold embedding for P28845 (dimension: 384)
2025-09-24 12:42:58,935 - INFO - Combining features...
2025-09-24 12:42:58,943 - INFO - Combined features shape: (2046, 2446)
2025-09-24 12:42:58,943 - INFO - Feature breakdown: Morgan=2048, PhysChem=14, AlphaFold=384
2025-09-24 12:42:58,943 - ERROR - Error processing protein HSD11B1: '>' not supported between instances of 'str' and 'int'
2025-09-24 12:42:58,951 - WARNING - Failed to process HSD11B1
2025-09-24 12:42:58,951 - INFO - Processing protein: AHR (P35869)
2025-09-24 12:42:58,972 - INFO - Retrieved 25 activities for P35869
2025-09-24 12:42:58,972 - WARNING - Insufficient data for AHR (25 samples)
2025-09-24 12:42:58,972 - WARNING - Failed to process AHR
2025-09-24 12:42:58,972 - INFO - Processing protein: NR1I3 (Q14994)
2025-09-24 12:42:58,994 - INFO - Retrieved 59 activities for Q14994
2025-09-24 12:42:58,994 - INFO - Calculating Morgan fingerprints for 59 compounds...
2025-09-24 12:42:59,030 - INFO - Calculating physicochemical descriptors for 59 compounds...
2025-09-24 12:42:59,057 - INFO - Loading AlphaFold embedding for Q14994...
2025-09-24 12:42:59,057 - INFO - Loaded AlphaFold embedding for Q14994 (dimension: 384)
2025-09-24 12:42:59,057 - INFO - Combining features...
2025-09-24 12:42:59,057 - INFO - Combined features shape: (59, 2446)
2025-09-24 12:42:59,057 - INFO - Feature breakdown: Morgan=2048, PhysChem=14, AlphaFold=384
2025-09-24 12:42:59,057 - ERROR - Error processing protein NR1I3: '>' not supported between instances of 'str' and 'int'
2025-09-24 12:42:59,057 - WARNING - Failed to process NR1I3
2025-09-24 12:42:59,057 - INFO - Processing protein: NR1I2 (O75469)
2025-09-24 12:42:59,080 - INFO - Retrieved 344 activities for O75469
2025-09-24 12:42:59,081 - INFO - Calculating Morgan fingerprints for 344 compounds...
2025-09-24 12:42:59,284 - INFO - Calculating physicochemical descriptors for 344 compounds...
2025-09-24 12:42:59,443 - INFO - Loading AlphaFold embedding for O75469...
2025-09-24 12:42:59,443 - INFO - Loaded AlphaFold embedding for O75469 (dimension: 384)
2025-09-24 12:42:59,443 - INFO - Combining features...
2025-09-24 12:42:59,444 - INFO - Combined features shape: (344, 2446)
2025-09-24 12:42:59,444 - INFO - Feature breakdown: Morgan=2048, PhysChem=14, AlphaFold=384
2025-09-24 12:42:59,444 - ERROR - Error processing protein NR1I2: '>' not supported between instances of 'str' and 'int'
2025-09-24 12:42:59,444 - WARNING - Failed to process NR1I2
2025-09-24 12:42:59,444 - INFO - Processing protein: SULT1A1 (P50225)
2025-09-24 12:42:59,465 - INFO - Retrieved 6 activities for P50225
2025-09-24 12:42:59,465 - WARNING - Insufficient data for SULT1A1 (6 samples)
2025-09-24 12:42:59,465 - WARNING - Failed to process SULT1A1
2025-09-24 12:42:59,465 - INFO - Processing protein: GSTA1 (P08263)
2025-09-24 12:42:59,485 - INFO - Retrieved 6 activities for P08263
2025-09-24 12:42:59,485 - WARNING - Insufficient data for GSTA1 (6 samples)
2025-09-24 12:42:59,485 - WARNING - Failed to process GSTA1
2025-09-24 12:42:59,485 - INFO - Processing protein: KCNH2 (Q12809)
2025-09-24 12:42:59,525 - INFO - Retrieved 4492 activities for Q12809
2025-09-24 12:42:59,526 - INFO - Calculating Morgan fingerprints for 4492 compounds...
2025-09-24 12:43:02,292 - INFO - Calculating physicochemical descriptors for 4492 compounds...
2025-09-24 12:43:04,395 - INFO - Loading AlphaFold embedding for Q12809...
2025-09-24 12:43:04,395 - INFO - Loaded AlphaFold embedding for Q12809 (dimension: 384)
2025-09-24 12:43:04,397 - INFO - Combining features...
2025-09-24 12:43:04,413 - INFO - Combined features shape: (4492, 2446)
2025-09-24 12:43:04,413 - INFO - Feature breakdown: Morgan=2048, PhysChem=14, AlphaFold=384
2025-09-24 12:43:04,414 - ERROR - Error processing protein KCNH2: '>' not supported between instances of 'str' and 'int'
2025-09-24 12:43:04,427 - WARNING - Failed to process KCNH2
2025-09-24 12:43:04,427 - INFO - Processing protein: CACNB1 (Q02641)
2025-09-24 12:43:04,449 - WARNING - No activities found for Q02641
2025-09-24 12:43:04,449 - WARNING - Insufficient data for CACNB1 (0 samples)
2025-09-24 12:43:04,449 - WARNING - Failed to process CACNB1
2025-09-24 12:43:04,449 - INFO - Processing protein: HTR2B (P41595)
2025-09-24 12:43:04,490 - INFO - Retrieved 1180 activities for P41595
2025-09-24 12:43:04,490 - INFO - Calculating Morgan fingerprints for 1180 compounds...
2025-09-24 12:43:05,153 - INFO - Calculating physicochemical descriptors for 1180 compounds...
2025-09-24 12:43:05,596 - INFO - Loading AlphaFold embedding for P41595...
2025-09-24 12:43:05,597 - INFO - Loaded AlphaFold embedding for P41595 (dimension: 384)
2025-09-24 12:43:05,597 - INFO - Combining features...
2025-09-24 12:43:05,600 - INFO - Combined features shape: (1180, 2446)
2025-09-24 12:43:05,600 - INFO - Feature breakdown: Morgan=2048, PhysChem=14, AlphaFold=384
2025-09-24 12:43:05,600 - ERROR - Error processing protein HTR2B: '>' not supported between instances of 'str' and 'int'
2025-09-24 12:43:05,601 - WARNING - Failed to process HTR2B
2025-09-24 12:43:05,601 - INFO - Processing protein: SLC6A4 (P31645)
2025-09-24 12:43:05,642 - INFO - Retrieved 2958 activities for P31645
2025-09-24 12:43:05,643 - INFO - Calculating Morgan fingerprints for 2958 compounds...
2025-09-24 12:43:07,355 - INFO - Calculating physicochemical descriptors for 2958 compounds...
2025-09-24 12:43:08,562 - INFO - Loading AlphaFold embedding for P31645...
2025-09-24 12:43:08,563 - INFO - Loaded AlphaFold embedding for P31645 (dimension: 384)
2025-09-24 12:43:08,563 - INFO - Combining features...
2025-09-24 12:43:08,575 - INFO - Combined features shape: (2958, 2446)
2025-09-24 12:43:08,575 - INFO - Feature breakdown: Morgan=2048, PhysChem=14, AlphaFold=384
2025-09-24 12:43:08,575 - ERROR - Error processing protein SLC6A4: '>' not supported between instances of 'str' and 'int'
2025-09-24 12:43:08,578 - WARNING - Failed to process SLC6A4
2025-09-24 12:43:08,578 - INFO - Processing protein: SLC6A3 (Q01959)
2025-09-24 12:43:08,604 - INFO - Retrieved 1646 activities for Q01959
2025-09-24 12:43:08,605 - INFO - Calculating Morgan fingerprints for 1646 compounds...
2025-09-24 12:43:09,528 - INFO - Calculating physicochemical descriptors for 1646 compounds...
2025-09-24 12:43:10,157 - INFO - Loading AlphaFold embedding for Q01959...
2025-09-24 12:43:10,158 - INFO - Loaded AlphaFold embedding for Q01959 (dimension: 384)
2025-09-24 12:43:10,158 - INFO - Combining features...
2025-09-24 12:43:10,165 - INFO - Combined features shape: (1646, 2446)
2025-09-24 12:43:10,165 - INFO - Feature breakdown: Morgan=2048, PhysChem=14, AlphaFold=384
2025-09-24 12:43:10,165 - ERROR - Error processing protein SLC6A3: '>' not supported between instances of 'str' and 'int'
2025-09-24 12:43:10,166 - WARNING - Failed to process SLC6A3
2025-09-24 12:43:10,166 - INFO - Processing protein: SLC6A2 (P23975)
2025-09-24 12:43:10,190 - INFO - Retrieved 2021 activities for P23975
2025-09-24 12:43:10,190 - INFO - Calculating Morgan fingerprints for 2021 compounds...
2025-09-24 12:43:11,328 - INFO - Calculating physicochemical descriptors for 2021 compounds...
2025-09-24 12:43:12,089 - INFO - Loading AlphaFold embedding for P23975...
2025-09-24 12:43:12,090 - INFO - Loaded AlphaFold embedding for P23975 (dimension: 384)
2025-09-24 12:43:12,090 - INFO - Combining features...
2025-09-24 12:43:12,098 - INFO - Combined features shape: (2021, 2446)
2025-09-24 12:43:12,098 - INFO - Feature breakdown: Morgan=2048, PhysChem=14, AlphaFold=384
2025-09-24 12:43:12,098 - ERROR - Error processing protein SLC6A2: '>' not supported between instances of 'str' and 'int'
2025-09-24 12:43:12,099 - WARNING - Failed to process SLC6A2
2025-09-24 12:43:12,099 - INFO - Processing protein: ADRA1A (P25100)
2025-09-24 12:43:12,124 - INFO - Retrieved 566 activities for P25100
2025-09-24 12:43:12,125 - INFO - Calculating Morgan fingerprints for 566 compounds...
2025-09-24 12:43:12,467 - INFO - Calculating physicochemical descriptors for 566 compounds...
2025-09-24 12:43:12,728 - INFO - Loading AlphaFold embedding for P25100...
2025-09-24 12:43:12,729 - INFO - Loaded AlphaFold embedding for P25100 (dimension: 384)
2025-09-24 12:43:12,729 - INFO - Combining features...
2025-09-24 12:43:12,730 - INFO - Combined features shape: (566, 2446)
2025-09-24 12:43:12,730 - INFO - Feature breakdown: Morgan=2048, PhysChem=14, AlphaFold=384
2025-09-24 12:43:12,731 - ERROR - Error processing protein ADRA1A: '>' not supported between instances of 'str' and 'int'
2025-09-24 12:43:12,731 - WARNING - Failed to process ADRA1A
2025-09-24 12:43:12,731 - INFO - Processing protein: ADRA2A (P08913)
2025-09-24 12:43:12,755 - INFO - Retrieved 526 activities for P08913
2025-09-24 12:43:12,755 - INFO - Calculating Morgan fingerprints for 526 compounds...
2025-09-24 12:43:13,060 - INFO - Calculating physicochemical descriptors for 526 compounds...
2025-09-24 12:43:13,277 - INFO - Loading AlphaFold embedding for P08913...
2025-09-24 12:43:13,277 - INFO - Loaded AlphaFold embedding for P08913 (dimension: 384)
2025-09-24 12:43:13,277 - INFO - Combining features...
2025-09-24 12:43:13,278 - INFO - Combined features shape: (526, 2446)
2025-09-24 12:43:13,279 - INFO - Feature breakdown: Morgan=2048, PhysChem=14, AlphaFold=384
2025-09-24 12:43:13,279 - ERROR - Error processing protein ADRA2A: '>' not supported between instances of 'str' and 'int'
2025-09-24 12:43:13,279 - WARNING - Failed to process ADRA2A
2025-09-24 12:43:13,279 - INFO - Processing protein: ADRB1 (P08588)
2025-09-24 12:43:13,302 - INFO - Retrieved 614 activities for P08588
2025-09-24 12:43:13,303 - INFO - Calculating Morgan fingerprints for 614 compounds...
2025-09-24 12:43:13,675 - INFO - Calculating physicochemical descriptors for 614 compounds...
2025-09-24 12:43:13,961 - INFO - Loading AlphaFold embedding for P08588...
2025-09-24 12:43:13,961 - INFO - Loaded AlphaFold embedding for P08588 (dimension: 384)
2025-09-24 12:43:13,961 - INFO - Combining features...
2025-09-24 12:43:13,963 - INFO - Combined features shape: (614, 2446)
2025-09-24 12:43:13,963 - INFO - Feature breakdown: Morgan=2048, PhysChem=14, AlphaFold=384
2025-09-24 12:43:13,963 - ERROR - Error processing protein ADRB1: '>' not supported between instances of 'str' and 'int'
2025-09-24 12:43:13,963 - WARNING - Failed to process ADRB1
2025-09-24 12:43:13,963 - INFO - Processing protein: ADRB2 (P07550)
2025-09-24 12:43:13,986 - INFO - Retrieved 860 activities for P07550
2025-09-24 12:43:13,986 - INFO - Calculating Morgan fingerprints for 860 compounds...
2025-09-24 12:43:14,503 - INFO - Calculating physicochemical descriptors for 860 compounds...
2025-09-24 12:43:14,911 - INFO - Loading AlphaFold embedding for P07550...
2025-09-24 12:43:14,912 - INFO - Loaded AlphaFold embedding for P07550 (dimension: 384)
2025-09-24 12:43:14,912 - INFO - Combining features...
2025-09-24 12:43:14,914 - INFO - Combined features shape: (860, 2446)
2025-09-24 12:43:14,914 - INFO - Feature breakdown: Morgan=2048, PhysChem=14, AlphaFold=384
2025-09-24 12:43:14,914 - ERROR - Error processing protein ADRB2: '>' not supported between instances of 'str' and 'int'
2025-09-24 12:43:14,914 - WARNING - Failed to process ADRB2
2025-09-24 12:43:14,914 - INFO - Processing protein: CNR2 (P34972)
2025-09-24 12:43:14,950 - INFO - Retrieved 4295 activities for P34972
2025-09-24 12:43:14,950 - INFO - Calculating Morgan fingerprints for 4295 compounds...
2025-09-24 12:43:17,513 - INFO - Calculating physicochemical descriptors for 4295 compounds...
2025-09-24 12:43:19,435 - INFO - Loading AlphaFold embedding for P34972...
2025-09-24 12:43:19,436 - INFO - Loaded AlphaFold embedding for P34972 (dimension: 384)
2025-09-24 12:43:19,437 - INFO - Combining features...
2025-09-24 12:43:19,453 - INFO - Combined features shape: (4295, 2446)
2025-09-24 12:43:19,453 - INFO - Feature breakdown: Morgan=2048, PhysChem=14, AlphaFold=384
2025-09-24 12:43:19,454 - ERROR - Error processing protein CNR2: '>' not supported between instances of 'str' and 'int'
2025-09-24 12:43:19,454 - WARNING - Failed to process CNR2
2025-09-24 12:43:19,455 - INFO - Processing protein: CHRM1 (P11229)
2025-09-24 12:43:19,479 - INFO - Retrieved 1103 activities for P11229
2025-09-24 12:43:19,479 - INFO - Calculating Morgan fingerprints for 1103 compounds...
2025-09-24 12:43:20,136 - INFO - Calculating physicochemical descriptors for 1103 compounds...
2025-09-24 12:43:20,633 - INFO - Loading AlphaFold embedding for P11229...
2025-09-24 12:43:20,633 - INFO - Loaded AlphaFold embedding for P11229 (dimension: 384)
2025-09-24 12:43:20,633 - INFO - Combining features...
2025-09-24 12:43:20,636 - INFO - Combined features shape: (1103, 2446)
2025-09-24 12:43:20,636 - INFO - Feature breakdown: Morgan=2048, PhysChem=14, AlphaFold=384
2025-09-24 12:43:20,636 - ERROR - Error processing protein CHRM1: '>' not supported between instances of 'str' and 'int'
2025-09-24 12:43:20,636 - WARNING - Failed to process CHRM1
2025-09-24 12:43:20,636 - INFO - Processing protein: CHRM2 (P08172)
2025-09-24 12:43:20,658 - INFO - Retrieved 721 activities for P08172
2025-09-24 12:43:20,658 - INFO - Calculating Morgan fingerprints for 721 compounds...
2025-09-24 12:43:21,092 - INFO - Calculating physicochemical descriptors for 721 compounds...
2025-09-24 12:43:21,427 - INFO - Loading AlphaFold embedding for P08172...
2025-09-24 12:43:21,427 - INFO - Loaded AlphaFold embedding for P08172 (dimension: 384)
2025-09-24 12:43:21,427 - INFO - Combining features...
2025-09-24 12:43:21,429 - INFO - Combined features shape: (721, 2446)
2025-09-24 12:43:21,429 - INFO - Feature breakdown: Morgan=2048, PhysChem=14, AlphaFold=384
2025-09-24 12:43:21,429 - ERROR - Error processing protein CHRM2: '>' not supported between instances of 'str' and 'int'
2025-09-24 12:43:21,429 - WARNING - Failed to process CHRM2
2025-09-24 12:43:21,429 - INFO - Processing protein: CHRM3 (P20309)
2025-09-24 12:43:21,453 - INFO - Retrieved 1209 activities for P20309
2025-09-24 12:43:21,453 - INFO - Calculating Morgan fingerprints for 1209 compounds...
2025-09-24 12:43:22,199 - INFO - Calculating physicochemical descriptors for 1209 compounds...
2025-09-24 12:43:22,797 - INFO - Loading AlphaFold embedding for P20309...
2025-09-24 12:43:22,797 - INFO - Loaded AlphaFold embedding for P20309 (dimension: 384)
2025-09-24 12:43:22,798 - INFO - Combining features...
2025-09-24 12:43:22,801 - INFO - Combined features shape: (1209, 2446)
2025-09-24 12:43:22,801 - INFO - Feature breakdown: Morgan=2048, PhysChem=14, AlphaFold=384
2025-09-24 12:43:22,801 - ERROR - Error processing protein CHRM3: '>' not supported between instances of 'str' and 'int'
2025-09-24 12:43:22,801 - WARNING - Failed to process CHRM3
2025-09-24 12:43:22,801 - INFO - Processing protein: CHRNA10 (Q9JLB5)
2025-09-24 12:43:22,822 - WARNING - No activities found for Q9JLB5
2025-09-24 12:43:22,822 - WARNING - Insufficient data for CHRNA10 (0 samples)
2025-09-24 12:43:22,822 - WARNING - Failed to process CHRNA10
2025-09-24 12:43:22,822 - INFO - Processing protein: CHRNA9 (P43144)
2025-09-24 12:43:22,842 - WARNING - No activities found for P43144
2025-09-24 12:43:22,842 - WARNING - Insufficient data for CHRNA9 (0 samples)
2025-09-24 12:43:22,842 - WARNING - Failed to process CHRNA9
2025-09-24 12:43:22,843 - INFO - Processing protein: CHRNA7 (P36544)
2025-09-24 12:43:22,864 - INFO - Retrieved 595 activities for P36544
2025-09-24 12:43:22,865 - INFO - Calculating Morgan fingerprints for 595 compounds...
2025-09-24 12:43:23,215 - INFO - Calculating physicochemical descriptors for 595 compounds...
2025-09-24 12:43:23,465 - INFO - Loading AlphaFold embedding for P36544...
2025-09-24 12:43:23,466 - INFO - Loaded AlphaFold embedding for P36544 (dimension: 384)
2025-09-24 12:43:23,466 - INFO - Combining features...
2025-09-24 12:43:23,468 - INFO - Combined features shape: (595, 2446)
2025-09-24 12:43:23,468 - INFO - Feature breakdown: Morgan=2048, PhysChem=14, AlphaFold=384
2025-09-24 12:43:23,468 - ERROR - Error processing protein CHRNA7: '>' not supported between instances of 'str' and 'int'
2025-09-24 12:43:23,468 - WARNING - Failed to process CHRNA7
2025-09-24 12:43:23,468 - INFO - Processing protein: CHRNA3 (P32297)
2025-09-24 12:43:23,490 - INFO - Retrieved 3 activities for P32297
2025-09-24 12:43:23,490 - WARNING - Insufficient data for CHRNA3 (3 samples)
2025-09-24 12:43:23,490 - WARNING - Failed to process CHRNA3
2025-09-24 12:43:23,490 - INFO - Processing protein: CHRNA5 (P20420)
2025-09-24 12:43:23,511 - WARNING - No activities found for P20420
2025-09-24 12:43:23,511 - WARNING - Insufficient data for CHRNA5 (0 samples)
2025-09-24 12:43:23,511 - WARNING - Failed to process CHRNA5
2025-09-24 12:43:23,511 - INFO - Processing protein: HRH1 (P35367)
2025-09-24 12:43:23,534 - INFO - Retrieved 945 activities for P35367
2025-09-24 12:43:23,534 - INFO - Calculating Morgan fingerprints for 945 compounds...
2025-09-24 12:43:24,099 - INFO - Calculating physicochemical descriptors for 945 compounds...
2025-09-24 12:43:24,618 - INFO - Loading AlphaFold embedding for P35367...
2025-09-24 12:43:24,618 - INFO - Loaded AlphaFold embedding for P35367 (dimension: 384)
2025-09-24 12:43:24,618 - INFO - Combining features...
2025-09-24 12:43:24,621 - INFO - Combined features shape: (945, 2446)
2025-09-24 12:43:24,621 - INFO - Feature breakdown: Morgan=2048, PhysChem=14, AlphaFold=384
2025-09-24 12:43:24,621 - ERROR - Error processing protein HRH1: '>' not supported between instances of 'str' and 'int'
2025-09-24 12:43:24,621 - WARNING - Failed to process HRH1
2025-09-24 12:43:24,621 - INFO - Processing protein: SLCO1B1 (Q9Y6L6)
2025-09-24 12:43:24,648 - INFO - Retrieved 16 activities for Q9Y6L6
2025-09-24 12:43:24,648 - WARNING - Insufficient data for SLCO1B1 (16 samples)
2025-09-24 12:43:24,648 - WARNING - Failed to process SLCO1B1
2025-09-24 12:43:24,649 - INFO - Results saved successfully
2025-09-24 12:43:24,649 - INFO - QSAR modeling completed. Processed 0 proteins successfully.
2025-09-24 12:43:38,638 - INFO - Starting QSAR modeling with AlphaFold embeddings...
2025-09-24 12:43:38,638 - INFO - Loading protein data, sequences, and Papyrus dataset...
2025-09-24 12:43:38,639 - INFO - Loaded 52 proteins from /home/serramelendezcsm/RA/Avoidome/processed_data/papyrus_protein_check_results.csv
2025-09-24 12:43:38,640 - INFO - Loaded 51 protein sequences from /home/serramelendezcsm/RA/Avoidome/analyses/qsar_papyrus_esm_emb/targets_w_sequences.csv
2025-09-24 12:43:38,641 - INFO - Initializing Papyrus dataset...
2025-09-24 12:43:38,805 - INFO - Papyrus dataset initialized successfully
2025-09-24 12:43:38,805 - INFO - Loading full Papyrus dataset into DataFrame...
2025-09-24 12:43:46,172 - INFO - Loaded 707461 total activities from Papyrus
2025-09-24 12:43:46,174 - WARNING - AlphaFold embedding not found for AOX1 (tried: ['Q06278', 'O54754', 'Q9Z0U5'])
2025-09-24 12:43:46,174 - WARNING - AlphaFold embedding not found for XDH (tried: ['P47989', 'Q00519', 'P22985'])
2025-09-24 12:43:46,174 - WARNING - AlphaFold embedding not found for AKR7A3 (tried: ['O95154', 'P38918'])
2025-09-24 12:43:46,174 - WARNING - AlphaFold embedding not found for FMO1 (tried: ['Q01740', 'P50285', 'P36365'])
2025-09-24 12:43:46,175 - WARNING - AlphaFold embedding not found for OXA1L (tried: ['Q15070', 'Q8BGA9', 'A0A8I6AQW6'])
2025-09-24 12:43:46,175 - WARNING - AlphaFold embedding not found for ORM1 (tried: ['P02763', 'Q60590', 'P02764'])
2025-09-24 12:43:46,175 - WARNING - AlphaFold embedding not found for SCN5A (tried: ['Q14524', 'Q9JJV9', 'P15389'])
2025-09-24 12:43:46,175 - WARNING - AlphaFold embedding not found for CAV1 (tried: ['Q03135', 'P49817', 'P41350'])
2025-09-24 12:43:46,175 - WARNING - AlphaFold embedding not found for DIDO1 (tried: ['Q9BTC0', 'Q8C9B9', 'A0A8I5ZXE0'])
2025-09-24 12:43:46,175 - WARNING - AlphaFold embedding not found for NAT8 (tried: ['Q9UHE5', 'Q9JIY7', 'Q9QXT3'])
2025-09-24 12:43:46,176 - WARNING - AlphaFold embedding not found for CNRIP1 (tried: ['Q96F85', 'Q5M8N0', 'Q5M7A7'])
2025-09-24 12:43:46,176 - WARNING - AlphaFold embedding not found for SMPDL3A (tried: ['Q92484', 'P70158', 'Q641Z7'])
2025-09-24 12:43:46,176 - WARNING - AlphaFold embedding not found for GABPA (tried: ['Q06546', 'Q00422', 'A0A8I6GML2'])
2025-09-24 12:43:46,176 - WARNING - AlphaFold embedding not found for SLCO2B3 (tried: [])
2025-09-24 12:43:46,177 - WARNING - AlphaFold embedding not found for SLCO2B1 (tried: ['O94956', 'Q8BXB6', 'Q9JHI3'])
2025-09-24 12:43:46,177 - INFO - Found 37 proteins with AlphaFold embeddings
2025-09-24 12:43:46,177 - INFO - Processing protein: CYP1A2 (P05177)
2025-09-24 12:43:46,198 - INFO - Retrieved 329 activities for P05177
2025-09-24 12:43:46,199 - INFO - Calculating Morgan fingerprints for 280 compounds...
2025-09-24 12:43:46,362 - INFO - Calculating physicochemical descriptors for 280 compounds...
2025-09-24 12:43:46,471 - INFO - Loading AlphaFold embedding for P05177...
2025-09-24 12:43:46,472 - INFO - Loaded AlphaFold embedding for P05177 (dimension: 384)
2025-09-24 12:43:46,472 - INFO - Combining features...
2025-09-24 12:43:46,473 - INFO - Combined features shape: (280, 2446)
2025-09-24 12:43:46,473 - INFO - Feature breakdown: Morgan=2048, PhysChem=14, AlphaFold=384
2025-09-24 12:43:46,473 - INFO - Training classification model for CYP1A2...
2025-09-24 12:43:49,301 - INFO - Classification model saved for CYP1A2
2025-09-24 12:43:49,301 - INFO - CV Performance - Accuracy: 0.8679, F1: 0.8505, AUC: 0.8552
2025-09-24 12:43:49,302 - INFO - Training regression model for CYP1A2...
2025-09-24 12:43:51,121 - INFO - Regression model saved for CYP1A2
2025-09-24 12:43:51,122 - INFO - CV Performance - MSE: 0.5206, R²: 0.4654, MAE: 0.5283
2025-09-24 12:43:51,122 - INFO - Successfully processed CYP1A2
2025-09-24 12:43:51,123 - INFO - Processing protein: CYP2B6 (P20813)
2025-09-24 12:43:51,159 - INFO - Retrieved 33 activities for P20813
2025-09-24 12:43:51,159 - WARNING - Insufficient data for CYP2B6 (33 samples)
2025-09-24 12:43:51,159 - WARNING - Failed to process CYP2B6
2025-09-24 12:43:51,159 - INFO - Processing protein: CYP2C9 (P11712)
2025-09-24 12:43:51,195 - INFO - Retrieved 466 activities for P11712
2025-09-24 12:43:51,196 - INFO - Calculating Morgan fingerprints for 370 compounds...
2025-09-24 12:43:51,611 - INFO - Calculating physicochemical descriptors for 370 compounds...
2025-09-24 12:43:51,918 - INFO - Loading AlphaFold embedding for P11712...
2025-09-24 12:43:51,919 - INFO - Loaded AlphaFold embedding for P11712 (dimension: 384)
2025-09-24 12:43:51,919 - INFO - Combining features...
2025-09-24 12:43:51,921 - INFO - Combined features shape: (370, 2446)
2025-09-24 12:43:51,922 - INFO - Feature breakdown: Morgan=2048, PhysChem=14, AlphaFold=384
2025-09-24 12:43:51,922 - INFO - Training classification model for CYP2C9...
2025-09-24 12:43:54,650 - INFO - Classification model saved for CYP2C9
2025-09-24 12:43:54,650 - INFO - CV Performance - Accuracy: 0.9595, F1: 0.9396, AUC: 0.9343
2025-09-24 12:43:54,650 - INFO - Training regression model for CYP2C9...
2025-09-24 12:43:56,543 - INFO - Regression model saved for CYP2C9
2025-09-24 12:43:56,543 - INFO - CV Performance - MSE: 0.2643, R²: 0.5239, MAE: 0.3913
2025-09-24 12:43:56,545 - INFO - Successfully processed CYP2C9
2025-09-24 12:43:56,545 - INFO - Processing protein: CYP2C19 (P33261)
2025-09-24 12:43:56,581 - INFO - Retrieved 165 activities for P33261
2025-09-24 12:43:56,582 - INFO - Calculating Morgan fingerprints for 133 compounds...
2025-09-24 12:43:56,730 - INFO - Calculating physicochemical descriptors for 133 compounds...
2025-09-24 12:43:56,833 - INFO - Loading AlphaFold embedding for P33261...
2025-09-24 12:43:56,834 - INFO - Loaded AlphaFold embedding for P33261 (dimension: 384)
2025-09-24 12:43:56,835 - INFO - Combining features...
2025-09-24 12:43:56,835 - INFO - Combined features shape: (133, 2446)
2025-09-24 12:43:56,836 - INFO - Feature breakdown: Morgan=2048, PhysChem=14, AlphaFold=384
2025-09-24 12:43:56,836 - INFO - Training classification model for CYP2C19...
2025-09-24 12:43:59,299 - INFO - Classification model saved for CYP2C19
2025-09-24 12:43:59,299 - INFO - CV Performance - Accuracy: 0.9849, F1: 0.9775, AUC: nan
2025-09-24 12:43:59,299 - INFO - Training regression model for CYP2C19...
2025-09-24 12:44:01,006 - INFO - Regression model saved for CYP2C19
2025-09-24 12:44:01,006 - INFO - CV Performance - MSE: 0.2770, R²: 0.4413, MAE: 0.3928
2025-09-24 12:44:01,006 - INFO - Successfully processed CYP2C19
2025-09-24 12:44:01,006 - INFO - Processing protein: CYP2D6 (P10635)
2025-09-24 12:44:01,069 - INFO - Retrieved 607 activities for P10635
2025-09-24 12:44:01,070 - INFO - Calculating Morgan fingerprints for 502 compounds...
2025-09-24 12:44:01,635 - INFO - Calculating physicochemical descriptors for 502 compounds...
2025-09-24 12:44:02,030 - INFO - Loading AlphaFold embedding for P10635...
2025-09-24 12:44:02,031 - INFO - Loaded AlphaFold embedding for P10635 (dimension: 384)
2025-09-24 12:44:02,031 - INFO - Combining features...
2025-09-24 12:44:02,034 - INFO - Combined features shape: (502, 2446)
2025-09-24 12:44:02,034 - INFO - Feature breakdown: Morgan=2048, PhysChem=14, AlphaFold=384
2025-09-24 12:44:02,034 - INFO - Training classification model for CYP2D6...
2025-09-24 12:44:04,923 - INFO - Classification model saved for CYP2D6
2025-09-24 12:44:04,924 - INFO - CV Performance - Accuracy: 0.9105, F1: 0.8818, AUC: 0.7450
2025-09-24 12:44:04,925 - INFO - Training regression model for CYP2D6...
2025-09-24 12:44:07,006 - INFO - Regression model saved for CYP2D6
2025-09-24 12:44:07,006 - INFO - CV Performance - MSE: 0.4893, R²: 0.3701, MAE: 0.5243
2025-09-24 12:44:07,007 - INFO - Successfully processed CYP2D6
2025-09-24 12:44:07,007 - INFO - Processing protein: CYP3A4 (P08684)
2025-09-24 12:44:07,051 - INFO - Retrieved 1387 activities for P08684
2025-09-24 12:44:07,053 - INFO - Calculating Morgan fingerprints for 1002 compounds...
2025-09-24 12:44:07,990 - INFO - Calculating physicochemical descriptors for 1002 compounds...
2025-09-24 12:44:08,509 - INFO - Loading AlphaFold embedding for P08684...
2025-09-24 12:44:08,511 - INFO - Loaded AlphaFold embedding for P08684 (dimension: 384)
2025-09-24 12:44:08,511 - INFO - Combining features...
2025-09-24 12:44:08,517 - INFO - Combined features shape: (1002, 2446)
2025-09-24 12:44:08,517 - INFO - Feature breakdown: Morgan=2048, PhysChem=14, AlphaFold=384
2025-09-24 12:44:08,517 - INFO - Training classification model for CYP3A4...
2025-09-24 12:44:11,581 - INFO - Classification model saved for CYP3A4
2025-09-24 12:44:11,581 - INFO - CV Performance - Accuracy: 0.9661, F1: 0.9641, AUC: 0.9285
2025-09-24 12:44:11,582 - INFO - Training regression model for CYP3A4...
2025-09-24 12:44:14,011 - INFO - Regression model saved for CYP3A4
2025-09-24 12:44:14,011 - INFO - CV Performance - MSE: 0.2942, R²: 0.5982, MAE: 0.3836
2025-09-24 12:44:14,016 - INFO - Successfully processed CYP3A4
2025-09-24 12:44:14,016 - INFO - Processing protein: MAOA (P21397)
2025-09-24 12:44:14,059 - INFO - Retrieved 1130 activities for P21397
2025-09-24 12:44:14,060 - INFO - Calculating Morgan fingerprints for 1015 compounds...
2025-09-24 12:44:14,869 - INFO - Calculating physicochemical descriptors for 1015 compounds...
2025-09-24 12:44:15,258 - INFO - Loading AlphaFold embedding for P21397...
2025-09-24 12:44:15,259 - INFO - Loaded AlphaFold embedding for P21397 (dimension: 384)
2025-09-24 12:44:15,259 - INFO - Combining features...
2025-09-24 12:44:15,264 - INFO - Combined features shape: (1015, 2446)
2025-09-24 12:44:15,264 - INFO - Feature breakdown: Morgan=2048, PhysChem=14, AlphaFold=384
2025-09-24 12:44:15,264 - INFO - Training classification model for MAOA...
2025-09-24 12:44:18,173 - INFO - Classification model saved for MAOA
2025-09-24 12:44:18,174 - INFO - CV Performance - Accuracy: 0.9369, F1: 0.9300, AUC: 0.9249
2025-09-24 12:44:18,174 - INFO - Training regression model for MAOA...
2025-09-24 12:44:20,470 - INFO - Regression model saved for MAOA
2025-09-24 12:44:20,470 - INFO - CV Performance - MSE: 0.6334, R²: 0.5634, MAE: 0.5997
2025-09-24 12:44:20,476 - INFO - Successfully processed MAOA
2025-09-24 12:44:20,476 - INFO - Processing protein: MAOB (P27338)
2025-09-24 12:44:20,524 - INFO - Retrieved 1519 activities for P27338
2025-09-24 12:44:20,526 - INFO - Calculating Morgan fingerprints for 1324 compounds...
2025-09-24 12:44:21,861 - INFO - Calculating physicochemical descriptors for 1324 compounds...
2025-09-24 12:44:22,541 - INFO - Loading AlphaFold embedding for P27338...
2025-09-24 12:44:22,542 - INFO - Loaded AlphaFold embedding for P27338 (dimension: 384)
2025-09-24 12:44:22,543 - INFO - Combining features...
2025-09-24 12:44:22,548 - INFO - Combined features shape: (1324, 2446)
2025-09-24 12:44:22,548 - INFO - Feature breakdown: Morgan=2048, PhysChem=14, AlphaFold=384
2025-09-24 12:44:22,549 - INFO - Training classification model for MAOB...
2025-09-24 12:44:25,524 - INFO - Classification model saved for MAOB
2025-09-24 12:44:25,525 - INFO - CV Performance - Accuracy: 0.8263, F1: 0.8047, AUC: 0.8982
2025-09-24 12:44:25,526 - INFO - Training regression model for MAOB...
2025-09-24 12:44:27,834 - INFO - Regression model saved for MAOB
2025-09-24 12:44:27,835 - INFO - CV Performance - MSE: 0.7099, R²: 0.5579, MAE: 0.6374
2025-09-24 12:44:27,840 - INFO - Successfully processed MAOB
2025-09-24 12:44:27,840 - INFO - Processing protein: ALDH1A1 (P00352)
2025-09-24 12:44:27,878 - INFO - Retrieved 150 activities for P00352
2025-09-24 12:44:27,879 - INFO - Calculating Morgan fingerprints for 103 compounds...
2025-09-24 12:44:27,998 - INFO - Calculating physicochemical descriptors for 103 compounds...
2025-09-24 12:44:28,079 - INFO - Loading AlphaFold embedding for P00352...
2025-09-24 12:44:28,080 - INFO - Loaded AlphaFold embedding for P00352 (dimension: 384)
2025-09-24 12:44:28,081 - INFO - Combining features...
2025-09-24 12:44:28,081 - INFO - Combined features shape: (103, 2446)
2025-09-24 12:44:28,081 - INFO - Feature breakdown: Morgan=2048, PhysChem=14, AlphaFold=384
2025-09-24 12:44:28,082 - INFO - Training classification model for ALDH1A1...
2025-09-24 12:44:30,728 - INFO - Classification model saved for ALDH1A1
2025-09-24 12:44:30,728 - INFO - CV Performance - Accuracy: 0.8824, F1: 0.8504, AUC: 0.8000
2025-09-24 12:44:30,728 - INFO - Training regression model for ALDH1A1...
2025-09-24 12:44:32,483 - INFO - Regression model saved for ALDH1A1
2025-09-24 12:44:32,483 - INFO - CV Performance - MSE: 0.3039, R²: 0.5145, MAE: 0.4277
2025-09-24 12:44:32,484 - INFO - Successfully processed ALDH1A1
2025-09-24 12:44:32,484 - INFO - Processing protein: ADH1A (P07327)
2025-09-24 12:44:32,521 - WARNING - No activities found for P07327
2025-09-24 12:44:32,521 - WARNING - Insufficient data for ADH1A (0 samples)
2025-09-24 12:44:32,521 - WARNING - Failed to process ADH1A
2025-09-24 12:44:32,521 - INFO - Processing protein: HSD11B1 (P28845)
2025-09-24 12:44:32,568 - INFO - Retrieved 2046 activities for P28845
2025-09-24 12:44:32,570 - INFO - Calculating Morgan fingerprints for 1485 compounds...
2025-09-24 12:44:34,149 - INFO - Calculating physicochemical descriptors for 1485 compounds...
2025-09-24 12:44:35,327 - INFO - Loading AlphaFold embedding for P28845...
2025-09-24 12:44:35,328 - INFO - Loaded AlphaFold embedding for P28845 (dimension: 384)
2025-09-24 12:44:35,328 - INFO - Combining features...
2025-09-24 12:44:35,335 - INFO - Combined features shape: (1485, 2446)
2025-09-24 12:44:35,335 - INFO - Feature breakdown: Morgan=2048, PhysChem=14, AlphaFold=384
2025-09-24 12:44:35,335 - INFO - Training classification model for HSD11B1...
2025-09-24 12:44:38,628 - INFO - Classification model saved for HSD11B1
2025-09-24 12:44:38,629 - INFO - CV Performance - Accuracy: 0.8074, F1: 0.8009, AUC: 0.8951
2025-09-24 12:44:38,630 - INFO - Training regression model for HSD11B1...
2025-09-24 12:44:41,021 - INFO - Regression model saved for HSD11B1
2025-09-24 12:44:41,021 - INFO - CV Performance - MSE: 0.4316, R²: 0.6062, MAE: 0.4994
2025-09-24 12:44:41,067 - INFO - Successfully processed HSD11B1
2025-09-24 12:44:41,067 - INFO - Processing protein: AHR (P35869)
2025-09-24 12:44:41,097 - INFO - Retrieved 25 activities for P35869
2025-09-24 12:44:41,097 - WARNING - Insufficient data for AHR (25 samples)
2025-09-24 12:44:41,097 - WARNING - Failed to process AHR
2025-09-24 12:44:41,097 - INFO - Processing protein: NR1I3 (Q14994)
2025-09-24 12:44:41,123 - INFO - Retrieved 59 activities for Q14994
2025-09-24 12:44:41,124 - INFO - Calculating Morgan fingerprints for 54 compounds...
2025-09-24 12:44:41,161 - INFO - Calculating physicochemical descriptors for 54 compounds...
2025-09-24 12:44:41,189 - INFO - Loading AlphaFold embedding for Q14994...
2025-09-24 12:44:41,190 - INFO - Loaded AlphaFold embedding for Q14994 (dimension: 384)
2025-09-24 12:44:41,191 - INFO - Combining features...
2025-09-24 12:44:41,191 - INFO - Combined features shape: (54, 2446)
2025-09-24 12:44:41,191 - INFO - Feature breakdown: Morgan=2048, PhysChem=14, AlphaFold=384
2025-09-24 12:44:41,192 - INFO - Training classification model for NR1I3...
2025-09-24 12:44:43,628 - INFO - Classification model saved for NR1I3
2025-09-24 12:44:43,628 - INFO - CV Performance - Accuracy: 0.8691, F1: 0.8551, AUC: 0.9917
2025-09-24 12:44:43,629 - INFO - Training regression model for NR1I3...
2025-09-24 12:44:45,527 - INFO - Regression model saved for NR1I3
2025-09-24 12:44:45,527 - INFO - CV Performance - MSE: 0.4394, R²: 0.5789, MAE: 0.5089
2025-09-24 12:44:45,527 - INFO - Successfully processed NR1I3
2025-09-24 12:44:45,528 - INFO - Processing protein: NR1I2 (O75469)
2025-09-24 12:44:45,595 - INFO - Retrieved 344 activities for O75469
2025-09-24 12:44:45,596 - INFO - Calculating Morgan fingerprints for 149 compounds...
2025-09-24 12:44:45,766 - INFO - Calculating physicochemical descriptors for 149 compounds...
2025-09-24 12:44:45,892 - INFO - Loading AlphaFold embedding for O75469...
2025-09-24 12:44:45,893 - INFO - Loaded AlphaFold embedding for O75469 (dimension: 384)
2025-09-24 12:44:45,893 - INFO - Combining features...
2025-09-24 12:44:45,894 - INFO - Combined features shape: (149, 2446)
2025-09-24 12:44:45,895 - INFO - Feature breakdown: Morgan=2048, PhysChem=14, AlphaFold=384
2025-09-24 12:44:45,895 - INFO - Training classification model for NR1I2...
2025-09-24 12:44:48,523 - INFO - Classification model saved for NR1I2
2025-09-24 12:44:48,524 - INFO - CV Performance - Accuracy: 0.8389, F1: 0.7932, AUC: 0.8593
2025-09-24 12:44:48,524 - INFO - Training regression model for NR1I2...
2025-09-24 12:44:50,269 - INFO - Regression model saved for NR1I2
2025-09-24 12:44:50,270 - INFO - CV Performance - MSE: 0.3424, R²: 0.6099, MAE: 0.4526
2025-09-24 12:44:50,271 - INFO - Successfully processed NR1I2
2025-09-24 12:44:50,271 - INFO - Processing protein: SULT1A1 (P50225)
2025-09-24 12:44:50,309 - INFO - Retrieved 6 activities for P50225
2025-09-24 12:44:50,309 - WARNING - Insufficient data for SULT1A1 (6 samples)
2025-09-24 12:44:50,309 - WARNING - Failed to process SULT1A1
2025-09-24 12:44:50,310 - INFO - Processing protein: GSTA1 (P08263)
2025-09-24 12:44:50,350 - INFO - Retrieved 6 activities for P08263
2025-09-24 12:44:50,350 - WARNING - Insufficient data for GSTA1 (6 samples)
2025-09-24 12:44:50,350 - WARNING - Failed to process GSTA1
2025-09-24 12:44:50,350 - INFO - Processing protein: KCNH2 (Q12809)
2025-09-24 12:44:50,546 - INFO - Retrieved 4492 activities for Q12809
2025-09-24 12:44:50,550 - INFO - Calculating Morgan fingerprints for 3737 compounds...
2025-09-24 12:44:53,178 - INFO - Calculating physicochemical descriptors for 3737 compounds...
2025-09-24 12:44:54,939 - INFO - Loading AlphaFold embedding for Q12809...
2025-09-24 12:44:54,940 - INFO - Loaded AlphaFold embedding for Q12809 (dimension: 384)
2025-09-24 12:44:54,941 - INFO - Combining features...
2025-09-24 12:44:54,955 - INFO - Combined features shape: (3737, 2446)
2025-09-24 12:44:54,955 - INFO - Feature breakdown: Morgan=2048, PhysChem=14, AlphaFold=384
2025-09-24 12:44:54,955 - INFO - Training classification model for KCNH2...
2025-09-24 12:44:58,415 - INFO - Classification model saved for KCNH2
2025-09-24 12:44:58,416 - INFO - CV Performance - Accuracy: 0.9430, F1: 0.9290, AUC: 0.8998
2025-09-24 12:44:58,417 - INFO - Training regression model for KCNH2...
2025-09-24 12:45:02,768 - INFO - Regression model saved for KCNH2
2025-09-24 12:45:02,769 - INFO - CV Performance - MSE: 0.4551, R²: 0.4927, MAE: 0.5183
2025-09-24 12:45:02,802 - INFO - Successfully processed KCNH2
2025-09-24 12:45:02,803 - INFO - Processing protein: CACNB1 (Q02641)
2025-09-24 12:45:02,829 - WARNING - No activities found for Q02641
2025-09-24 12:45:02,830 - WARNING - Insufficient data for CACNB1 (0 samples)
2025-09-24 12:45:02,830 - WARNING - Failed to process CACNB1
2025-09-24 12:45:02,830 - INFO - Processing protein: HTR2B (P41595)
2025-09-24 12:45:02,916 - INFO - Retrieved 1180 activities for P41595
2025-09-24 12:45:02,917 - INFO - Calculating Morgan fingerprints for 983 compounds...
2025-09-24 12:45:03,913 - INFO - Calculating physicochemical descriptors for 983 compounds...
2025-09-24 12:45:04,321 - INFO - Loading AlphaFold embedding for P41595...
2025-09-24 12:45:04,322 - INFO - Loaded AlphaFold embedding for P41595 (dimension: 384)
2025-09-24 12:45:04,322 - INFO - Combining features...
2025-09-24 12:45:04,327 - INFO - Combined features shape: (983, 2446)
2025-09-24 12:45:04,327 - INFO - Feature breakdown: Morgan=2048, PhysChem=14, AlphaFold=384
2025-09-24 12:45:04,328 - INFO - Training classification model for HTR2B...
2025-09-24 12:45:07,260 - INFO - Classification model saved for HTR2B
2025-09-24 12:45:07,260 - INFO - CV Performance - Accuracy: 0.7619, F1: 0.7223, AUC: 0.7943
2025-09-24 12:45:07,261 - INFO - Training regression model for HTR2B...
2025-09-24 12:45:09,308 - INFO - Regression model saved for HTR2B
2025-09-24 12:45:09,308 - INFO - CV Performance - MSE: 0.5185, R²: 0.3502, MAE: 0.5553
2025-09-24 12:45:09,311 - INFO - Successfully processed HTR2B
2025-09-24 12:45:09,311 - INFO - Processing protein: SLC6A4 (P31645)
2025-09-24 12:45:09,380 - INFO - Retrieved 2958 activities for P31645
2025-09-24 12:45:09,382 - INFO - Calculating Morgan fingerprints for 2395 compounds...
2025-09-24 12:45:10,816 - INFO - Calculating physicochemical descriptors for 2395 compounds...
2025-09-24 12:45:11,806 - INFO - Loading AlphaFold embedding for P31645...
2025-09-24 12:45:11,807 - INFO - Loaded AlphaFold embedding for P31645 (dimension: 384)
2025-09-24 12:45:11,808 - INFO - Combining features...
2025-09-24 12:45:11,817 - INFO - Combined features shape: (2395, 2446)
2025-09-24 12:45:11,817 - INFO - Feature breakdown: Morgan=2048, PhysChem=14, AlphaFold=384
2025-09-24 12:45:11,817 - INFO - Training classification model for SLC6A4...
2025-09-24 12:45:14,967 - INFO - Classification model saved for SLC6A4
2025-09-24 12:45:14,967 - INFO - CV Performance - Accuracy: 0.7712, F1: 0.7626, AUC: 0.8807
2025-09-24 12:45:14,969 - INFO - Training regression model for SLC6A4...
2025-09-24 12:45:18,113 - INFO - Regression model saved for SLC6A4
2025-09-24 12:45:18,114 - INFO - CV Performance - MSE: 0.5418, R²: 0.5635, MAE: 0.5704
2025-09-24 12:45:18,122 - INFO - Successfully processed SLC6A4
2025-09-24 12:45:18,122 - INFO - Processing protein: SLC6A3 (Q01959)
2025-09-24 12:45:18,195 - INFO - Retrieved 1646 activities for Q01959
2025-09-24 12:45:18,196 - INFO - Calculating Morgan fingerprints for 1241 compounds...
2025-09-24 12:45:19,448 - INFO - Calculating physicochemical descriptors for 1241 compounds...
2025-09-24 12:45:20,117 - INFO - Loading AlphaFold embedding for Q01959...
2025-09-24 12:45:20,118 - INFO - Loaded AlphaFold embedding for Q01959 (dimension: 384)
2025-09-24 12:45:20,119 - INFO - Combining features...
2025-09-24 12:45:20,124 - INFO - Combined features shape: (1241, 2446)
2025-09-24 12:45:20,124 - INFO - Feature breakdown: Morgan=2048, PhysChem=14, AlphaFold=384
2025-09-24 12:45:20,124 - INFO - Training classification model for SLC6A3...
2025-09-24 12:45:22,930 - INFO - Classification model saved for SLC6A3
2025-09-24 12:45:22,930 - INFO - CV Performance - Accuracy: 0.8260, F1: 0.8146, AUC: 0.8868
2025-09-24 12:45:22,931 - INFO - Training regression model for SLC6A3...
2025-09-24 12:45:25,147 - INFO - Regression model saved for SLC6A3
2025-09-24 12:45:25,148 - INFO - CV Performance - MSE: 0.4083, R²: 0.6156, MAE: 0.4936
2025-09-24 12:45:25,152 - INFO - Successfully processed SLC6A3
2025-09-24 12:45:25,152 - INFO - Processing protein: SLC6A2 (P23975)
2025-09-24 12:45:25,224 - INFO - Retrieved 2021 activities for P23975
2025-09-24 12:45:25,226 - INFO - Calculating Morgan fingerprints for 1567 compounds...
2025-09-24 12:45:26,736 - INFO - Calculating physicochemical descriptors for 1567 compounds...
2025-09-24 12:45:27,324 - INFO - Loading AlphaFold embedding for P23975...
2025-09-24 12:45:27,325 - INFO - Loaded AlphaFold embedding for P23975 (dimension: 384)
2025-09-24 12:45:27,325 - INFO - Combining features...
2025-09-24 12:45:27,331 - INFO - Combined features shape: (1567, 2446)
2025-09-24 12:45:27,331 - INFO - Feature breakdown: Morgan=2048, PhysChem=14, AlphaFold=384
2025-09-24 12:45:27,332 - INFO - Training classification model for SLC6A2...
2025-09-24 12:45:30,314 - INFO - Classification model saved for SLC6A2
2025-09-24 12:45:30,315 - INFO - CV Performance - Accuracy: 0.8016, F1: 0.8009, AUC: 0.8723
2025-09-24 12:45:30,316 - INFO - Training regression model for SLC6A2...
2025-09-24 12:45:32,821 - INFO - Regression model saved for SLC6A2
2025-09-24 12:45:32,822 - INFO - CV Performance - MSE: 0.4318, R²: 0.5836, MAE: 0.5099
2025-09-24 12:45:32,826 - INFO - Successfully processed SLC6A2
2025-09-24 12:45:32,827 - INFO - Processing protein: ADRA1A (P25100)
2025-09-24 12:45:32,875 - INFO - Retrieved 566 activities for P25100
2025-09-24 12:45:32,876 - INFO - Calculating Morgan fingerprints for 424 compounds...
2025-09-24 12:45:33,338 - INFO - Calculating physicochemical descriptors for 424 compounds...
2025-09-24 12:45:33,677 - INFO - Loading AlphaFold embedding for P25100...
2025-09-24 12:45:33,678 - INFO - Loaded AlphaFold embedding for P25100 (dimension: 384)
2025-09-24 12:45:33,679 - INFO - Combining features...
2025-09-24 12:45:33,682 - INFO - Combined features shape: (424, 2446)
2025-09-24 12:45:33,682 - INFO - Feature breakdown: Morgan=2048, PhysChem=14, AlphaFold=384
2025-09-24 12:45:33,682 - INFO - Training classification model for ADRA1A...
2025-09-24 12:45:36,407 - INFO - Classification model saved for ADRA1A
2025-09-24 12:45:36,407 - INFO - CV Performance - Accuracy: 0.7760, F1: 0.7535, AUC: 0.8676
2025-09-24 12:45:36,408 - INFO - Training regression model for ADRA1A...
2025-09-24 12:45:38,257 - INFO - Regression model saved for ADRA1A
2025-09-24 12:45:38,258 - INFO - CV Performance - MSE: 0.7032, R²: 0.5296, MAE: 0.6427
2025-09-24 12:45:38,259 - INFO - Successfully processed ADRA1A
2025-09-24 12:45:38,259 - INFO - Processing protein: ADRA2A (P08913)
2025-09-24 12:45:38,305 - INFO - Retrieved 526 activities for P08913
2025-09-24 12:45:38,306 - INFO - Calculating Morgan fingerprints for 459 compounds...
2025-09-24 12:45:38,793 - INFO - Calculating physicochemical descriptors for 459 compounds...
2025-09-24 12:45:39,117 - INFO - Loading AlphaFold embedding for P08913...
2025-09-24 12:45:39,118 - INFO - Loaded AlphaFold embedding for P08913 (dimension: 384)
2025-09-24 12:45:39,118 - INFO - Combining features...
2025-09-24 12:45:39,121 - INFO - Combined features shape: (459, 2446)
2025-09-24 12:45:39,121 - INFO - Feature breakdown: Morgan=2048, PhysChem=14, AlphaFold=384
2025-09-24 12:45:39,121 - INFO - Training classification model for ADRA2A...
2025-09-24 12:45:42,081 - INFO - Classification model saved for ADRA2A
2025-09-24 12:45:42,081 - INFO - CV Performance - Accuracy: 0.8213, F1: 0.8129, AUC: 0.8837
2025-09-24 12:45:42,081 - INFO - Training regression model for ADRA2A...
2025-09-24 12:45:44,053 - INFO - Regression model saved for ADRA2A
2025-09-24 12:45:44,053 - INFO - CV Performance - MSE: 0.8278, R²: 0.4572, MAE: 0.6464
2025-09-24 12:45:44,055 - INFO - Successfully processed ADRA2A
2025-09-24 12:45:44,055 - INFO - Processing protein: ADRB1 (P08588)
2025-09-24 12:45:44,116 - INFO - Retrieved 614 activities for P08588
2025-09-24 12:45:44,117 - INFO - Calculating Morgan fingerprints for 531 compounds...
2025-09-24 12:45:44,697 - INFO - Calculating physicochemical descriptors for 531 compounds...
2025-09-24 12:45:45,133 - INFO - Loading AlphaFold embedding for P08588...
2025-09-24 12:45:45,134 - INFO - Loaded AlphaFold embedding for P08588 (dimension: 384)
2025-09-24 12:45:45,134 - INFO - Combining features...
2025-09-24 12:45:45,136 - INFO - Combined features shape: (531, 2446)
2025-09-24 12:45:45,137 - INFO - Feature breakdown: Morgan=2048, PhysChem=14, AlphaFold=384
2025-09-24 12:45:45,137 - INFO - Training classification model for ADRB1...
2025-09-24 12:45:47,929 - INFO - Classification model saved for ADRB1
2025-09-24 12:45:47,930 - INFO - CV Performance - Accuracy: 0.8135, F1: 0.8089, AUC: 0.8893
2025-09-24 12:45:47,930 - INFO - Training regression model for ADRB1...
2025-09-24 12:45:50,030 - INFO - Regression model saved for ADRB1
2025-09-24 12:45:50,030 - INFO - CV Performance - MSE: 0.5583, R²: 0.5470, MAE: 0.5228
2025-09-24 12:45:50,032 - INFO - Successfully processed ADRB1
2025-09-24 12:45:50,032 - INFO - Processing protein: ADRB2 (P07550)
2025-09-24 12:45:50,083 - INFO - Retrieved 860 activities for P07550
2025-09-24 12:45:50,084 - INFO - Calculating Morgan fingerprints for 662 compounds...
2025-09-24 12:45:50,719 - INFO - Calculating physicochemical descriptors for 662 compounds...
2025-09-24 12:45:51,030 - INFO - Loading AlphaFold embedding for P07550...
2025-09-24 12:45:51,031 - INFO - Loaded AlphaFold embedding for P07550 (dimension: 384)
2025-09-24 12:45:51,031 - INFO - Combining features...
2025-09-24 12:45:51,033 - INFO - Combined features shape: (662, 2446)
2025-09-24 12:45:51,033 - INFO - Feature breakdown: Morgan=2048, PhysChem=14, AlphaFold=384
2025-09-24 12:45:51,034 - INFO - Training classification model for ADRB2...
2025-09-24 12:45:53,869 - INFO - Classification model saved for ADRB2
2025-09-24 12:45:53,869 - INFO - CV Performance - Accuracy: 0.8519, F1: 0.8421, AUC: 0.9135
2025-09-24 12:45:53,869 - INFO - Training regression model for ADRB2...
2025-09-24 12:45:55,981 - INFO - Regression model saved for ADRB2
2025-09-24 12:45:55,981 - INFO - CV Performance - MSE: 0.7622, R²: 0.7074, MAE: 0.6261
2025-09-24 12:45:55,985 - INFO - Successfully processed ADRB2
2025-09-24 12:45:55,985 - INFO - Processing protein: CNR2 (P34972)
2025-09-24 12:45:56,085 - INFO - Retrieved 4295 activities for P34972
2025-09-24 12:45:56,088 - INFO - Calculating Morgan fingerprints for 3519 compounds...
2025-09-24 12:45:59,143 - INFO - Calculating physicochemical descriptors for 3519 compounds...
2025-09-24 12:46:00,722 - INFO - Loading AlphaFold embedding for P34972...
2025-09-24 12:46:00,723 - INFO - Loaded AlphaFold embedding for P34972 (dimension: 384)
2025-09-24 12:46:00,724 - INFO - Combining features...
2025-09-24 12:46:00,737 - INFO - Combined features shape: (3519, 2446)
2025-09-24 12:46:00,738 - INFO - Feature breakdown: Morgan=2048, PhysChem=14, AlphaFold=384
2025-09-24 12:46:00,738 - INFO - Training classification model for CNR2...
2025-09-24 12:46:04,345 - INFO - Classification model saved for CNR2
2025-09-24 12:46:04,345 - INFO - CV Performance - Accuracy: 0.7809, F1: 0.7798, AUC: 0.8691
2025-09-24 12:46:04,346 - INFO - Training regression model for CNR2...
2025-09-24 12:46:08,471 - INFO - Regression model saved for CNR2
2025-09-24 12:46:08,471 - INFO - CV Performance - MSE: 0.6572, R²: 0.5274, MAE: 0.6318
2025-09-24 12:46:08,498 - INFO - Successfully processed CNR2
2025-09-24 12:46:08,499 - INFO - Processing protein: CHRM1 (P11229)
2025-09-24 12:46:08,561 - INFO - Retrieved 1103 activities for P11229
2025-09-24 12:46:08,562 - INFO - Calculating Morgan fingerprints for 840 compounds...
2025-09-24 12:46:09,458 - INFO - Calculating physicochemical descriptors for 840 compounds...
2025-09-24 12:46:10,122 - INFO - Loading AlphaFold embedding for P11229...
2025-09-24 12:46:10,123 - INFO - Loaded AlphaFold embedding for P11229 (dimension: 384)
2025-09-24 12:46:10,124 - INFO - Combining features...
2025-09-24 12:46:10,129 - INFO - Combined features shape: (840, 2446)
2025-09-24 12:46:10,129 - INFO - Feature breakdown: Morgan=2048, PhysChem=14, AlphaFold=384
2025-09-24 12:46:10,129 - INFO - Training classification model for CHRM1...
2025-09-24 12:46:13,179 - INFO - Classification model saved for CHRM1
2025-09-24 12:46:13,179 - INFO - CV Performance - Accuracy: 0.8024, F1: 0.7844, AUC: 0.8594
2025-09-24 12:46:13,180 - INFO - Training regression model for CHRM1...
2025-09-24 12:46:15,315 - INFO - Regression model saved for CHRM1
2025-09-24 12:46:15,315 - INFO - CV Performance - MSE: 0.7528, R²: 0.5101, MAE: 0.6587
2025-09-24 12:46:15,318 - INFO - Successfully processed CHRM1
2025-09-24 12:46:15,318 - INFO - Processing protein: CHRM2 (P08172)
2025-09-24 12:46:15,351 - INFO - Retrieved 721 activities for P08172
2025-09-24 12:46:15,352 - INFO - Calculating Morgan fingerprints for 552 compounds...
2025-09-24 12:46:15,713 - INFO - Calculating physicochemical descriptors for 552 compounds...
2025-09-24 12:46:15,981 - INFO - Loading AlphaFold embedding for P08172...
2025-09-24 12:46:15,981 - INFO - Loaded AlphaFold embedding for P08172 (dimension: 384)
2025-09-24 12:46:15,982 - INFO - Combining features...
2025-09-24 12:46:15,984 - INFO - Combined features shape: (552, 2446)
2025-09-24 12:46:15,984 - INFO - Feature breakdown: Morgan=2048, PhysChem=14, AlphaFold=384
2025-09-24 12:46:15,984 - INFO - Training classification model for CHRM2...
2025-09-24 12:46:18,770 - INFO - Classification model saved for CHRM2
2025-09-24 12:46:18,770 - INFO - CV Performance - Accuracy: 0.7626, F1: 0.7628, AUC: 0.8609
2025-09-24 12:46:18,771 - INFO - Training regression model for CHRM2...
2025-09-24 12:46:20,863 - INFO - Regression model saved for CHRM2
2025-09-24 12:46:20,863 - INFO - CV Performance - MSE: 0.7448, R²: 0.5790, MAE: 0.6853
2025-09-24 12:46:20,865 - INFO - Successfully processed CHRM2
2025-09-24 12:46:20,866 - INFO - Processing protein: CHRM3 (P20309)
2025-09-24 12:46:20,915 - INFO - Retrieved 1209 activities for P20309
2025-09-24 12:46:20,917 - INFO - Calculating Morgan fingerprints for 1079 compounds...
2025-09-24 12:46:22,107 - INFO - Calculating physicochemical descriptors for 1079 compounds...
2025-09-24 12:46:22,809 - INFO - Loading AlphaFold embedding for P20309...
2025-09-24 12:46:22,810 - INFO - Loaded AlphaFold embedding for P20309 (dimension: 384)
2025-09-24 12:46:22,810 - INFO - Combining features...
2025-09-24 12:46:22,814 - INFO - Combined features shape: (1079, 2446)
2025-09-24 12:46:22,814 - INFO - Feature breakdown: Morgan=2048, PhysChem=14, AlphaFold=384
2025-09-24 12:46:22,814 - INFO - Training classification model for CHRM3...
2025-09-24 12:46:25,724 - INFO - Classification model saved for CHRM3
2025-09-24 12:46:25,724 - INFO - CV Performance - Accuracy: 0.8582, F1: 0.8553, AUC: 0.9341
2025-09-24 12:46:25,726 - INFO - Training regression model for CHRM3...
2025-09-24 12:46:28,084 - INFO - Regression model saved for CHRM3
2025-09-24 12:46:28,085 - INFO - CV Performance - MSE: 0.6693, R²: 0.7308, MAE: 0.6296
2025-09-24 12:46:28,088 - INFO - Successfully processed CHRM3
2025-09-24 12:46:28,088 - INFO - Processing protein: CHRNA10 (Q9JLB5)
2025-09-24 12:46:28,124 - WARNING - No activities found for Q9JLB5
2025-09-24 12:46:28,125 - WARNING - Insufficient data for CHRNA10 (0 samples)
2025-09-24 12:46:28,125 - WARNING - Failed to process CHRNA10
2025-09-24 12:46:28,125 - INFO - Processing protein: CHRNA9 (P43144)
2025-09-24 12:46:28,161 - WARNING - No activities found for P43144
2025-09-24 12:46:28,161 - WARNING - Insufficient data for CHRNA9 (0 samples)
2025-09-24 12:46:28,161 - WARNING - Failed to process CHRNA9
2025-09-24 12:46:28,161 - INFO - Processing protein: CHRNA7 (P36544)
2025-09-24 12:46:28,207 - INFO - Retrieved 595 activities for P36544
2025-09-24 12:46:28,208 - INFO - Calculating Morgan fingerprints for 490 compounds...
2025-09-24 12:46:28,714 - INFO - Calculating physicochemical descriptors for 490 compounds...
2025-09-24 12:46:29,057 - INFO - Loading AlphaFold embedding for P36544...
2025-09-24 12:46:29,058 - INFO - Loaded AlphaFold embedding for P36544 (dimension: 384)
2025-09-24 12:46:29,058 - INFO - Combining features...
2025-09-24 12:46:29,059 - INFO - Combined features shape: (490, 2446)
2025-09-24 12:46:29,059 - INFO - Feature breakdown: Morgan=2048, PhysChem=14, AlphaFold=384
2025-09-24 12:46:29,060 - INFO - Training classification model for CHRNA7...
2025-09-24 12:46:31,846 - INFO - Classification model saved for CHRNA7
2025-09-24 12:46:31,846 - INFO - CV Performance - Accuracy: 0.8408, F1: 0.8331, AUC: 0.9082
2025-09-24 12:46:31,846 - INFO - Training regression model for CHRNA7...
2025-09-24 12:46:33,765 - INFO - Regression model saved for CHRNA7
2025-09-24 12:46:33,765 - INFO - CV Performance - MSE: 0.5536, R²: 0.5987, MAE: 0.5526
2025-09-24 12:46:33,765 - INFO - Successfully processed CHRNA7
2025-09-24 12:46:33,766 - INFO - Processing protein: CHRNA3 (P32297)
2025-09-24 12:46:33,802 - INFO - Retrieved 3 activities for P32297
2025-09-24 12:46:33,802 - WARNING - Insufficient data for CHRNA3 (3 samples)
2025-09-24 12:46:33,802 - WARNING - Failed to process CHRNA3
2025-09-24 12:46:33,802 - INFO - Processing protein: CHRNA5 (P20420)
2025-09-24 12:46:33,838 - WARNING - No activities found for P20420
2025-09-24 12:46:33,838 - WARNING - Insufficient data for CHRNA5 (0 samples)
2025-09-24 12:46:33,838 - WARNING - Failed to process CHRNA5
2025-09-24 12:46:33,838 - INFO - Processing protein: HRH1 (P35367)
2025-09-24 12:46:33,886 - INFO - Retrieved 945 activities for P35367
2025-09-24 12:46:33,888 - INFO - Calculating Morgan fingerprints for 793 compounds...
2025-09-24 12:46:34,691 - INFO - Calculating physicochemical descriptors for 793 compounds...
2025-09-24 12:46:35,045 - INFO - Loading AlphaFold embedding for P35367...
2025-09-24 12:46:35,045 - INFO - Loaded AlphaFold embedding for P35367 (dimension: 384)
2025-09-24 12:46:35,046 - INFO - Combining features...
2025-09-24 12:46:35,048 - INFO - Combined features shape: (793, 2446)
2025-09-24 12:46:35,048 - INFO - Feature breakdown: Morgan=2048, PhysChem=14, AlphaFold=384
2025-09-24 12:46:35,048 - INFO - Training classification model for HRH1...
2025-09-24 12:46:38,058 - INFO - Classification model saved for HRH1
2025-09-24 12:46:38,058 - INFO - CV Performance - Accuracy: 0.8083, F1: 0.8057, AUC: 0.8829
2025-09-24 12:46:38,058 - INFO - Training regression model for HRH1...
2025-09-24 12:46:40,215 - INFO - Regression model saved for HRH1
2025-09-24 12:46:40,216 - INFO - CV Performance - MSE: 0.5198, R²: 0.6215, MAE: 0.5350
2025-09-24 12:46:40,218 - INFO - Successfully processed HRH1
2025-09-24 12:46:40,219 - INFO - Processing protein: SLCO1B1 (Q9Y6L6)
2025-09-24 12:46:40,255 - INFO - Retrieved 16 activities for Q9Y6L6
2025-09-24 12:46:40,256 - WARNING - Insufficient data for SLCO1B1 (16 samples)
2025-09-24 12:46:40,256 - WARNING - Failed to process SLCO1B1
2025-09-24 12:46:40,258 - INFO - Results saved successfully
2025-09-24 12:46:40,258 - INFO - QSAR modeling completed. Processed 26 proteins successfully.
