2025-05-07 13:14:46,332 - utils.export_conda_env - INFO - Current environment 'apdrugs' successfully exported to environment file '_conda_env_filter_data_chembl.yml'
2025-05-07 13:14:46,370 - __main__ - INFO - Total number of molecules before filtering: 4389
2025-05-07 13:14:46,370 - __main__ - INFO -     Number of unique parent molecules: 3143
2025-05-07 13:14:46,372 - __main__ - INFO -     Number of molecules with molecule id is parent id: 3081
2025-05-07 13:14:46,372 - __main__ - INFO -     Number of molecules with missing parent id: 62
2025-05-07 13:14:46,372 - __main__ - INFO -     Ids: ['CHEMBL1200557' 'CHEMBL1201170' 'CHEMBL1201275' 'CHEMBL1201348'
 'CHEMBL1201352' 'CHEMBL1201786' 'CHEMBL1208646' 'CHEMBL2107145'
 'CHEMBL2109882' 'CHEMBL2110551' 'CHEMBL2110554' 'CHEMBL2110555'
 'CHEMBL2110556' 'CHEMBL2110557' 'CHEMBL2110559' 'CHEMBL2110560'
 'CHEMBL2110561' 'CHEMBL2110564' 'CHEMBL2110565' 'CHEMBL2110566'
 'CHEMBL2110568' 'CHEMBL2110570' 'CHEMBL2110571' 'CHEMBL2110572'
 'CHEMBL2110573' 'CHEMBL2110574' 'CHEMBL2110575' 'CHEMBL2110576'
 'CHEMBL2110848' 'CHEMBL2110914' 'CHEMBL2110926' 'CHEMBL2111018'
 'CHEMBL2111129' 'CHEMBL2111131' 'CHEMBL2111157' 'CHEMBL2219642'
 'CHEMBL2219738' 'CHEMBL2219740' 'CHEMBL2364968' 'CHEMBL3040581'
 'CHEMBL3304484' 'CHEMBL3707334' 'CHEMBL3833402' 'CHEMBL3833406'
 'CHEMBL3833408' 'CHEMBL3990694' 'CHEMBL3990987' 'CHEMBL3991035'
 'CHEMBL3991241' 'CHEMBL3991443' 'CHEMBL4301175' 'CHEMBL4302409'
 'CHEMBL4302413' 'CHEMBL4302512' 'CHEMBL4594619' 'CHEMBL4594730'
 'CHEMBL4597194' 'CHEMBL4597794' 'CHEMBL5095505' 'CHEMBL5316156'
 'CHEMBL5316164' 'CHEMBL5316165']
2025-05-07 13:14:46,373 - __main__ - INFO -     Number of molecules whose parent is not in the dataset: 0
2025-05-07 13:14:46,373 - __main__ - INFO -     Ids: []
2025-05-07 13:14:46,375 - __main__ - INFO - Number of non-parent molecules dropped: 1246, left: 3143
2025-05-07 13:14:46,375 - __main__ - INFO - Number of non-therapeutic molecules dropped: 1744, left: 2645
2025-05-07 13:14:46,376 - __main__ - INFO - Number of non-small molecules dropped: 566, left: 2079
2025-05-07 13:14:46,376 - __main__ - INFO - Number of prodrugs dropped: 195, left: 1884
2025-05-07 13:14:46,377 - __main__ - INFO - Number of withdrawn molecules dropped: 89, left: 1795
2025-05-07 13:14:46,377 - __main__ - INFO - Number of non-oral or non-parenteral drugs dropped: 528, left: 1267
2025-05-07 13:14:46,378 - __main__ - INFO - Number of unknown molecule structures dropped: 41, left: 1226
2025-05-07 13:14:46,378 - __main__ - INFO - Number of inorganic molecules dropped: 7, left: 1219
2025-05-07 13:14:46,399 - __main__ - INFO - Total number of targets: 790
2025-05-07 13:14:46,399 - __main__ - INFO - Number of targets not in ['SINGLE PROTEIN'] types dropped: 276, left: 514
2025-05-07 13:14:46,418 - __main__ - INFO - Total number of mechanisms: 3716
2025-05-07 13:14:46,420 - __main__ - INFO - Number of mechanisms after dropping duplicates: 3709
2025-05-07 13:14:46,423 - __main__ - INFO - Number of mechanisms dropped after filtering molecules: 1805, left: 1911
2025-05-07 13:14:46,424 - __main__ - INFO - Number of mechanisms dropped after dropping duplicates: 297, left: 1614
2025-05-07 13:14:46,426 - __main__ - INFO - Number of mechanisms dropped after filtering targets: 634, left: 980
2025-05-07 13:14:46,426 - __main__ - INFO - Number of unique molecules: 712
2025-05-07 13:14:46,426 - __main__ - INFO - Number of unique targets: 293
2025-05-07 13:14:46,466 - __main__ - INFO - Number of mechanisms after exploding component_ids: 980,
i.e. for protein families with multiple components, each component is counted separately
2025-05-07 13:14:46,501 - __main__ - INFO - Number of mechanisms after collapsing components: 980  with the same protein_classifications into a single row
2025-05-07 13:14:46,503 - __main__ - INFO - No mechanisms have more than one accession, taking first item of every list
2025-05-07 13:14:46,512 - __main__ - INFO - Number of mechanisms after exploding protein_classifications: 997
2025-05-07 13:14:46,694 - __main__ - INFO - Number of mechanisms after collapsing protein_classifications: 980
2025-05-07 13:14:46,715 - __main__ - INFO - Number of mechanisms after exploding protein_classifications: 997
