2025-09-10 16:27:53,341 - INFO - Starting comprehensive QSAR analysis...
2025-09-10 16:27:53,341 - INFO - Loading protein sequence for CYP1A2
2025-09-10 16:27:53,341 - INFO - Loaded sequence of length 65 for CYP1A2
2025-09-10 16:27:53,341 - INFO - Generating ESM C embedding...
2025-09-10 16:27:56,460 - INFO - Generated ESM C embedding with shape: (67, 960)
2025-09-10 16:27:56,460 - INFO - Loading Papyrus data for CYP1A2
2025-09-10 16:27:56,462 - ERROR - Failed to load Papyrus data: No module named 'papyrus_scripts'
2025-09-10 16:27:56,462 - WARNING - Creating dummy data for testing
2025-09-10 16:27:56,462 - INFO - Generating physicochemical descriptors...
2025-09-10 16:27:57,344 - INFO - Generated physicochemical descriptors with shape: (100, 12)
2025-09-10 16:27:57,344 - INFO - Generating Morgan fingerprints...
2025-09-10 16:27:57,356 - ERROR - Failed to generate Morgan fingerprints: name 'target_values' is not defined
2025-09-10 16:27:57,357 - WARNING - Using random Morgan fingerprints as fallback
2025-09-10 16:27:57,357 - INFO - Combining all features...
2025-09-10 16:27:57,361 - ERROR - Analysis failed: all the input array dimensions except for the concatenation axis must match exactly, but along dimension 0, the array at index 0 has size 6700 and the array at index 1 has size 100
2025-09-10 16:28:35,319 - INFO - Starting comprehensive QSAR analysis...
2025-09-10 16:28:35,319 - INFO - Loading protein sequence for CYP1A2
2025-09-10 16:28:35,319 - INFO - Loaded sequence of length 65 for CYP1A2
2025-09-10 16:28:35,319 - INFO - Generating ESM C embedding...
2025-09-10 16:28:38,551 - INFO - Generated ESM C embedding with shape: (67, 960)
2025-09-10 16:28:38,551 - INFO - Loading Papyrus data for CYP1A2
2025-09-10 16:28:38,552 - ERROR - Failed to load Papyrus data: No module named 'papyrus_scripts'
2025-09-10 16:28:38,552 - WARNING - Creating dummy data for testing
2025-09-10 16:28:38,552 - INFO - Generating physicochemical descriptors...
2025-09-10 16:28:39,399 - INFO - Generated physicochemical descriptors with shape: (100, 12)
2025-09-10 16:28:39,400 - INFO - Generating Morgan fingerprints...
2025-09-10 16:28:39,412 - INFO - Generated Morgan fingerprints with shape: (100, 2048)
2025-09-10 16:28:39,412 - INFO - Combining all features...
2025-09-10 16:28:39,415 - ERROR - Analysis failed: all the input array dimensions except for the concatenation axis must match exactly, but along dimension 0, the array at index 0 has size 6700 and the array at index 1 has size 100
